[2025-11-03T19:59:42.648+0000] {processor.py:161} INFO - Started process (PID=44) to work on /home/airflow/.local/lib/python3.12/site-packages/airflow/example_dags/example_kubernetes_executor.py
[2025-11-03T19:59:42.648+0000] {processor.py:830} INFO - Processing file /home/airflow/.local/lib/python3.12/site-packages/airflow/example_dags/example_kubernetes_executor.py for tasks to queue
[2025-11-03T19:59:42.649+0000] {logging_mixin.py:188} INFO - [2025-11-03T19:59:42.649+0000] {dagbag.py:545} INFO - Filling up the DagBag from /home/airflow/.local/lib/python3.12/site-packages/airflow/example_dags/example_kubernetes_executor.py
[2025-11-03T19:59:42.657+0000] {processor.py:840} INFO - DAG(s) 'example_kubernetes_executor' retrieved from /home/airflow/.local/lib/python3.12/site-packages/airflow/example_dags/example_kubernetes_executor.py
[2025-11-03T19:59:42.666+0000] {logging_mixin.py:188} INFO - [2025-11-03T19:59:42.666+0000] {dag.py:3096} INFO - Sync 1 DAGs
[2025-11-03T19:59:42.672+0000] {logging_mixin.py:188} INFO - [2025-11-03T19:59:42.672+0000] {dag.py:3954} INFO - Setting next_dagrun for example_kubernetes_executor to None, run_after=None
[2025-11-03T19:59:42.686+0000] {processor.py:183} INFO - Processing /home/airflow/.local/lib/python3.12/site-packages/airflow/example_dags/example_kubernetes_executor.py took 0.042 seconds
[2025-11-03T20:00:12.812+0000] {processor.py:161} INFO - Started process (PID=102) to work on /home/airflow/.local/lib/python3.12/site-packages/airflow/example_dags/example_kubernetes_executor.py
[2025-11-03T20:00:12.812+0000] {processor.py:830} INFO - Processing file /home/airflow/.local/lib/python3.12/site-packages/airflow/example_dags/example_kubernetes_executor.py for tasks to queue
[2025-11-03T20:00:12.813+0000] {logging_mixin.py:188} INFO - [2025-11-03T20:00:12.813+0000] {dagbag.py:545} INFO - Filling up the DagBag from /home/airflow/.local/lib/python3.12/site-packages/airflow/example_dags/example_kubernetes_executor.py
[2025-11-03T20:00:12.818+0000] {processor.py:840} INFO - DAG(s) 'example_kubernetes_executor' retrieved from /home/airflow/.local/lib/python3.12/site-packages/airflow/example_dags/example_kubernetes_executor.py
[2025-11-03T20:00:12.860+0000] {logging_mixin.py:188} INFO - [2025-11-03T20:00:12.860+0000] {dag.py:3096} INFO - Sync 1 DAGs
[2025-11-03T20:00:12.864+0000] {logging_mixin.py:188} INFO - [2025-11-03T20:00:12.864+0000] {dag.py:3954} INFO - Setting next_dagrun for example_kubernetes_executor to None, run_after=None
[2025-11-03T20:00:12.869+0000] {processor.py:183} INFO - Processing /home/airflow/.local/lib/python3.12/site-packages/airflow/example_dags/example_kubernetes_executor.py took 0.059 seconds
[2025-11-03T20:00:42.977+0000] {processor.py:161} INFO - Started process (PID=162) to work on /home/airflow/.local/lib/python3.12/site-packages/airflow/example_dags/example_kubernetes_executor.py
[2025-11-03T20:00:42.978+0000] {processor.py:830} INFO - Processing file /home/airflow/.local/lib/python3.12/site-packages/airflow/example_dags/example_kubernetes_executor.py for tasks to queue
[2025-11-03T20:00:42.979+0000] {logging_mixin.py:188} INFO - [2025-11-03T20:00:42.978+0000] {dagbag.py:545} INFO - Filling up the DagBag from /home/airflow/.local/lib/python3.12/site-packages/airflow/example_dags/example_kubernetes_executor.py
[2025-11-03T20:00:42.985+0000] {processor.py:840} INFO - DAG(s) 'example_kubernetes_executor' retrieved from /home/airflow/.local/lib/python3.12/site-packages/airflow/example_dags/example_kubernetes_executor.py
[2025-11-03T20:00:43.003+0000] {logging_mixin.py:188} INFO - [2025-11-03T20:00:43.003+0000] {dag.py:3096} INFO - Sync 1 DAGs
[2025-11-03T20:00:43.009+0000] {logging_mixin.py:188} INFO - [2025-11-03T20:00:43.008+0000] {dag.py:3954} INFO - Setting next_dagrun for example_kubernetes_executor to None, run_after=None
[2025-11-03T20:00:43.019+0000] {processor.py:183} INFO - Processing /home/airflow/.local/lib/python3.12/site-packages/airflow/example_dags/example_kubernetes_executor.py took 0.044 seconds
[2025-11-03T20:01:13.769+0000] {processor.py:161} INFO - Started process (PID=228) to work on /home/airflow/.local/lib/python3.12/site-packages/airflow/example_dags/example_kubernetes_executor.py
[2025-11-03T20:01:13.769+0000] {processor.py:830} INFO - Processing file /home/airflow/.local/lib/python3.12/site-packages/airflow/example_dags/example_kubernetes_executor.py for tasks to queue
[2025-11-03T20:01:13.770+0000] {logging_mixin.py:188} INFO - [2025-11-03T20:01:13.770+0000] {dagbag.py:545} INFO - Filling up the DagBag from /home/airflow/.local/lib/python3.12/site-packages/airflow/example_dags/example_kubernetes_executor.py
[2025-11-03T20:01:13.776+0000] {processor.py:840} INFO - DAG(s) 'example_kubernetes_executor' retrieved from /home/airflow/.local/lib/python3.12/site-packages/airflow/example_dags/example_kubernetes_executor.py
[2025-11-03T20:01:13.793+0000] {logging_mixin.py:188} INFO - [2025-11-03T20:01:13.793+0000] {dag.py:3096} INFO - Sync 1 DAGs
[2025-11-03T20:01:13.798+0000] {logging_mixin.py:188} INFO - [2025-11-03T20:01:13.798+0000] {dag.py:3954} INFO - Setting next_dagrun for example_kubernetes_executor to None, run_after=None
[2025-11-03T20:01:13.808+0000] {processor.py:183} INFO - Processing /home/airflow/.local/lib/python3.12/site-packages/airflow/example_dags/example_kubernetes_executor.py took 0.042 seconds
[2025-11-03T20:01:44.334+0000] {processor.py:161} INFO - Started process (PID=288) to work on /home/airflow/.local/lib/python3.12/site-packages/airflow/example_dags/example_kubernetes_executor.py
[2025-11-03T20:01:44.334+0000] {processor.py:830} INFO - Processing file /home/airflow/.local/lib/python3.12/site-packages/airflow/example_dags/example_kubernetes_executor.py for tasks to queue
[2025-11-03T20:01:44.335+0000] {logging_mixin.py:188} INFO - [2025-11-03T20:01:44.335+0000] {dagbag.py:545} INFO - Filling up the DagBag from /home/airflow/.local/lib/python3.12/site-packages/airflow/example_dags/example_kubernetes_executor.py
[2025-11-03T20:01:44.340+0000] {processor.py:840} INFO - DAG(s) 'example_kubernetes_executor' retrieved from /home/airflow/.local/lib/python3.12/site-packages/airflow/example_dags/example_kubernetes_executor.py
[2025-11-03T20:01:44.355+0000] {logging_mixin.py:188} INFO - [2025-11-03T20:01:44.355+0000] {dag.py:3096} INFO - Sync 1 DAGs
[2025-11-03T20:01:44.360+0000] {logging_mixin.py:188} INFO - [2025-11-03T20:01:44.360+0000] {dag.py:3954} INFO - Setting next_dagrun for example_kubernetes_executor to None, run_after=None
[2025-11-03T20:01:44.366+0000] {processor.py:183} INFO - Processing /home/airflow/.local/lib/python3.12/site-packages/airflow/example_dags/example_kubernetes_executor.py took 0.034 seconds
[2025-11-03T20:02:14.942+0000] {processor.py:161} INFO - Started process (PID=348) to work on /home/airflow/.local/lib/python3.12/site-packages/airflow/example_dags/example_kubernetes_executor.py
[2025-11-03T20:02:14.943+0000] {processor.py:830} INFO - Processing file /home/airflow/.local/lib/python3.12/site-packages/airflow/example_dags/example_kubernetes_executor.py for tasks to queue
[2025-11-03T20:02:14.943+0000] {logging_mixin.py:188} INFO - [2025-11-03T20:02:14.943+0000] {dagbag.py:545} INFO - Filling up the DagBag from /home/airflow/.local/lib/python3.12/site-packages/airflow/example_dags/example_kubernetes_executor.py
[2025-11-03T20:02:14.949+0000] {processor.py:840} INFO - DAG(s) 'example_kubernetes_executor' retrieved from /home/airflow/.local/lib/python3.12/site-packages/airflow/example_dags/example_kubernetes_executor.py
[2025-11-03T20:02:14.968+0000] {logging_mixin.py:188} INFO - [2025-11-03T20:02:14.968+0000] {dag.py:3096} INFO - Sync 1 DAGs
[2025-11-03T20:02:14.972+0000] {logging_mixin.py:188} INFO - [2025-11-03T20:02:14.972+0000] {dag.py:3954} INFO - Setting next_dagrun for example_kubernetes_executor to None, run_after=None
[2025-11-03T20:02:14.983+0000] {processor.py:183} INFO - Processing /home/airflow/.local/lib/python3.12/site-packages/airflow/example_dags/example_kubernetes_executor.py took 0.043 seconds
[2025-11-03T20:02:45.558+0000] {processor.py:161} INFO - Started process (PID=408) to work on /home/airflow/.local/lib/python3.12/site-packages/airflow/example_dags/example_kubernetes_executor.py
[2025-11-03T20:02:45.558+0000] {processor.py:830} INFO - Processing file /home/airflow/.local/lib/python3.12/site-packages/airflow/example_dags/example_kubernetes_executor.py for tasks to queue
[2025-11-03T20:02:45.558+0000] {logging_mixin.py:188} INFO - [2025-11-03T20:02:45.558+0000] {dagbag.py:545} INFO - Filling up the DagBag from /home/airflow/.local/lib/python3.12/site-packages/airflow/example_dags/example_kubernetes_executor.py
[2025-11-03T20:02:45.564+0000] {processor.py:840} INFO - DAG(s) 'example_kubernetes_executor' retrieved from /home/airflow/.local/lib/python3.12/site-packages/airflow/example_dags/example_kubernetes_executor.py
[2025-11-03T20:02:45.580+0000] {logging_mixin.py:188} INFO - [2025-11-03T20:02:45.580+0000] {dag.py:3096} INFO - Sync 1 DAGs
[2025-11-03T20:02:45.586+0000] {logging_mixin.py:188} INFO - [2025-11-03T20:02:45.585+0000] {dag.py:3954} INFO - Setting next_dagrun for example_kubernetes_executor to None, run_after=None
[2025-11-03T20:02:45.592+0000] {processor.py:183} INFO - Processing /home/airflow/.local/lib/python3.12/site-packages/airflow/example_dags/example_kubernetes_executor.py took 0.036 seconds
[2025-11-03T20:03:16.290+0000] {processor.py:161} INFO - Started process (PID=468) to work on /home/airflow/.local/lib/python3.12/site-packages/airflow/example_dags/example_kubernetes_executor.py
[2025-11-03T20:03:16.291+0000] {processor.py:830} INFO - Processing file /home/airflow/.local/lib/python3.12/site-packages/airflow/example_dags/example_kubernetes_executor.py for tasks to queue
[2025-11-03T20:03:16.291+0000] {logging_mixin.py:188} INFO - [2025-11-03T20:03:16.291+0000] {dagbag.py:545} INFO - Filling up the DagBag from /home/airflow/.local/lib/python3.12/site-packages/airflow/example_dags/example_kubernetes_executor.py
[2025-11-03T20:03:16.295+0000] {processor.py:840} INFO - DAG(s) 'example_kubernetes_executor' retrieved from /home/airflow/.local/lib/python3.12/site-packages/airflow/example_dags/example_kubernetes_executor.py
[2025-11-03T20:03:16.308+0000] {logging_mixin.py:188} INFO - [2025-11-03T20:03:16.308+0000] {dag.py:3096} INFO - Sync 1 DAGs
[2025-11-03T20:03:16.312+0000] {logging_mixin.py:188} INFO - [2025-11-03T20:03:16.312+0000] {dag.py:3954} INFO - Setting next_dagrun for example_kubernetes_executor to None, run_after=None
[2025-11-03T20:03:16.318+0000] {processor.py:183} INFO - Processing /home/airflow/.local/lib/python3.12/site-packages/airflow/example_dags/example_kubernetes_executor.py took 0.030 seconds
[2025-11-03T20:03:47.004+0000] {processor.py:161} INFO - Started process (PID=528) to work on /home/airflow/.local/lib/python3.12/site-packages/airflow/example_dags/example_kubernetes_executor.py
[2025-11-03T20:03:47.005+0000] {processor.py:830} INFO - Processing file /home/airflow/.local/lib/python3.12/site-packages/airflow/example_dags/example_kubernetes_executor.py for tasks to queue
[2025-11-03T20:03:47.005+0000] {logging_mixin.py:188} INFO - [2025-11-03T20:03:47.005+0000] {dagbag.py:545} INFO - Filling up the DagBag from /home/airflow/.local/lib/python3.12/site-packages/airflow/example_dags/example_kubernetes_executor.py
[2025-11-03T20:03:47.010+0000] {processor.py:840} INFO - DAG(s) 'example_kubernetes_executor' retrieved from /home/airflow/.local/lib/python3.12/site-packages/airflow/example_dags/example_kubernetes_executor.py
[2025-11-03T20:03:47.026+0000] {logging_mixin.py:188} INFO - [2025-11-03T20:03:47.026+0000] {dag.py:3096} INFO - Sync 1 DAGs
[2025-11-03T20:03:47.031+0000] {logging_mixin.py:188} INFO - [2025-11-03T20:03:47.031+0000] {dag.py:3954} INFO - Setting next_dagrun for example_kubernetes_executor to None, run_after=None
[2025-11-03T20:03:47.039+0000] {processor.py:183} INFO - Processing /home/airflow/.local/lib/python3.12/site-packages/airflow/example_dags/example_kubernetes_executor.py took 0.038 seconds
[2025-11-03T20:04:17.606+0000] {processor.py:161} INFO - Started process (PID=588) to work on /home/airflow/.local/lib/python3.12/site-packages/airflow/example_dags/example_kubernetes_executor.py
[2025-11-03T20:04:17.607+0000] {processor.py:830} INFO - Processing file /home/airflow/.local/lib/python3.12/site-packages/airflow/example_dags/example_kubernetes_executor.py for tasks to queue
[2025-11-03T20:04:17.607+0000] {logging_mixin.py:188} INFO - [2025-11-03T20:04:17.607+0000] {dagbag.py:545} INFO - Filling up the DagBag from /home/airflow/.local/lib/python3.12/site-packages/airflow/example_dags/example_kubernetes_executor.py
[2025-11-03T20:04:17.613+0000] {processor.py:840} INFO - DAG(s) 'example_kubernetes_executor' retrieved from /home/airflow/.local/lib/python3.12/site-packages/airflow/example_dags/example_kubernetes_executor.py
[2025-11-03T20:04:17.631+0000] {logging_mixin.py:188} INFO - [2025-11-03T20:04:17.631+0000] {dag.py:3096} INFO - Sync 1 DAGs
[2025-11-03T20:04:17.635+0000] {logging_mixin.py:188} INFO - [2025-11-03T20:04:17.635+0000] {dag.py:3954} INFO - Setting next_dagrun for example_kubernetes_executor to None, run_after=None
[2025-11-03T20:04:17.645+0000] {processor.py:183} INFO - Processing /home/airflow/.local/lib/python3.12/site-packages/airflow/example_dags/example_kubernetes_executor.py took 0.041 seconds
[2025-11-03T20:04:48.488+0000] {processor.py:161} INFO - Started process (PID=648) to work on /home/airflow/.local/lib/python3.12/site-packages/airflow/example_dags/example_kubernetes_executor.py
[2025-11-03T20:04:48.489+0000] {processor.py:830} INFO - Processing file /home/airflow/.local/lib/python3.12/site-packages/airflow/example_dags/example_kubernetes_executor.py for tasks to queue
[2025-11-03T20:04:48.489+0000] {logging_mixin.py:188} INFO - [2025-11-03T20:04:48.489+0000] {dagbag.py:545} INFO - Filling up the DagBag from /home/airflow/.local/lib/python3.12/site-packages/airflow/example_dags/example_kubernetes_executor.py
[2025-11-03T20:04:48.495+0000] {processor.py:840} INFO - DAG(s) 'example_kubernetes_executor' retrieved from /home/airflow/.local/lib/python3.12/site-packages/airflow/example_dags/example_kubernetes_executor.py
[2025-11-03T20:04:48.512+0000] {logging_mixin.py:188} INFO - [2025-11-03T20:04:48.512+0000] {dag.py:3096} INFO - Sync 1 DAGs
[2025-11-03T20:04:48.517+0000] {logging_mixin.py:188} INFO - [2025-11-03T20:04:48.517+0000] {dag.py:3954} INFO - Setting next_dagrun for example_kubernetes_executor to None, run_after=None
[2025-11-03T20:04:48.528+0000] {processor.py:183} INFO - Processing /home/airflow/.local/lib/python3.12/site-packages/airflow/example_dags/example_kubernetes_executor.py took 0.042 seconds
[2025-11-03T20:05:19.306+0000] {processor.py:161} INFO - Started process (PID=708) to work on /home/airflow/.local/lib/python3.12/site-packages/airflow/example_dags/example_kubernetes_executor.py
[2025-11-03T20:05:19.307+0000] {processor.py:830} INFO - Processing file /home/airflow/.local/lib/python3.12/site-packages/airflow/example_dags/example_kubernetes_executor.py for tasks to queue
[2025-11-03T20:05:19.307+0000] {logging_mixin.py:188} INFO - [2025-11-03T20:05:19.307+0000] {dagbag.py:545} INFO - Filling up the DagBag from /home/airflow/.local/lib/python3.12/site-packages/airflow/example_dags/example_kubernetes_executor.py
[2025-11-03T20:05:19.313+0000] {processor.py:840} INFO - DAG(s) 'example_kubernetes_executor' retrieved from /home/airflow/.local/lib/python3.12/site-packages/airflow/example_dags/example_kubernetes_executor.py
[2025-11-03T20:05:19.339+0000] {logging_mixin.py:188} INFO - [2025-11-03T20:05:19.339+0000] {dag.py:3096} INFO - Sync 1 DAGs
[2025-11-03T20:05:19.345+0000] {logging_mixin.py:188} INFO - [2025-11-03T20:05:19.345+0000] {dag.py:3954} INFO - Setting next_dagrun for example_kubernetes_executor to None, run_after=None
[2025-11-03T20:05:19.354+0000] {processor.py:183} INFO - Processing /home/airflow/.local/lib/python3.12/site-packages/airflow/example_dags/example_kubernetes_executor.py took 0.051 seconds
[2025-11-03T20:05:50.062+0000] {processor.py:161} INFO - Started process (PID=768) to work on /home/airflow/.local/lib/python3.12/site-packages/airflow/example_dags/example_kubernetes_executor.py
[2025-11-03T20:05:50.063+0000] {processor.py:830} INFO - Processing file /home/airflow/.local/lib/python3.12/site-packages/airflow/example_dags/example_kubernetes_executor.py for tasks to queue
[2025-11-03T20:05:50.063+0000] {logging_mixin.py:188} INFO - [2025-11-03T20:05:50.063+0000] {dagbag.py:545} INFO - Filling up the DagBag from /home/airflow/.local/lib/python3.12/site-packages/airflow/example_dags/example_kubernetes_executor.py
[2025-11-03T20:05:50.069+0000] {processor.py:840} INFO - DAG(s) 'example_kubernetes_executor' retrieved from /home/airflow/.local/lib/python3.12/site-packages/airflow/example_dags/example_kubernetes_executor.py
[2025-11-03T20:05:50.084+0000] {logging_mixin.py:188} INFO - [2025-11-03T20:05:50.084+0000] {dag.py:3096} INFO - Sync 1 DAGs
[2025-11-03T20:05:50.088+0000] {logging_mixin.py:188} INFO - [2025-11-03T20:05:50.088+0000] {dag.py:3954} INFO - Setting next_dagrun for example_kubernetes_executor to None, run_after=None
[2025-11-03T20:05:50.097+0000] {processor.py:183} INFO - Processing /home/airflow/.local/lib/python3.12/site-packages/airflow/example_dags/example_kubernetes_executor.py took 0.037 seconds
[2025-11-03T20:06:20.525+0000] {processor.py:161} INFO - Started process (PID=828) to work on /home/airflow/.local/lib/python3.12/site-packages/airflow/example_dags/example_kubernetes_executor.py
[2025-11-03T20:06:20.527+0000] {processor.py:830} INFO - Processing file /home/airflow/.local/lib/python3.12/site-packages/airflow/example_dags/example_kubernetes_executor.py for tasks to queue
[2025-11-03T20:06:20.528+0000] {logging_mixin.py:188} INFO - [2025-11-03T20:06:20.527+0000] {dagbag.py:545} INFO - Filling up the DagBag from /home/airflow/.local/lib/python3.12/site-packages/airflow/example_dags/example_kubernetes_executor.py
[2025-11-03T20:06:20.536+0000] {processor.py:840} INFO - DAG(s) 'example_kubernetes_executor' retrieved from /home/airflow/.local/lib/python3.12/site-packages/airflow/example_dags/example_kubernetes_executor.py
[2025-11-03T20:06:20.551+0000] {logging_mixin.py:188} INFO - [2025-11-03T20:06:20.551+0000] {dag.py:3096} INFO - Sync 1 DAGs
[2025-11-03T20:06:20.556+0000] {logging_mixin.py:188} INFO - [2025-11-03T20:06:20.556+0000] {dag.py:3954} INFO - Setting next_dagrun for example_kubernetes_executor to None, run_after=None
[2025-11-03T20:06:20.566+0000] {processor.py:183} INFO - Processing /home/airflow/.local/lib/python3.12/site-packages/airflow/example_dags/example_kubernetes_executor.py took 0.044 seconds
[2025-11-03T20:06:51.068+0000] {processor.py:161} INFO - Started process (PID=888) to work on /home/airflow/.local/lib/python3.12/site-packages/airflow/example_dags/example_kubernetes_executor.py
[2025-11-03T20:06:51.069+0000] {processor.py:830} INFO - Processing file /home/airflow/.local/lib/python3.12/site-packages/airflow/example_dags/example_kubernetes_executor.py for tasks to queue
[2025-11-03T20:06:51.069+0000] {logging_mixin.py:188} INFO - [2025-11-03T20:06:51.069+0000] {dagbag.py:545} INFO - Filling up the DagBag from /home/airflow/.local/lib/python3.12/site-packages/airflow/example_dags/example_kubernetes_executor.py
[2025-11-03T20:06:51.077+0000] {processor.py:840} INFO - DAG(s) 'example_kubernetes_executor' retrieved from /home/airflow/.local/lib/python3.12/site-packages/airflow/example_dags/example_kubernetes_executor.py
[2025-11-03T20:06:51.097+0000] {logging_mixin.py:188} INFO - [2025-11-03T20:06:51.097+0000] {dag.py:3096} INFO - Sync 1 DAGs
[2025-11-03T20:06:51.101+0000] {logging_mixin.py:188} INFO - [2025-11-03T20:06:51.101+0000] {dag.py:3954} INFO - Setting next_dagrun for example_kubernetes_executor to None, run_after=None
[2025-11-03T20:06:51.113+0000] {processor.py:183} INFO - Processing /home/airflow/.local/lib/python3.12/site-packages/airflow/example_dags/example_kubernetes_executor.py took 0.048 seconds
[2025-11-03T20:07:21.670+0000] {processor.py:161} INFO - Started process (PID=948) to work on /home/airflow/.local/lib/python3.12/site-packages/airflow/example_dags/example_kubernetes_executor.py
[2025-11-03T20:07:21.671+0000] {processor.py:830} INFO - Processing file /home/airflow/.local/lib/python3.12/site-packages/airflow/example_dags/example_kubernetes_executor.py for tasks to queue
[2025-11-03T20:07:21.672+0000] {logging_mixin.py:188} INFO - [2025-11-03T20:07:21.672+0000] {dagbag.py:545} INFO - Filling up the DagBag from /home/airflow/.local/lib/python3.12/site-packages/airflow/example_dags/example_kubernetes_executor.py
[2025-11-03T20:07:21.678+0000] {processor.py:840} INFO - DAG(s) 'example_kubernetes_executor' retrieved from /home/airflow/.local/lib/python3.12/site-packages/airflow/example_dags/example_kubernetes_executor.py
[2025-11-03T20:07:21.699+0000] {logging_mixin.py:188} INFO - [2025-11-03T20:07:21.699+0000] {dag.py:3096} INFO - Sync 1 DAGs
[2025-11-03T20:07:21.703+0000] {logging_mixin.py:188} INFO - [2025-11-03T20:07:21.703+0000] {dag.py:3954} INFO - Setting next_dagrun for example_kubernetes_executor to None, run_after=None
[2025-11-03T20:07:21.710+0000] {processor.py:183} INFO - Processing /home/airflow/.local/lib/python3.12/site-packages/airflow/example_dags/example_kubernetes_executor.py took 0.042 seconds
[2025-11-03T20:07:52.344+0000] {processor.py:161} INFO - Started process (PID=1008) to work on /home/airflow/.local/lib/python3.12/site-packages/airflow/example_dags/example_kubernetes_executor.py
[2025-11-03T20:07:52.345+0000] {processor.py:830} INFO - Processing file /home/airflow/.local/lib/python3.12/site-packages/airflow/example_dags/example_kubernetes_executor.py for tasks to queue
[2025-11-03T20:07:52.346+0000] {logging_mixin.py:188} INFO - [2025-11-03T20:07:52.346+0000] {dagbag.py:545} INFO - Filling up the DagBag from /home/airflow/.local/lib/python3.12/site-packages/airflow/example_dags/example_kubernetes_executor.py
[2025-11-03T20:07:52.354+0000] {processor.py:840} INFO - DAG(s) 'example_kubernetes_executor' retrieved from /home/airflow/.local/lib/python3.12/site-packages/airflow/example_dags/example_kubernetes_executor.py
[2025-11-03T20:07:52.375+0000] {logging_mixin.py:188} INFO - [2025-11-03T20:07:52.374+0000] {dag.py:3096} INFO - Sync 1 DAGs
[2025-11-03T20:07:52.379+0000] {logging_mixin.py:188} INFO - [2025-11-03T20:07:52.379+0000] {dag.py:3954} INFO - Setting next_dagrun for example_kubernetes_executor to None, run_after=None
[2025-11-03T20:07:52.392+0000] {processor.py:183} INFO - Processing /home/airflow/.local/lib/python3.12/site-packages/airflow/example_dags/example_kubernetes_executor.py took 0.051 seconds
[2025-11-03T20:08:23.025+0000] {processor.py:161} INFO - Started process (PID=1068) to work on /home/airflow/.local/lib/python3.12/site-packages/airflow/example_dags/example_kubernetes_executor.py
[2025-11-03T20:08:23.025+0000] {processor.py:830} INFO - Processing file /home/airflow/.local/lib/python3.12/site-packages/airflow/example_dags/example_kubernetes_executor.py for tasks to queue
[2025-11-03T20:08:23.026+0000] {logging_mixin.py:188} INFO - [2025-11-03T20:08:23.025+0000] {dagbag.py:545} INFO - Filling up the DagBag from /home/airflow/.local/lib/python3.12/site-packages/airflow/example_dags/example_kubernetes_executor.py
[2025-11-03T20:08:23.030+0000] {processor.py:840} INFO - DAG(s) 'example_kubernetes_executor' retrieved from /home/airflow/.local/lib/python3.12/site-packages/airflow/example_dags/example_kubernetes_executor.py
[2025-11-03T20:08:23.045+0000] {logging_mixin.py:188} INFO - [2025-11-03T20:08:23.045+0000] {dag.py:3096} INFO - Sync 1 DAGs
[2025-11-03T20:08:23.049+0000] {logging_mixin.py:188} INFO - [2025-11-03T20:08:23.049+0000] {dag.py:3954} INFO - Setting next_dagrun for example_kubernetes_executor to None, run_after=None
[2025-11-03T20:08:23.055+0000] {processor.py:183} INFO - Processing /home/airflow/.local/lib/python3.12/site-packages/airflow/example_dags/example_kubernetes_executor.py took 0.032 seconds
