[2025-11-03T19:59:43.366+0000] {processor.py:161} INFO - Started process (PID=61) to work on /home/airflow/.local/lib/python3.12/site-packages/airflow/example_dags/example_external_task_marker_dag.py
[2025-11-03T19:59:43.366+0000] {processor.py:830} INFO - Processing file /home/airflow/.local/lib/python3.12/site-packages/airflow/example_dags/example_external_task_marker_dag.py for tasks to queue
[2025-11-03T19:59:43.368+0000] {logging_mixin.py:188} INFO - [2025-11-03T19:59:43.368+0000] {dagbag.py:545} INFO - Filling up the DagBag from /home/airflow/.local/lib/python3.12/site-packages/airflow/example_dags/example_external_task_marker_dag.py
[2025-11-03T19:59:43.372+0000] {processor.py:840} INFO - DAG(s) 'example_external_task_marker_parent', 'example_external_task_marker_child' retrieved from /home/airflow/.local/lib/python3.12/site-packages/airflow/example_dags/example_external_task_marker_dag.py
[2025-11-03T19:59:43.380+0000] {logging_mixin.py:188} INFO - [2025-11-03T19:59:43.380+0000] {dag.py:3096} INFO - Sync 2 DAGs
[2025-11-03T19:59:43.386+0000] {logging_mixin.py:188} INFO - [2025-11-03T19:59:43.386+0000] {dag.py:3954} INFO - Setting next_dagrun for example_external_task_marker_child to None, run_after=None
[2025-11-03T19:59:43.389+0000] {logging_mixin.py:188} INFO - [2025-11-03T19:59:43.389+0000] {dag.py:3954} INFO - Setting next_dagrun for example_external_task_marker_parent to None, run_after=None
[2025-11-03T19:59:43.401+0000] {processor.py:183} INFO - Processing /home/airflow/.local/lib/python3.12/site-packages/airflow/example_dags/example_external_task_marker_dag.py took 0.038 seconds
[2025-11-03T20:00:13.617+0000] {processor.py:161} INFO - Started process (PID=121) to work on /home/airflow/.local/lib/python3.12/site-packages/airflow/example_dags/example_external_task_marker_dag.py
[2025-11-03T20:00:13.618+0000] {processor.py:830} INFO - Processing file /home/airflow/.local/lib/python3.12/site-packages/airflow/example_dags/example_external_task_marker_dag.py for tasks to queue
[2025-11-03T20:00:13.619+0000] {logging_mixin.py:188} INFO - [2025-11-03T20:00:13.618+0000] {dagbag.py:545} INFO - Filling up the DagBag from /home/airflow/.local/lib/python3.12/site-packages/airflow/example_dags/example_external_task_marker_dag.py
[2025-11-03T20:00:13.621+0000] {processor.py:840} INFO - DAG(s) 'example_external_task_marker_child', 'example_external_task_marker_parent' retrieved from /home/airflow/.local/lib/python3.12/site-packages/airflow/example_dags/example_external_task_marker_dag.py
[2025-11-03T20:00:13.667+0000] {logging_mixin.py:188} INFO - [2025-11-03T20:00:13.667+0000] {dag.py:3096} INFO - Sync 2 DAGs
[2025-11-03T20:00:13.676+0000] {logging_mixin.py:188} INFO - [2025-11-03T20:00:13.676+0000] {dag.py:3954} INFO - Setting next_dagrun for example_external_task_marker_child to None, run_after=None
[2025-11-03T20:00:13.677+0000] {logging_mixin.py:188} INFO - [2025-11-03T20:00:13.677+0000] {dag.py:3954} INFO - Setting next_dagrun for example_external_task_marker_parent to None, run_after=None
[2025-11-03T20:00:13.689+0000] {processor.py:183} INFO - Processing /home/airflow/.local/lib/python3.12/site-packages/airflow/example_dags/example_external_task_marker_dag.py took 0.074 seconds
[2025-11-03T20:00:44.514+0000] {processor.py:161} INFO - Started process (PID=187) to work on /home/airflow/.local/lib/python3.12/site-packages/airflow/example_dags/example_external_task_marker_dag.py
[2025-11-03T20:00:44.514+0000] {processor.py:830} INFO - Processing file /home/airflow/.local/lib/python3.12/site-packages/airflow/example_dags/example_external_task_marker_dag.py for tasks to queue
[2025-11-03T20:00:44.515+0000] {logging_mixin.py:188} INFO - [2025-11-03T20:00:44.514+0000] {dagbag.py:545} INFO - Filling up the DagBag from /home/airflow/.local/lib/python3.12/site-packages/airflow/example_dags/example_external_task_marker_dag.py
[2025-11-03T20:00:44.517+0000] {processor.py:840} INFO - DAG(s) 'example_external_task_marker_parent', 'example_external_task_marker_child' retrieved from /home/airflow/.local/lib/python3.12/site-packages/airflow/example_dags/example_external_task_marker_dag.py
[2025-11-03T20:00:44.528+0000] {logging_mixin.py:188} INFO - [2025-11-03T20:00:44.528+0000] {dag.py:3096} INFO - Sync 2 DAGs
[2025-11-03T20:00:44.533+0000] {logging_mixin.py:188} INFO - [2025-11-03T20:00:44.533+0000] {dag.py:3954} INFO - Setting next_dagrun for example_external_task_marker_child to None, run_after=None
[2025-11-03T20:00:44.536+0000] {logging_mixin.py:188} INFO - [2025-11-03T20:00:44.536+0000] {dag.py:3954} INFO - Setting next_dagrun for example_external_task_marker_parent to None, run_after=None
[2025-11-03T20:00:44.545+0000] {processor.py:183} INFO - Processing /home/airflow/.local/lib/python3.12/site-packages/airflow/example_dags/example_external_task_marker_dag.py took 0.034 seconds
[2025-11-03T20:01:15.307+0000] {processor.py:161} INFO - Started process (PID=247) to work on /home/airflow/.local/lib/python3.12/site-packages/airflow/example_dags/example_external_task_marker_dag.py
[2025-11-03T20:01:15.309+0000] {processor.py:830} INFO - Processing file /home/airflow/.local/lib/python3.12/site-packages/airflow/example_dags/example_external_task_marker_dag.py for tasks to queue
[2025-11-03T20:01:15.309+0000] {logging_mixin.py:188} INFO - [2025-11-03T20:01:15.309+0000] {dagbag.py:545} INFO - Filling up the DagBag from /home/airflow/.local/lib/python3.12/site-packages/airflow/example_dags/example_external_task_marker_dag.py
[2025-11-03T20:01:15.311+0000] {processor.py:840} INFO - DAG(s) 'example_external_task_marker_child', 'example_external_task_marker_parent' retrieved from /home/airflow/.local/lib/python3.12/site-packages/airflow/example_dags/example_external_task_marker_dag.py
[2025-11-03T20:01:15.322+0000] {logging_mixin.py:188} INFO - [2025-11-03T20:01:15.322+0000] {dag.py:3096} INFO - Sync 2 DAGs
[2025-11-03T20:01:15.327+0000] {logging_mixin.py:188} INFO - [2025-11-03T20:01:15.327+0000] {dag.py:3954} INFO - Setting next_dagrun for example_external_task_marker_child to None, run_after=None
[2025-11-03T20:01:15.328+0000] {logging_mixin.py:188} INFO - [2025-11-03T20:01:15.328+0000] {dag.py:3954} INFO - Setting next_dagrun for example_external_task_marker_parent to None, run_after=None
[2025-11-03T20:01:15.334+0000] {processor.py:183} INFO - Processing /home/airflow/.local/lib/python3.12/site-packages/airflow/example_dags/example_external_task_marker_dag.py took 0.029 seconds
[2025-11-03T20:01:45.875+0000] {processor.py:161} INFO - Started process (PID=307) to work on /home/airflow/.local/lib/python3.12/site-packages/airflow/example_dags/example_external_task_marker_dag.py
[2025-11-03T20:01:45.876+0000] {processor.py:830} INFO - Processing file /home/airflow/.local/lib/python3.12/site-packages/airflow/example_dags/example_external_task_marker_dag.py for tasks to queue
[2025-11-03T20:01:45.877+0000] {logging_mixin.py:188} INFO - [2025-11-03T20:01:45.877+0000] {dagbag.py:545} INFO - Filling up the DagBag from /home/airflow/.local/lib/python3.12/site-packages/airflow/example_dags/example_external_task_marker_dag.py
[2025-11-03T20:01:45.879+0000] {processor.py:840} INFO - DAG(s) 'example_external_task_marker_child', 'example_external_task_marker_parent' retrieved from /home/airflow/.local/lib/python3.12/site-packages/airflow/example_dags/example_external_task_marker_dag.py
[2025-11-03T20:01:45.891+0000] {logging_mixin.py:188} INFO - [2025-11-03T20:01:45.891+0000] {dag.py:3096} INFO - Sync 2 DAGs
[2025-11-03T20:01:45.897+0000] {logging_mixin.py:188} INFO - [2025-11-03T20:01:45.897+0000] {dag.py:3954} INFO - Setting next_dagrun for example_external_task_marker_child to None, run_after=None
[2025-11-03T20:01:45.898+0000] {logging_mixin.py:188} INFO - [2025-11-03T20:01:45.898+0000] {dag.py:3954} INFO - Setting next_dagrun for example_external_task_marker_parent to None, run_after=None
[2025-11-03T20:01:45.907+0000] {processor.py:183} INFO - Processing /home/airflow/.local/lib/python3.12/site-packages/airflow/example_dags/example_external_task_marker_dag.py took 0.034 seconds
[2025-11-03T20:02:16.485+0000] {processor.py:161} INFO - Started process (PID=367) to work on /home/airflow/.local/lib/python3.12/site-packages/airflow/example_dags/example_external_task_marker_dag.py
[2025-11-03T20:02:16.486+0000] {processor.py:830} INFO - Processing file /home/airflow/.local/lib/python3.12/site-packages/airflow/example_dags/example_external_task_marker_dag.py for tasks to queue
[2025-11-03T20:02:16.486+0000] {logging_mixin.py:188} INFO - [2025-11-03T20:02:16.486+0000] {dagbag.py:545} INFO - Filling up the DagBag from /home/airflow/.local/lib/python3.12/site-packages/airflow/example_dags/example_external_task_marker_dag.py
[2025-11-03T20:02:16.489+0000] {processor.py:840} INFO - DAG(s) 'example_external_task_marker_child', 'example_external_task_marker_parent' retrieved from /home/airflow/.local/lib/python3.12/site-packages/airflow/example_dags/example_external_task_marker_dag.py
[2025-11-03T20:02:16.504+0000] {logging_mixin.py:188} INFO - [2025-11-03T20:02:16.503+0000] {dag.py:3096} INFO - Sync 2 DAGs
[2025-11-03T20:02:16.508+0000] {logging_mixin.py:188} INFO - [2025-11-03T20:02:16.508+0000] {dag.py:3954} INFO - Setting next_dagrun for example_external_task_marker_child to None, run_after=None
[2025-11-03T20:02:16.510+0000] {logging_mixin.py:188} INFO - [2025-11-03T20:02:16.510+0000] {dag.py:3954} INFO - Setting next_dagrun for example_external_task_marker_parent to None, run_after=None
[2025-11-03T20:02:16.518+0000] {processor.py:183} INFO - Processing /home/airflow/.local/lib/python3.12/site-packages/airflow/example_dags/example_external_task_marker_dag.py took 0.036 seconds
[2025-11-03T20:02:47.116+0000] {processor.py:161} INFO - Started process (PID=427) to work on /home/airflow/.local/lib/python3.12/site-packages/airflow/example_dags/example_external_task_marker_dag.py
[2025-11-03T20:02:47.117+0000] {processor.py:830} INFO - Processing file /home/airflow/.local/lib/python3.12/site-packages/airflow/example_dags/example_external_task_marker_dag.py for tasks to queue
[2025-11-03T20:02:47.118+0000] {logging_mixin.py:188} INFO - [2025-11-03T20:02:47.118+0000] {dagbag.py:545} INFO - Filling up the DagBag from /home/airflow/.local/lib/python3.12/site-packages/airflow/example_dags/example_external_task_marker_dag.py
[2025-11-03T20:02:47.121+0000] {processor.py:840} INFO - DAG(s) 'example_external_task_marker_child', 'example_external_task_marker_parent' retrieved from /home/airflow/.local/lib/python3.12/site-packages/airflow/example_dags/example_external_task_marker_dag.py
[2025-11-03T20:02:47.132+0000] {logging_mixin.py:188} INFO - [2025-11-03T20:02:47.132+0000] {dag.py:3096} INFO - Sync 2 DAGs
[2025-11-03T20:02:47.141+0000] {logging_mixin.py:188} INFO - [2025-11-03T20:02:47.141+0000] {dag.py:3954} INFO - Setting next_dagrun for example_external_task_marker_child to None, run_after=None
[2025-11-03T20:02:47.143+0000] {logging_mixin.py:188} INFO - [2025-11-03T20:02:47.143+0000] {dag.py:3954} INFO - Setting next_dagrun for example_external_task_marker_parent to None, run_after=None
[2025-11-03T20:02:47.153+0000] {processor.py:183} INFO - Processing /home/airflow/.local/lib/python3.12/site-packages/airflow/example_dags/example_external_task_marker_dag.py took 0.040 seconds
[2025-11-03T20:03:17.777+0000] {processor.py:161} INFO - Started process (PID=487) to work on /home/airflow/.local/lib/python3.12/site-packages/airflow/example_dags/example_external_task_marker_dag.py
[2025-11-03T20:03:17.777+0000] {processor.py:830} INFO - Processing file /home/airflow/.local/lib/python3.12/site-packages/airflow/example_dags/example_external_task_marker_dag.py for tasks to queue
[2025-11-03T20:03:17.777+0000] {logging_mixin.py:188} INFO - [2025-11-03T20:03:17.777+0000] {dagbag.py:545} INFO - Filling up the DagBag from /home/airflow/.local/lib/python3.12/site-packages/airflow/example_dags/example_external_task_marker_dag.py
[2025-11-03T20:03:17.780+0000] {processor.py:840} INFO - DAG(s) 'example_external_task_marker_parent', 'example_external_task_marker_child' retrieved from /home/airflow/.local/lib/python3.12/site-packages/airflow/example_dags/example_external_task_marker_dag.py
[2025-11-03T20:03:17.792+0000] {logging_mixin.py:188} INFO - [2025-11-03T20:03:17.792+0000] {dag.py:3096} INFO - Sync 2 DAGs
[2025-11-03T20:03:17.797+0000] {logging_mixin.py:188} INFO - [2025-11-03T20:03:17.797+0000] {dag.py:3954} INFO - Setting next_dagrun for example_external_task_marker_child to None, run_after=None
[2025-11-03T20:03:17.799+0000] {logging_mixin.py:188} INFO - [2025-11-03T20:03:17.799+0000] {dag.py:3954} INFO - Setting next_dagrun for example_external_task_marker_parent to None, run_after=None
[2025-11-03T20:03:17.809+0000] {processor.py:183} INFO - Processing /home/airflow/.local/lib/python3.12/site-packages/airflow/example_dags/example_external_task_marker_dag.py took 0.034 seconds
[2025-11-03T20:03:48.499+0000] {processor.py:161} INFO - Started process (PID=547) to work on /home/airflow/.local/lib/python3.12/site-packages/airflow/example_dags/example_external_task_marker_dag.py
[2025-11-03T20:03:48.500+0000] {processor.py:830} INFO - Processing file /home/airflow/.local/lib/python3.12/site-packages/airflow/example_dags/example_external_task_marker_dag.py for tasks to queue
[2025-11-03T20:03:48.500+0000] {logging_mixin.py:188} INFO - [2025-11-03T20:03:48.500+0000] {dagbag.py:545} INFO - Filling up the DagBag from /home/airflow/.local/lib/python3.12/site-packages/airflow/example_dags/example_external_task_marker_dag.py
[2025-11-03T20:03:48.503+0000] {processor.py:840} INFO - DAG(s) 'example_external_task_marker_child', 'example_external_task_marker_parent' retrieved from /home/airflow/.local/lib/python3.12/site-packages/airflow/example_dags/example_external_task_marker_dag.py
[2025-11-03T20:03:48.517+0000] {logging_mixin.py:188} INFO - [2025-11-03T20:03:48.517+0000] {dag.py:3096} INFO - Sync 2 DAGs
[2025-11-03T20:03:48.522+0000] {logging_mixin.py:188} INFO - [2025-11-03T20:03:48.522+0000] {dag.py:3954} INFO - Setting next_dagrun for example_external_task_marker_child to None, run_after=None
[2025-11-03T20:03:48.525+0000] {logging_mixin.py:188} INFO - [2025-11-03T20:03:48.525+0000] {dag.py:3954} INFO - Setting next_dagrun for example_external_task_marker_parent to None, run_after=None
[2025-11-03T20:03:48.536+0000] {processor.py:183} INFO - Processing /home/airflow/.local/lib/python3.12/site-packages/airflow/example_dags/example_external_task_marker_dag.py took 0.039 seconds
[2025-11-03T20:04:19.238+0000] {processor.py:161} INFO - Started process (PID=607) to work on /home/airflow/.local/lib/python3.12/site-packages/airflow/example_dags/example_external_task_marker_dag.py
[2025-11-03T20:04:19.239+0000] {processor.py:830} INFO - Processing file /home/airflow/.local/lib/python3.12/site-packages/airflow/example_dags/example_external_task_marker_dag.py for tasks to queue
[2025-11-03T20:04:19.239+0000] {logging_mixin.py:188} INFO - [2025-11-03T20:04:19.239+0000] {dagbag.py:545} INFO - Filling up the DagBag from /home/airflow/.local/lib/python3.12/site-packages/airflow/example_dags/example_external_task_marker_dag.py
[2025-11-03T20:04:19.241+0000] {processor.py:840} INFO - DAG(s) 'example_external_task_marker_parent', 'example_external_task_marker_child' retrieved from /home/airflow/.local/lib/python3.12/site-packages/airflow/example_dags/example_external_task_marker_dag.py
[2025-11-03T20:04:19.255+0000] {logging_mixin.py:188} INFO - [2025-11-03T20:04:19.255+0000] {dag.py:3096} INFO - Sync 2 DAGs
[2025-11-03T20:04:19.261+0000] {logging_mixin.py:188} INFO - [2025-11-03T20:04:19.261+0000] {dag.py:3954} INFO - Setting next_dagrun for example_external_task_marker_child to None, run_after=None
[2025-11-03T20:04:19.263+0000] {logging_mixin.py:188} INFO - [2025-11-03T20:04:19.263+0000] {dag.py:3954} INFO - Setting next_dagrun for example_external_task_marker_parent to None, run_after=None
[2025-11-03T20:04:19.271+0000] {processor.py:183} INFO - Processing /home/airflow/.local/lib/python3.12/site-packages/airflow/example_dags/example_external_task_marker_dag.py took 0.035 seconds
[2025-11-03T20:04:50.025+0000] {processor.py:161} INFO - Started process (PID=667) to work on /home/airflow/.local/lib/python3.12/site-packages/airflow/example_dags/example_external_task_marker_dag.py
[2025-11-03T20:04:50.025+0000] {processor.py:830} INFO - Processing file /home/airflow/.local/lib/python3.12/site-packages/airflow/example_dags/example_external_task_marker_dag.py for tasks to queue
[2025-11-03T20:04:50.026+0000] {logging_mixin.py:188} INFO - [2025-11-03T20:04:50.025+0000] {dagbag.py:545} INFO - Filling up the DagBag from /home/airflow/.local/lib/python3.12/site-packages/airflow/example_dags/example_external_task_marker_dag.py
[2025-11-03T20:04:50.028+0000] {processor.py:840} INFO - DAG(s) 'example_external_task_marker_child', 'example_external_task_marker_parent' retrieved from /home/airflow/.local/lib/python3.12/site-packages/airflow/example_dags/example_external_task_marker_dag.py
[2025-11-03T20:04:50.039+0000] {logging_mixin.py:188} INFO - [2025-11-03T20:04:50.038+0000] {dag.py:3096} INFO - Sync 2 DAGs
[2025-11-03T20:04:50.043+0000] {logging_mixin.py:188} INFO - [2025-11-03T20:04:50.043+0000] {dag.py:3954} INFO - Setting next_dagrun for example_external_task_marker_child to None, run_after=None
[2025-11-03T20:04:50.046+0000] {logging_mixin.py:188} INFO - [2025-11-03T20:04:50.046+0000] {dag.py:3954} INFO - Setting next_dagrun for example_external_task_marker_parent to None, run_after=None
[2025-11-03T20:04:50.053+0000] {processor.py:183} INFO - Processing /home/airflow/.local/lib/python3.12/site-packages/airflow/example_dags/example_external_task_marker_dag.py took 0.030 seconds
[2025-11-03T20:05:20.924+0000] {processor.py:161} INFO - Started process (PID=727) to work on /home/airflow/.local/lib/python3.12/site-packages/airflow/example_dags/example_external_task_marker_dag.py
[2025-11-03T20:05:20.924+0000] {processor.py:830} INFO - Processing file /home/airflow/.local/lib/python3.12/site-packages/airflow/example_dags/example_external_task_marker_dag.py for tasks to queue
[2025-11-03T20:05:20.925+0000] {logging_mixin.py:188} INFO - [2025-11-03T20:05:20.925+0000] {dagbag.py:545} INFO - Filling up the DagBag from /home/airflow/.local/lib/python3.12/site-packages/airflow/example_dags/example_external_task_marker_dag.py
[2025-11-03T20:05:20.927+0000] {processor.py:840} INFO - DAG(s) 'example_external_task_marker_child', 'example_external_task_marker_parent' retrieved from /home/airflow/.local/lib/python3.12/site-packages/airflow/example_dags/example_external_task_marker_dag.py
[2025-11-03T20:05:20.937+0000] {logging_mixin.py:188} INFO - [2025-11-03T20:05:20.937+0000] {dag.py:3096} INFO - Sync 2 DAGs
[2025-11-03T20:05:20.942+0000] {logging_mixin.py:188} INFO - [2025-11-03T20:05:20.942+0000] {dag.py:3954} INFO - Setting next_dagrun for example_external_task_marker_child to None, run_after=None
[2025-11-03T20:05:20.943+0000] {logging_mixin.py:188} INFO - [2025-11-03T20:05:20.943+0000] {dag.py:3954} INFO - Setting next_dagrun for example_external_task_marker_parent to None, run_after=None
[2025-11-03T20:05:20.948+0000] {processor.py:183} INFO - Processing /home/airflow/.local/lib/python3.12/site-packages/airflow/example_dags/example_external_task_marker_dag.py took 0.026 seconds
[2025-11-03T20:05:51.565+0000] {processor.py:161} INFO - Started process (PID=787) to work on /home/airflow/.local/lib/python3.12/site-packages/airflow/example_dags/example_external_task_marker_dag.py
[2025-11-03T20:05:51.565+0000] {processor.py:830} INFO - Processing file /home/airflow/.local/lib/python3.12/site-packages/airflow/example_dags/example_external_task_marker_dag.py for tasks to queue
[2025-11-03T20:05:51.566+0000] {logging_mixin.py:188} INFO - [2025-11-03T20:05:51.566+0000] {dagbag.py:545} INFO - Filling up the DagBag from /home/airflow/.local/lib/python3.12/site-packages/airflow/example_dags/example_external_task_marker_dag.py
[2025-11-03T20:05:51.568+0000] {processor.py:840} INFO - DAG(s) 'example_external_task_marker_parent', 'example_external_task_marker_child' retrieved from /home/airflow/.local/lib/python3.12/site-packages/airflow/example_dags/example_external_task_marker_dag.py
[2025-11-03T20:05:51.576+0000] {logging_mixin.py:188} INFO - [2025-11-03T20:05:51.576+0000] {dag.py:3096} INFO - Sync 2 DAGs
[2025-11-03T20:05:51.580+0000] {logging_mixin.py:188} INFO - [2025-11-03T20:05:51.580+0000] {dag.py:3954} INFO - Setting next_dagrun for example_external_task_marker_child to None, run_after=None
[2025-11-03T20:05:51.581+0000] {logging_mixin.py:188} INFO - [2025-11-03T20:05:51.581+0000] {dag.py:3954} INFO - Setting next_dagrun for example_external_task_marker_parent to None, run_after=None
[2025-11-03T20:05:51.585+0000] {processor.py:183} INFO - Processing /home/airflow/.local/lib/python3.12/site-packages/airflow/example_dags/example_external_task_marker_dag.py took 0.022 seconds
[2025-11-03T20:06:22.029+0000] {processor.py:161} INFO - Started process (PID=847) to work on /home/airflow/.local/lib/python3.12/site-packages/airflow/example_dags/example_external_task_marker_dag.py
[2025-11-03T20:06:22.030+0000] {processor.py:830} INFO - Processing file /home/airflow/.local/lib/python3.12/site-packages/airflow/example_dags/example_external_task_marker_dag.py for tasks to queue
[2025-11-03T20:06:22.031+0000] {logging_mixin.py:188} INFO - [2025-11-03T20:06:22.031+0000] {dagbag.py:545} INFO - Filling up the DagBag from /home/airflow/.local/lib/python3.12/site-packages/airflow/example_dags/example_external_task_marker_dag.py
[2025-11-03T20:06:22.034+0000] {processor.py:840} INFO - DAG(s) 'example_external_task_marker_child', 'example_external_task_marker_parent' retrieved from /home/airflow/.local/lib/python3.12/site-packages/airflow/example_dags/example_external_task_marker_dag.py
[2025-11-03T20:06:22.042+0000] {logging_mixin.py:188} INFO - [2025-11-03T20:06:22.042+0000] {dag.py:3096} INFO - Sync 2 DAGs
[2025-11-03T20:06:22.046+0000] {logging_mixin.py:188} INFO - [2025-11-03T20:06:22.046+0000] {dag.py:3954} INFO - Setting next_dagrun for example_external_task_marker_child to None, run_after=None
[2025-11-03T20:06:22.048+0000] {logging_mixin.py:188} INFO - [2025-11-03T20:06:22.048+0000] {dag.py:3954} INFO - Setting next_dagrun for example_external_task_marker_parent to None, run_after=None
[2025-11-03T20:06:22.055+0000] {processor.py:183} INFO - Processing /home/airflow/.local/lib/python3.12/site-packages/airflow/example_dags/example_external_task_marker_dag.py took 0.028 seconds
[2025-11-03T20:06:52.638+0000] {processor.py:161} INFO - Started process (PID=907) to work on /home/airflow/.local/lib/python3.12/site-packages/airflow/example_dags/example_external_task_marker_dag.py
[2025-11-03T20:06:52.638+0000] {processor.py:830} INFO - Processing file /home/airflow/.local/lib/python3.12/site-packages/airflow/example_dags/example_external_task_marker_dag.py for tasks to queue
[2025-11-03T20:06:52.638+0000] {logging_mixin.py:188} INFO - [2025-11-03T20:06:52.638+0000] {dagbag.py:545} INFO - Filling up the DagBag from /home/airflow/.local/lib/python3.12/site-packages/airflow/example_dags/example_external_task_marker_dag.py
[2025-11-03T20:06:52.640+0000] {processor.py:840} INFO - DAG(s) 'example_external_task_marker_parent', 'example_external_task_marker_child' retrieved from /home/airflow/.local/lib/python3.12/site-packages/airflow/example_dags/example_external_task_marker_dag.py
[2025-11-03T20:06:52.649+0000] {logging_mixin.py:188} INFO - [2025-11-03T20:06:52.649+0000] {dag.py:3096} INFO - Sync 2 DAGs
[2025-11-03T20:06:52.654+0000] {logging_mixin.py:188} INFO - [2025-11-03T20:06:52.654+0000] {dag.py:3954} INFO - Setting next_dagrun for example_external_task_marker_child to None, run_after=None
[2025-11-03T20:06:52.658+0000] {logging_mixin.py:188} INFO - [2025-11-03T20:06:52.658+0000] {dag.py:3954} INFO - Setting next_dagrun for example_external_task_marker_parent to None, run_after=None
[2025-11-03T20:06:52.667+0000] {processor.py:183} INFO - Processing /home/airflow/.local/lib/python3.12/site-packages/airflow/example_dags/example_external_task_marker_dag.py took 0.031 seconds
[2025-11-03T20:07:23.231+0000] {processor.py:161} INFO - Started process (PID=967) to work on /home/airflow/.local/lib/python3.12/site-packages/airflow/example_dags/example_external_task_marker_dag.py
[2025-11-03T20:07:23.231+0000] {processor.py:830} INFO - Processing file /home/airflow/.local/lib/python3.12/site-packages/airflow/example_dags/example_external_task_marker_dag.py for tasks to queue
[2025-11-03T20:07:23.231+0000] {logging_mixin.py:188} INFO - [2025-11-03T20:07:23.231+0000] {dagbag.py:545} INFO - Filling up the DagBag from /home/airflow/.local/lib/python3.12/site-packages/airflow/example_dags/example_external_task_marker_dag.py
[2025-11-03T20:07:23.234+0000] {processor.py:840} INFO - DAG(s) 'example_external_task_marker_parent', 'example_external_task_marker_child' retrieved from /home/airflow/.local/lib/python3.12/site-packages/airflow/example_dags/example_external_task_marker_dag.py
[2025-11-03T20:07:23.251+0000] {logging_mixin.py:188} INFO - [2025-11-03T20:07:23.251+0000] {dag.py:3096} INFO - Sync 2 DAGs
[2025-11-03T20:07:23.256+0000] {logging_mixin.py:188} INFO - [2025-11-03T20:07:23.256+0000] {dag.py:3954} INFO - Setting next_dagrun for example_external_task_marker_child to None, run_after=None
[2025-11-03T20:07:23.257+0000] {logging_mixin.py:188} INFO - [2025-11-03T20:07:23.257+0000] {dag.py:3954} INFO - Setting next_dagrun for example_external_task_marker_parent to None, run_after=None
[2025-11-03T20:07:23.265+0000] {processor.py:183} INFO - Processing /home/airflow/.local/lib/python3.12/site-packages/airflow/example_dags/example_external_task_marker_dag.py took 0.037 seconds
[2025-11-03T20:07:53.938+0000] {processor.py:161} INFO - Started process (PID=1027) to work on /home/airflow/.local/lib/python3.12/site-packages/airflow/example_dags/example_external_task_marker_dag.py
[2025-11-03T20:07:53.939+0000] {processor.py:830} INFO - Processing file /home/airflow/.local/lib/python3.12/site-packages/airflow/example_dags/example_external_task_marker_dag.py for tasks to queue
[2025-11-03T20:07:53.939+0000] {logging_mixin.py:188} INFO - [2025-11-03T20:07:53.939+0000] {dagbag.py:545} INFO - Filling up the DagBag from /home/airflow/.local/lib/python3.12/site-packages/airflow/example_dags/example_external_task_marker_dag.py
[2025-11-03T20:07:53.941+0000] {processor.py:840} INFO - DAG(s) 'example_external_task_marker_parent', 'example_external_task_marker_child' retrieved from /home/airflow/.local/lib/python3.12/site-packages/airflow/example_dags/example_external_task_marker_dag.py
[2025-11-03T20:07:53.952+0000] {logging_mixin.py:188} INFO - [2025-11-03T20:07:53.952+0000] {dag.py:3096} INFO - Sync 2 DAGs
[2025-11-03T20:07:53.957+0000] {logging_mixin.py:188} INFO - [2025-11-03T20:07:53.957+0000] {dag.py:3954} INFO - Setting next_dagrun for example_external_task_marker_child to None, run_after=None
[2025-11-03T20:07:53.959+0000] {logging_mixin.py:188} INFO - [2025-11-03T20:07:53.959+0000] {dag.py:3954} INFO - Setting next_dagrun for example_external_task_marker_parent to None, run_after=None
[2025-11-03T20:07:53.965+0000] {processor.py:183} INFO - Processing /home/airflow/.local/lib/python3.12/site-packages/airflow/example_dags/example_external_task_marker_dag.py took 0.029 seconds
[2025-11-03T20:08:24.573+0000] {processor.py:161} INFO - Started process (PID=1087) to work on /home/airflow/.local/lib/python3.12/site-packages/airflow/example_dags/example_external_task_marker_dag.py
[2025-11-03T20:08:24.574+0000] {processor.py:830} INFO - Processing file /home/airflow/.local/lib/python3.12/site-packages/airflow/example_dags/example_external_task_marker_dag.py for tasks to queue
[2025-11-03T20:08:24.575+0000] {logging_mixin.py:188} INFO - [2025-11-03T20:08:24.575+0000] {dagbag.py:545} INFO - Filling up the DagBag from /home/airflow/.local/lib/python3.12/site-packages/airflow/example_dags/example_external_task_marker_dag.py
[2025-11-03T20:08:24.577+0000] {processor.py:840} INFO - DAG(s) 'example_external_task_marker_parent', 'example_external_task_marker_child' retrieved from /home/airflow/.local/lib/python3.12/site-packages/airflow/example_dags/example_external_task_marker_dag.py
[2025-11-03T20:08:24.587+0000] {logging_mixin.py:188} INFO - [2025-11-03T20:08:24.587+0000] {dag.py:3096} INFO - Sync 2 DAGs
[2025-11-03T20:08:24.591+0000] {logging_mixin.py:188} INFO - [2025-11-03T20:08:24.591+0000] {dag.py:3954} INFO - Setting next_dagrun for example_external_task_marker_child to None, run_after=None
[2025-11-03T20:08:24.594+0000] {logging_mixin.py:188} INFO - [2025-11-03T20:08:24.594+0000] {dag.py:3954} INFO - Setting next_dagrun for example_external_task_marker_parent to None, run_after=None
[2025-11-03T20:08:24.600+0000] {processor.py:183} INFO - Processing /home/airflow/.local/lib/python3.12/site-packages/airflow/example_dags/example_external_task_marker_dag.py took 0.029 seconds
