[2025-11-03T19:59:44.009+0000] {processor.py:161} INFO - Started process (PID=87) to work on /home/airflow/.local/lib/python3.12/site-packages/airflow/example_dags/example_python_decorator.py
[2025-11-03T19:59:44.010+0000] {processor.py:830} INFO - Processing file /home/airflow/.local/lib/python3.12/site-packages/airflow/example_dags/example_python_decorator.py for tasks to queue
[2025-11-03T19:59:44.011+0000] {logging_mixin.py:188} INFO - [2025-11-03T19:59:44.011+0000] {dagbag.py:545} INFO - Filling up the DagBag from /home/airflow/.local/lib/python3.12/site-packages/airflow/example_dags/example_python_decorator.py
[2025-11-03T19:59:44.018+0000] {processor.py:840} INFO - DAG(s) 'example_python_decorator' retrieved from /home/airflow/.local/lib/python3.12/site-packages/airflow/example_dags/example_python_decorator.py
[2025-11-03T19:59:44.024+0000] {logging_mixin.py:188} INFO - [2025-11-03T19:59:44.024+0000] {dag.py:3096} INFO - Sync 1 DAGs
[2025-11-03T19:59:44.029+0000] {logging_mixin.py:188} INFO - [2025-11-03T19:59:44.029+0000] {dag.py:3954} INFO - Setting next_dagrun for example_python_decorator to None, run_after=None
[2025-11-03T19:59:44.036+0000] {processor.py:183} INFO - Processing /home/airflow/.local/lib/python3.12/site-packages/airflow/example_dags/example_python_decorator.py took 0.030 seconds
[2025-11-03T20:00:14.380+0000] {processor.py:161} INFO - Started process (PID=147) to work on /home/airflow/.local/lib/python3.12/site-packages/airflow/example_dags/example_python_decorator.py
[2025-11-03T20:00:14.380+0000] {processor.py:830} INFO - Processing file /home/airflow/.local/lib/python3.12/site-packages/airflow/example_dags/example_python_decorator.py for tasks to queue
[2025-11-03T20:00:14.381+0000] {logging_mixin.py:188} INFO - [2025-11-03T20:00:14.381+0000] {dagbag.py:545} INFO - Filling up the DagBag from /home/airflow/.local/lib/python3.12/site-packages/airflow/example_dags/example_python_decorator.py
[2025-11-03T20:00:14.387+0000] {processor.py:840} INFO - DAG(s) 'example_python_decorator' retrieved from /home/airflow/.local/lib/python3.12/site-packages/airflow/example_dags/example_python_decorator.py
[2025-11-03T20:00:14.430+0000] {logging_mixin.py:188} INFO - [2025-11-03T20:00:14.430+0000] {dag.py:3096} INFO - Sync 1 DAGs
[2025-11-03T20:00:14.437+0000] {logging_mixin.py:188} INFO - [2025-11-03T20:00:14.435+0000] {dag.py:3954} INFO - Setting next_dagrun for example_python_decorator to None, run_after=None
[2025-11-03T20:00:14.452+0000] {processor.py:183} INFO - Processing /home/airflow/.local/lib/python3.12/site-packages/airflow/example_dags/example_python_decorator.py took 0.075 seconds
[2025-11-03T20:00:44.966+0000] {processor.py:161} INFO - Started process (PID=207) to work on /home/airflow/.local/lib/python3.12/site-packages/airflow/example_dags/example_python_decorator.py
[2025-11-03T20:00:44.967+0000] {processor.py:830} INFO - Processing file /home/airflow/.local/lib/python3.12/site-packages/airflow/example_dags/example_python_decorator.py for tasks to queue
[2025-11-03T20:00:44.968+0000] {logging_mixin.py:188} INFO - [2025-11-03T20:00:44.967+0000] {dagbag.py:545} INFO - Filling up the DagBag from /home/airflow/.local/lib/python3.12/site-packages/airflow/example_dags/example_python_decorator.py
[2025-11-03T20:00:44.974+0000] {processor.py:840} INFO - DAG(s) 'example_python_decorator' retrieved from /home/airflow/.local/lib/python3.12/site-packages/airflow/example_dags/example_python_decorator.py
[2025-11-03T20:00:44.986+0000] {logging_mixin.py:188} INFO - [2025-11-03T20:00:44.986+0000] {dag.py:3096} INFO - Sync 1 DAGs
[2025-11-03T20:00:44.992+0000] {logging_mixin.py:188} INFO - [2025-11-03T20:00:44.992+0000] {dag.py:3954} INFO - Setting next_dagrun for example_python_decorator to None, run_after=None
[2025-11-03T20:00:45.002+0000] {processor.py:183} INFO - Processing /home/airflow/.local/lib/python3.12/site-packages/airflow/example_dags/example_python_decorator.py took 0.039 seconds
[2025-11-03T20:01:15.767+0000] {processor.py:161} INFO - Started process (PID=267) to work on /home/airflow/.local/lib/python3.12/site-packages/airflow/example_dags/example_python_decorator.py
[2025-11-03T20:01:15.769+0000] {processor.py:830} INFO - Processing file /home/airflow/.local/lib/python3.12/site-packages/airflow/example_dags/example_python_decorator.py for tasks to queue
[2025-11-03T20:01:15.769+0000] {logging_mixin.py:188} INFO - [2025-11-03T20:01:15.769+0000] {dagbag.py:545} INFO - Filling up the DagBag from /home/airflow/.local/lib/python3.12/site-packages/airflow/example_dags/example_python_decorator.py
[2025-11-03T20:01:15.774+0000] {processor.py:840} INFO - DAG(s) 'example_python_decorator' retrieved from /home/airflow/.local/lib/python3.12/site-packages/airflow/example_dags/example_python_decorator.py
[2025-11-03T20:01:15.783+0000] {logging_mixin.py:188} INFO - [2025-11-03T20:01:15.782+0000] {dag.py:3096} INFO - Sync 1 DAGs
[2025-11-03T20:01:15.787+0000] {logging_mixin.py:188} INFO - [2025-11-03T20:01:15.787+0000] {dag.py:3954} INFO - Setting next_dagrun for example_python_decorator to None, run_after=None
[2025-11-03T20:01:15.793+0000] {processor.py:183} INFO - Processing /home/airflow/.local/lib/python3.12/site-packages/airflow/example_dags/example_python_decorator.py took 0.029 seconds
[2025-11-03T20:01:46.326+0000] {processor.py:161} INFO - Started process (PID=327) to work on /home/airflow/.local/lib/python3.12/site-packages/airflow/example_dags/example_python_decorator.py
[2025-11-03T20:01:46.327+0000] {processor.py:830} INFO - Processing file /home/airflow/.local/lib/python3.12/site-packages/airflow/example_dags/example_python_decorator.py for tasks to queue
[2025-11-03T20:01:46.328+0000] {logging_mixin.py:188} INFO - [2025-11-03T20:01:46.328+0000] {dagbag.py:545} INFO - Filling up the DagBag from /home/airflow/.local/lib/python3.12/site-packages/airflow/example_dags/example_python_decorator.py
[2025-11-03T20:01:46.334+0000] {processor.py:840} INFO - DAG(s) 'example_python_decorator' retrieved from /home/airflow/.local/lib/python3.12/site-packages/airflow/example_dags/example_python_decorator.py
[2025-11-03T20:01:46.347+0000] {logging_mixin.py:188} INFO - [2025-11-03T20:01:46.347+0000] {dag.py:3096} INFO - Sync 1 DAGs
[2025-11-03T20:01:46.352+0000] {logging_mixin.py:188} INFO - [2025-11-03T20:01:46.352+0000] {dag.py:3954} INFO - Setting next_dagrun for example_python_decorator to None, run_after=None
[2025-11-03T20:01:46.360+0000] {processor.py:183} INFO - Processing /home/airflow/.local/lib/python3.12/site-packages/airflow/example_dags/example_python_decorator.py took 0.036 seconds
[2025-11-03T20:02:16.964+0000] {processor.py:161} INFO - Started process (PID=387) to work on /home/airflow/.local/lib/python3.12/site-packages/airflow/example_dags/example_python_decorator.py
[2025-11-03T20:02:16.965+0000] {processor.py:830} INFO - Processing file /home/airflow/.local/lib/python3.12/site-packages/airflow/example_dags/example_python_decorator.py for tasks to queue
[2025-11-03T20:02:16.966+0000] {logging_mixin.py:188} INFO - [2025-11-03T20:02:16.966+0000] {dagbag.py:545} INFO - Filling up the DagBag from /home/airflow/.local/lib/python3.12/site-packages/airflow/example_dags/example_python_decorator.py
[2025-11-03T20:02:16.971+0000] {processor.py:840} INFO - DAG(s) 'example_python_decorator' retrieved from /home/airflow/.local/lib/python3.12/site-packages/airflow/example_dags/example_python_decorator.py
[2025-11-03T20:02:16.980+0000] {logging_mixin.py:188} INFO - [2025-11-03T20:02:16.980+0000] {dag.py:3096} INFO - Sync 1 DAGs
[2025-11-03T20:02:16.985+0000] {logging_mixin.py:188} INFO - [2025-11-03T20:02:16.985+0000] {dag.py:3954} INFO - Setting next_dagrun for example_python_decorator to None, run_after=None
[2025-11-03T20:02:16.992+0000] {processor.py:183} INFO - Processing /home/airflow/.local/lib/python3.12/site-packages/airflow/example_dags/example_python_decorator.py took 0.031 seconds
[2025-11-03T20:02:47.550+0000] {processor.py:161} INFO - Started process (PID=447) to work on /home/airflow/.local/lib/python3.12/site-packages/airflow/example_dags/example_python_decorator.py
[2025-11-03T20:02:47.551+0000] {processor.py:830} INFO - Processing file /home/airflow/.local/lib/python3.12/site-packages/airflow/example_dags/example_python_decorator.py for tasks to queue
[2025-11-03T20:02:47.551+0000] {logging_mixin.py:188} INFO - [2025-11-03T20:02:47.551+0000] {dagbag.py:545} INFO - Filling up the DagBag from /home/airflow/.local/lib/python3.12/site-packages/airflow/example_dags/example_python_decorator.py
[2025-11-03T20:02:47.556+0000] {processor.py:840} INFO - DAG(s) 'example_python_decorator' retrieved from /home/airflow/.local/lib/python3.12/site-packages/airflow/example_dags/example_python_decorator.py
[2025-11-03T20:02:47.565+0000] {logging_mixin.py:188} INFO - [2025-11-03T20:02:47.565+0000] {dag.py:3096} INFO - Sync 1 DAGs
[2025-11-03T20:02:47.570+0000] {logging_mixin.py:188} INFO - [2025-11-03T20:02:47.570+0000] {dag.py:3954} INFO - Setting next_dagrun for example_python_decorator to None, run_after=None
[2025-11-03T20:02:47.580+0000] {processor.py:183} INFO - Processing /home/airflow/.local/lib/python3.12/site-packages/airflow/example_dags/example_python_decorator.py took 0.031 seconds
[2025-11-03T20:03:18.222+0000] {processor.py:161} INFO - Started process (PID=507) to work on /home/airflow/.local/lib/python3.12/site-packages/airflow/example_dags/example_python_decorator.py
[2025-11-03T20:03:18.222+0000] {processor.py:830} INFO - Processing file /home/airflow/.local/lib/python3.12/site-packages/airflow/example_dags/example_python_decorator.py for tasks to queue
[2025-11-03T20:03:18.223+0000] {logging_mixin.py:188} INFO - [2025-11-03T20:03:18.223+0000] {dagbag.py:545} INFO - Filling up the DagBag from /home/airflow/.local/lib/python3.12/site-packages/airflow/example_dags/example_python_decorator.py
[2025-11-03T20:03:18.228+0000] {processor.py:840} INFO - DAG(s) 'example_python_decorator' retrieved from /home/airflow/.local/lib/python3.12/site-packages/airflow/example_dags/example_python_decorator.py
[2025-11-03T20:03:18.237+0000] {logging_mixin.py:188} INFO - [2025-11-03T20:03:18.236+0000] {dag.py:3096} INFO - Sync 1 DAGs
[2025-11-03T20:03:18.241+0000] {logging_mixin.py:188} INFO - [2025-11-03T20:03:18.241+0000] {dag.py:3954} INFO - Setting next_dagrun for example_python_decorator to None, run_after=None
[2025-11-03T20:03:18.249+0000] {processor.py:183} INFO - Processing /home/airflow/.local/lib/python3.12/site-packages/airflow/example_dags/example_python_decorator.py took 0.030 seconds
[2025-11-03T20:03:49.005+0000] {processor.py:161} INFO - Started process (PID=567) to work on /home/airflow/.local/lib/python3.12/site-packages/airflow/example_dags/example_python_decorator.py
[2025-11-03T20:03:49.007+0000] {processor.py:830} INFO - Processing file /home/airflow/.local/lib/python3.12/site-packages/airflow/example_dags/example_python_decorator.py for tasks to queue
[2025-11-03T20:03:49.008+0000] {logging_mixin.py:188} INFO - [2025-11-03T20:03:49.008+0000] {dagbag.py:545} INFO - Filling up the DagBag from /home/airflow/.local/lib/python3.12/site-packages/airflow/example_dags/example_python_decorator.py
[2025-11-03T20:03:49.014+0000] {processor.py:840} INFO - DAG(s) 'example_python_decorator' retrieved from /home/airflow/.local/lib/python3.12/site-packages/airflow/example_dags/example_python_decorator.py
[2025-11-03T20:03:49.024+0000] {logging_mixin.py:188} INFO - [2025-11-03T20:03:49.024+0000] {dag.py:3096} INFO - Sync 1 DAGs
[2025-11-03T20:03:49.030+0000] {logging_mixin.py:188} INFO - [2025-11-03T20:03:49.030+0000] {dag.py:3954} INFO - Setting next_dagrun for example_python_decorator to None, run_after=None
[2025-11-03T20:03:49.036+0000] {processor.py:183} INFO - Processing /home/airflow/.local/lib/python3.12/site-packages/airflow/example_dags/example_python_decorator.py took 0.033 seconds
[2025-11-03T20:04:19.666+0000] {processor.py:161} INFO - Started process (PID=627) to work on /home/airflow/.local/lib/python3.12/site-packages/airflow/example_dags/example_python_decorator.py
[2025-11-03T20:04:19.667+0000] {processor.py:830} INFO - Processing file /home/airflow/.local/lib/python3.12/site-packages/airflow/example_dags/example_python_decorator.py for tasks to queue
[2025-11-03T20:04:19.667+0000] {logging_mixin.py:188} INFO - [2025-11-03T20:04:19.667+0000] {dagbag.py:545} INFO - Filling up the DagBag from /home/airflow/.local/lib/python3.12/site-packages/airflow/example_dags/example_python_decorator.py
[2025-11-03T20:04:19.672+0000] {processor.py:840} INFO - DAG(s) 'example_python_decorator' retrieved from /home/airflow/.local/lib/python3.12/site-packages/airflow/example_dags/example_python_decorator.py
[2025-11-03T20:04:19.682+0000] {logging_mixin.py:188} INFO - [2025-11-03T20:04:19.682+0000] {dag.py:3096} INFO - Sync 1 DAGs
[2025-11-03T20:04:19.687+0000] {logging_mixin.py:188} INFO - [2025-11-03T20:04:19.687+0000] {dag.py:3954} INFO - Setting next_dagrun for example_python_decorator to None, run_after=None
[2025-11-03T20:04:19.694+0000] {processor.py:183} INFO - Processing /home/airflow/.local/lib/python3.12/site-packages/airflow/example_dags/example_python_decorator.py took 0.029 seconds
[2025-11-03T20:04:50.490+0000] {processor.py:161} INFO - Started process (PID=687) to work on /home/airflow/.local/lib/python3.12/site-packages/airflow/example_dags/example_python_decorator.py
[2025-11-03T20:04:50.491+0000] {processor.py:830} INFO - Processing file /home/airflow/.local/lib/python3.12/site-packages/airflow/example_dags/example_python_decorator.py for tasks to queue
[2025-11-03T20:04:50.492+0000] {logging_mixin.py:188} INFO - [2025-11-03T20:04:50.491+0000] {dagbag.py:545} INFO - Filling up the DagBag from /home/airflow/.local/lib/python3.12/site-packages/airflow/example_dags/example_python_decorator.py
[2025-11-03T20:04:50.504+0000] {processor.py:840} INFO - DAG(s) 'example_python_decorator' retrieved from /home/airflow/.local/lib/python3.12/site-packages/airflow/example_dags/example_python_decorator.py
[2025-11-03T20:04:50.515+0000] {logging_mixin.py:188} INFO - [2025-11-03T20:04:50.515+0000] {dag.py:3096} INFO - Sync 1 DAGs
[2025-11-03T20:04:50.520+0000] {logging_mixin.py:188} INFO - [2025-11-03T20:04:50.520+0000] {dag.py:3954} INFO - Setting next_dagrun for example_python_decorator to None, run_after=None
[2025-11-03T20:04:50.526+0000] {processor.py:183} INFO - Processing /home/airflow/.local/lib/python3.12/site-packages/airflow/example_dags/example_python_decorator.py took 0.039 seconds
[2025-11-03T20:05:21.351+0000] {processor.py:161} INFO - Started process (PID=747) to work on /home/airflow/.local/lib/python3.12/site-packages/airflow/example_dags/example_python_decorator.py
[2025-11-03T20:05:21.352+0000] {processor.py:830} INFO - Processing file /home/airflow/.local/lib/python3.12/site-packages/airflow/example_dags/example_python_decorator.py for tasks to queue
[2025-11-03T20:05:21.352+0000] {logging_mixin.py:188} INFO - [2025-11-03T20:05:21.352+0000] {dagbag.py:545} INFO - Filling up the DagBag from /home/airflow/.local/lib/python3.12/site-packages/airflow/example_dags/example_python_decorator.py
[2025-11-03T20:05:21.357+0000] {processor.py:840} INFO - DAG(s) 'example_python_decorator' retrieved from /home/airflow/.local/lib/python3.12/site-packages/airflow/example_dags/example_python_decorator.py
[2025-11-03T20:05:21.368+0000] {logging_mixin.py:188} INFO - [2025-11-03T20:05:21.367+0000] {dag.py:3096} INFO - Sync 1 DAGs
[2025-11-03T20:05:21.372+0000] {logging_mixin.py:188} INFO - [2025-11-03T20:05:21.372+0000] {dag.py:3954} INFO - Setting next_dagrun for example_python_decorator to None, run_after=None
[2025-11-03T20:05:21.379+0000] {processor.py:183} INFO - Processing /home/airflow/.local/lib/python3.12/site-packages/airflow/example_dags/example_python_decorator.py took 0.031 seconds
[2025-11-03T20:05:51.962+0000] {processor.py:161} INFO - Started process (PID=807) to work on /home/airflow/.local/lib/python3.12/site-packages/airflow/example_dags/example_python_decorator.py
[2025-11-03T20:05:51.962+0000] {processor.py:830} INFO - Processing file /home/airflow/.local/lib/python3.12/site-packages/airflow/example_dags/example_python_decorator.py for tasks to queue
[2025-11-03T20:05:51.963+0000] {logging_mixin.py:188} INFO - [2025-11-03T20:05:51.962+0000] {dagbag.py:545} INFO - Filling up the DagBag from /home/airflow/.local/lib/python3.12/site-packages/airflow/example_dags/example_python_decorator.py
[2025-11-03T20:05:51.971+0000] {processor.py:840} INFO - DAG(s) 'example_python_decorator' retrieved from /home/airflow/.local/lib/python3.12/site-packages/airflow/example_dags/example_python_decorator.py
[2025-11-03T20:05:51.980+0000] {logging_mixin.py:188} INFO - [2025-11-03T20:05:51.980+0000] {dag.py:3096} INFO - Sync 1 DAGs
[2025-11-03T20:05:51.986+0000] {logging_mixin.py:188} INFO - [2025-11-03T20:05:51.986+0000] {dag.py:3954} INFO - Setting next_dagrun for example_python_decorator to None, run_after=None
[2025-11-03T20:05:51.993+0000] {processor.py:183} INFO - Processing /home/airflow/.local/lib/python3.12/site-packages/airflow/example_dags/example_python_decorator.py took 0.034 seconds
[2025-11-03T20:06:22.520+0000] {processor.py:161} INFO - Started process (PID=867) to work on /home/airflow/.local/lib/python3.12/site-packages/airflow/example_dags/example_python_decorator.py
[2025-11-03T20:06:22.520+0000] {processor.py:830} INFO - Processing file /home/airflow/.local/lib/python3.12/site-packages/airflow/example_dags/example_python_decorator.py for tasks to queue
[2025-11-03T20:06:22.521+0000] {logging_mixin.py:188} INFO - [2025-11-03T20:06:22.521+0000] {dagbag.py:545} INFO - Filling up the DagBag from /home/airflow/.local/lib/python3.12/site-packages/airflow/example_dags/example_python_decorator.py
[2025-11-03T20:06:22.526+0000] {processor.py:840} INFO - DAG(s) 'example_python_decorator' retrieved from /home/airflow/.local/lib/python3.12/site-packages/airflow/example_dags/example_python_decorator.py
[2025-11-03T20:06:22.534+0000] {logging_mixin.py:188} INFO - [2025-11-03T20:06:22.534+0000] {dag.py:3096} INFO - Sync 1 DAGs
[2025-11-03T20:06:22.538+0000] {logging_mixin.py:188} INFO - [2025-11-03T20:06:22.538+0000] {dag.py:3954} INFO - Setting next_dagrun for example_python_decorator to None, run_after=None
[2025-11-03T20:06:22.545+0000] {processor.py:183} INFO - Processing /home/airflow/.local/lib/python3.12/site-packages/airflow/example_dags/example_python_decorator.py took 0.027 seconds
[2025-11-03T20:06:53.118+0000] {processor.py:161} INFO - Started process (PID=927) to work on /home/airflow/.local/lib/python3.12/site-packages/airflow/example_dags/example_python_decorator.py
[2025-11-03T20:06:53.119+0000] {processor.py:830} INFO - Processing file /home/airflow/.local/lib/python3.12/site-packages/airflow/example_dags/example_python_decorator.py for tasks to queue
[2025-11-03T20:06:53.119+0000] {logging_mixin.py:188} INFO - [2025-11-03T20:06:53.119+0000] {dagbag.py:545} INFO - Filling up the DagBag from /home/airflow/.local/lib/python3.12/site-packages/airflow/example_dags/example_python_decorator.py
[2025-11-03T20:06:53.124+0000] {processor.py:840} INFO - DAG(s) 'example_python_decorator' retrieved from /home/airflow/.local/lib/python3.12/site-packages/airflow/example_dags/example_python_decorator.py
[2025-11-03T20:06:53.135+0000] {logging_mixin.py:188} INFO - [2025-11-03T20:06:53.135+0000] {dag.py:3096} INFO - Sync 1 DAGs
[2025-11-03T20:06:53.140+0000] {logging_mixin.py:188} INFO - [2025-11-03T20:06:53.140+0000] {dag.py:3954} INFO - Setting next_dagrun for example_python_decorator to None, run_after=None
[2025-11-03T20:06:53.153+0000] {processor.py:183} INFO - Processing /home/airflow/.local/lib/python3.12/site-packages/airflow/example_dags/example_python_decorator.py took 0.037 seconds
[2025-11-03T20:07:23.695+0000] {processor.py:161} INFO - Started process (PID=987) to work on /home/airflow/.local/lib/python3.12/site-packages/airflow/example_dags/example_python_decorator.py
[2025-11-03T20:07:23.696+0000] {processor.py:830} INFO - Processing file /home/airflow/.local/lib/python3.12/site-packages/airflow/example_dags/example_python_decorator.py for tasks to queue
[2025-11-03T20:07:23.696+0000] {logging_mixin.py:188} INFO - [2025-11-03T20:07:23.696+0000] {dagbag.py:545} INFO - Filling up the DagBag from /home/airflow/.local/lib/python3.12/site-packages/airflow/example_dags/example_python_decorator.py
[2025-11-03T20:07:23.701+0000] {processor.py:840} INFO - DAG(s) 'example_python_decorator' retrieved from /home/airflow/.local/lib/python3.12/site-packages/airflow/example_dags/example_python_decorator.py
[2025-11-03T20:07:23.709+0000] {logging_mixin.py:188} INFO - [2025-11-03T20:07:23.709+0000] {dag.py:3096} INFO - Sync 1 DAGs
[2025-11-03T20:07:23.714+0000] {logging_mixin.py:188} INFO - [2025-11-03T20:07:23.714+0000] {dag.py:3954} INFO - Setting next_dagrun for example_python_decorator to None, run_after=None
[2025-11-03T20:07:23.720+0000] {processor.py:183} INFO - Processing /home/airflow/.local/lib/python3.12/site-packages/airflow/example_dags/example_python_decorator.py took 0.028 seconds
[2025-11-03T20:07:54.362+0000] {processor.py:161} INFO - Started process (PID=1047) to work on /home/airflow/.local/lib/python3.12/site-packages/airflow/example_dags/example_python_decorator.py
[2025-11-03T20:07:54.363+0000] {processor.py:830} INFO - Processing file /home/airflow/.local/lib/python3.12/site-packages/airflow/example_dags/example_python_decorator.py for tasks to queue
[2025-11-03T20:07:54.363+0000] {logging_mixin.py:188} INFO - [2025-11-03T20:07:54.363+0000] {dagbag.py:545} INFO - Filling up the DagBag from /home/airflow/.local/lib/python3.12/site-packages/airflow/example_dags/example_python_decorator.py
[2025-11-03T20:07:54.368+0000] {processor.py:840} INFO - DAG(s) 'example_python_decorator' retrieved from /home/airflow/.local/lib/python3.12/site-packages/airflow/example_dags/example_python_decorator.py
[2025-11-03T20:07:54.377+0000] {logging_mixin.py:188} INFO - [2025-11-03T20:07:54.377+0000] {dag.py:3096} INFO - Sync 1 DAGs
[2025-11-03T20:07:54.381+0000] {logging_mixin.py:188} INFO - [2025-11-03T20:07:54.381+0000] {dag.py:3954} INFO - Setting next_dagrun for example_python_decorator to None, run_after=None
[2025-11-03T20:07:54.388+0000] {processor.py:183} INFO - Processing /home/airflow/.local/lib/python3.12/site-packages/airflow/example_dags/example_python_decorator.py took 0.028 seconds
[2025-11-03T20:08:25.001+0000] {processor.py:161} INFO - Started process (PID=1107) to work on /home/airflow/.local/lib/python3.12/site-packages/airflow/example_dags/example_python_decorator.py
[2025-11-03T20:08:25.002+0000] {processor.py:830} INFO - Processing file /home/airflow/.local/lib/python3.12/site-packages/airflow/example_dags/example_python_decorator.py for tasks to queue
[2025-11-03T20:08:25.003+0000] {logging_mixin.py:188} INFO - [2025-11-03T20:08:25.003+0000] {dagbag.py:545} INFO - Filling up the DagBag from /home/airflow/.local/lib/python3.12/site-packages/airflow/example_dags/example_python_decorator.py
[2025-11-03T20:08:25.008+0000] {processor.py:840} INFO - DAG(s) 'example_python_decorator' retrieved from /home/airflow/.local/lib/python3.12/site-packages/airflow/example_dags/example_python_decorator.py
[2025-11-03T20:08:25.020+0000] {logging_mixin.py:188} INFO - [2025-11-03T20:08:25.020+0000] {dag.py:3096} INFO - Sync 1 DAGs
[2025-11-03T20:08:25.026+0000] {logging_mixin.py:188} INFO - [2025-11-03T20:08:25.026+0000] {dag.py:3954} INFO - Setting next_dagrun for example_python_decorator to None, run_after=None
[2025-11-03T20:08:25.032+0000] {processor.py:183} INFO - Processing /home/airflow/.local/lib/python3.12/site-packages/airflow/example_dags/example_python_decorator.py took 0.033 seconds
