[2025-11-03T19:59:43.128+0000] {processor.py:161} INFO - Started process (PID=52) to work on /home/airflow/.local/lib/python3.12/site-packages/airflow/example_dags/example_params_trigger_ui.py
[2025-11-03T19:59:43.129+0000] {processor.py:830} INFO - Processing file /home/airflow/.local/lib/python3.12/site-packages/airflow/example_dags/example_params_trigger_ui.py for tasks to queue
[2025-11-03T19:59:43.130+0000] {logging_mixin.py:188} INFO - [2025-11-03T19:59:43.130+0000] {dagbag.py:545} INFO - Filling up the DagBag from /home/airflow/.local/lib/python3.12/site-packages/airflow/example_dags/example_params_trigger_ui.py
[2025-11-03T19:59:43.142+0000] {processor.py:840} INFO - DAG(s) 'example_params_trigger_ui' retrieved from /home/airflow/.local/lib/python3.12/site-packages/airflow/example_dags/example_params_trigger_ui.py
[2025-11-03T19:59:43.151+0000] {logging_mixin.py:188} INFO - [2025-11-03T19:59:43.151+0000] {dag.py:3096} INFO - Sync 1 DAGs
[2025-11-03T19:59:43.158+0000] {logging_mixin.py:188} INFO - [2025-11-03T19:59:43.158+0000] {dag.py:3954} INFO - Setting next_dagrun for example_params_trigger_ui to None, run_after=None
[2025-11-03T19:59:43.171+0000] {processor.py:183} INFO - Processing /home/airflow/.local/lib/python3.12/site-packages/airflow/example_dags/example_params_trigger_ui.py took 0.046 seconds
[2025-11-03T20:00:13.237+0000] {processor.py:161} INFO - Started process (PID=112) to work on /home/airflow/.local/lib/python3.12/site-packages/airflow/example_dags/example_params_trigger_ui.py
[2025-11-03T20:00:13.238+0000] {processor.py:830} INFO - Processing file /home/airflow/.local/lib/python3.12/site-packages/airflow/example_dags/example_params_trigger_ui.py for tasks to queue
[2025-11-03T20:00:13.238+0000] {logging_mixin.py:188} INFO - [2025-11-03T20:00:13.238+0000] {dagbag.py:545} INFO - Filling up the DagBag from /home/airflow/.local/lib/python3.12/site-packages/airflow/example_dags/example_params_trigger_ui.py
[2025-11-03T20:00:13.244+0000] {processor.py:840} INFO - DAG(s) 'example_params_trigger_ui' retrieved from /home/airflow/.local/lib/python3.12/site-packages/airflow/example_dags/example_params_trigger_ui.py
[2025-11-03T20:00:13.287+0000] {logging_mixin.py:188} INFO - [2025-11-03T20:00:13.287+0000] {dag.py:3096} INFO - Sync 1 DAGs
[2025-11-03T20:00:13.291+0000] {logging_mixin.py:188} INFO - [2025-11-03T20:00:13.291+0000] {dag.py:3954} INFO - Setting next_dagrun for example_params_trigger_ui to None, run_after=None
[2025-11-03T20:00:13.298+0000] {processor.py:183} INFO - Processing /home/airflow/.local/lib/python3.12/site-packages/airflow/example_dags/example_params_trigger_ui.py took 0.063 seconds
[2025-11-03T20:00:44.251+0000] {processor.py:161} INFO - Started process (PID=178) to work on /home/airflow/.local/lib/python3.12/site-packages/airflow/example_dags/example_params_trigger_ui.py
[2025-11-03T20:00:44.251+0000] {processor.py:830} INFO - Processing file /home/airflow/.local/lib/python3.12/site-packages/airflow/example_dags/example_params_trigger_ui.py for tasks to queue
[2025-11-03T20:00:44.251+0000] {logging_mixin.py:188} INFO - [2025-11-03T20:00:44.251+0000] {dagbag.py:545} INFO - Filling up the DagBag from /home/airflow/.local/lib/python3.12/site-packages/airflow/example_dags/example_params_trigger_ui.py
[2025-11-03T20:00:44.257+0000] {processor.py:840} INFO - DAG(s) 'example_params_trigger_ui' retrieved from /home/airflow/.local/lib/python3.12/site-packages/airflow/example_dags/example_params_trigger_ui.py
[2025-11-03T20:00:44.273+0000] {logging_mixin.py:188} INFO - [2025-11-03T20:00:44.273+0000] {dag.py:3096} INFO - Sync 1 DAGs
[2025-11-03T20:00:44.277+0000] {logging_mixin.py:188} INFO - [2025-11-03T20:00:44.277+0000] {dag.py:3954} INFO - Setting next_dagrun for example_params_trigger_ui to None, run_after=None
[2025-11-03T20:00:44.284+0000] {processor.py:183} INFO - Processing /home/airflow/.local/lib/python3.12/site-packages/airflow/example_dags/example_params_trigger_ui.py took 0.036 seconds
[2025-11-03T20:01:15.026+0000] {processor.py:161} INFO - Started process (PID=238) to work on /home/airflow/.local/lib/python3.12/site-packages/airflow/example_dags/example_params_trigger_ui.py
[2025-11-03T20:01:15.027+0000] {processor.py:830} INFO - Processing file /home/airflow/.local/lib/python3.12/site-packages/airflow/example_dags/example_params_trigger_ui.py for tasks to queue
[2025-11-03T20:01:15.027+0000] {logging_mixin.py:188} INFO - [2025-11-03T20:01:15.027+0000] {dagbag.py:545} INFO - Filling up the DagBag from /home/airflow/.local/lib/python3.12/site-packages/airflow/example_dags/example_params_trigger_ui.py
[2025-11-03T20:01:15.034+0000] {processor.py:840} INFO - DAG(s) 'example_params_trigger_ui' retrieved from /home/airflow/.local/lib/python3.12/site-packages/airflow/example_dags/example_params_trigger_ui.py
[2025-11-03T20:01:15.051+0000] {logging_mixin.py:188} INFO - [2025-11-03T20:01:15.050+0000] {dag.py:3096} INFO - Sync 1 DAGs
[2025-11-03T20:01:15.056+0000] {logging_mixin.py:188} INFO - [2025-11-03T20:01:15.055+0000] {dag.py:3954} INFO - Setting next_dagrun for example_params_trigger_ui to None, run_after=None
[2025-11-03T20:01:15.063+0000] {processor.py:183} INFO - Processing /home/airflow/.local/lib/python3.12/site-packages/airflow/example_dags/example_params_trigger_ui.py took 0.039 seconds
[2025-11-03T20:01:45.585+0000] {processor.py:161} INFO - Started process (PID=298) to work on /home/airflow/.local/lib/python3.12/site-packages/airflow/example_dags/example_params_trigger_ui.py
[2025-11-03T20:01:45.586+0000] {processor.py:830} INFO - Processing file /home/airflow/.local/lib/python3.12/site-packages/airflow/example_dags/example_params_trigger_ui.py for tasks to queue
[2025-11-03T20:01:45.586+0000] {logging_mixin.py:188} INFO - [2025-11-03T20:01:45.586+0000] {dagbag.py:545} INFO - Filling up the DagBag from /home/airflow/.local/lib/python3.12/site-packages/airflow/example_dags/example_params_trigger_ui.py
[2025-11-03T20:01:45.593+0000] {processor.py:840} INFO - DAG(s) 'example_params_trigger_ui' retrieved from /home/airflow/.local/lib/python3.12/site-packages/airflow/example_dags/example_params_trigger_ui.py
[2025-11-03T20:01:45.608+0000] {logging_mixin.py:188} INFO - [2025-11-03T20:01:45.608+0000] {dag.py:3096} INFO - Sync 1 DAGs
[2025-11-03T20:01:45.613+0000] {logging_mixin.py:188} INFO - [2025-11-03T20:01:45.613+0000] {dag.py:3954} INFO - Setting next_dagrun for example_params_trigger_ui to None, run_after=None
[2025-11-03T20:01:45.619+0000] {processor.py:183} INFO - Processing /home/airflow/.local/lib/python3.12/site-packages/airflow/example_dags/example_params_trigger_ui.py took 0.037 seconds
[2025-11-03T20:02:16.167+0000] {processor.py:161} INFO - Started process (PID=358) to work on /home/airflow/.local/lib/python3.12/site-packages/airflow/example_dags/example_params_trigger_ui.py
[2025-11-03T20:02:16.168+0000] {processor.py:830} INFO - Processing file /home/airflow/.local/lib/python3.12/site-packages/airflow/example_dags/example_params_trigger_ui.py for tasks to queue
[2025-11-03T20:02:16.168+0000] {logging_mixin.py:188} INFO - [2025-11-03T20:02:16.168+0000] {dagbag.py:545} INFO - Filling up the DagBag from /home/airflow/.local/lib/python3.12/site-packages/airflow/example_dags/example_params_trigger_ui.py
[2025-11-03T20:02:16.176+0000] {processor.py:840} INFO - DAG(s) 'example_params_trigger_ui' retrieved from /home/airflow/.local/lib/python3.12/site-packages/airflow/example_dags/example_params_trigger_ui.py
[2025-11-03T20:02:16.191+0000] {logging_mixin.py:188} INFO - [2025-11-03T20:02:16.191+0000] {dag.py:3096} INFO - Sync 1 DAGs
[2025-11-03T20:02:16.196+0000] {logging_mixin.py:188} INFO - [2025-11-03T20:02:16.196+0000] {dag.py:3954} INFO - Setting next_dagrun for example_params_trigger_ui to None, run_after=None
[2025-11-03T20:02:16.203+0000] {processor.py:183} INFO - Processing /home/airflow/.local/lib/python3.12/site-packages/airflow/example_dags/example_params_trigger_ui.py took 0.039 seconds
[2025-11-03T20:02:46.783+0000] {processor.py:161} INFO - Started process (PID=418) to work on /home/airflow/.local/lib/python3.12/site-packages/airflow/example_dags/example_params_trigger_ui.py
[2025-11-03T20:02:46.784+0000] {processor.py:830} INFO - Processing file /home/airflow/.local/lib/python3.12/site-packages/airflow/example_dags/example_params_trigger_ui.py for tasks to queue
[2025-11-03T20:02:46.784+0000] {logging_mixin.py:188} INFO - [2025-11-03T20:02:46.784+0000] {dagbag.py:545} INFO - Filling up the DagBag from /home/airflow/.local/lib/python3.12/site-packages/airflow/example_dags/example_params_trigger_ui.py
[2025-11-03T20:02:46.790+0000] {processor.py:840} INFO - DAG(s) 'example_params_trigger_ui' retrieved from /home/airflow/.local/lib/python3.12/site-packages/airflow/example_dags/example_params_trigger_ui.py
[2025-11-03T20:02:46.806+0000] {logging_mixin.py:188} INFO - [2025-11-03T20:02:46.805+0000] {dag.py:3096} INFO - Sync 1 DAGs
[2025-11-03T20:02:46.811+0000] {logging_mixin.py:188} INFO - [2025-11-03T20:02:46.811+0000] {dag.py:3954} INFO - Setting next_dagrun for example_params_trigger_ui to None, run_after=None
[2025-11-03T20:02:46.818+0000] {processor.py:183} INFO - Processing /home/airflow/.local/lib/python3.12/site-packages/airflow/example_dags/example_params_trigger_ui.py took 0.038 seconds
[2025-11-03T20:03:17.489+0000] {processor.py:161} INFO - Started process (PID=478) to work on /home/airflow/.local/lib/python3.12/site-packages/airflow/example_dags/example_params_trigger_ui.py
[2025-11-03T20:03:17.490+0000] {processor.py:830} INFO - Processing file /home/airflow/.local/lib/python3.12/site-packages/airflow/example_dags/example_params_trigger_ui.py for tasks to queue
[2025-11-03T20:03:17.490+0000] {logging_mixin.py:188} INFO - [2025-11-03T20:03:17.490+0000] {dagbag.py:545} INFO - Filling up the DagBag from /home/airflow/.local/lib/python3.12/site-packages/airflow/example_dags/example_params_trigger_ui.py
[2025-11-03T20:03:17.496+0000] {processor.py:840} INFO - DAG(s) 'example_params_trigger_ui' retrieved from /home/airflow/.local/lib/python3.12/site-packages/airflow/example_dags/example_params_trigger_ui.py
[2025-11-03T20:03:17.514+0000] {logging_mixin.py:188} INFO - [2025-11-03T20:03:17.514+0000] {dag.py:3096} INFO - Sync 1 DAGs
[2025-11-03T20:03:17.519+0000] {logging_mixin.py:188} INFO - [2025-11-03T20:03:17.519+0000] {dag.py:3954} INFO - Setting next_dagrun for example_params_trigger_ui to None, run_after=None
[2025-11-03T20:03:17.528+0000] {processor.py:183} INFO - Processing /home/airflow/.local/lib/python3.12/site-packages/airflow/example_dags/example_params_trigger_ui.py took 0.041 seconds
[2025-11-03T20:03:48.234+0000] {processor.py:161} INFO - Started process (PID=538) to work on /home/airflow/.local/lib/python3.12/site-packages/airflow/example_dags/example_params_trigger_ui.py
[2025-11-03T20:03:48.234+0000] {processor.py:830} INFO - Processing file /home/airflow/.local/lib/python3.12/site-packages/airflow/example_dags/example_params_trigger_ui.py for tasks to queue
[2025-11-03T20:03:48.235+0000] {logging_mixin.py:188} INFO - [2025-11-03T20:03:48.234+0000] {dagbag.py:545} INFO - Filling up the DagBag from /home/airflow/.local/lib/python3.12/site-packages/airflow/example_dags/example_params_trigger_ui.py
[2025-11-03T20:03:48.241+0000] {processor.py:840} INFO - DAG(s) 'example_params_trigger_ui' retrieved from /home/airflow/.local/lib/python3.12/site-packages/airflow/example_dags/example_params_trigger_ui.py
[2025-11-03T20:03:48.256+0000] {logging_mixin.py:188} INFO - [2025-11-03T20:03:48.256+0000] {dag.py:3096} INFO - Sync 1 DAGs
[2025-11-03T20:03:48.261+0000] {logging_mixin.py:188} INFO - [2025-11-03T20:03:48.261+0000] {dag.py:3954} INFO - Setting next_dagrun for example_params_trigger_ui to None, run_after=None
[2025-11-03T20:03:48.269+0000] {processor.py:183} INFO - Processing /home/airflow/.local/lib/python3.12/site-packages/airflow/example_dags/example_params_trigger_ui.py took 0.038 seconds
[2025-11-03T20:04:18.894+0000] {processor.py:161} INFO - Started process (PID=598) to work on /home/airflow/.local/lib/python3.12/site-packages/airflow/example_dags/example_params_trigger_ui.py
[2025-11-03T20:04:18.894+0000] {processor.py:830} INFO - Processing file /home/airflow/.local/lib/python3.12/site-packages/airflow/example_dags/example_params_trigger_ui.py for tasks to queue
[2025-11-03T20:04:18.895+0000] {logging_mixin.py:188} INFO - [2025-11-03T20:04:18.895+0000] {dagbag.py:545} INFO - Filling up the DagBag from /home/airflow/.local/lib/python3.12/site-packages/airflow/example_dags/example_params_trigger_ui.py
[2025-11-03T20:04:18.904+0000] {processor.py:840} INFO - DAG(s) 'example_params_trigger_ui' retrieved from /home/airflow/.local/lib/python3.12/site-packages/airflow/example_dags/example_params_trigger_ui.py
[2025-11-03T20:04:18.926+0000] {logging_mixin.py:188} INFO - [2025-11-03T20:04:18.926+0000] {dag.py:3096} INFO - Sync 1 DAGs
[2025-11-03T20:04:18.935+0000] {logging_mixin.py:188} INFO - [2025-11-03T20:04:18.935+0000] {dag.py:3954} INFO - Setting next_dagrun for example_params_trigger_ui to None, run_after=None
[2025-11-03T20:04:18.945+0000] {processor.py:183} INFO - Processing /home/airflow/.local/lib/python3.12/site-packages/airflow/example_dags/example_params_trigger_ui.py took 0.054 seconds
[2025-11-03T20:04:49.753+0000] {processor.py:161} INFO - Started process (PID=658) to work on /home/airflow/.local/lib/python3.12/site-packages/airflow/example_dags/example_params_trigger_ui.py
[2025-11-03T20:04:49.753+0000] {processor.py:830} INFO - Processing file /home/airflow/.local/lib/python3.12/site-packages/airflow/example_dags/example_params_trigger_ui.py for tasks to queue
[2025-11-03T20:04:49.754+0000] {logging_mixin.py:188} INFO - [2025-11-03T20:04:49.753+0000] {dagbag.py:545} INFO - Filling up the DagBag from /home/airflow/.local/lib/python3.12/site-packages/airflow/example_dags/example_params_trigger_ui.py
[2025-11-03T20:04:49.761+0000] {processor.py:840} INFO - DAG(s) 'example_params_trigger_ui' retrieved from /home/airflow/.local/lib/python3.12/site-packages/airflow/example_dags/example_params_trigger_ui.py
[2025-11-03T20:04:49.779+0000] {logging_mixin.py:188} INFO - [2025-11-03T20:04:49.779+0000] {dag.py:3096} INFO - Sync 1 DAGs
[2025-11-03T20:04:49.785+0000] {logging_mixin.py:188} INFO - [2025-11-03T20:04:49.785+0000] {dag.py:3954} INFO - Setting next_dagrun for example_params_trigger_ui to None, run_after=None
[2025-11-03T20:04:49.793+0000] {processor.py:183} INFO - Processing /home/airflow/.local/lib/python3.12/site-packages/airflow/example_dags/example_params_trigger_ui.py took 0.043 seconds
[2025-11-03T20:05:20.611+0000] {processor.py:161} INFO - Started process (PID=718) to work on /home/airflow/.local/lib/python3.12/site-packages/airflow/example_dags/example_params_trigger_ui.py
[2025-11-03T20:05:20.611+0000] {processor.py:830} INFO - Processing file /home/airflow/.local/lib/python3.12/site-packages/airflow/example_dags/example_params_trigger_ui.py for tasks to queue
[2025-11-03T20:05:20.612+0000] {logging_mixin.py:188} INFO - [2025-11-03T20:05:20.612+0000] {dagbag.py:545} INFO - Filling up the DagBag from /home/airflow/.local/lib/python3.12/site-packages/airflow/example_dags/example_params_trigger_ui.py
[2025-11-03T20:05:20.619+0000] {processor.py:840} INFO - DAG(s) 'example_params_trigger_ui' retrieved from /home/airflow/.local/lib/python3.12/site-packages/airflow/example_dags/example_params_trigger_ui.py
[2025-11-03T20:05:20.636+0000] {logging_mixin.py:188} INFO - [2025-11-03T20:05:20.636+0000] {dag.py:3096} INFO - Sync 1 DAGs
[2025-11-03T20:05:20.643+0000] {logging_mixin.py:188} INFO - [2025-11-03T20:05:20.642+0000] {dag.py:3954} INFO - Setting next_dagrun for example_params_trigger_ui to None, run_after=None
[2025-11-03T20:05:20.651+0000] {processor.py:183} INFO - Processing /home/airflow/.local/lib/python3.12/site-packages/airflow/example_dags/example_params_trigger_ui.py took 0.043 seconds
[2025-11-03T20:05:51.297+0000] {processor.py:161} INFO - Started process (PID=778) to work on /home/airflow/.local/lib/python3.12/site-packages/airflow/example_dags/example_params_trigger_ui.py
[2025-11-03T20:05:51.298+0000] {processor.py:830} INFO - Processing file /home/airflow/.local/lib/python3.12/site-packages/airflow/example_dags/example_params_trigger_ui.py for tasks to queue
[2025-11-03T20:05:51.302+0000] {logging_mixin.py:188} INFO - [2025-11-03T20:05:51.302+0000] {dagbag.py:545} INFO - Filling up the DagBag from /home/airflow/.local/lib/python3.12/site-packages/airflow/example_dags/example_params_trigger_ui.py
[2025-11-03T20:05:51.309+0000] {processor.py:840} INFO - DAG(s) 'example_params_trigger_ui' retrieved from /home/airflow/.local/lib/python3.12/site-packages/airflow/example_dags/example_params_trigger_ui.py
[2025-11-03T20:05:51.328+0000] {logging_mixin.py:188} INFO - [2025-11-03T20:05:51.327+0000] {dag.py:3096} INFO - Sync 1 DAGs
[2025-11-03T20:05:51.333+0000] {logging_mixin.py:188} INFO - [2025-11-03T20:05:51.333+0000] {dag.py:3954} INFO - Setting next_dagrun for example_params_trigger_ui to None, run_after=None
[2025-11-03T20:05:51.341+0000] {processor.py:183} INFO - Processing /home/airflow/.local/lib/python3.12/site-packages/airflow/example_dags/example_params_trigger_ui.py took 0.046 seconds
[2025-11-03T20:06:21.763+0000] {processor.py:161} INFO - Started process (PID=838) to work on /home/airflow/.local/lib/python3.12/site-packages/airflow/example_dags/example_params_trigger_ui.py
[2025-11-03T20:06:21.764+0000] {processor.py:830} INFO - Processing file /home/airflow/.local/lib/python3.12/site-packages/airflow/example_dags/example_params_trigger_ui.py for tasks to queue
[2025-11-03T20:06:21.764+0000] {logging_mixin.py:188} INFO - [2025-11-03T20:06:21.764+0000] {dagbag.py:545} INFO - Filling up the DagBag from /home/airflow/.local/lib/python3.12/site-packages/airflow/example_dags/example_params_trigger_ui.py
[2025-11-03T20:06:21.771+0000] {processor.py:840} INFO - DAG(s) 'example_params_trigger_ui' retrieved from /home/airflow/.local/lib/python3.12/site-packages/airflow/example_dags/example_params_trigger_ui.py
[2025-11-03T20:06:21.787+0000] {logging_mixin.py:188} INFO - [2025-11-03T20:06:21.787+0000] {dag.py:3096} INFO - Sync 1 DAGs
[2025-11-03T20:06:21.792+0000] {logging_mixin.py:188} INFO - [2025-11-03T20:06:21.792+0000] {dag.py:3954} INFO - Setting next_dagrun for example_params_trigger_ui to None, run_after=None
[2025-11-03T20:06:21.799+0000] {processor.py:183} INFO - Processing /home/airflow/.local/lib/python3.12/site-packages/airflow/example_dags/example_params_trigger_ui.py took 0.038 seconds
[2025-11-03T20:06:52.342+0000] {processor.py:161} INFO - Started process (PID=898) to work on /home/airflow/.local/lib/python3.12/site-packages/airflow/example_dags/example_params_trigger_ui.py
[2025-11-03T20:06:52.342+0000] {processor.py:830} INFO - Processing file /home/airflow/.local/lib/python3.12/site-packages/airflow/example_dags/example_params_trigger_ui.py for tasks to queue
[2025-11-03T20:06:52.343+0000] {logging_mixin.py:188} INFO - [2025-11-03T20:06:52.343+0000] {dagbag.py:545} INFO - Filling up the DagBag from /home/airflow/.local/lib/python3.12/site-packages/airflow/example_dags/example_params_trigger_ui.py
[2025-11-03T20:06:52.350+0000] {processor.py:840} INFO - DAG(s) 'example_params_trigger_ui' retrieved from /home/airflow/.local/lib/python3.12/site-packages/airflow/example_dags/example_params_trigger_ui.py
[2025-11-03T20:06:52.369+0000] {logging_mixin.py:188} INFO - [2025-11-03T20:06:52.369+0000] {dag.py:3096} INFO - Sync 1 DAGs
[2025-11-03T20:06:52.375+0000] {logging_mixin.py:188} INFO - [2025-11-03T20:06:52.375+0000] {dag.py:3954} INFO - Setting next_dagrun for example_params_trigger_ui to None, run_after=None
[2025-11-03T20:06:52.382+0000] {processor.py:183} INFO - Processing /home/airflow/.local/lib/python3.12/site-packages/airflow/example_dags/example_params_trigger_ui.py took 0.043 seconds
[2025-11-03T20:07:22.920+0000] {processor.py:161} INFO - Started process (PID=958) to work on /home/airflow/.local/lib/python3.12/site-packages/airflow/example_dags/example_params_trigger_ui.py
[2025-11-03T20:07:22.920+0000] {processor.py:830} INFO - Processing file /home/airflow/.local/lib/python3.12/site-packages/airflow/example_dags/example_params_trigger_ui.py for tasks to queue
[2025-11-03T20:07:22.921+0000] {logging_mixin.py:188} INFO - [2025-11-03T20:07:22.921+0000] {dagbag.py:545} INFO - Filling up the DagBag from /home/airflow/.local/lib/python3.12/site-packages/airflow/example_dags/example_params_trigger_ui.py
[2025-11-03T20:07:22.930+0000] {processor.py:840} INFO - DAG(s) 'example_params_trigger_ui' retrieved from /home/airflow/.local/lib/python3.12/site-packages/airflow/example_dags/example_params_trigger_ui.py
[2025-11-03T20:07:22.948+0000] {logging_mixin.py:188} INFO - [2025-11-03T20:07:22.948+0000] {dag.py:3096} INFO - Sync 1 DAGs
[2025-11-03T20:07:22.955+0000] {logging_mixin.py:188} INFO - [2025-11-03T20:07:22.955+0000] {dag.py:3954} INFO - Setting next_dagrun for example_params_trigger_ui to None, run_after=None
[2025-11-03T20:07:22.964+0000] {processor.py:183} INFO - Processing /home/airflow/.local/lib/python3.12/site-packages/airflow/example_dags/example_params_trigger_ui.py took 0.046 seconds
[2025-11-03T20:07:53.637+0000] {processor.py:161} INFO - Started process (PID=1018) to work on /home/airflow/.local/lib/python3.12/site-packages/airflow/example_dags/example_params_trigger_ui.py
[2025-11-03T20:07:53.638+0000] {processor.py:830} INFO - Processing file /home/airflow/.local/lib/python3.12/site-packages/airflow/example_dags/example_params_trigger_ui.py for tasks to queue
[2025-11-03T20:07:53.639+0000] {logging_mixin.py:188} INFO - [2025-11-03T20:07:53.638+0000] {dagbag.py:545} INFO - Filling up the DagBag from /home/airflow/.local/lib/python3.12/site-packages/airflow/example_dags/example_params_trigger_ui.py
[2025-11-03T20:07:53.647+0000] {processor.py:840} INFO - DAG(s) 'example_params_trigger_ui' retrieved from /home/airflow/.local/lib/python3.12/site-packages/airflow/example_dags/example_params_trigger_ui.py
[2025-11-03T20:07:53.667+0000] {logging_mixin.py:188} INFO - [2025-11-03T20:07:53.666+0000] {dag.py:3096} INFO - Sync 1 DAGs
[2025-11-03T20:07:53.674+0000] {logging_mixin.py:188} INFO - [2025-11-03T20:07:53.673+0000] {dag.py:3954} INFO - Setting next_dagrun for example_params_trigger_ui to None, run_after=None
[2025-11-03T20:07:53.683+0000] {processor.py:183} INFO - Processing /home/airflow/.local/lib/python3.12/site-packages/airflow/example_dags/example_params_trigger_ui.py took 0.049 seconds
[2025-11-03T20:08:24.276+0000] {processor.py:161} INFO - Started process (PID=1078) to work on /home/airflow/.local/lib/python3.12/site-packages/airflow/example_dags/example_params_trigger_ui.py
[2025-11-03T20:08:24.276+0000] {processor.py:830} INFO - Processing file /home/airflow/.local/lib/python3.12/site-packages/airflow/example_dags/example_params_trigger_ui.py for tasks to queue
[2025-11-03T20:08:24.277+0000] {logging_mixin.py:188} INFO - [2025-11-03T20:08:24.276+0000] {dagbag.py:545} INFO - Filling up the DagBag from /home/airflow/.local/lib/python3.12/site-packages/airflow/example_dags/example_params_trigger_ui.py
[2025-11-03T20:08:24.283+0000] {processor.py:840} INFO - DAG(s) 'example_params_trigger_ui' retrieved from /home/airflow/.local/lib/python3.12/site-packages/airflow/example_dags/example_params_trigger_ui.py
[2025-11-03T20:08:24.300+0000] {logging_mixin.py:188} INFO - [2025-11-03T20:08:24.300+0000] {dag.py:3096} INFO - Sync 1 DAGs
[2025-11-03T20:08:24.305+0000] {logging_mixin.py:188} INFO - [2025-11-03T20:08:24.305+0000] {dag.py:3954} INFO - Setting next_dagrun for example_params_trigger_ui to None, run_after=None
[2025-11-03T20:08:24.314+0000] {processor.py:183} INFO - Processing /home/airflow/.local/lib/python3.12/site-packages/airflow/example_dags/example_params_trigger_ui.py took 0.040 seconds
