[2025-11-03T19:59:43.920+0000] {processor.py:161} INFO - Started process (PID=84) to work on /home/airflow/.local/lib/python3.12/site-packages/airflow/example_dags/example_trigger_target_dag.py
[2025-11-03T19:59:43.921+0000] {processor.py:830} INFO - Processing file /home/airflow/.local/lib/python3.12/site-packages/airflow/example_dags/example_trigger_target_dag.py for tasks to queue
[2025-11-03T19:59:43.922+0000] {logging_mixin.py:188} INFO - [2025-11-03T19:59:43.922+0000] {dagbag.py:545} INFO - Filling up the DagBag from /home/airflow/.local/lib/python3.12/site-packages/airflow/example_dags/example_trigger_target_dag.py
[2025-11-03T19:59:43.927+0000] {processor.py:840} INFO - DAG(s) 'example_trigger_target_dag' retrieved from /home/airflow/.local/lib/python3.12/site-packages/airflow/example_dags/example_trigger_target_dag.py
[2025-11-03T19:59:43.937+0000] {logging_mixin.py:188} INFO - [2025-11-03T19:59:43.937+0000] {dag.py:3096} INFO - Sync 1 DAGs
[2025-11-03T19:59:43.943+0000] {logging_mixin.py:188} INFO - [2025-11-03T19:59:43.943+0000] {dag.py:3954} INFO - Setting next_dagrun for example_trigger_target_dag to None, run_after=None
[2025-11-03T19:59:43.952+0000] {processor.py:183} INFO - Processing /home/airflow/.local/lib/python3.12/site-packages/airflow/example_dags/example_trigger_target_dag.py took 0.034 seconds
[2025-11-03T20:00:14.260+0000] {processor.py:161} INFO - Started process (PID=144) to work on /home/airflow/.local/lib/python3.12/site-packages/airflow/example_dags/example_trigger_target_dag.py
[2025-11-03T20:00:14.260+0000] {processor.py:830} INFO - Processing file /home/airflow/.local/lib/python3.12/site-packages/airflow/example_dags/example_trigger_target_dag.py for tasks to queue
[2025-11-03T20:00:14.261+0000] {logging_mixin.py:188} INFO - [2025-11-03T20:00:14.261+0000] {dagbag.py:545} INFO - Filling up the DagBag from /home/airflow/.local/lib/python3.12/site-packages/airflow/example_dags/example_trigger_target_dag.py
[2025-11-03T20:00:14.263+0000] {processor.py:840} INFO - DAG(s) 'example_trigger_target_dag' retrieved from /home/airflow/.local/lib/python3.12/site-packages/airflow/example_dags/example_trigger_target_dag.py
[2025-11-03T20:00:14.301+0000] {logging_mixin.py:188} INFO - [2025-11-03T20:00:14.301+0000] {dag.py:3096} INFO - Sync 1 DAGs
[2025-11-03T20:00:14.305+0000] {logging_mixin.py:188} INFO - [2025-11-03T20:00:14.305+0000] {dag.py:3954} INFO - Setting next_dagrun for example_trigger_target_dag to None, run_after=None
[2025-11-03T20:00:14.315+0000] {processor.py:183} INFO - Processing /home/airflow/.local/lib/python3.12/site-packages/airflow/example_dags/example_trigger_target_dag.py took 0.057 seconds
[2025-11-03T20:00:44.910+0000] {processor.py:161} INFO - Started process (PID=204) to work on /home/airflow/.local/lib/python3.12/site-packages/airflow/example_dags/example_trigger_target_dag.py
[2025-11-03T20:00:44.912+0000] {processor.py:830} INFO - Processing file /home/airflow/.local/lib/python3.12/site-packages/airflow/example_dags/example_trigger_target_dag.py for tasks to queue
[2025-11-03T20:00:44.913+0000] {logging_mixin.py:188} INFO - [2025-11-03T20:00:44.913+0000] {dagbag.py:545} INFO - Filling up the DagBag from /home/airflow/.local/lib/python3.12/site-packages/airflow/example_dags/example_trigger_target_dag.py
[2025-11-03T20:00:44.917+0000] {processor.py:840} INFO - DAG(s) 'example_trigger_target_dag' retrieved from /home/airflow/.local/lib/python3.12/site-packages/airflow/example_dags/example_trigger_target_dag.py
[2025-11-03T20:00:44.928+0000] {logging_mixin.py:188} INFO - [2025-11-03T20:00:44.928+0000] {dag.py:3096} INFO - Sync 1 DAGs
[2025-11-03T20:00:44.935+0000] {logging_mixin.py:188} INFO - [2025-11-03T20:00:44.935+0000] {dag.py:3954} INFO - Setting next_dagrun for example_trigger_target_dag to None, run_after=None
[2025-11-03T20:00:44.943+0000] {processor.py:183} INFO - Processing /home/airflow/.local/lib/python3.12/site-packages/airflow/example_dags/example_trigger_target_dag.py took 0.037 seconds
[2025-11-03T20:01:15.697+0000] {processor.py:161} INFO - Started process (PID=264) to work on /home/airflow/.local/lib/python3.12/site-packages/airflow/example_dags/example_trigger_target_dag.py
[2025-11-03T20:01:15.699+0000] {processor.py:830} INFO - Processing file /home/airflow/.local/lib/python3.12/site-packages/airflow/example_dags/example_trigger_target_dag.py for tasks to queue
[2025-11-03T20:01:15.699+0000] {logging_mixin.py:188} INFO - [2025-11-03T20:01:15.699+0000] {dagbag.py:545} INFO - Filling up the DagBag from /home/airflow/.local/lib/python3.12/site-packages/airflow/example_dags/example_trigger_target_dag.py
[2025-11-03T20:01:15.702+0000] {processor.py:840} INFO - DAG(s) 'example_trigger_target_dag' retrieved from /home/airflow/.local/lib/python3.12/site-packages/airflow/example_dags/example_trigger_target_dag.py
[2025-11-03T20:01:15.712+0000] {logging_mixin.py:188} INFO - [2025-11-03T20:01:15.712+0000] {dag.py:3096} INFO - Sync 1 DAGs
[2025-11-03T20:01:15.718+0000] {logging_mixin.py:188} INFO - [2025-11-03T20:01:15.718+0000] {dag.py:3954} INFO - Setting next_dagrun for example_trigger_target_dag to None, run_after=None
[2025-11-03T20:01:15.728+0000] {processor.py:183} INFO - Processing /home/airflow/.local/lib/python3.12/site-packages/airflow/example_dags/example_trigger_target_dag.py took 0.033 seconds
[2025-11-03T20:01:46.269+0000] {processor.py:161} INFO - Started process (PID=324) to work on /home/airflow/.local/lib/python3.12/site-packages/airflow/example_dags/example_trigger_target_dag.py
[2025-11-03T20:01:46.269+0000] {processor.py:830} INFO - Processing file /home/airflow/.local/lib/python3.12/site-packages/airflow/example_dags/example_trigger_target_dag.py for tasks to queue
[2025-11-03T20:01:46.269+0000] {logging_mixin.py:188} INFO - [2025-11-03T20:01:46.269+0000] {dagbag.py:545} INFO - Filling up the DagBag from /home/airflow/.local/lib/python3.12/site-packages/airflow/example_dags/example_trigger_target_dag.py
[2025-11-03T20:01:46.274+0000] {processor.py:840} INFO - DAG(s) 'example_trigger_target_dag' retrieved from /home/airflow/.local/lib/python3.12/site-packages/airflow/example_dags/example_trigger_target_dag.py
[2025-11-03T20:01:46.281+0000] {logging_mixin.py:188} INFO - [2025-11-03T20:01:46.281+0000] {dag.py:3096} INFO - Sync 1 DAGs
[2025-11-03T20:01:46.286+0000] {logging_mixin.py:188} INFO - [2025-11-03T20:01:46.286+0000] {dag.py:3954} INFO - Setting next_dagrun for example_trigger_target_dag to None, run_after=None
[2025-11-03T20:01:46.299+0000] {processor.py:183} INFO - Processing /home/airflow/.local/lib/python3.12/site-packages/airflow/example_dags/example_trigger_target_dag.py took 0.033 seconds
[2025-11-03T20:02:16.882+0000] {processor.py:161} INFO - Started process (PID=384) to work on /home/airflow/.local/lib/python3.12/site-packages/airflow/example_dags/example_trigger_target_dag.py
[2025-11-03T20:02:16.884+0000] {processor.py:830} INFO - Processing file /home/airflow/.local/lib/python3.12/site-packages/airflow/example_dags/example_trigger_target_dag.py for tasks to queue
[2025-11-03T20:02:16.888+0000] {logging_mixin.py:188} INFO - [2025-11-03T20:02:16.888+0000] {dagbag.py:545} INFO - Filling up the DagBag from /home/airflow/.local/lib/python3.12/site-packages/airflow/example_dags/example_trigger_target_dag.py
[2025-11-03T20:02:16.897+0000] {processor.py:840} INFO - DAG(s) 'example_trigger_target_dag' retrieved from /home/airflow/.local/lib/python3.12/site-packages/airflow/example_dags/example_trigger_target_dag.py
[2025-11-03T20:02:16.910+0000] {logging_mixin.py:188} INFO - [2025-11-03T20:02:16.910+0000] {dag.py:3096} INFO - Sync 1 DAGs
[2025-11-03T20:02:16.915+0000] {logging_mixin.py:188} INFO - [2025-11-03T20:02:16.914+0000] {dag.py:3954} INFO - Setting next_dagrun for example_trigger_target_dag to None, run_after=None
[2025-11-03T20:02:16.922+0000] {processor.py:183} INFO - Processing /home/airflow/.local/lib/python3.12/site-packages/airflow/example_dags/example_trigger_target_dag.py took 0.046 seconds
[2025-11-03T20:02:47.490+0000] {processor.py:161} INFO - Started process (PID=444) to work on /home/airflow/.local/lib/python3.12/site-packages/airflow/example_dags/example_trigger_target_dag.py
[2025-11-03T20:02:47.492+0000] {processor.py:830} INFO - Processing file /home/airflow/.local/lib/python3.12/site-packages/airflow/example_dags/example_trigger_target_dag.py for tasks to queue
[2025-11-03T20:02:47.493+0000] {logging_mixin.py:188} INFO - [2025-11-03T20:02:47.493+0000] {dagbag.py:545} INFO - Filling up the DagBag from /home/airflow/.local/lib/python3.12/site-packages/airflow/example_dags/example_trigger_target_dag.py
[2025-11-03T20:02:47.495+0000] {processor.py:840} INFO - DAG(s) 'example_trigger_target_dag' retrieved from /home/airflow/.local/lib/python3.12/site-packages/airflow/example_dags/example_trigger_target_dag.py
[2025-11-03T20:02:47.505+0000] {logging_mixin.py:188} INFO - [2025-11-03T20:02:47.505+0000] {dag.py:3096} INFO - Sync 1 DAGs
[2025-11-03T20:02:47.510+0000] {logging_mixin.py:188} INFO - [2025-11-03T20:02:47.510+0000] {dag.py:3954} INFO - Setting next_dagrun for example_trigger_target_dag to None, run_after=None
[2025-11-03T20:02:47.516+0000] {processor.py:183} INFO - Processing /home/airflow/.local/lib/python3.12/site-packages/airflow/example_dags/example_trigger_target_dag.py took 0.029 seconds
[2025-11-03T20:03:18.159+0000] {processor.py:161} INFO - Started process (PID=504) to work on /home/airflow/.local/lib/python3.12/site-packages/airflow/example_dags/example_trigger_target_dag.py
[2025-11-03T20:03:18.160+0000] {processor.py:830} INFO - Processing file /home/airflow/.local/lib/python3.12/site-packages/airflow/example_dags/example_trigger_target_dag.py for tasks to queue
[2025-11-03T20:03:18.160+0000] {logging_mixin.py:188} INFO - [2025-11-03T20:03:18.160+0000] {dagbag.py:545} INFO - Filling up the DagBag from /home/airflow/.local/lib/python3.12/site-packages/airflow/example_dags/example_trigger_target_dag.py
[2025-11-03T20:03:18.163+0000] {processor.py:840} INFO - DAG(s) 'example_trigger_target_dag' retrieved from /home/airflow/.local/lib/python3.12/site-packages/airflow/example_dags/example_trigger_target_dag.py
[2025-11-03T20:03:18.172+0000] {logging_mixin.py:188} INFO - [2025-11-03T20:03:18.172+0000] {dag.py:3096} INFO - Sync 1 DAGs
[2025-11-03T20:03:18.177+0000] {logging_mixin.py:188} INFO - [2025-11-03T20:03:18.177+0000] {dag.py:3954} INFO - Setting next_dagrun for example_trigger_target_dag to None, run_after=None
[2025-11-03T20:03:18.185+0000] {processor.py:183} INFO - Processing /home/airflow/.local/lib/python3.12/site-packages/airflow/example_dags/example_trigger_target_dag.py took 0.029 seconds
[2025-11-03T20:03:48.958+0000] {processor.py:161} INFO - Started process (PID=564) to work on /home/airflow/.local/lib/python3.12/site-packages/airflow/example_dags/example_trigger_target_dag.py
[2025-11-03T20:03:48.958+0000] {processor.py:830} INFO - Processing file /home/airflow/.local/lib/python3.12/site-packages/airflow/example_dags/example_trigger_target_dag.py for tasks to queue
[2025-11-03T20:03:48.958+0000] {logging_mixin.py:188} INFO - [2025-11-03T20:03:48.958+0000] {dagbag.py:545} INFO - Filling up the DagBag from /home/airflow/.local/lib/python3.12/site-packages/airflow/example_dags/example_trigger_target_dag.py
[2025-11-03T20:03:48.961+0000] {processor.py:840} INFO - DAG(s) 'example_trigger_target_dag' retrieved from /home/airflow/.local/lib/python3.12/site-packages/airflow/example_dags/example_trigger_target_dag.py
[2025-11-03T20:03:48.972+0000] {logging_mixin.py:188} INFO - [2025-11-03T20:03:48.972+0000] {dag.py:3096} INFO - Sync 1 DAGs
[2025-11-03T20:03:48.978+0000] {logging_mixin.py:188} INFO - [2025-11-03T20:03:48.977+0000] {dag.py:3954} INFO - Setting next_dagrun for example_trigger_target_dag to None, run_after=None
[2025-11-03T20:03:48.987+0000] {processor.py:183} INFO - Processing /home/airflow/.local/lib/python3.12/site-packages/airflow/example_dags/example_trigger_target_dag.py took 0.032 seconds
[2025-11-03T20:04:19.607+0000] {processor.py:161} INFO - Started process (PID=624) to work on /home/airflow/.local/lib/python3.12/site-packages/airflow/example_dags/example_trigger_target_dag.py
[2025-11-03T20:04:19.608+0000] {processor.py:830} INFO - Processing file /home/airflow/.local/lib/python3.12/site-packages/airflow/example_dags/example_trigger_target_dag.py for tasks to queue
[2025-11-03T20:04:19.608+0000] {logging_mixin.py:188} INFO - [2025-11-03T20:04:19.608+0000] {dagbag.py:545} INFO - Filling up the DagBag from /home/airflow/.local/lib/python3.12/site-packages/airflow/example_dags/example_trigger_target_dag.py
[2025-11-03T20:04:19.612+0000] {processor.py:840} INFO - DAG(s) 'example_trigger_target_dag' retrieved from /home/airflow/.local/lib/python3.12/site-packages/airflow/example_dags/example_trigger_target_dag.py
[2025-11-03T20:04:19.621+0000] {logging_mixin.py:188} INFO - [2025-11-03T20:04:19.621+0000] {dag.py:3096} INFO - Sync 1 DAGs
[2025-11-03T20:04:19.626+0000] {logging_mixin.py:188} INFO - [2025-11-03T20:04:19.626+0000] {dag.py:3954} INFO - Setting next_dagrun for example_trigger_target_dag to None, run_after=None
[2025-11-03T20:04:19.641+0000] {processor.py:183} INFO - Processing /home/airflow/.local/lib/python3.12/site-packages/airflow/example_dags/example_trigger_target_dag.py took 0.037 seconds
[2025-11-03T20:04:50.414+0000] {processor.py:161} INFO - Started process (PID=684) to work on /home/airflow/.local/lib/python3.12/site-packages/airflow/example_dags/example_trigger_target_dag.py
[2025-11-03T20:04:50.415+0000] {processor.py:830} INFO - Processing file /home/airflow/.local/lib/python3.12/site-packages/airflow/example_dags/example_trigger_target_dag.py for tasks to queue
[2025-11-03T20:04:50.416+0000] {logging_mixin.py:188} INFO - [2025-11-03T20:04:50.416+0000] {dagbag.py:545} INFO - Filling up the DagBag from /home/airflow/.local/lib/python3.12/site-packages/airflow/example_dags/example_trigger_target_dag.py
[2025-11-03T20:04:50.418+0000] {processor.py:840} INFO - DAG(s) 'example_trigger_target_dag' retrieved from /home/airflow/.local/lib/python3.12/site-packages/airflow/example_dags/example_trigger_target_dag.py
[2025-11-03T20:04:50.427+0000] {logging_mixin.py:188} INFO - [2025-11-03T20:04:50.427+0000] {dag.py:3096} INFO - Sync 1 DAGs
[2025-11-03T20:04:50.432+0000] {logging_mixin.py:188} INFO - [2025-11-03T20:04:50.432+0000] {dag.py:3954} INFO - Setting next_dagrun for example_trigger_target_dag to None, run_after=None
[2025-11-03T20:04:50.445+0000] {processor.py:183} INFO - Processing /home/airflow/.local/lib/python3.12/site-packages/airflow/example_dags/example_trigger_target_dag.py took 0.033 seconds
[2025-11-03T20:05:21.283+0000] {processor.py:161} INFO - Started process (PID=744) to work on /home/airflow/.local/lib/python3.12/site-packages/airflow/example_dags/example_trigger_target_dag.py
[2025-11-03T20:05:21.286+0000] {processor.py:830} INFO - Processing file /home/airflow/.local/lib/python3.12/site-packages/airflow/example_dags/example_trigger_target_dag.py for tasks to queue
[2025-11-03T20:05:21.287+0000] {logging_mixin.py:188} INFO - [2025-11-03T20:05:21.286+0000] {dagbag.py:545} INFO - Filling up the DagBag from /home/airflow/.local/lib/python3.12/site-packages/airflow/example_dags/example_trigger_target_dag.py
[2025-11-03T20:05:21.289+0000] {processor.py:840} INFO - DAG(s) 'example_trigger_target_dag' retrieved from /home/airflow/.local/lib/python3.12/site-packages/airflow/example_dags/example_trigger_target_dag.py
[2025-11-03T20:05:21.299+0000] {logging_mixin.py:188} INFO - [2025-11-03T20:05:21.299+0000] {dag.py:3096} INFO - Sync 1 DAGs
[2025-11-03T20:05:21.305+0000] {logging_mixin.py:188} INFO - [2025-11-03T20:05:21.304+0000] {dag.py:3954} INFO - Setting next_dagrun for example_trigger_target_dag to None, run_after=None
[2025-11-03T20:05:21.311+0000] {processor.py:183} INFO - Processing /home/airflow/.local/lib/python3.12/site-packages/airflow/example_dags/example_trigger_target_dag.py took 0.031 seconds
[2025-11-03T20:05:51.912+0000] {processor.py:161} INFO - Started process (PID=804) to work on /home/airflow/.local/lib/python3.12/site-packages/airflow/example_dags/example_trigger_target_dag.py
[2025-11-03T20:05:51.912+0000] {processor.py:830} INFO - Processing file /home/airflow/.local/lib/python3.12/site-packages/airflow/example_dags/example_trigger_target_dag.py for tasks to queue
[2025-11-03T20:05:51.913+0000] {logging_mixin.py:188} INFO - [2025-11-03T20:05:51.913+0000] {dagbag.py:545} INFO - Filling up the DagBag from /home/airflow/.local/lib/python3.12/site-packages/airflow/example_dags/example_trigger_target_dag.py
[2025-11-03T20:05:51.915+0000] {processor.py:840} INFO - DAG(s) 'example_trigger_target_dag' retrieved from /home/airflow/.local/lib/python3.12/site-packages/airflow/example_dags/example_trigger_target_dag.py
[2025-11-03T20:05:51.925+0000] {logging_mixin.py:188} INFO - [2025-11-03T20:05:51.925+0000] {dag.py:3096} INFO - Sync 1 DAGs
[2025-11-03T20:05:51.929+0000] {logging_mixin.py:188} INFO - [2025-11-03T20:05:51.929+0000] {dag.py:3954} INFO - Setting next_dagrun for example_trigger_target_dag to None, run_after=None
[2025-11-03T20:05:51.936+0000] {processor.py:183} INFO - Processing /home/airflow/.local/lib/python3.12/site-packages/airflow/example_dags/example_trigger_target_dag.py took 0.026 seconds
[2025-11-03T20:06:22.452+0000] {processor.py:161} INFO - Started process (PID=864) to work on /home/airflow/.local/lib/python3.12/site-packages/airflow/example_dags/example_trigger_target_dag.py
[2025-11-03T20:06:22.452+0000] {processor.py:830} INFO - Processing file /home/airflow/.local/lib/python3.12/site-packages/airflow/example_dags/example_trigger_target_dag.py for tasks to queue
[2025-11-03T20:06:22.453+0000] {logging_mixin.py:188} INFO - [2025-11-03T20:06:22.453+0000] {dagbag.py:545} INFO - Filling up the DagBag from /home/airflow/.local/lib/python3.12/site-packages/airflow/example_dags/example_trigger_target_dag.py
[2025-11-03T20:06:22.455+0000] {processor.py:840} INFO - DAG(s) 'example_trigger_target_dag' retrieved from /home/airflow/.local/lib/python3.12/site-packages/airflow/example_dags/example_trigger_target_dag.py
[2025-11-03T20:06:22.462+0000] {logging_mixin.py:188} INFO - [2025-11-03T20:06:22.462+0000] {dag.py:3096} INFO - Sync 1 DAGs
[2025-11-03T20:06:22.466+0000] {logging_mixin.py:188} INFO - [2025-11-03T20:06:22.466+0000] {dag.py:3954} INFO - Setting next_dagrun for example_trigger_target_dag to None, run_after=None
[2025-11-03T20:06:22.471+0000] {processor.py:183} INFO - Processing /home/airflow/.local/lib/python3.12/site-packages/airflow/example_dags/example_trigger_target_dag.py took 0.021 seconds
[2025-11-03T20:06:53.041+0000] {processor.py:161} INFO - Started process (PID=924) to work on /home/airflow/.local/lib/python3.12/site-packages/airflow/example_dags/example_trigger_target_dag.py
[2025-11-03T20:06:53.042+0000] {processor.py:830} INFO - Processing file /home/airflow/.local/lib/python3.12/site-packages/airflow/example_dags/example_trigger_target_dag.py for tasks to queue
[2025-11-03T20:06:53.043+0000] {logging_mixin.py:188} INFO - [2025-11-03T20:06:53.042+0000] {dagbag.py:545} INFO - Filling up the DagBag from /home/airflow/.local/lib/python3.12/site-packages/airflow/example_dags/example_trigger_target_dag.py
[2025-11-03T20:06:53.048+0000] {processor.py:840} INFO - DAG(s) 'example_trigger_target_dag' retrieved from /home/airflow/.local/lib/python3.12/site-packages/airflow/example_dags/example_trigger_target_dag.py
[2025-11-03T20:06:53.061+0000] {logging_mixin.py:188} INFO - [2025-11-03T20:06:53.061+0000] {dag.py:3096} INFO - Sync 1 DAGs
[2025-11-03T20:06:53.065+0000] {logging_mixin.py:188} INFO - [2025-11-03T20:06:53.065+0000] {dag.py:3954} INFO - Setting next_dagrun for example_trigger_target_dag to None, run_after=None
[2025-11-03T20:06:53.072+0000] {processor.py:183} INFO - Processing /home/airflow/.local/lib/python3.12/site-packages/airflow/example_dags/example_trigger_target_dag.py took 0.033 seconds
[2025-11-03T20:07:23.652+0000] {processor.py:161} INFO - Started process (PID=984) to work on /home/airflow/.local/lib/python3.12/site-packages/airflow/example_dags/example_trigger_target_dag.py
[2025-11-03T20:07:23.653+0000] {processor.py:830} INFO - Processing file /home/airflow/.local/lib/python3.12/site-packages/airflow/example_dags/example_trigger_target_dag.py for tasks to queue
[2025-11-03T20:07:23.653+0000] {logging_mixin.py:188} INFO - [2025-11-03T20:07:23.653+0000] {dagbag.py:545} INFO - Filling up the DagBag from /home/airflow/.local/lib/python3.12/site-packages/airflow/example_dags/example_trigger_target_dag.py
[2025-11-03T20:07:23.655+0000] {processor.py:840} INFO - DAG(s) 'example_trigger_target_dag' retrieved from /home/airflow/.local/lib/python3.12/site-packages/airflow/example_dags/example_trigger_target_dag.py
[2025-11-03T20:07:23.667+0000] {logging_mixin.py:188} INFO - [2025-11-03T20:07:23.667+0000] {dag.py:3096} INFO - Sync 1 DAGs
[2025-11-03T20:07:23.673+0000] {logging_mixin.py:188} INFO - [2025-11-03T20:07:23.673+0000] {dag.py:3954} INFO - Setting next_dagrun for example_trigger_target_dag to None, run_after=None
[2025-11-03T20:07:23.683+0000] {processor.py:183} INFO - Processing /home/airflow/.local/lib/python3.12/site-packages/airflow/example_dags/example_trigger_target_dag.py took 0.033 seconds
[2025-11-03T20:07:54.312+0000] {processor.py:161} INFO - Started process (PID=1044) to work on /home/airflow/.local/lib/python3.12/site-packages/airflow/example_dags/example_trigger_target_dag.py
[2025-11-03T20:07:54.313+0000] {processor.py:830} INFO - Processing file /home/airflow/.local/lib/python3.12/site-packages/airflow/example_dags/example_trigger_target_dag.py for tasks to queue
[2025-11-03T20:07:54.313+0000] {logging_mixin.py:188} INFO - [2025-11-03T20:07:54.313+0000] {dagbag.py:545} INFO - Filling up the DagBag from /home/airflow/.local/lib/python3.12/site-packages/airflow/example_dags/example_trigger_target_dag.py
[2025-11-03T20:07:54.315+0000] {processor.py:840} INFO - DAG(s) 'example_trigger_target_dag' retrieved from /home/airflow/.local/lib/python3.12/site-packages/airflow/example_dags/example_trigger_target_dag.py
[2025-11-03T20:07:54.323+0000] {logging_mixin.py:188} INFO - [2025-11-03T20:07:54.323+0000] {dag.py:3096} INFO - Sync 1 DAGs
[2025-11-03T20:07:54.327+0000] {logging_mixin.py:188} INFO - [2025-11-03T20:07:54.327+0000] {dag.py:3954} INFO - Setting next_dagrun for example_trigger_target_dag to None, run_after=None
[2025-11-03T20:07:54.340+0000] {processor.py:183} INFO - Processing /home/airflow/.local/lib/python3.12/site-packages/airflow/example_dags/example_trigger_target_dag.py took 0.030 seconds
[2025-11-03T20:08:24.950+0000] {processor.py:161} INFO - Started process (PID=1104) to work on /home/airflow/.local/lib/python3.12/site-packages/airflow/example_dags/example_trigger_target_dag.py
[2025-11-03T20:08:24.951+0000] {processor.py:830} INFO - Processing file /home/airflow/.local/lib/python3.12/site-packages/airflow/example_dags/example_trigger_target_dag.py for tasks to queue
[2025-11-03T20:08:24.951+0000] {logging_mixin.py:188} INFO - [2025-11-03T20:08:24.951+0000] {dagbag.py:545} INFO - Filling up the DagBag from /home/airflow/.local/lib/python3.12/site-packages/airflow/example_dags/example_trigger_target_dag.py
[2025-11-03T20:08:24.954+0000] {processor.py:840} INFO - DAG(s) 'example_trigger_target_dag' retrieved from /home/airflow/.local/lib/python3.12/site-packages/airflow/example_dags/example_trigger_target_dag.py
[2025-11-03T20:08:24.961+0000] {logging_mixin.py:188} INFO - [2025-11-03T20:08:24.961+0000] {dag.py:3096} INFO - Sync 1 DAGs
[2025-11-03T20:08:24.966+0000] {logging_mixin.py:188} INFO - [2025-11-03T20:08:24.966+0000] {dag.py:3954} INFO - Setting next_dagrun for example_trigger_target_dag to None, run_after=None
[2025-11-03T20:08:24.974+0000] {processor.py:183} INFO - Processing /home/airflow/.local/lib/python3.12/site-packages/airflow/example_dags/example_trigger_target_dag.py took 0.026 seconds
