[2025-11-03T19:59:44.045+0000] {processor.py:161} INFO - Started process (PID=88) to work on /home/airflow/.local/lib/python3.12/site-packages/airflow/example_dags/example_latest_only_with_trigger.py
[2025-11-03T19:59:44.045+0000] {processor.py:830} INFO - Processing file /home/airflow/.local/lib/python3.12/site-packages/airflow/example_dags/example_latest_only_with_trigger.py for tasks to queue
[2025-11-03T19:59:44.046+0000] {logging_mixin.py:188} INFO - [2025-11-03T19:59:44.046+0000] {dagbag.py:545} INFO - Filling up the DagBag from /home/airflow/.local/lib/python3.12/site-packages/airflow/example_dags/example_latest_only_with_trigger.py
[2025-11-03T19:59:44.049+0000] {processor.py:840} INFO - DAG(s) 'latest_only_with_trigger' retrieved from /home/airflow/.local/lib/python3.12/site-packages/airflow/example_dags/example_latest_only_with_trigger.py
[2025-11-03T19:59:44.054+0000] {logging_mixin.py:188} INFO - [2025-11-03T19:59:44.054+0000] {dag.py:3096} INFO - Sync 1 DAGs
[2025-11-03T19:59:44.063+0000] {logging_mixin.py:188} INFO - [2025-11-03T19:59:44.063+0000] {dag.py:3954} INFO - Setting next_dagrun for latest_only_with_trigger to 2025-11-03 12:00:00+00:00, run_after=2025-11-03 16:00:00+00:00
[2025-11-03T19:59:44.069+0000] {processor.py:183} INFO - Processing /home/airflow/.local/lib/python3.12/site-packages/airflow/example_dags/example_latest_only_with_trigger.py took 0.027 seconds
[2025-11-03T20:00:14.422+0000] {processor.py:161} INFO - Started process (PID=148) to work on /home/airflow/.local/lib/python3.12/site-packages/airflow/example_dags/example_latest_only_with_trigger.py
[2025-11-03T20:00:14.425+0000] {processor.py:830} INFO - Processing file /home/airflow/.local/lib/python3.12/site-packages/airflow/example_dags/example_latest_only_with_trigger.py for tasks to queue
[2025-11-03T20:00:14.426+0000] {logging_mixin.py:188} INFO - [2025-11-03T20:00:14.426+0000] {dagbag.py:545} INFO - Filling up the DagBag from /home/airflow/.local/lib/python3.12/site-packages/airflow/example_dags/example_latest_only_with_trigger.py
[2025-11-03T20:00:14.429+0000] {processor.py:840} INFO - DAG(s) 'latest_only_with_trigger' retrieved from /home/airflow/.local/lib/python3.12/site-packages/airflow/example_dags/example_latest_only_with_trigger.py
[2025-11-03T20:00:14.473+0000] {logging_mixin.py:188} INFO - [2025-11-03T20:00:14.473+0000] {dag.py:3096} INFO - Sync 1 DAGs
[2025-11-03T20:00:14.484+0000] {logging_mixin.py:188} INFO - [2025-11-03T20:00:14.484+0000] {dag.py:3954} INFO - Setting next_dagrun for latest_only_with_trigger to 2025-11-03 16:00:00+00:00, run_after=2025-11-03 20:00:00+00:00
[2025-11-03T20:00:14.490+0000] {processor.py:183} INFO - Processing /home/airflow/.local/lib/python3.12/site-packages/airflow/example_dags/example_latest_only_with_trigger.py took 0.071 seconds
[2025-11-03T20:00:45.017+0000] {processor.py:161} INFO - Started process (PID=208) to work on /home/airflow/.local/lib/python3.12/site-packages/airflow/example_dags/example_latest_only_with_trigger.py
[2025-11-03T20:00:45.018+0000] {processor.py:830} INFO - Processing file /home/airflow/.local/lib/python3.12/site-packages/airflow/example_dags/example_latest_only_with_trigger.py for tasks to queue
[2025-11-03T20:00:45.020+0000] {logging_mixin.py:188} INFO - [2025-11-03T20:00:45.019+0000] {dagbag.py:545} INFO - Filling up the DagBag from /home/airflow/.local/lib/python3.12/site-packages/airflow/example_dags/example_latest_only_with_trigger.py
[2025-11-03T20:00:45.023+0000] {processor.py:840} INFO - DAG(s) 'latest_only_with_trigger' retrieved from /home/airflow/.local/lib/python3.12/site-packages/airflow/example_dags/example_latest_only_with_trigger.py
[2025-11-03T20:00:45.037+0000] {logging_mixin.py:188} INFO - [2025-11-03T20:00:45.037+0000] {dag.py:3096} INFO - Sync 1 DAGs
[2025-11-03T20:00:45.048+0000] {logging_mixin.py:188} INFO - [2025-11-03T20:00:45.048+0000] {dag.py:3954} INFO - Setting next_dagrun for latest_only_with_trigger to 2025-11-03 16:00:00+00:00, run_after=2025-11-03 20:00:00+00:00
[2025-11-03T20:00:45.058+0000] {processor.py:183} INFO - Processing /home/airflow/.local/lib/python3.12/site-packages/airflow/example_dags/example_latest_only_with_trigger.py took 0.044 seconds
[2025-11-03T20:01:15.801+0000] {processor.py:161} INFO - Started process (PID=268) to work on /home/airflow/.local/lib/python3.12/site-packages/airflow/example_dags/example_latest_only_with_trigger.py
[2025-11-03T20:01:15.802+0000] {processor.py:830} INFO - Processing file /home/airflow/.local/lib/python3.12/site-packages/airflow/example_dags/example_latest_only_with_trigger.py for tasks to queue
[2025-11-03T20:01:15.802+0000] {logging_mixin.py:188} INFO - [2025-11-03T20:01:15.802+0000] {dagbag.py:545} INFO - Filling up the DagBag from /home/airflow/.local/lib/python3.12/site-packages/airflow/example_dags/example_latest_only_with_trigger.py
[2025-11-03T20:01:15.804+0000] {processor.py:840} INFO - DAG(s) 'latest_only_with_trigger' retrieved from /home/airflow/.local/lib/python3.12/site-packages/airflow/example_dags/example_latest_only_with_trigger.py
[2025-11-03T20:01:15.814+0000] {logging_mixin.py:188} INFO - [2025-11-03T20:01:15.814+0000] {dag.py:3096} INFO - Sync 1 DAGs
[2025-11-03T20:01:15.824+0000] {logging_mixin.py:188} INFO - [2025-11-03T20:01:15.824+0000] {dag.py:3954} INFO - Setting next_dagrun for latest_only_with_trigger to 2025-11-03 16:00:00+00:00, run_after=2025-11-03 20:00:00+00:00
[2025-11-03T20:01:15.831+0000] {processor.py:183} INFO - Processing /home/airflow/.local/lib/python3.12/site-packages/airflow/example_dags/example_latest_only_with_trigger.py took 0.031 seconds
[2025-11-03T20:01:46.369+0000] {processor.py:161} INFO - Started process (PID=328) to work on /home/airflow/.local/lib/python3.12/site-packages/airflow/example_dags/example_latest_only_with_trigger.py
[2025-11-03T20:01:46.369+0000] {processor.py:830} INFO - Processing file /home/airflow/.local/lib/python3.12/site-packages/airflow/example_dags/example_latest_only_with_trigger.py for tasks to queue
[2025-11-03T20:01:46.370+0000] {logging_mixin.py:188} INFO - [2025-11-03T20:01:46.369+0000] {dagbag.py:545} INFO - Filling up the DagBag from /home/airflow/.local/lib/python3.12/site-packages/airflow/example_dags/example_latest_only_with_trigger.py
[2025-11-03T20:01:46.372+0000] {processor.py:840} INFO - DAG(s) 'latest_only_with_trigger' retrieved from /home/airflow/.local/lib/python3.12/site-packages/airflow/example_dags/example_latest_only_with_trigger.py
[2025-11-03T20:01:46.380+0000] {logging_mixin.py:188} INFO - [2025-11-03T20:01:46.380+0000] {dag.py:3096} INFO - Sync 1 DAGs
[2025-11-03T20:01:46.387+0000] {logging_mixin.py:188} INFO - [2025-11-03T20:01:46.387+0000] {dag.py:3954} INFO - Setting next_dagrun for latest_only_with_trigger to 2025-11-03 16:00:00+00:00, run_after=2025-11-03 20:00:00+00:00
[2025-11-03T20:01:46.393+0000] {processor.py:183} INFO - Processing /home/airflow/.local/lib/python3.12/site-packages/airflow/example_dags/example_latest_only_with_trigger.py took 0.026 seconds
[2025-11-03T20:02:17.000+0000] {processor.py:161} INFO - Started process (PID=388) to work on /home/airflow/.local/lib/python3.12/site-packages/airflow/example_dags/example_latest_only_with_trigger.py
[2025-11-03T20:02:17.001+0000] {processor.py:830} INFO - Processing file /home/airflow/.local/lib/python3.12/site-packages/airflow/example_dags/example_latest_only_with_trigger.py for tasks to queue
[2025-11-03T20:02:17.002+0000] {logging_mixin.py:188} INFO - [2025-11-03T20:02:17.002+0000] {dagbag.py:545} INFO - Filling up the DagBag from /home/airflow/.local/lib/python3.12/site-packages/airflow/example_dags/example_latest_only_with_trigger.py
[2025-11-03T20:02:17.004+0000] {processor.py:840} INFO - DAG(s) 'latest_only_with_trigger' retrieved from /home/airflow/.local/lib/python3.12/site-packages/airflow/example_dags/example_latest_only_with_trigger.py
[2025-11-03T20:02:17.015+0000] {logging_mixin.py:188} INFO - [2025-11-03T20:02:17.015+0000] {dag.py:3096} INFO - Sync 1 DAGs
[2025-11-03T20:02:17.022+0000] {logging_mixin.py:188} INFO - [2025-11-03T20:02:17.022+0000] {dag.py:3954} INFO - Setting next_dagrun for latest_only_with_trigger to 2025-11-03 16:00:00+00:00, run_after=2025-11-03 20:00:00+00:00
[2025-11-03T20:02:17.028+0000] {processor.py:183} INFO - Processing /home/airflow/.local/lib/python3.12/site-packages/airflow/example_dags/example_latest_only_with_trigger.py took 0.030 seconds
[2025-11-03T20:02:47.588+0000] {processor.py:161} INFO - Started process (PID=448) to work on /home/airflow/.local/lib/python3.12/site-packages/airflow/example_dags/example_latest_only_with_trigger.py
[2025-11-03T20:02:47.588+0000] {processor.py:830} INFO - Processing file /home/airflow/.local/lib/python3.12/site-packages/airflow/example_dags/example_latest_only_with_trigger.py for tasks to queue
[2025-11-03T20:02:47.588+0000] {logging_mixin.py:188} INFO - [2025-11-03T20:02:47.588+0000] {dagbag.py:545} INFO - Filling up the DagBag from /home/airflow/.local/lib/python3.12/site-packages/airflow/example_dags/example_latest_only_with_trigger.py
[2025-11-03T20:02:47.591+0000] {processor.py:840} INFO - DAG(s) 'latest_only_with_trigger' retrieved from /home/airflow/.local/lib/python3.12/site-packages/airflow/example_dags/example_latest_only_with_trigger.py
[2025-11-03T20:02:47.599+0000] {logging_mixin.py:188} INFO - [2025-11-03T20:02:47.598+0000] {dag.py:3096} INFO - Sync 1 DAGs
[2025-11-03T20:02:47.606+0000] {logging_mixin.py:188} INFO - [2025-11-03T20:02:47.606+0000] {dag.py:3954} INFO - Setting next_dagrun for latest_only_with_trigger to 2025-11-03 16:00:00+00:00, run_after=2025-11-03 20:00:00+00:00
[2025-11-03T20:02:47.615+0000] {processor.py:183} INFO - Processing /home/airflow/.local/lib/python3.12/site-packages/airflow/example_dags/example_latest_only_with_trigger.py took 0.029 seconds
[2025-11-03T20:03:18.260+0000] {processor.py:161} INFO - Started process (PID=508) to work on /home/airflow/.local/lib/python3.12/site-packages/airflow/example_dags/example_latest_only_with_trigger.py
[2025-11-03T20:03:18.261+0000] {processor.py:830} INFO - Processing file /home/airflow/.local/lib/python3.12/site-packages/airflow/example_dags/example_latest_only_with_trigger.py for tasks to queue
[2025-11-03T20:03:18.263+0000] {logging_mixin.py:188} INFO - [2025-11-03T20:03:18.263+0000] {dagbag.py:545} INFO - Filling up the DagBag from /home/airflow/.local/lib/python3.12/site-packages/airflow/example_dags/example_latest_only_with_trigger.py
[2025-11-03T20:03:18.266+0000] {processor.py:840} INFO - DAG(s) 'latest_only_with_trigger' retrieved from /home/airflow/.local/lib/python3.12/site-packages/airflow/example_dags/example_latest_only_with_trigger.py
[2025-11-03T20:03:18.276+0000] {logging_mixin.py:188} INFO - [2025-11-03T20:03:18.276+0000] {dag.py:3096} INFO - Sync 1 DAGs
[2025-11-03T20:03:18.284+0000] {logging_mixin.py:188} INFO - [2025-11-03T20:03:18.284+0000] {dag.py:3954} INFO - Setting next_dagrun for latest_only_with_trigger to 2025-11-03 16:00:00+00:00, run_after=2025-11-03 20:00:00+00:00
[2025-11-03T20:03:18.292+0000] {processor.py:183} INFO - Processing /home/airflow/.local/lib/python3.12/site-packages/airflow/example_dags/example_latest_only_with_trigger.py took 0.034 seconds
[2025-11-03T20:03:49.046+0000] {processor.py:161} INFO - Started process (PID=568) to work on /home/airflow/.local/lib/python3.12/site-packages/airflow/example_dags/example_latest_only_with_trigger.py
[2025-11-03T20:03:49.047+0000] {processor.py:830} INFO - Processing file /home/airflow/.local/lib/python3.12/site-packages/airflow/example_dags/example_latest_only_with_trigger.py for tasks to queue
[2025-11-03T20:03:49.048+0000] {logging_mixin.py:188} INFO - [2025-11-03T20:03:49.047+0000] {dagbag.py:545} INFO - Filling up the DagBag from /home/airflow/.local/lib/python3.12/site-packages/airflow/example_dags/example_latest_only_with_trigger.py
[2025-11-03T20:03:49.050+0000] {processor.py:840} INFO - DAG(s) 'latest_only_with_trigger' retrieved from /home/airflow/.local/lib/python3.12/site-packages/airflow/example_dags/example_latest_only_with_trigger.py
[2025-11-03T20:03:49.059+0000] {logging_mixin.py:188} INFO - [2025-11-03T20:03:49.059+0000] {dag.py:3096} INFO - Sync 1 DAGs
[2025-11-03T20:03:49.067+0000] {logging_mixin.py:188} INFO - [2025-11-03T20:03:49.067+0000] {dag.py:3954} INFO - Setting next_dagrun for latest_only_with_trigger to 2025-11-03 16:00:00+00:00, run_after=2025-11-03 20:00:00+00:00
[2025-11-03T20:03:49.073+0000] {processor.py:183} INFO - Processing /home/airflow/.local/lib/python3.12/site-packages/airflow/example_dags/example_latest_only_with_trigger.py took 0.029 seconds
[2025-11-03T20:04:19.705+0000] {processor.py:161} INFO - Started process (PID=628) to work on /home/airflow/.local/lib/python3.12/site-packages/airflow/example_dags/example_latest_only_with_trigger.py
[2025-11-03T20:04:19.707+0000] {processor.py:830} INFO - Processing file /home/airflow/.local/lib/python3.12/site-packages/airflow/example_dags/example_latest_only_with_trigger.py for tasks to queue
[2025-11-03T20:04:19.707+0000] {logging_mixin.py:188} INFO - [2025-11-03T20:04:19.707+0000] {dagbag.py:545} INFO - Filling up the DagBag from /home/airflow/.local/lib/python3.12/site-packages/airflow/example_dags/example_latest_only_with_trigger.py
[2025-11-03T20:04:19.710+0000] {processor.py:840} INFO - DAG(s) 'latest_only_with_trigger' retrieved from /home/airflow/.local/lib/python3.12/site-packages/airflow/example_dags/example_latest_only_with_trigger.py
[2025-11-03T20:04:19.720+0000] {logging_mixin.py:188} INFO - [2025-11-03T20:04:19.720+0000] {dag.py:3096} INFO - Sync 1 DAGs
[2025-11-03T20:04:19.729+0000] {logging_mixin.py:188} INFO - [2025-11-03T20:04:19.729+0000] {dag.py:3954} INFO - Setting next_dagrun for latest_only_with_trigger to 2025-11-03 16:00:00+00:00, run_after=2025-11-03 20:00:00+00:00
[2025-11-03T20:04:19.735+0000] {processor.py:183} INFO - Processing /home/airflow/.local/lib/python3.12/site-packages/airflow/example_dags/example_latest_only_with_trigger.py took 0.033 seconds
[2025-11-03T20:04:50.534+0000] {processor.py:161} INFO - Started process (PID=688) to work on /home/airflow/.local/lib/python3.12/site-packages/airflow/example_dags/example_latest_only_with_trigger.py
[2025-11-03T20:04:50.535+0000] {processor.py:830} INFO - Processing file /home/airflow/.local/lib/python3.12/site-packages/airflow/example_dags/example_latest_only_with_trigger.py for tasks to queue
[2025-11-03T20:04:50.535+0000] {logging_mixin.py:188} INFO - [2025-11-03T20:04:50.535+0000] {dagbag.py:545} INFO - Filling up the DagBag from /home/airflow/.local/lib/python3.12/site-packages/airflow/example_dags/example_latest_only_with_trigger.py
[2025-11-03T20:04:50.537+0000] {processor.py:840} INFO - DAG(s) 'latest_only_with_trigger' retrieved from /home/airflow/.local/lib/python3.12/site-packages/airflow/example_dags/example_latest_only_with_trigger.py
[2025-11-03T20:04:50.546+0000] {logging_mixin.py:188} INFO - [2025-11-03T20:04:50.546+0000] {dag.py:3096} INFO - Sync 1 DAGs
[2025-11-03T20:04:50.553+0000] {logging_mixin.py:188} INFO - [2025-11-03T20:04:50.553+0000] {dag.py:3954} INFO - Setting next_dagrun for latest_only_with_trigger to 2025-11-03 16:00:00+00:00, run_after=2025-11-03 20:00:00+00:00
[2025-11-03T20:04:50.560+0000] {processor.py:183} INFO - Processing /home/airflow/.local/lib/python3.12/site-packages/airflow/example_dags/example_latest_only_with_trigger.py took 0.028 seconds
[2025-11-03T20:05:21.390+0000] {processor.py:161} INFO - Started process (PID=748) to work on /home/airflow/.local/lib/python3.12/site-packages/airflow/example_dags/example_latest_only_with_trigger.py
[2025-11-03T20:05:21.391+0000] {processor.py:830} INFO - Processing file /home/airflow/.local/lib/python3.12/site-packages/airflow/example_dags/example_latest_only_with_trigger.py for tasks to queue
[2025-11-03T20:05:21.391+0000] {logging_mixin.py:188} INFO - [2025-11-03T20:05:21.391+0000] {dagbag.py:545} INFO - Filling up the DagBag from /home/airflow/.local/lib/python3.12/site-packages/airflow/example_dags/example_latest_only_with_trigger.py
[2025-11-03T20:05:21.394+0000] {processor.py:840} INFO - DAG(s) 'latest_only_with_trigger' retrieved from /home/airflow/.local/lib/python3.12/site-packages/airflow/example_dags/example_latest_only_with_trigger.py
[2025-11-03T20:05:21.402+0000] {logging_mixin.py:188} INFO - [2025-11-03T20:05:21.402+0000] {dag.py:3096} INFO - Sync 1 DAGs
[2025-11-03T20:05:21.410+0000] {logging_mixin.py:188} INFO - [2025-11-03T20:05:21.410+0000] {dag.py:3954} INFO - Setting next_dagrun for latest_only_with_trigger to 2025-11-03 16:00:00+00:00, run_after=2025-11-03 20:00:00+00:00
[2025-11-03T20:05:21.422+0000] {processor.py:183} INFO - Processing /home/airflow/.local/lib/python3.12/site-packages/airflow/example_dags/example_latest_only_with_trigger.py took 0.035 seconds
[2025-11-03T20:05:52.002+0000] {processor.py:161} INFO - Started process (PID=808) to work on /home/airflow/.local/lib/python3.12/site-packages/airflow/example_dags/example_latest_only_with_trigger.py
[2025-11-03T20:05:52.003+0000] {processor.py:830} INFO - Processing file /home/airflow/.local/lib/python3.12/site-packages/airflow/example_dags/example_latest_only_with_trigger.py for tasks to queue
[2025-11-03T20:05:52.003+0000] {logging_mixin.py:188} INFO - [2025-11-03T20:05:52.003+0000] {dagbag.py:545} INFO - Filling up the DagBag from /home/airflow/.local/lib/python3.12/site-packages/airflow/example_dags/example_latest_only_with_trigger.py
[2025-11-03T20:05:52.005+0000] {processor.py:840} INFO - DAG(s) 'latest_only_with_trigger' retrieved from /home/airflow/.local/lib/python3.12/site-packages/airflow/example_dags/example_latest_only_with_trigger.py
[2025-11-03T20:05:52.013+0000] {logging_mixin.py:188} INFO - [2025-11-03T20:05:52.013+0000] {dag.py:3096} INFO - Sync 1 DAGs
[2025-11-03T20:05:52.020+0000] {logging_mixin.py:188} INFO - [2025-11-03T20:05:52.020+0000] {dag.py:3954} INFO - Setting next_dagrun for latest_only_with_trigger to 2025-11-03 16:00:00+00:00, run_after=2025-11-03 20:00:00+00:00
[2025-11-03T20:05:52.026+0000] {processor.py:183} INFO - Processing /home/airflow/.local/lib/python3.12/site-packages/airflow/example_dags/example_latest_only_with_trigger.py took 0.026 seconds
[2025-11-03T20:06:22.559+0000] {processor.py:161} INFO - Started process (PID=868) to work on /home/airflow/.local/lib/python3.12/site-packages/airflow/example_dags/example_latest_only_with_trigger.py
[2025-11-03T20:06:22.559+0000] {processor.py:830} INFO - Processing file /home/airflow/.local/lib/python3.12/site-packages/airflow/example_dags/example_latest_only_with_trigger.py for tasks to queue
[2025-11-03T20:06:22.559+0000] {logging_mixin.py:188} INFO - [2025-11-03T20:06:22.559+0000] {dagbag.py:545} INFO - Filling up the DagBag from /home/airflow/.local/lib/python3.12/site-packages/airflow/example_dags/example_latest_only_with_trigger.py
[2025-11-03T20:06:22.562+0000] {processor.py:840} INFO - DAG(s) 'latest_only_with_trigger' retrieved from /home/airflow/.local/lib/python3.12/site-packages/airflow/example_dags/example_latest_only_with_trigger.py
[2025-11-03T20:06:22.572+0000] {logging_mixin.py:188} INFO - [2025-11-03T20:06:22.572+0000] {dag.py:3096} INFO - Sync 1 DAGs
[2025-11-03T20:06:22.579+0000] {logging_mixin.py:188} INFO - [2025-11-03T20:06:22.579+0000] {dag.py:3954} INFO - Setting next_dagrun for latest_only_with_trigger to 2025-11-03 16:00:00+00:00, run_after=2025-11-03 20:00:00+00:00
[2025-11-03T20:06:22.585+0000] {processor.py:183} INFO - Processing /home/airflow/.local/lib/python3.12/site-packages/airflow/example_dags/example_latest_only_with_trigger.py took 0.030 seconds
[2025-11-03T20:06:53.162+0000] {processor.py:161} INFO - Started process (PID=928) to work on /home/airflow/.local/lib/python3.12/site-packages/airflow/example_dags/example_latest_only_with_trigger.py
[2025-11-03T20:06:53.162+0000] {processor.py:830} INFO - Processing file /home/airflow/.local/lib/python3.12/site-packages/airflow/example_dags/example_latest_only_with_trigger.py for tasks to queue
[2025-11-03T20:06:53.163+0000] {logging_mixin.py:188} INFO - [2025-11-03T20:06:53.163+0000] {dagbag.py:545} INFO - Filling up the DagBag from /home/airflow/.local/lib/python3.12/site-packages/airflow/example_dags/example_latest_only_with_trigger.py
[2025-11-03T20:06:53.165+0000] {processor.py:840} INFO - DAG(s) 'latest_only_with_trigger' retrieved from /home/airflow/.local/lib/python3.12/site-packages/airflow/example_dags/example_latest_only_with_trigger.py
[2025-11-03T20:06:53.176+0000] {logging_mixin.py:188} INFO - [2025-11-03T20:06:53.176+0000] {dag.py:3096} INFO - Sync 1 DAGs
[2025-11-03T20:06:53.185+0000] {logging_mixin.py:188} INFO - [2025-11-03T20:06:53.185+0000] {dag.py:3954} INFO - Setting next_dagrun for latest_only_with_trigger to 2025-11-03 16:00:00+00:00, run_after=2025-11-03 20:00:00+00:00
[2025-11-03T20:06:53.192+0000] {processor.py:183} INFO - Processing /home/airflow/.local/lib/python3.12/site-packages/airflow/example_dags/example_latest_only_with_trigger.py took 0.032 seconds
[2025-11-03T20:07:23.729+0000] {processor.py:161} INFO - Started process (PID=988) to work on /home/airflow/.local/lib/python3.12/site-packages/airflow/example_dags/example_latest_only_with_trigger.py
[2025-11-03T20:07:23.729+0000] {processor.py:830} INFO - Processing file /home/airflow/.local/lib/python3.12/site-packages/airflow/example_dags/example_latest_only_with_trigger.py for tasks to queue
[2025-11-03T20:07:23.730+0000] {logging_mixin.py:188} INFO - [2025-11-03T20:07:23.729+0000] {dagbag.py:545} INFO - Filling up the DagBag from /home/airflow/.local/lib/python3.12/site-packages/airflow/example_dags/example_latest_only_with_trigger.py
[2025-11-03T20:07:23.732+0000] {processor.py:840} INFO - DAG(s) 'latest_only_with_trigger' retrieved from /home/airflow/.local/lib/python3.12/site-packages/airflow/example_dags/example_latest_only_with_trigger.py
[2025-11-03T20:07:23.743+0000] {logging_mixin.py:188} INFO - [2025-11-03T20:07:23.743+0000] {dag.py:3096} INFO - Sync 1 DAGs
[2025-11-03T20:07:23.755+0000] {logging_mixin.py:188} INFO - [2025-11-03T20:07:23.755+0000] {dag.py:3954} INFO - Setting next_dagrun for latest_only_with_trigger to 2025-11-03 16:00:00+00:00, run_after=2025-11-03 20:00:00+00:00
[2025-11-03T20:07:23.766+0000] {processor.py:183} INFO - Processing /home/airflow/.local/lib/python3.12/site-packages/airflow/example_dags/example_latest_only_with_trigger.py took 0.040 seconds
[2025-11-03T20:07:54.397+0000] {processor.py:161} INFO - Started process (PID=1048) to work on /home/airflow/.local/lib/python3.12/site-packages/airflow/example_dags/example_latest_only_with_trigger.py
[2025-11-03T20:07:54.399+0000] {processor.py:830} INFO - Processing file /home/airflow/.local/lib/python3.12/site-packages/airflow/example_dags/example_latest_only_with_trigger.py for tasks to queue
[2025-11-03T20:07:54.401+0000] {logging_mixin.py:188} INFO - [2025-11-03T20:07:54.401+0000] {dagbag.py:545} INFO - Filling up the DagBag from /home/airflow/.local/lib/python3.12/site-packages/airflow/example_dags/example_latest_only_with_trigger.py
[2025-11-03T20:07:54.404+0000] {processor.py:840} INFO - DAG(s) 'latest_only_with_trigger' retrieved from /home/airflow/.local/lib/python3.12/site-packages/airflow/example_dags/example_latest_only_with_trigger.py
[2025-11-03T20:07:54.413+0000] {logging_mixin.py:188} INFO - [2025-11-03T20:07:54.412+0000] {dag.py:3096} INFO - Sync 1 DAGs
[2025-11-03T20:07:54.421+0000] {logging_mixin.py:188} INFO - [2025-11-03T20:07:54.421+0000] {dag.py:3954} INFO - Setting next_dagrun for latest_only_with_trigger to 2025-11-03 16:00:00+00:00, run_after=2025-11-03 20:00:00+00:00
[2025-11-03T20:07:54.430+0000] {processor.py:183} INFO - Processing /home/airflow/.local/lib/python3.12/site-packages/airflow/example_dags/example_latest_only_with_trigger.py took 0.036 seconds
[2025-11-03T20:08:25.040+0000] {processor.py:161} INFO - Started process (PID=1108) to work on /home/airflow/.local/lib/python3.12/site-packages/airflow/example_dags/example_latest_only_with_trigger.py
[2025-11-03T20:08:25.040+0000] {processor.py:830} INFO - Processing file /home/airflow/.local/lib/python3.12/site-packages/airflow/example_dags/example_latest_only_with_trigger.py for tasks to queue
[2025-11-03T20:08:25.041+0000] {logging_mixin.py:188} INFO - [2025-11-03T20:08:25.041+0000] {dagbag.py:545} INFO - Filling up the DagBag from /home/airflow/.local/lib/python3.12/site-packages/airflow/example_dags/example_latest_only_with_trigger.py
[2025-11-03T20:08:25.043+0000] {processor.py:840} INFO - DAG(s) 'latest_only_with_trigger' retrieved from /home/airflow/.local/lib/python3.12/site-packages/airflow/example_dags/example_latest_only_with_trigger.py
[2025-11-03T20:08:25.051+0000] {logging_mixin.py:188} INFO - [2025-11-03T20:08:25.051+0000] {dag.py:3096} INFO - Sync 1 DAGs
[2025-11-03T20:08:25.059+0000] {logging_mixin.py:188} INFO - [2025-11-03T20:08:25.058+0000] {dag.py:3954} INFO - Setting next_dagrun for latest_only_with_trigger to 2025-11-03 16:00:00+00:00, run_after=2025-11-03 20:00:00+00:00
[2025-11-03T20:08:25.067+0000] {processor.py:183} INFO - Processing /home/airflow/.local/lib/python3.12/site-packages/airflow/example_dags/example_latest_only_with_trigger.py took 0.029 seconds
