[2025-11-03T19:59:43.472+0000] {processor.py:161} INFO - Started process (PID=65) to work on /home/airflow/.local/lib/python3.12/site-packages/airflow/example_dags/example_skip_dag.py
[2025-11-03T19:59:43.473+0000] {processor.py:830} INFO - Processing file /home/airflow/.local/lib/python3.12/site-packages/airflow/example_dags/example_skip_dag.py for tasks to queue
[2025-11-03T19:59:43.474+0000] {logging_mixin.py:188} INFO - [2025-11-03T19:59:43.474+0000] {dagbag.py:545} INFO - Filling up the DagBag from /home/airflow/.local/lib/python3.12/site-packages/airflow/example_dags/example_skip_dag.py
[2025-11-03T19:59:43.482+0000] {processor.py:840} INFO - DAG(s) 'example_skip_dag' retrieved from /home/airflow/.local/lib/python3.12/site-packages/airflow/example_dags/example_skip_dag.py
[2025-11-03T19:59:43.493+0000] {logging_mixin.py:188} INFO - [2025-11-03T19:59:43.493+0000] {dag.py:3096} INFO - Sync 1 DAGs
[2025-11-03T19:59:43.509+0000] {logging_mixin.py:188} INFO - [2025-11-03T19:59:43.509+0000] {dag.py:3954} INFO - Setting next_dagrun for example_skip_dag to 2025-11-02 00:00:00+00:00, run_after=2025-11-03 00:00:00+00:00
[2025-11-03T19:59:43.525+0000] {processor.py:183} INFO - Processing /home/airflow/.local/lib/python3.12/site-packages/airflow/example_dags/example_skip_dag.py took 0.059 seconds
[2025-11-03T20:00:13.773+0000] {processor.py:161} INFO - Started process (PID=131) to work on /home/airflow/.local/lib/python3.12/site-packages/airflow/example_dags/example_skip_dag.py
[2025-11-03T20:00:13.774+0000] {processor.py:830} INFO - Processing file /home/airflow/.local/lib/python3.12/site-packages/airflow/example_dags/example_skip_dag.py for tasks to queue
[2025-11-03T20:00:13.775+0000] {logging_mixin.py:188} INFO - [2025-11-03T20:00:13.775+0000] {dagbag.py:545} INFO - Filling up the DagBag from /home/airflow/.local/lib/python3.12/site-packages/airflow/example_dags/example_skip_dag.py
[2025-11-03T20:00:13.777+0000] {processor.py:840} INFO - DAG(s) 'example_skip_dag' retrieved from /home/airflow/.local/lib/python3.12/site-packages/airflow/example_dags/example_skip_dag.py
[2025-11-03T20:00:13.815+0000] {logging_mixin.py:188} INFO - [2025-11-03T20:00:13.814+0000] {dag.py:3096} INFO - Sync 1 DAGs
[2025-11-03T20:00:13.824+0000] {logging_mixin.py:188} INFO - [2025-11-03T20:00:13.824+0000] {dag.py:3954} INFO - Setting next_dagrun for example_skip_dag to 2025-11-02 00:00:00+00:00, run_after=2025-11-03 00:00:00+00:00
[2025-11-03T20:00:13.836+0000] {processor.py:183} INFO - Processing /home/airflow/.local/lib/python3.12/site-packages/airflow/example_dags/example_skip_dag.py took 0.065 seconds
[2025-11-03T20:00:44.595+0000] {processor.py:161} INFO - Started process (PID=191) to work on /home/airflow/.local/lib/python3.12/site-packages/airflow/example_dags/example_skip_dag.py
[2025-11-03T20:00:44.596+0000] {processor.py:830} INFO - Processing file /home/airflow/.local/lib/python3.12/site-packages/airflow/example_dags/example_skip_dag.py for tasks to queue
[2025-11-03T20:00:44.597+0000] {logging_mixin.py:188} INFO - [2025-11-03T20:00:44.596+0000] {dagbag.py:545} INFO - Filling up the DagBag from /home/airflow/.local/lib/python3.12/site-packages/airflow/example_dags/example_skip_dag.py
[2025-11-03T20:00:44.599+0000] {processor.py:840} INFO - DAG(s) 'example_skip_dag' retrieved from /home/airflow/.local/lib/python3.12/site-packages/airflow/example_dags/example_skip_dag.py
[2025-11-03T20:00:44.613+0000] {logging_mixin.py:188} INFO - [2025-11-03T20:00:44.613+0000] {dag.py:3096} INFO - Sync 1 DAGs
[2025-11-03T20:00:44.622+0000] {logging_mixin.py:188} INFO - [2025-11-03T20:00:44.622+0000] {dag.py:3954} INFO - Setting next_dagrun for example_skip_dag to 2025-11-02 00:00:00+00:00, run_after=2025-11-03 00:00:00+00:00
[2025-11-03T20:00:44.631+0000] {processor.py:183} INFO - Processing /home/airflow/.local/lib/python3.12/site-packages/airflow/example_dags/example_skip_dag.py took 0.038 seconds
[2025-11-03T20:01:15.390+0000] {processor.py:161} INFO - Started process (PID=251) to work on /home/airflow/.local/lib/python3.12/site-packages/airflow/example_dags/example_skip_dag.py
[2025-11-03T20:01:15.390+0000] {processor.py:830} INFO - Processing file /home/airflow/.local/lib/python3.12/site-packages/airflow/example_dags/example_skip_dag.py for tasks to queue
[2025-11-03T20:01:15.391+0000] {logging_mixin.py:188} INFO - [2025-11-03T20:01:15.390+0000] {dagbag.py:545} INFO - Filling up the DagBag from /home/airflow/.local/lib/python3.12/site-packages/airflow/example_dags/example_skip_dag.py
[2025-11-03T20:01:15.394+0000] {processor.py:840} INFO - DAG(s) 'example_skip_dag' retrieved from /home/airflow/.local/lib/python3.12/site-packages/airflow/example_dags/example_skip_dag.py
[2025-11-03T20:01:15.406+0000] {logging_mixin.py:188} INFO - [2025-11-03T20:01:15.406+0000] {dag.py:3096} INFO - Sync 1 DAGs
[2025-11-03T20:01:15.414+0000] {logging_mixin.py:188} INFO - [2025-11-03T20:01:15.414+0000] {dag.py:3954} INFO - Setting next_dagrun for example_skip_dag to 2025-11-02 00:00:00+00:00, run_after=2025-11-03 00:00:00+00:00
[2025-11-03T20:01:15.422+0000] {processor.py:183} INFO - Processing /home/airflow/.local/lib/python3.12/site-packages/airflow/example_dags/example_skip_dag.py took 0.035 seconds
[2025-11-03T20:01:45.964+0000] {processor.py:161} INFO - Started process (PID=311) to work on /home/airflow/.local/lib/python3.12/site-packages/airflow/example_dags/example_skip_dag.py
[2025-11-03T20:01:45.964+0000] {processor.py:830} INFO - Processing file /home/airflow/.local/lib/python3.12/site-packages/airflow/example_dags/example_skip_dag.py for tasks to queue
[2025-11-03T20:01:45.965+0000] {logging_mixin.py:188} INFO - [2025-11-03T20:01:45.964+0000] {dagbag.py:545} INFO - Filling up the DagBag from /home/airflow/.local/lib/python3.12/site-packages/airflow/example_dags/example_skip_dag.py
[2025-11-03T20:01:45.968+0000] {processor.py:840} INFO - DAG(s) 'example_skip_dag' retrieved from /home/airflow/.local/lib/python3.12/site-packages/airflow/example_dags/example_skip_dag.py
[2025-11-03T20:01:45.978+0000] {logging_mixin.py:188} INFO - [2025-11-03T20:01:45.978+0000] {dag.py:3096} INFO - Sync 1 DAGs
[2025-11-03T20:01:45.988+0000] {logging_mixin.py:188} INFO - [2025-11-03T20:01:45.987+0000] {dag.py:3954} INFO - Setting next_dagrun for example_skip_dag to 2025-11-02 00:00:00+00:00, run_after=2025-11-03 00:00:00+00:00
[2025-11-03T20:01:45.995+0000] {processor.py:183} INFO - Processing /home/airflow/.local/lib/python3.12/site-packages/airflow/example_dags/example_skip_dag.py took 0.034 seconds
[2025-11-03T20:02:16.570+0000] {processor.py:161} INFO - Started process (PID=371) to work on /home/airflow/.local/lib/python3.12/site-packages/airflow/example_dags/example_skip_dag.py
[2025-11-03T20:02:16.571+0000] {processor.py:830} INFO - Processing file /home/airflow/.local/lib/python3.12/site-packages/airflow/example_dags/example_skip_dag.py for tasks to queue
[2025-11-03T20:02:16.571+0000] {logging_mixin.py:188} INFO - [2025-11-03T20:02:16.571+0000] {dagbag.py:545} INFO - Filling up the DagBag from /home/airflow/.local/lib/python3.12/site-packages/airflow/example_dags/example_skip_dag.py
[2025-11-03T20:02:16.574+0000] {processor.py:840} INFO - DAG(s) 'example_skip_dag' retrieved from /home/airflow/.local/lib/python3.12/site-packages/airflow/example_dags/example_skip_dag.py
[2025-11-03T20:02:16.601+0000] {logging_mixin.py:188} INFO - [2025-11-03T20:02:16.601+0000] {dag.py:3096} INFO - Sync 1 DAGs
[2025-11-03T20:02:16.612+0000] {logging_mixin.py:188} INFO - [2025-11-03T20:02:16.612+0000] {dag.py:3954} INFO - Setting next_dagrun for example_skip_dag to 2025-11-02 00:00:00+00:00, run_after=2025-11-03 00:00:00+00:00
[2025-11-03T20:02:16.619+0000] {processor.py:183} INFO - Processing /home/airflow/.local/lib/python3.12/site-packages/airflow/example_dags/example_skip_dag.py took 0.051 seconds
[2025-11-03T20:02:47.204+0000] {processor.py:161} INFO - Started process (PID=431) to work on /home/airflow/.local/lib/python3.12/site-packages/airflow/example_dags/example_skip_dag.py
[2025-11-03T20:02:47.204+0000] {processor.py:830} INFO - Processing file /home/airflow/.local/lib/python3.12/site-packages/airflow/example_dags/example_skip_dag.py for tasks to queue
[2025-11-03T20:02:47.204+0000] {logging_mixin.py:188} INFO - [2025-11-03T20:02:47.204+0000] {dagbag.py:545} INFO - Filling up the DagBag from /home/airflow/.local/lib/python3.12/site-packages/airflow/example_dags/example_skip_dag.py
[2025-11-03T20:02:47.207+0000] {processor.py:840} INFO - DAG(s) 'example_skip_dag' retrieved from /home/airflow/.local/lib/python3.12/site-packages/airflow/example_dags/example_skip_dag.py
[2025-11-03T20:02:47.215+0000] {logging_mixin.py:188} INFO - [2025-11-03T20:02:47.215+0000] {dag.py:3096} INFO - Sync 1 DAGs
[2025-11-03T20:02:47.224+0000] {logging_mixin.py:188} INFO - [2025-11-03T20:02:47.223+0000] {dag.py:3954} INFO - Setting next_dagrun for example_skip_dag to 2025-11-02 00:00:00+00:00, run_after=2025-11-03 00:00:00+00:00
[2025-11-03T20:02:47.237+0000] {processor.py:183} INFO - Processing /home/airflow/.local/lib/python3.12/site-packages/airflow/example_dags/example_skip_dag.py took 0.035 seconds
[2025-11-03T20:03:17.864+0000] {processor.py:161} INFO - Started process (PID=491) to work on /home/airflow/.local/lib/python3.12/site-packages/airflow/example_dags/example_skip_dag.py
[2025-11-03T20:03:17.864+0000] {processor.py:830} INFO - Processing file /home/airflow/.local/lib/python3.12/site-packages/airflow/example_dags/example_skip_dag.py for tasks to queue
[2025-11-03T20:03:17.864+0000] {logging_mixin.py:188} INFO - [2025-11-03T20:03:17.864+0000] {dagbag.py:545} INFO - Filling up the DagBag from /home/airflow/.local/lib/python3.12/site-packages/airflow/example_dags/example_skip_dag.py
[2025-11-03T20:03:17.867+0000] {processor.py:840} INFO - DAG(s) 'example_skip_dag' retrieved from /home/airflow/.local/lib/python3.12/site-packages/airflow/example_dags/example_skip_dag.py
[2025-11-03T20:03:17.875+0000] {logging_mixin.py:188} INFO - [2025-11-03T20:03:17.875+0000] {dag.py:3096} INFO - Sync 1 DAGs
[2025-11-03T20:03:17.882+0000] {logging_mixin.py:188} INFO - [2025-11-03T20:03:17.882+0000] {dag.py:3954} INFO - Setting next_dagrun for example_skip_dag to 2025-11-02 00:00:00+00:00, run_after=2025-11-03 00:00:00+00:00
[2025-11-03T20:03:17.888+0000] {processor.py:183} INFO - Processing /home/airflow/.local/lib/python3.12/site-packages/airflow/example_dags/example_skip_dag.py took 0.026 seconds
[2025-11-03T20:03:48.579+0000] {processor.py:161} INFO - Started process (PID=551) to work on /home/airflow/.local/lib/python3.12/site-packages/airflow/example_dags/example_skip_dag.py
[2025-11-03T20:03:48.580+0000] {processor.py:830} INFO - Processing file /home/airflow/.local/lib/python3.12/site-packages/airflow/example_dags/example_skip_dag.py for tasks to queue
[2025-11-03T20:03:48.580+0000] {logging_mixin.py:188} INFO - [2025-11-03T20:03:48.580+0000] {dagbag.py:545} INFO - Filling up the DagBag from /home/airflow/.local/lib/python3.12/site-packages/airflow/example_dags/example_skip_dag.py
[2025-11-03T20:03:48.586+0000] {processor.py:840} INFO - DAG(s) 'example_skip_dag' retrieved from /home/airflow/.local/lib/python3.12/site-packages/airflow/example_dags/example_skip_dag.py
[2025-11-03T20:03:48.601+0000] {logging_mixin.py:188} INFO - [2025-11-03T20:03:48.601+0000] {dag.py:3096} INFO - Sync 1 DAGs
[2025-11-03T20:03:48.609+0000] {logging_mixin.py:188} INFO - [2025-11-03T20:03:48.609+0000] {dag.py:3954} INFO - Setting next_dagrun for example_skip_dag to 2025-11-02 00:00:00+00:00, run_after=2025-11-03 00:00:00+00:00
[2025-11-03T20:03:48.618+0000] {processor.py:183} INFO - Processing /home/airflow/.local/lib/python3.12/site-packages/airflow/example_dags/example_skip_dag.py took 0.040 seconds
[2025-11-03T20:04:19.315+0000] {processor.py:161} INFO - Started process (PID=611) to work on /home/airflow/.local/lib/python3.12/site-packages/airflow/example_dags/example_skip_dag.py
[2025-11-03T20:04:19.315+0000] {processor.py:830} INFO - Processing file /home/airflow/.local/lib/python3.12/site-packages/airflow/example_dags/example_skip_dag.py for tasks to queue
[2025-11-03T20:04:19.316+0000] {logging_mixin.py:188} INFO - [2025-11-03T20:04:19.316+0000] {dagbag.py:545} INFO - Filling up the DagBag from /home/airflow/.local/lib/python3.12/site-packages/airflow/example_dags/example_skip_dag.py
[2025-11-03T20:04:19.320+0000] {processor.py:840} INFO - DAG(s) 'example_skip_dag' retrieved from /home/airflow/.local/lib/python3.12/site-packages/airflow/example_dags/example_skip_dag.py
[2025-11-03T20:04:19.332+0000] {logging_mixin.py:188} INFO - [2025-11-03T20:04:19.332+0000] {dag.py:3096} INFO - Sync 1 DAGs
[2025-11-03T20:04:19.340+0000] {logging_mixin.py:188} INFO - [2025-11-03T20:04:19.340+0000] {dag.py:3954} INFO - Setting next_dagrun for example_skip_dag to 2025-11-02 00:00:00+00:00, run_after=2025-11-03 00:00:00+00:00
[2025-11-03T20:04:19.347+0000] {processor.py:183} INFO - Processing /home/airflow/.local/lib/python3.12/site-packages/airflow/example_dags/example_skip_dag.py took 0.034 seconds
[2025-11-03T20:04:50.102+0000] {processor.py:161} INFO - Started process (PID=671) to work on /home/airflow/.local/lib/python3.12/site-packages/airflow/example_dags/example_skip_dag.py
[2025-11-03T20:04:50.102+0000] {processor.py:830} INFO - Processing file /home/airflow/.local/lib/python3.12/site-packages/airflow/example_dags/example_skip_dag.py for tasks to queue
[2025-11-03T20:04:50.102+0000] {logging_mixin.py:188} INFO - [2025-11-03T20:04:50.102+0000] {dagbag.py:545} INFO - Filling up the DagBag from /home/airflow/.local/lib/python3.12/site-packages/airflow/example_dags/example_skip_dag.py
[2025-11-03T20:04:50.105+0000] {processor.py:840} INFO - DAG(s) 'example_skip_dag' retrieved from /home/airflow/.local/lib/python3.12/site-packages/airflow/example_dags/example_skip_dag.py
[2025-11-03T20:04:50.112+0000] {logging_mixin.py:188} INFO - [2025-11-03T20:04:50.112+0000] {dag.py:3096} INFO - Sync 1 DAGs
[2025-11-03T20:04:50.119+0000] {logging_mixin.py:188} INFO - [2025-11-03T20:04:50.119+0000] {dag.py:3954} INFO - Setting next_dagrun for example_skip_dag to 2025-11-02 00:00:00+00:00, run_after=2025-11-03 00:00:00+00:00
[2025-11-03T20:04:50.124+0000] {processor.py:183} INFO - Processing /home/airflow/.local/lib/python3.12/site-packages/airflow/example_dags/example_skip_dag.py took 0.024 seconds
[2025-11-03T20:05:20.997+0000] {processor.py:161} INFO - Started process (PID=731) to work on /home/airflow/.local/lib/python3.12/site-packages/airflow/example_dags/example_skip_dag.py
[2025-11-03T20:05:20.997+0000] {processor.py:830} INFO - Processing file /home/airflow/.local/lib/python3.12/site-packages/airflow/example_dags/example_skip_dag.py for tasks to queue
[2025-11-03T20:05:20.997+0000] {logging_mixin.py:188} INFO - [2025-11-03T20:05:20.997+0000] {dagbag.py:545} INFO - Filling up the DagBag from /home/airflow/.local/lib/python3.12/site-packages/airflow/example_dags/example_skip_dag.py
[2025-11-03T20:05:21.000+0000] {processor.py:840} INFO - DAG(s) 'example_skip_dag' retrieved from /home/airflow/.local/lib/python3.12/site-packages/airflow/example_dags/example_skip_dag.py
[2025-11-03T20:05:21.007+0000] {logging_mixin.py:188} INFO - [2025-11-03T20:05:21.007+0000] {dag.py:3096} INFO - Sync 1 DAGs
[2025-11-03T20:05:21.015+0000] {logging_mixin.py:188} INFO - [2025-11-03T20:05:21.014+0000] {dag.py:3954} INFO - Setting next_dagrun for example_skip_dag to 2025-11-02 00:00:00+00:00, run_after=2025-11-03 00:00:00+00:00
[2025-11-03T20:05:21.022+0000] {processor.py:183} INFO - Processing /home/airflow/.local/lib/python3.12/site-packages/airflow/example_dags/example_skip_dag.py took 0.027 seconds
[2025-11-03T20:05:51.635+0000] {processor.py:161} INFO - Started process (PID=791) to work on /home/airflow/.local/lib/python3.12/site-packages/airflow/example_dags/example_skip_dag.py
[2025-11-03T20:05:51.636+0000] {processor.py:830} INFO - Processing file /home/airflow/.local/lib/python3.12/site-packages/airflow/example_dags/example_skip_dag.py for tasks to queue
[2025-11-03T20:05:51.637+0000] {logging_mixin.py:188} INFO - [2025-11-03T20:05:51.637+0000] {dagbag.py:545} INFO - Filling up the DagBag from /home/airflow/.local/lib/python3.12/site-packages/airflow/example_dags/example_skip_dag.py
[2025-11-03T20:05:51.640+0000] {processor.py:840} INFO - DAG(s) 'example_skip_dag' retrieved from /home/airflow/.local/lib/python3.12/site-packages/airflow/example_dags/example_skip_dag.py
[2025-11-03T20:05:51.648+0000] {logging_mixin.py:188} INFO - [2025-11-03T20:05:51.648+0000] {dag.py:3096} INFO - Sync 1 DAGs
[2025-11-03T20:05:51.656+0000] {logging_mixin.py:188} INFO - [2025-11-03T20:05:51.656+0000] {dag.py:3954} INFO - Setting next_dagrun for example_skip_dag to 2025-11-02 00:00:00+00:00, run_after=2025-11-03 00:00:00+00:00
[2025-11-03T20:05:51.662+0000] {processor.py:183} INFO - Processing /home/airflow/.local/lib/python3.12/site-packages/airflow/example_dags/example_skip_dag.py took 0.029 seconds
[2025-11-03T20:06:22.127+0000] {processor.py:161} INFO - Started process (PID=851) to work on /home/airflow/.local/lib/python3.12/site-packages/airflow/example_dags/example_skip_dag.py
[2025-11-03T20:06:22.127+0000] {processor.py:830} INFO - Processing file /home/airflow/.local/lib/python3.12/site-packages/airflow/example_dags/example_skip_dag.py for tasks to queue
[2025-11-03T20:06:22.128+0000] {logging_mixin.py:188} INFO - [2025-11-03T20:06:22.128+0000] {dagbag.py:545} INFO - Filling up the DagBag from /home/airflow/.local/lib/python3.12/site-packages/airflow/example_dags/example_skip_dag.py
[2025-11-03T20:06:22.133+0000] {processor.py:840} INFO - DAG(s) 'example_skip_dag' retrieved from /home/airflow/.local/lib/python3.12/site-packages/airflow/example_dags/example_skip_dag.py
[2025-11-03T20:06:22.141+0000] {logging_mixin.py:188} INFO - [2025-11-03T20:06:22.141+0000] {dag.py:3096} INFO - Sync 1 DAGs
[2025-11-03T20:06:22.149+0000] {logging_mixin.py:188} INFO - [2025-11-03T20:06:22.149+0000] {dag.py:3954} INFO - Setting next_dagrun for example_skip_dag to 2025-11-02 00:00:00+00:00, run_after=2025-11-03 00:00:00+00:00
[2025-11-03T20:06:22.158+0000] {processor.py:183} INFO - Processing /home/airflow/.local/lib/python3.12/site-packages/airflow/example_dags/example_skip_dag.py took 0.032 seconds
[2025-11-03T20:06:52.714+0000] {processor.py:161} INFO - Started process (PID=911) to work on /home/airflow/.local/lib/python3.12/site-packages/airflow/example_dags/example_skip_dag.py
[2025-11-03T20:06:52.714+0000] {processor.py:830} INFO - Processing file /home/airflow/.local/lib/python3.12/site-packages/airflow/example_dags/example_skip_dag.py for tasks to queue
[2025-11-03T20:06:52.715+0000] {logging_mixin.py:188} INFO - [2025-11-03T20:06:52.714+0000] {dagbag.py:545} INFO - Filling up the DagBag from /home/airflow/.local/lib/python3.12/site-packages/airflow/example_dags/example_skip_dag.py
[2025-11-03T20:06:52.717+0000] {processor.py:840} INFO - DAG(s) 'example_skip_dag' retrieved from /home/airflow/.local/lib/python3.12/site-packages/airflow/example_dags/example_skip_dag.py
[2025-11-03T20:06:52.726+0000] {logging_mixin.py:188} INFO - [2025-11-03T20:06:52.726+0000] {dag.py:3096} INFO - Sync 1 DAGs
[2025-11-03T20:06:52.734+0000] {logging_mixin.py:188} INFO - [2025-11-03T20:06:52.734+0000] {dag.py:3954} INFO - Setting next_dagrun for example_skip_dag to 2025-11-02 00:00:00+00:00, run_after=2025-11-03 00:00:00+00:00
[2025-11-03T20:06:52.743+0000] {processor.py:183} INFO - Processing /home/airflow/.local/lib/python3.12/site-packages/airflow/example_dags/example_skip_dag.py took 0.032 seconds
[2025-11-03T20:07:23.308+0000] {processor.py:161} INFO - Started process (PID=971) to work on /home/airflow/.local/lib/python3.12/site-packages/airflow/example_dags/example_skip_dag.py
[2025-11-03T20:07:23.308+0000] {processor.py:830} INFO - Processing file /home/airflow/.local/lib/python3.12/site-packages/airflow/example_dags/example_skip_dag.py for tasks to queue
[2025-11-03T20:07:23.308+0000] {logging_mixin.py:188} INFO - [2025-11-03T20:07:23.308+0000] {dagbag.py:545} INFO - Filling up the DagBag from /home/airflow/.local/lib/python3.12/site-packages/airflow/example_dags/example_skip_dag.py
[2025-11-03T20:07:23.313+0000] {processor.py:840} INFO - DAG(s) 'example_skip_dag' retrieved from /home/airflow/.local/lib/python3.12/site-packages/airflow/example_dags/example_skip_dag.py
[2025-11-03T20:07:23.322+0000] {logging_mixin.py:188} INFO - [2025-11-03T20:07:23.322+0000] {dag.py:3096} INFO - Sync 1 DAGs
[2025-11-03T20:07:23.331+0000] {logging_mixin.py:188} INFO - [2025-11-03T20:07:23.331+0000] {dag.py:3954} INFO - Setting next_dagrun for example_skip_dag to 2025-11-02 00:00:00+00:00, run_after=2025-11-03 00:00:00+00:00
[2025-11-03T20:07:23.340+0000] {processor.py:183} INFO - Processing /home/airflow/.local/lib/python3.12/site-packages/airflow/example_dags/example_skip_dag.py took 0.034 seconds
[2025-11-03T20:07:54.017+0000] {processor.py:161} INFO - Started process (PID=1031) to work on /home/airflow/.local/lib/python3.12/site-packages/airflow/example_dags/example_skip_dag.py
[2025-11-03T20:07:54.017+0000] {processor.py:830} INFO - Processing file /home/airflow/.local/lib/python3.12/site-packages/airflow/example_dags/example_skip_dag.py for tasks to queue
[2025-11-03T20:07:54.018+0000] {logging_mixin.py:188} INFO - [2025-11-03T20:07:54.018+0000] {dagbag.py:545} INFO - Filling up the DagBag from /home/airflow/.local/lib/python3.12/site-packages/airflow/example_dags/example_skip_dag.py
[2025-11-03T20:07:54.020+0000] {processor.py:840} INFO - DAG(s) 'example_skip_dag' retrieved from /home/airflow/.local/lib/python3.12/site-packages/airflow/example_dags/example_skip_dag.py
[2025-11-03T20:07:54.027+0000] {logging_mixin.py:188} INFO - [2025-11-03T20:07:54.027+0000] {dag.py:3096} INFO - Sync 1 DAGs
[2025-11-03T20:07:54.034+0000] {logging_mixin.py:188} INFO - [2025-11-03T20:07:54.034+0000] {dag.py:3954} INFO - Setting next_dagrun for example_skip_dag to 2025-11-02 00:00:00+00:00, run_after=2025-11-03 00:00:00+00:00
[2025-11-03T20:07:54.039+0000] {processor.py:183} INFO - Processing /home/airflow/.local/lib/python3.12/site-packages/airflow/example_dags/example_skip_dag.py took 0.024 seconds
[2025-11-03T20:08:24.648+0000] {processor.py:161} INFO - Started process (PID=1091) to work on /home/airflow/.local/lib/python3.12/site-packages/airflow/example_dags/example_skip_dag.py
[2025-11-03T20:08:24.649+0000] {processor.py:830} INFO - Processing file /home/airflow/.local/lib/python3.12/site-packages/airflow/example_dags/example_skip_dag.py for tasks to queue
[2025-11-03T20:08:24.649+0000] {logging_mixin.py:188} INFO - [2025-11-03T20:08:24.649+0000] {dagbag.py:545} INFO - Filling up the DagBag from /home/airflow/.local/lib/python3.12/site-packages/airflow/example_dags/example_skip_dag.py
[2025-11-03T20:08:24.652+0000] {processor.py:840} INFO - DAG(s) 'example_skip_dag' retrieved from /home/airflow/.local/lib/python3.12/site-packages/airflow/example_dags/example_skip_dag.py
[2025-11-03T20:08:24.661+0000] {logging_mixin.py:188} INFO - [2025-11-03T20:08:24.661+0000] {dag.py:3096} INFO - Sync 1 DAGs
[2025-11-03T20:08:24.669+0000] {logging_mixin.py:188} INFO - [2025-11-03T20:08:24.668+0000] {dag.py:3954} INFO - Setting next_dagrun for example_skip_dag to 2025-11-02 00:00:00+00:00, run_after=2025-11-03 00:00:00+00:00
[2025-11-03T20:08:24.677+0000] {processor.py:183} INFO - Processing /home/airflow/.local/lib/python3.12/site-packages/airflow/example_dags/example_skip_dag.py took 0.031 seconds
