[2025-11-03T19:59:43.085+0000] {processor.py:161} INFO - Started process (PID=51) to work on /home/airflow/.local/lib/python3.12/site-packages/airflow/example_dags/example_short_circuit_decorator.py
[2025-11-03T19:59:43.085+0000] {processor.py:830} INFO - Processing file /home/airflow/.local/lib/python3.12/site-packages/airflow/example_dags/example_short_circuit_decorator.py for tasks to queue
[2025-11-03T19:59:43.086+0000] {logging_mixin.py:188} INFO - [2025-11-03T19:59:43.086+0000] {dagbag.py:545} INFO - Filling up the DagBag from /home/airflow/.local/lib/python3.12/site-packages/airflow/example_dags/example_short_circuit_decorator.py
[2025-11-03T19:59:43.091+0000] {processor.py:840} INFO - DAG(s) 'example_short_circuit_decorator' retrieved from /home/airflow/.local/lib/python3.12/site-packages/airflow/example_dags/example_short_circuit_decorator.py
[2025-11-03T19:59:43.097+0000] {logging_mixin.py:188} INFO - [2025-11-03T19:59:43.097+0000] {dag.py:3096} INFO - Sync 1 DAGs
[2025-11-03T19:59:43.108+0000] {logging_mixin.py:188} INFO - [2025-11-03T19:59:43.108+0000] {dag.py:3954} INFO - Setting next_dagrun for example_short_circuit_decorator to 2025-11-02 00:00:00+00:00, run_after=2025-11-03 00:00:00+00:00
[2025-11-03T19:59:43.116+0000] {processor.py:183} INFO - Processing /home/airflow/.local/lib/python3.12/site-packages/airflow/example_dags/example_short_circuit_decorator.py took 0.034 seconds
[2025-11-03T20:00:13.169+0000] {processor.py:161} INFO - Started process (PID=111) to work on /home/airflow/.local/lib/python3.12/site-packages/airflow/example_dags/example_short_circuit_decorator.py
[2025-11-03T20:00:13.169+0000] {processor.py:830} INFO - Processing file /home/airflow/.local/lib/python3.12/site-packages/airflow/example_dags/example_short_circuit_decorator.py for tasks to queue
[2025-11-03T20:00:13.170+0000] {logging_mixin.py:188} INFO - [2025-11-03T20:00:13.170+0000] {dagbag.py:545} INFO - Filling up the DagBag from /home/airflow/.local/lib/python3.12/site-packages/airflow/example_dags/example_short_circuit_decorator.py
[2025-11-03T20:00:13.173+0000] {processor.py:840} INFO - DAG(s) 'example_short_circuit_decorator' retrieved from /home/airflow/.local/lib/python3.12/site-packages/airflow/example_dags/example_short_circuit_decorator.py
[2025-11-03T20:00:13.211+0000] {logging_mixin.py:188} INFO - [2025-11-03T20:00:13.211+0000] {dag.py:3096} INFO - Sync 1 DAGs
[2025-11-03T20:00:13.218+0000] {logging_mixin.py:188} INFO - [2025-11-03T20:00:13.218+0000] {dag.py:3954} INFO - Setting next_dagrun for example_short_circuit_decorator to 2025-11-02 00:00:00+00:00, run_after=2025-11-03 00:00:00+00:00
[2025-11-03T20:00:13.227+0000] {processor.py:183} INFO - Processing /home/airflow/.local/lib/python3.12/site-packages/airflow/example_dags/example_short_circuit_decorator.py took 0.060 seconds
[2025-11-03T20:00:44.212+0000] {processor.py:161} INFO - Started process (PID=177) to work on /home/airflow/.local/lib/python3.12/site-packages/airflow/example_dags/example_short_circuit_decorator.py
[2025-11-03T20:00:44.212+0000] {processor.py:830} INFO - Processing file /home/airflow/.local/lib/python3.12/site-packages/airflow/example_dags/example_short_circuit_decorator.py for tasks to queue
[2025-11-03T20:00:44.212+0000] {logging_mixin.py:188} INFO - [2025-11-03T20:00:44.212+0000] {dagbag.py:545} INFO - Filling up the DagBag from /home/airflow/.local/lib/python3.12/site-packages/airflow/example_dags/example_short_circuit_decorator.py
[2025-11-03T20:00:44.217+0000] {processor.py:840} INFO - DAG(s) 'example_short_circuit_decorator' retrieved from /home/airflow/.local/lib/python3.12/site-packages/airflow/example_dags/example_short_circuit_decorator.py
[2025-11-03T20:00:44.227+0000] {logging_mixin.py:188} INFO - [2025-11-03T20:00:44.227+0000] {dag.py:3096} INFO - Sync 1 DAGs
[2025-11-03T20:00:44.235+0000] {logging_mixin.py:188} INFO - [2025-11-03T20:00:44.235+0000] {dag.py:3954} INFO - Setting next_dagrun for example_short_circuit_decorator to 2025-11-02 00:00:00+00:00, run_after=2025-11-03 00:00:00+00:00
[2025-11-03T20:00:44.241+0000] {processor.py:183} INFO - Processing /home/airflow/.local/lib/python3.12/site-packages/airflow/example_dags/example_short_circuit_decorator.py took 0.032 seconds
[2025-11-03T20:01:14.980+0000] {processor.py:161} INFO - Started process (PID=237) to work on /home/airflow/.local/lib/python3.12/site-packages/airflow/example_dags/example_short_circuit_decorator.py
[2025-11-03T20:01:14.981+0000] {processor.py:830} INFO - Processing file /home/airflow/.local/lib/python3.12/site-packages/airflow/example_dags/example_short_circuit_decorator.py for tasks to queue
[2025-11-03T20:01:14.983+0000] {logging_mixin.py:188} INFO - [2025-11-03T20:01:14.982+0000] {dagbag.py:545} INFO - Filling up the DagBag from /home/airflow/.local/lib/python3.12/site-packages/airflow/example_dags/example_short_circuit_decorator.py
[2025-11-03T20:01:14.987+0000] {processor.py:840} INFO - DAG(s) 'example_short_circuit_decorator' retrieved from /home/airflow/.local/lib/python3.12/site-packages/airflow/example_dags/example_short_circuit_decorator.py
[2025-11-03T20:01:14.999+0000] {logging_mixin.py:188} INFO - [2025-11-03T20:01:14.999+0000] {dag.py:3096} INFO - Sync 1 DAGs
[2025-11-03T20:01:15.008+0000] {logging_mixin.py:188} INFO - [2025-11-03T20:01:15.008+0000] {dag.py:3954} INFO - Setting next_dagrun for example_short_circuit_decorator to 2025-11-02 00:00:00+00:00, run_after=2025-11-03 00:00:00+00:00
[2025-11-03T20:01:15.015+0000] {processor.py:183} INFO - Processing /home/airflow/.local/lib/python3.12/site-packages/airflow/example_dags/example_short_circuit_decorator.py took 0.039 seconds
[2025-11-03T20:01:45.543+0000] {processor.py:161} INFO - Started process (PID=297) to work on /home/airflow/.local/lib/python3.12/site-packages/airflow/example_dags/example_short_circuit_decorator.py
[2025-11-03T20:01:45.543+0000] {processor.py:830} INFO - Processing file /home/airflow/.local/lib/python3.12/site-packages/airflow/example_dags/example_short_circuit_decorator.py for tasks to queue
[2025-11-03T20:01:45.544+0000] {logging_mixin.py:188} INFO - [2025-11-03T20:01:45.543+0000] {dagbag.py:545} INFO - Filling up the DagBag from /home/airflow/.local/lib/python3.12/site-packages/airflow/example_dags/example_short_circuit_decorator.py
[2025-11-03T20:01:45.548+0000] {processor.py:840} INFO - DAG(s) 'example_short_circuit_decorator' retrieved from /home/airflow/.local/lib/python3.12/site-packages/airflow/example_dags/example_short_circuit_decorator.py
[2025-11-03T20:01:45.558+0000] {logging_mixin.py:188} INFO - [2025-11-03T20:01:45.558+0000] {dag.py:3096} INFO - Sync 1 DAGs
[2025-11-03T20:01:45.567+0000] {logging_mixin.py:188} INFO - [2025-11-03T20:01:45.567+0000] {dag.py:3954} INFO - Setting next_dagrun for example_short_circuit_decorator to 2025-11-02 00:00:00+00:00, run_after=2025-11-03 00:00:00+00:00
[2025-11-03T20:01:45.574+0000] {processor.py:183} INFO - Processing /home/airflow/.local/lib/python3.12/site-packages/airflow/example_dags/example_short_circuit_decorator.py took 0.034 seconds
[2025-11-03T20:02:16.124+0000] {processor.py:161} INFO - Started process (PID=357) to work on /home/airflow/.local/lib/python3.12/site-packages/airflow/example_dags/example_short_circuit_decorator.py
[2025-11-03T20:02:16.125+0000] {processor.py:830} INFO - Processing file /home/airflow/.local/lib/python3.12/site-packages/airflow/example_dags/example_short_circuit_decorator.py for tasks to queue
[2025-11-03T20:02:16.125+0000] {logging_mixin.py:188} INFO - [2025-11-03T20:02:16.125+0000] {dagbag.py:545} INFO - Filling up the DagBag from /home/airflow/.local/lib/python3.12/site-packages/airflow/example_dags/example_short_circuit_decorator.py
[2025-11-03T20:02:16.130+0000] {processor.py:840} INFO - DAG(s) 'example_short_circuit_decorator' retrieved from /home/airflow/.local/lib/python3.12/site-packages/airflow/example_dags/example_short_circuit_decorator.py
[2025-11-03T20:02:16.140+0000] {logging_mixin.py:188} INFO - [2025-11-03T20:02:16.140+0000] {dag.py:3096} INFO - Sync 1 DAGs
[2025-11-03T20:02:16.150+0000] {logging_mixin.py:188} INFO - [2025-11-03T20:02:16.150+0000] {dag.py:3954} INFO - Setting next_dagrun for example_short_circuit_decorator to 2025-11-02 00:00:00+00:00, run_after=2025-11-03 00:00:00+00:00
[2025-11-03T20:02:16.157+0000] {processor.py:183} INFO - Processing /home/airflow/.local/lib/python3.12/site-packages/airflow/example_dags/example_short_circuit_decorator.py took 0.035 seconds
[2025-11-03T20:02:46.738+0000] {processor.py:161} INFO - Started process (PID=417) to work on /home/airflow/.local/lib/python3.12/site-packages/airflow/example_dags/example_short_circuit_decorator.py
[2025-11-03T20:02:46.739+0000] {processor.py:830} INFO - Processing file /home/airflow/.local/lib/python3.12/site-packages/airflow/example_dags/example_short_circuit_decorator.py for tasks to queue
[2025-11-03T20:02:46.739+0000] {logging_mixin.py:188} INFO - [2025-11-03T20:02:46.739+0000] {dagbag.py:545} INFO - Filling up the DagBag from /home/airflow/.local/lib/python3.12/site-packages/airflow/example_dags/example_short_circuit_decorator.py
[2025-11-03T20:02:46.744+0000] {processor.py:840} INFO - DAG(s) 'example_short_circuit_decorator' retrieved from /home/airflow/.local/lib/python3.12/site-packages/airflow/example_dags/example_short_circuit_decorator.py
[2025-11-03T20:02:46.755+0000] {logging_mixin.py:188} INFO - [2025-11-03T20:02:46.755+0000] {dag.py:3096} INFO - Sync 1 DAGs
[2025-11-03T20:02:46.765+0000] {logging_mixin.py:188} INFO - [2025-11-03T20:02:46.765+0000] {dag.py:3954} INFO - Setting next_dagrun for example_short_circuit_decorator to 2025-11-02 00:00:00+00:00, run_after=2025-11-03 00:00:00+00:00
[2025-11-03T20:02:46.773+0000] {processor.py:183} INFO - Processing /home/airflow/.local/lib/python3.12/site-packages/airflow/example_dags/example_short_circuit_decorator.py took 0.038 seconds
[2025-11-03T20:03:17.448+0000] {processor.py:161} INFO - Started process (PID=477) to work on /home/airflow/.local/lib/python3.12/site-packages/airflow/example_dags/example_short_circuit_decorator.py
[2025-11-03T20:03:17.449+0000] {processor.py:830} INFO - Processing file /home/airflow/.local/lib/python3.12/site-packages/airflow/example_dags/example_short_circuit_decorator.py for tasks to queue
[2025-11-03T20:03:17.449+0000] {logging_mixin.py:188} INFO - [2025-11-03T20:03:17.449+0000] {dagbag.py:545} INFO - Filling up the DagBag from /home/airflow/.local/lib/python3.12/site-packages/airflow/example_dags/example_short_circuit_decorator.py
[2025-11-03T20:03:17.453+0000] {processor.py:840} INFO - DAG(s) 'example_short_circuit_decorator' retrieved from /home/airflow/.local/lib/python3.12/site-packages/airflow/example_dags/example_short_circuit_decorator.py
[2025-11-03T20:03:17.464+0000] {logging_mixin.py:188} INFO - [2025-11-03T20:03:17.464+0000] {dag.py:3096} INFO - Sync 1 DAGs
[2025-11-03T20:03:17.473+0000] {logging_mixin.py:188} INFO - [2025-11-03T20:03:17.473+0000] {dag.py:3954} INFO - Setting next_dagrun for example_short_circuit_decorator to 2025-11-02 00:00:00+00:00, run_after=2025-11-03 00:00:00+00:00
[2025-11-03T20:03:17.480+0000] {processor.py:183} INFO - Processing /home/airflow/.local/lib/python3.12/site-packages/airflow/example_dags/example_short_circuit_decorator.py took 0.035 seconds
[2025-11-03T20:03:48.194+0000] {processor.py:161} INFO - Started process (PID=537) to work on /home/airflow/.local/lib/python3.12/site-packages/airflow/example_dags/example_short_circuit_decorator.py
[2025-11-03T20:03:48.195+0000] {processor.py:830} INFO - Processing file /home/airflow/.local/lib/python3.12/site-packages/airflow/example_dags/example_short_circuit_decorator.py for tasks to queue
[2025-11-03T20:03:48.195+0000] {logging_mixin.py:188} INFO - [2025-11-03T20:03:48.195+0000] {dagbag.py:545} INFO - Filling up the DagBag from /home/airflow/.local/lib/python3.12/site-packages/airflow/example_dags/example_short_circuit_decorator.py
[2025-11-03T20:03:48.199+0000] {processor.py:840} INFO - DAG(s) 'example_short_circuit_decorator' retrieved from /home/airflow/.local/lib/python3.12/site-packages/airflow/example_dags/example_short_circuit_decorator.py
[2025-11-03T20:03:48.210+0000] {logging_mixin.py:188} INFO - [2025-11-03T20:03:48.210+0000] {dag.py:3096} INFO - Sync 1 DAGs
[2025-11-03T20:03:48.218+0000] {logging_mixin.py:188} INFO - [2025-11-03T20:03:48.218+0000] {dag.py:3954} INFO - Setting next_dagrun for example_short_circuit_decorator to 2025-11-02 00:00:00+00:00, run_after=2025-11-03 00:00:00+00:00
[2025-11-03T20:03:48.224+0000] {processor.py:183} INFO - Processing /home/airflow/.local/lib/python3.12/site-packages/airflow/example_dags/example_short_circuit_decorator.py took 0.032 seconds
[2025-11-03T20:04:18.832+0000] {processor.py:161} INFO - Started process (PID=597) to work on /home/airflow/.local/lib/python3.12/site-packages/airflow/example_dags/example_short_circuit_decorator.py
[2025-11-03T20:04:18.834+0000] {processor.py:830} INFO - Processing file /home/airflow/.local/lib/python3.12/site-packages/airflow/example_dags/example_short_circuit_decorator.py for tasks to queue
[2025-11-03T20:04:18.835+0000] {logging_mixin.py:188} INFO - [2025-11-03T20:04:18.834+0000] {dagbag.py:545} INFO - Filling up the DagBag from /home/airflow/.local/lib/python3.12/site-packages/airflow/example_dags/example_short_circuit_decorator.py
[2025-11-03T20:04:18.841+0000] {processor.py:840} INFO - DAG(s) 'example_short_circuit_decorator' retrieved from /home/airflow/.local/lib/python3.12/site-packages/airflow/example_dags/example_short_circuit_decorator.py
[2025-11-03T20:04:18.856+0000] {logging_mixin.py:188} INFO - [2025-11-03T20:04:18.856+0000] {dag.py:3096} INFO - Sync 1 DAGs
[2025-11-03T20:04:18.869+0000] {logging_mixin.py:188} INFO - [2025-11-03T20:04:18.869+0000] {dag.py:3954} INFO - Setting next_dagrun for example_short_circuit_decorator to 2025-11-02 00:00:00+00:00, run_after=2025-11-03 00:00:00+00:00
[2025-11-03T20:04:18.878+0000] {processor.py:183} INFO - Processing /home/airflow/.local/lib/python3.12/site-packages/airflow/example_dags/example_short_circuit_decorator.py took 0.050 seconds
[2025-11-03T20:04:49.706+0000] {processor.py:161} INFO - Started process (PID=657) to work on /home/airflow/.local/lib/python3.12/site-packages/airflow/example_dags/example_short_circuit_decorator.py
[2025-11-03T20:04:49.710+0000] {processor.py:830} INFO - Processing file /home/airflow/.local/lib/python3.12/site-packages/airflow/example_dags/example_short_circuit_decorator.py for tasks to queue
[2025-11-03T20:04:49.710+0000] {logging_mixin.py:188} INFO - [2025-11-03T20:04:49.710+0000] {dagbag.py:545} INFO - Filling up the DagBag from /home/airflow/.local/lib/python3.12/site-packages/airflow/example_dags/example_short_circuit_decorator.py
[2025-11-03T20:04:49.715+0000] {processor.py:840} INFO - DAG(s) 'example_short_circuit_decorator' retrieved from /home/airflow/.local/lib/python3.12/site-packages/airflow/example_dags/example_short_circuit_decorator.py
[2025-11-03T20:04:49.725+0000] {logging_mixin.py:188} INFO - [2025-11-03T20:04:49.725+0000] {dag.py:3096} INFO - Sync 1 DAGs
[2025-11-03T20:04:49.733+0000] {logging_mixin.py:188} INFO - [2025-11-03T20:04:49.733+0000] {dag.py:3954} INFO - Setting next_dagrun for example_short_circuit_decorator to 2025-11-02 00:00:00+00:00, run_after=2025-11-03 00:00:00+00:00
[2025-11-03T20:04:49.740+0000] {processor.py:183} INFO - Processing /home/airflow/.local/lib/python3.12/site-packages/airflow/example_dags/example_short_circuit_decorator.py took 0.037 seconds
[2025-11-03T20:05:20.545+0000] {processor.py:161} INFO - Started process (PID=717) to work on /home/airflow/.local/lib/python3.12/site-packages/airflow/example_dags/example_short_circuit_decorator.py
[2025-11-03T20:05:20.546+0000] {processor.py:830} INFO - Processing file /home/airflow/.local/lib/python3.12/site-packages/airflow/example_dags/example_short_circuit_decorator.py for tasks to queue
[2025-11-03T20:05:20.548+0000] {logging_mixin.py:188} INFO - [2025-11-03T20:05:20.547+0000] {dagbag.py:545} INFO - Filling up the DagBag from /home/airflow/.local/lib/python3.12/site-packages/airflow/example_dags/example_short_circuit_decorator.py
[2025-11-03T20:05:20.559+0000] {processor.py:840} INFO - DAG(s) 'example_short_circuit_decorator' retrieved from /home/airflow/.local/lib/python3.12/site-packages/airflow/example_dags/example_short_circuit_decorator.py
[2025-11-03T20:05:20.576+0000] {logging_mixin.py:188} INFO - [2025-11-03T20:05:20.576+0000] {dag.py:3096} INFO - Sync 1 DAGs
[2025-11-03T20:05:20.590+0000] {logging_mixin.py:188} INFO - [2025-11-03T20:05:20.590+0000] {dag.py:3954} INFO - Setting next_dagrun for example_short_circuit_decorator to 2025-11-02 00:00:00+00:00, run_after=2025-11-03 00:00:00+00:00
[2025-11-03T20:05:20.598+0000] {processor.py:183} INFO - Processing /home/airflow/.local/lib/python3.12/site-packages/airflow/example_dags/example_short_circuit_decorator.py took 0.056 seconds
[2025-11-03T20:05:51.250+0000] {processor.py:161} INFO - Started process (PID=777) to work on /home/airflow/.local/lib/python3.12/site-packages/airflow/example_dags/example_short_circuit_decorator.py
[2025-11-03T20:05:51.252+0000] {processor.py:830} INFO - Processing file /home/airflow/.local/lib/python3.12/site-packages/airflow/example_dags/example_short_circuit_decorator.py for tasks to queue
[2025-11-03T20:05:51.253+0000] {logging_mixin.py:188} INFO - [2025-11-03T20:05:51.253+0000] {dagbag.py:545} INFO - Filling up the DagBag from /home/airflow/.local/lib/python3.12/site-packages/airflow/example_dags/example_short_circuit_decorator.py
[2025-11-03T20:05:51.258+0000] {processor.py:840} INFO - DAG(s) 'example_short_circuit_decorator' retrieved from /home/airflow/.local/lib/python3.12/site-packages/airflow/example_dags/example_short_circuit_decorator.py
[2025-11-03T20:05:51.270+0000] {logging_mixin.py:188} INFO - [2025-11-03T20:05:51.270+0000] {dag.py:3096} INFO - Sync 1 DAGs
[2025-11-03T20:05:51.280+0000] {logging_mixin.py:188} INFO - [2025-11-03T20:05:51.280+0000] {dag.py:3954} INFO - Setting next_dagrun for example_short_circuit_decorator to 2025-11-02 00:00:00+00:00, run_after=2025-11-03 00:00:00+00:00
[2025-11-03T20:05:51.287+0000] {processor.py:183} INFO - Processing /home/airflow/.local/lib/python3.12/site-packages/airflow/example_dags/example_short_circuit_decorator.py took 0.039 seconds
[2025-11-03T20:06:21.723+0000] {processor.py:161} INFO - Started process (PID=837) to work on /home/airflow/.local/lib/python3.12/site-packages/airflow/example_dags/example_short_circuit_decorator.py
[2025-11-03T20:06:21.724+0000] {processor.py:830} INFO - Processing file /home/airflow/.local/lib/python3.12/site-packages/airflow/example_dags/example_short_circuit_decorator.py for tasks to queue
[2025-11-03T20:06:21.724+0000] {logging_mixin.py:188} INFO - [2025-11-03T20:06:21.724+0000] {dagbag.py:545} INFO - Filling up the DagBag from /home/airflow/.local/lib/python3.12/site-packages/airflow/example_dags/example_short_circuit_decorator.py
[2025-11-03T20:06:21.728+0000] {processor.py:840} INFO - DAG(s) 'example_short_circuit_decorator' retrieved from /home/airflow/.local/lib/python3.12/site-packages/airflow/example_dags/example_short_circuit_decorator.py
[2025-11-03T20:06:21.738+0000] {logging_mixin.py:188} INFO - [2025-11-03T20:06:21.738+0000] {dag.py:3096} INFO - Sync 1 DAGs
[2025-11-03T20:06:21.747+0000] {logging_mixin.py:188} INFO - [2025-11-03T20:06:21.746+0000] {dag.py:3954} INFO - Setting next_dagrun for example_short_circuit_decorator to 2025-11-02 00:00:00+00:00, run_after=2025-11-03 00:00:00+00:00
[2025-11-03T20:06:21.753+0000] {processor.py:183} INFO - Processing /home/airflow/.local/lib/python3.12/site-packages/airflow/example_dags/example_short_circuit_decorator.py took 0.033 seconds
[2025-11-03T20:06:52.299+0000] {processor.py:161} INFO - Started process (PID=897) to work on /home/airflow/.local/lib/python3.12/site-packages/airflow/example_dags/example_short_circuit_decorator.py
[2025-11-03T20:06:52.300+0000] {processor.py:830} INFO - Processing file /home/airflow/.local/lib/python3.12/site-packages/airflow/example_dags/example_short_circuit_decorator.py for tasks to queue
[2025-11-03T20:06:52.300+0000] {logging_mixin.py:188} INFO - [2025-11-03T20:06:52.300+0000] {dagbag.py:545} INFO - Filling up the DagBag from /home/airflow/.local/lib/python3.12/site-packages/airflow/example_dags/example_short_circuit_decorator.py
[2025-11-03T20:06:52.306+0000] {processor.py:840} INFO - DAG(s) 'example_short_circuit_decorator' retrieved from /home/airflow/.local/lib/python3.12/site-packages/airflow/example_dags/example_short_circuit_decorator.py
[2025-11-03T20:06:52.316+0000] {logging_mixin.py:188} INFO - [2025-11-03T20:06:52.316+0000] {dag.py:3096} INFO - Sync 1 DAGs
[2025-11-03T20:06:52.324+0000] {logging_mixin.py:188} INFO - [2025-11-03T20:06:52.324+0000] {dag.py:3954} INFO - Setting next_dagrun for example_short_circuit_decorator to 2025-11-02 00:00:00+00:00, run_after=2025-11-03 00:00:00+00:00
[2025-11-03T20:06:52.331+0000] {processor.py:183} INFO - Processing /home/airflow/.local/lib/python3.12/site-packages/airflow/example_dags/example_short_circuit_decorator.py took 0.034 seconds
[2025-11-03T20:07:22.876+0000] {processor.py:161} INFO - Started process (PID=957) to work on /home/airflow/.local/lib/python3.12/site-packages/airflow/example_dags/example_short_circuit_decorator.py
[2025-11-03T20:07:22.877+0000] {processor.py:830} INFO - Processing file /home/airflow/.local/lib/python3.12/site-packages/airflow/example_dags/example_short_circuit_decorator.py for tasks to queue
[2025-11-03T20:07:22.877+0000] {logging_mixin.py:188} INFO - [2025-11-03T20:07:22.877+0000] {dagbag.py:545} INFO - Filling up the DagBag from /home/airflow/.local/lib/python3.12/site-packages/airflow/example_dags/example_short_circuit_decorator.py
[2025-11-03T20:07:22.881+0000] {processor.py:840} INFO - DAG(s) 'example_short_circuit_decorator' retrieved from /home/airflow/.local/lib/python3.12/site-packages/airflow/example_dags/example_short_circuit_decorator.py
[2025-11-03T20:07:22.891+0000] {logging_mixin.py:188} INFO - [2025-11-03T20:07:22.891+0000] {dag.py:3096} INFO - Sync 1 DAGs
[2025-11-03T20:07:22.900+0000] {logging_mixin.py:188} INFO - [2025-11-03T20:07:22.900+0000] {dag.py:3954} INFO - Setting next_dagrun for example_short_circuit_decorator to 2025-11-02 00:00:00+00:00, run_after=2025-11-03 00:00:00+00:00
[2025-11-03T20:07:22.908+0000] {processor.py:183} INFO - Processing /home/airflow/.local/lib/python3.12/site-packages/airflow/example_dags/example_short_circuit_decorator.py took 0.035 seconds
[2025-11-03T20:07:53.582+0000] {processor.py:161} INFO - Started process (PID=1017) to work on /home/airflow/.local/lib/python3.12/site-packages/airflow/example_dags/example_short_circuit_decorator.py
[2025-11-03T20:07:53.583+0000] {processor.py:830} INFO - Processing file /home/airflow/.local/lib/python3.12/site-packages/airflow/example_dags/example_short_circuit_decorator.py for tasks to queue
[2025-11-03T20:07:53.584+0000] {logging_mixin.py:188} INFO - [2025-11-03T20:07:53.584+0000] {dagbag.py:545} INFO - Filling up the DagBag from /home/airflow/.local/lib/python3.12/site-packages/airflow/example_dags/example_short_circuit_decorator.py
[2025-11-03T20:07:53.591+0000] {processor.py:840} INFO - DAG(s) 'example_short_circuit_decorator' retrieved from /home/airflow/.local/lib/python3.12/site-packages/airflow/example_dags/example_short_circuit_decorator.py
[2025-11-03T20:07:53.606+0000] {logging_mixin.py:188} INFO - [2025-11-03T20:07:53.606+0000] {dag.py:3096} INFO - Sync 1 DAGs
[2025-11-03T20:07:53.615+0000] {logging_mixin.py:188} INFO - [2025-11-03T20:07:53.614+0000] {dag.py:3954} INFO - Setting next_dagrun for example_short_circuit_decorator to 2025-11-02 00:00:00+00:00, run_after=2025-11-03 00:00:00+00:00
[2025-11-03T20:07:53.622+0000] {processor.py:183} INFO - Processing /home/airflow/.local/lib/python3.12/site-packages/airflow/example_dags/example_short_circuit_decorator.py took 0.042 seconds
[2025-11-03T20:08:24.235+0000] {processor.py:161} INFO - Started process (PID=1077) to work on /home/airflow/.local/lib/python3.12/site-packages/airflow/example_dags/example_short_circuit_decorator.py
[2025-11-03T20:08:24.235+0000] {processor.py:830} INFO - Processing file /home/airflow/.local/lib/python3.12/site-packages/airflow/example_dags/example_short_circuit_decorator.py for tasks to queue
[2025-11-03T20:08:24.236+0000] {logging_mixin.py:188} INFO - [2025-11-03T20:08:24.236+0000] {dagbag.py:545} INFO - Filling up the DagBag from /home/airflow/.local/lib/python3.12/site-packages/airflow/example_dags/example_short_circuit_decorator.py
[2025-11-03T20:08:24.241+0000] {processor.py:840} INFO - DAG(s) 'example_short_circuit_decorator' retrieved from /home/airflow/.local/lib/python3.12/site-packages/airflow/example_dags/example_short_circuit_decorator.py
[2025-11-03T20:08:24.251+0000] {logging_mixin.py:188} INFO - [2025-11-03T20:08:24.250+0000] {dag.py:3096} INFO - Sync 1 DAGs
[2025-11-03T20:08:24.259+0000] {logging_mixin.py:188} INFO - [2025-11-03T20:08:24.259+0000] {dag.py:3954} INFO - Setting next_dagrun for example_short_circuit_decorator to 2025-11-02 00:00:00+00:00, run_after=2025-11-03 00:00:00+00:00
[2025-11-03T20:08:24.266+0000] {processor.py:183} INFO - Processing /home/airflow/.local/lib/python3.12/site-packages/airflow/example_dags/example_short_circuit_decorator.py took 0.034 seconds
