[2025-11-03T19:59:43.463+0000] {processor.py:161} INFO - Started process (PID=64) to work on /home/airflow/.local/lib/python3.12/site-packages/airflow/example_dags/example_sensors.py
[2025-11-03T19:59:43.463+0000] {processor.py:830} INFO - Processing file /home/airflow/.local/lib/python3.12/site-packages/airflow/example_dags/example_sensors.py for tasks to queue
[2025-11-03T19:59:43.465+0000] {logging_mixin.py:188} INFO - [2025-11-03T19:59:43.464+0000] {dagbag.py:545} INFO - Filling up the DagBag from /home/airflow/.local/lib/python3.12/site-packages/airflow/example_dags/example_sensors.py
[2025-11-03T19:59:43.470+0000] {processor.py:840} INFO - DAG(s) 'example_sensors' retrieved from /home/airflow/.local/lib/python3.12/site-packages/airflow/example_dags/example_sensors.py
[2025-11-03T19:59:43.482+0000] {logging_mixin.py:188} INFO - [2025-11-03T19:59:43.482+0000] {dag.py:3096} INFO - Sync 1 DAGs
[2025-11-03T19:59:43.489+0000] {logging_mixin.py:188} INFO - [2025-11-03T19:59:43.489+0000] {dag.py:3954} INFO - Setting next_dagrun for example_sensors to None, run_after=None
[2025-11-03T19:59:43.506+0000] {processor.py:183} INFO - Processing /home/airflow/.local/lib/python3.12/site-packages/airflow/example_dags/example_sensors.py took 0.047 seconds
[2025-11-03T20:00:13.713+0000] {processor.py:161} INFO - Started process (PID=130) to work on /home/airflow/.local/lib/python3.12/site-packages/airflow/example_dags/example_sensors.py
[2025-11-03T20:00:13.716+0000] {processor.py:830} INFO - Processing file /home/airflow/.local/lib/python3.12/site-packages/airflow/example_dags/example_sensors.py for tasks to queue
[2025-11-03T20:00:13.717+0000] {logging_mixin.py:188} INFO - [2025-11-03T20:00:13.717+0000] {dagbag.py:545} INFO - Filling up the DagBag from /home/airflow/.local/lib/python3.12/site-packages/airflow/example_dags/example_sensors.py
[2025-11-03T20:00:13.721+0000] {processor.py:840} INFO - DAG(s) 'example_sensors' retrieved from /home/airflow/.local/lib/python3.12/site-packages/airflow/example_dags/example_sensors.py
[2025-11-03T20:00:13.760+0000] {logging_mixin.py:188} INFO - [2025-11-03T20:00:13.760+0000] {dag.py:3096} INFO - Sync 1 DAGs
[2025-11-03T20:00:13.765+0000] {logging_mixin.py:188} INFO - [2025-11-03T20:00:13.765+0000] {dag.py:3954} INFO - Setting next_dagrun for example_sensors to None, run_after=None
[2025-11-03T20:00:13.771+0000] {processor.py:183} INFO - Processing /home/airflow/.local/lib/python3.12/site-packages/airflow/example_dags/example_sensors.py took 0.061 seconds
[2025-11-03T20:00:44.561+0000] {processor.py:161} INFO - Started process (PID=190) to work on /home/airflow/.local/lib/python3.12/site-packages/airflow/example_dags/example_sensors.py
[2025-11-03T20:00:44.562+0000] {processor.py:830} INFO - Processing file /home/airflow/.local/lib/python3.12/site-packages/airflow/example_dags/example_sensors.py for tasks to queue
[2025-11-03T20:00:44.562+0000] {logging_mixin.py:188} INFO - [2025-11-03T20:00:44.562+0000] {dagbag.py:545} INFO - Filling up the DagBag from /home/airflow/.local/lib/python3.12/site-packages/airflow/example_dags/example_sensors.py
[2025-11-03T20:00:44.566+0000] {processor.py:840} INFO - DAG(s) 'example_sensors' retrieved from /home/airflow/.local/lib/python3.12/site-packages/airflow/example_dags/example_sensors.py
[2025-11-03T20:00:44.578+0000] {logging_mixin.py:188} INFO - [2025-11-03T20:00:44.578+0000] {dag.py:3096} INFO - Sync 1 DAGs
[2025-11-03T20:00:44.582+0000] {logging_mixin.py:188} INFO - [2025-11-03T20:00:44.582+0000] {dag.py:3954} INFO - Setting next_dagrun for example_sensors to None, run_after=None
[2025-11-03T20:00:44.591+0000] {processor.py:183} INFO - Processing /home/airflow/.local/lib/python3.12/site-packages/airflow/example_dags/example_sensors.py took 0.032 seconds
[2025-11-03T20:01:15.375+0000] {processor.py:161} INFO - Started process (PID=250) to work on /home/airflow/.local/lib/python3.12/site-packages/airflow/example_dags/example_sensors.py
[2025-11-03T20:01:15.379+0000] {processor.py:830} INFO - Processing file /home/airflow/.local/lib/python3.12/site-packages/airflow/example_dags/example_sensors.py for tasks to queue
[2025-11-03T20:01:15.381+0000] {logging_mixin.py:188} INFO - [2025-11-03T20:01:15.380+0000] {dagbag.py:545} INFO - Filling up the DagBag from /home/airflow/.local/lib/python3.12/site-packages/airflow/example_dags/example_sensors.py
[2025-11-03T20:01:15.387+0000] {processor.py:840} INFO - DAG(s) 'example_sensors' retrieved from /home/airflow/.local/lib/python3.12/site-packages/airflow/example_dags/example_sensors.py
[2025-11-03T20:01:15.401+0000] {logging_mixin.py:188} INFO - [2025-11-03T20:01:15.401+0000] {dag.py:3096} INFO - Sync 1 DAGs
[2025-11-03T20:01:15.406+0000] {logging_mixin.py:188} INFO - [2025-11-03T20:01:15.406+0000] {dag.py:3954} INFO - Setting next_dagrun for example_sensors to None, run_after=None
[2025-11-03T20:01:15.418+0000] {processor.py:183} INFO - Processing /home/airflow/.local/lib/python3.12/site-packages/airflow/example_dags/example_sensors.py took 0.044 seconds
[2025-11-03T20:01:45.923+0000] {processor.py:161} INFO - Started process (PID=310) to work on /home/airflow/.local/lib/python3.12/site-packages/airflow/example_dags/example_sensors.py
[2025-11-03T20:01:45.924+0000] {processor.py:830} INFO - Processing file /home/airflow/.local/lib/python3.12/site-packages/airflow/example_dags/example_sensors.py for tasks to queue
[2025-11-03T20:01:45.924+0000] {logging_mixin.py:188} INFO - [2025-11-03T20:01:45.924+0000] {dagbag.py:545} INFO - Filling up the DagBag from /home/airflow/.local/lib/python3.12/site-packages/airflow/example_dags/example_sensors.py
[2025-11-03T20:01:45.930+0000] {processor.py:840} INFO - DAG(s) 'example_sensors' retrieved from /home/airflow/.local/lib/python3.12/site-packages/airflow/example_dags/example_sensors.py
[2025-11-03T20:01:45.943+0000] {logging_mixin.py:188} INFO - [2025-11-03T20:01:45.943+0000] {dag.py:3096} INFO - Sync 1 DAGs
[2025-11-03T20:01:45.949+0000] {logging_mixin.py:188} INFO - [2025-11-03T20:01:45.949+0000] {dag.py:3954} INFO - Setting next_dagrun for example_sensors to None, run_after=None
[2025-11-03T20:01:45.957+0000] {processor.py:183} INFO - Processing /home/airflow/.local/lib/python3.12/site-packages/airflow/example_dags/example_sensors.py took 0.038 seconds
[2025-11-03T20:02:16.535+0000] {processor.py:161} INFO - Started process (PID=370) to work on /home/airflow/.local/lib/python3.12/site-packages/airflow/example_dags/example_sensors.py
[2025-11-03T20:02:16.536+0000] {processor.py:830} INFO - Processing file /home/airflow/.local/lib/python3.12/site-packages/airflow/example_dags/example_sensors.py for tasks to queue
[2025-11-03T20:02:16.536+0000] {logging_mixin.py:188} INFO - [2025-11-03T20:02:16.536+0000] {dagbag.py:545} INFO - Filling up the DagBag from /home/airflow/.local/lib/python3.12/site-packages/airflow/example_dags/example_sensors.py
[2025-11-03T20:02:16.540+0000] {processor.py:840} INFO - DAG(s) 'example_sensors' retrieved from /home/airflow/.local/lib/python3.12/site-packages/airflow/example_dags/example_sensors.py
[2025-11-03T20:02:16.551+0000] {logging_mixin.py:188} INFO - [2025-11-03T20:02:16.551+0000] {dag.py:3096} INFO - Sync 1 DAGs
[2025-11-03T20:02:16.556+0000] {logging_mixin.py:188} INFO - [2025-11-03T20:02:16.556+0000] {dag.py:3954} INFO - Setting next_dagrun for example_sensors to None, run_after=None
[2025-11-03T20:02:16.564+0000] {processor.py:183} INFO - Processing /home/airflow/.local/lib/python3.12/site-packages/airflow/example_dags/example_sensors.py took 0.031 seconds
[2025-11-03T20:02:47.166+0000] {processor.py:161} INFO - Started process (PID=430) to work on /home/airflow/.local/lib/python3.12/site-packages/airflow/example_dags/example_sensors.py
[2025-11-03T20:02:47.167+0000] {processor.py:830} INFO - Processing file /home/airflow/.local/lib/python3.12/site-packages/airflow/example_dags/example_sensors.py for tasks to queue
[2025-11-03T20:02:47.167+0000] {logging_mixin.py:188} INFO - [2025-11-03T20:02:47.167+0000] {dagbag.py:545} INFO - Filling up the DagBag from /home/airflow/.local/lib/python3.12/site-packages/airflow/example_dags/example_sensors.py
[2025-11-03T20:02:47.172+0000] {processor.py:840} INFO - DAG(s) 'example_sensors' retrieved from /home/airflow/.local/lib/python3.12/site-packages/airflow/example_dags/example_sensors.py
[2025-11-03T20:02:47.183+0000] {logging_mixin.py:188} INFO - [2025-11-03T20:02:47.183+0000] {dag.py:3096} INFO - Sync 1 DAGs
[2025-11-03T20:02:47.187+0000] {logging_mixin.py:188} INFO - [2025-11-03T20:02:47.187+0000] {dag.py:3954} INFO - Setting next_dagrun for example_sensors to None, run_after=None
[2025-11-03T20:02:47.198+0000] {processor.py:183} INFO - Processing /home/airflow/.local/lib/python3.12/site-packages/airflow/example_dags/example_sensors.py took 0.034 seconds
[2025-11-03T20:03:17.828+0000] {processor.py:161} INFO - Started process (PID=490) to work on /home/airflow/.local/lib/python3.12/site-packages/airflow/example_dags/example_sensors.py
[2025-11-03T20:03:17.828+0000] {processor.py:830} INFO - Processing file /home/airflow/.local/lib/python3.12/site-packages/airflow/example_dags/example_sensors.py for tasks to queue
[2025-11-03T20:03:17.828+0000] {logging_mixin.py:188} INFO - [2025-11-03T20:03:17.828+0000] {dagbag.py:545} INFO - Filling up the DagBag from /home/airflow/.local/lib/python3.12/site-packages/airflow/example_dags/example_sensors.py
[2025-11-03T20:03:17.832+0000] {processor.py:840} INFO - DAG(s) 'example_sensors' retrieved from /home/airflow/.local/lib/python3.12/site-packages/airflow/example_dags/example_sensors.py
[2025-11-03T20:03:17.843+0000] {logging_mixin.py:188} INFO - [2025-11-03T20:03:17.843+0000] {dag.py:3096} INFO - Sync 1 DAGs
[2025-11-03T20:03:17.848+0000] {logging_mixin.py:188} INFO - [2025-11-03T20:03:17.848+0000] {dag.py:3954} INFO - Setting next_dagrun for example_sensors to None, run_after=None
[2025-11-03T20:03:17.857+0000] {processor.py:183} INFO - Processing /home/airflow/.local/lib/python3.12/site-packages/airflow/example_dags/example_sensors.py took 0.032 seconds
[2025-11-03T20:03:48.578+0000] {processor.py:161} INFO - Started process (PID=550) to work on /home/airflow/.local/lib/python3.12/site-packages/airflow/example_dags/example_sensors.py
[2025-11-03T20:03:48.580+0000] {processor.py:830} INFO - Processing file /home/airflow/.local/lib/python3.12/site-packages/airflow/example_dags/example_sensors.py for tasks to queue
[2025-11-03T20:03:48.580+0000] {logging_mixin.py:188} INFO - [2025-11-03T20:03:48.580+0000] {dagbag.py:545} INFO - Filling up the DagBag from /home/airflow/.local/lib/python3.12/site-packages/airflow/example_dags/example_sensors.py
[2025-11-03T20:03:48.587+0000] {processor.py:840} INFO - DAG(s) 'example_sensors' retrieved from /home/airflow/.local/lib/python3.12/site-packages/airflow/example_dags/example_sensors.py
[2025-11-03T20:03:48.603+0000] {logging_mixin.py:188} INFO - [2025-11-03T20:03:48.603+0000] {dag.py:3096} INFO - Sync 1 DAGs
[2025-11-03T20:03:48.608+0000] {logging_mixin.py:188} INFO - [2025-11-03T20:03:48.608+0000] {dag.py:3954} INFO - Setting next_dagrun for example_sensors to None, run_after=None
[2025-11-03T20:03:48.616+0000] {processor.py:183} INFO - Processing /home/airflow/.local/lib/python3.12/site-packages/airflow/example_dags/example_sensors.py took 0.040 seconds
[2025-11-03T20:04:19.314+0000] {processor.py:161} INFO - Started process (PID=610) to work on /home/airflow/.local/lib/python3.12/site-packages/airflow/example_dags/example_sensors.py
[2025-11-03T20:04:19.315+0000] {processor.py:830} INFO - Processing file /home/airflow/.local/lib/python3.12/site-packages/airflow/example_dags/example_sensors.py for tasks to queue
[2025-11-03T20:04:19.316+0000] {logging_mixin.py:188} INFO - [2025-11-03T20:04:19.316+0000] {dagbag.py:545} INFO - Filling up the DagBag from /home/airflow/.local/lib/python3.12/site-packages/airflow/example_dags/example_sensors.py
[2025-11-03T20:04:19.321+0000] {processor.py:840} INFO - DAG(s) 'example_sensors' retrieved from /home/airflow/.local/lib/python3.12/site-packages/airflow/example_dags/example_sensors.py
[2025-11-03T20:04:19.331+0000] {logging_mixin.py:188} INFO - [2025-11-03T20:04:19.331+0000] {dag.py:3096} INFO - Sync 1 DAGs
[2025-11-03T20:04:19.336+0000] {logging_mixin.py:188} INFO - [2025-11-03T20:04:19.336+0000] {dag.py:3954} INFO - Setting next_dagrun for example_sensors to None, run_after=None
[2025-11-03T20:04:19.343+0000] {processor.py:183} INFO - Processing /home/airflow/.local/lib/python3.12/site-packages/airflow/example_dags/example_sensors.py took 0.032 seconds
[2025-11-03T20:04:50.065+0000] {processor.py:161} INFO - Started process (PID=670) to work on /home/airflow/.local/lib/python3.12/site-packages/airflow/example_dags/example_sensors.py
[2025-11-03T20:04:50.066+0000] {processor.py:830} INFO - Processing file /home/airflow/.local/lib/python3.12/site-packages/airflow/example_dags/example_sensors.py for tasks to queue
[2025-11-03T20:04:50.067+0000] {logging_mixin.py:188} INFO - [2025-11-03T20:04:50.066+0000] {dagbag.py:545} INFO - Filling up the DagBag from /home/airflow/.local/lib/python3.12/site-packages/airflow/example_dags/example_sensors.py
[2025-11-03T20:04:50.070+0000] {processor.py:840} INFO - DAG(s) 'example_sensors' retrieved from /home/airflow/.local/lib/python3.12/site-packages/airflow/example_dags/example_sensors.py
[2025-11-03T20:04:50.080+0000] {logging_mixin.py:188} INFO - [2025-11-03T20:04:50.080+0000] {dag.py:3096} INFO - Sync 1 DAGs
[2025-11-03T20:04:50.086+0000] {logging_mixin.py:188} INFO - [2025-11-03T20:04:50.086+0000] {dag.py:3954} INFO - Setting next_dagrun for example_sensors to None, run_after=None
[2025-11-03T20:04:50.094+0000] {processor.py:183} INFO - Processing /home/airflow/.local/lib/python3.12/site-packages/airflow/example_dags/example_sensors.py took 0.031 seconds
[2025-11-03T20:05:20.988+0000] {processor.py:161} INFO - Started process (PID=730) to work on /home/airflow/.local/lib/python3.12/site-packages/airflow/example_dags/example_sensors.py
[2025-11-03T20:05:20.990+0000] {processor.py:830} INFO - Processing file /home/airflow/.local/lib/python3.12/site-packages/airflow/example_dags/example_sensors.py for tasks to queue
[2025-11-03T20:05:20.990+0000] {logging_mixin.py:188} INFO - [2025-11-03T20:05:20.990+0000] {dagbag.py:545} INFO - Filling up the DagBag from /home/airflow/.local/lib/python3.12/site-packages/airflow/example_dags/example_sensors.py
[2025-11-03T20:05:20.994+0000] {processor.py:840} INFO - DAG(s) 'example_sensors' retrieved from /home/airflow/.local/lib/python3.12/site-packages/airflow/example_dags/example_sensors.py
[2025-11-03T20:05:21.003+0000] {logging_mixin.py:188} INFO - [2025-11-03T20:05:21.003+0000] {dag.py:3096} INFO - Sync 1 DAGs
[2025-11-03T20:05:21.008+0000] {logging_mixin.py:188} INFO - [2025-11-03T20:05:21.008+0000] {dag.py:3954} INFO - Setting next_dagrun for example_sensors to None, run_after=None
[2025-11-03T20:05:21.014+0000] {processor.py:183} INFO - Processing /home/airflow/.local/lib/python3.12/site-packages/airflow/example_dags/example_sensors.py took 0.028 seconds
[2025-11-03T20:05:51.629+0000] {processor.py:161} INFO - Started process (PID=790) to work on /home/airflow/.local/lib/python3.12/site-packages/airflow/example_dags/example_sensors.py
[2025-11-03T20:05:51.629+0000] {processor.py:830} INFO - Processing file /home/airflow/.local/lib/python3.12/site-packages/airflow/example_dags/example_sensors.py for tasks to queue
[2025-11-03T20:05:51.629+0000] {logging_mixin.py:188} INFO - [2025-11-03T20:05:51.629+0000] {dagbag.py:545} INFO - Filling up the DagBag from /home/airflow/.local/lib/python3.12/site-packages/airflow/example_dags/example_sensors.py
[2025-11-03T20:05:51.633+0000] {processor.py:840} INFO - DAG(s) 'example_sensors' retrieved from /home/airflow/.local/lib/python3.12/site-packages/airflow/example_dags/example_sensors.py
[2025-11-03T20:05:51.643+0000] {logging_mixin.py:188} INFO - [2025-11-03T20:05:51.642+0000] {dag.py:3096} INFO - Sync 1 DAGs
[2025-11-03T20:05:51.647+0000] {logging_mixin.py:188} INFO - [2025-11-03T20:05:51.646+0000] {dag.py:3954} INFO - Setting next_dagrun for example_sensors to None, run_after=None
[2025-11-03T20:05:51.653+0000] {processor.py:183} INFO - Processing /home/airflow/.local/lib/python3.12/site-packages/airflow/example_dags/example_sensors.py took 0.027 seconds
[2025-11-03T20:06:22.126+0000] {processor.py:161} INFO - Started process (PID=850) to work on /home/airflow/.local/lib/python3.12/site-packages/airflow/example_dags/example_sensors.py
[2025-11-03T20:06:22.127+0000] {processor.py:830} INFO - Processing file /home/airflow/.local/lib/python3.12/site-packages/airflow/example_dags/example_sensors.py for tasks to queue
[2025-11-03T20:06:22.128+0000] {logging_mixin.py:188} INFO - [2025-11-03T20:06:22.128+0000] {dagbag.py:545} INFO - Filling up the DagBag from /home/airflow/.local/lib/python3.12/site-packages/airflow/example_dags/example_sensors.py
[2025-11-03T20:06:22.133+0000] {processor.py:840} INFO - DAG(s) 'example_sensors' retrieved from /home/airflow/.local/lib/python3.12/site-packages/airflow/example_dags/example_sensors.py
[2025-11-03T20:06:22.143+0000] {logging_mixin.py:188} INFO - [2025-11-03T20:06:22.143+0000] {dag.py:3096} INFO - Sync 1 DAGs
[2025-11-03T20:06:22.148+0000] {logging_mixin.py:188} INFO - [2025-11-03T20:06:22.148+0000] {dag.py:3954} INFO - Setting next_dagrun for example_sensors to None, run_after=None
[2025-11-03T20:06:22.156+0000] {processor.py:183} INFO - Processing /home/airflow/.local/lib/python3.12/site-packages/airflow/example_dags/example_sensors.py took 0.032 seconds
[2025-11-03T20:06:52.682+0000] {processor.py:161} INFO - Started process (PID=910) to work on /home/airflow/.local/lib/python3.12/site-packages/airflow/example_dags/example_sensors.py
[2025-11-03T20:06:52.682+0000] {processor.py:830} INFO - Processing file /home/airflow/.local/lib/python3.12/site-packages/airflow/example_dags/example_sensors.py for tasks to queue
[2025-11-03T20:06:52.683+0000] {logging_mixin.py:188} INFO - [2025-11-03T20:06:52.683+0000] {dagbag.py:545} INFO - Filling up the DagBag from /home/airflow/.local/lib/python3.12/site-packages/airflow/example_dags/example_sensors.py
[2025-11-03T20:06:52.687+0000] {processor.py:840} INFO - DAG(s) 'example_sensors' retrieved from /home/airflow/.local/lib/python3.12/site-packages/airflow/example_dags/example_sensors.py
[2025-11-03T20:06:52.700+0000] {logging_mixin.py:188} INFO - [2025-11-03T20:06:52.700+0000] {dag.py:3096} INFO - Sync 1 DAGs
[2025-11-03T20:06:52.705+0000] {logging_mixin.py:188} INFO - [2025-11-03T20:06:52.705+0000] {dag.py:3954} INFO - Setting next_dagrun for example_sensors to None, run_after=None
[2025-11-03T20:06:52.711+0000] {processor.py:183} INFO - Processing /home/airflow/.local/lib/python3.12/site-packages/airflow/example_dags/example_sensors.py took 0.032 seconds
[2025-11-03T20:07:23.306+0000] {processor.py:161} INFO - Started process (PID=970) to work on /home/airflow/.local/lib/python3.12/site-packages/airflow/example_dags/example_sensors.py
[2025-11-03T20:07:23.308+0000] {processor.py:830} INFO - Processing file /home/airflow/.local/lib/python3.12/site-packages/airflow/example_dags/example_sensors.py for tasks to queue
[2025-11-03T20:07:23.309+0000] {logging_mixin.py:188} INFO - [2025-11-03T20:07:23.309+0000] {dagbag.py:545} INFO - Filling up the DagBag from /home/airflow/.local/lib/python3.12/site-packages/airflow/example_dags/example_sensors.py
[2025-11-03T20:07:23.313+0000] {processor.py:840} INFO - DAG(s) 'example_sensors' retrieved from /home/airflow/.local/lib/python3.12/site-packages/airflow/example_dags/example_sensors.py
[2025-11-03T20:07:23.324+0000] {logging_mixin.py:188} INFO - [2025-11-03T20:07:23.323+0000] {dag.py:3096} INFO - Sync 1 DAGs
[2025-11-03T20:07:23.329+0000] {logging_mixin.py:188} INFO - [2025-11-03T20:07:23.329+0000] {dag.py:3954} INFO - Setting next_dagrun for example_sensors to None, run_after=None
[2025-11-03T20:07:23.338+0000] {processor.py:183} INFO - Processing /home/airflow/.local/lib/python3.12/site-packages/airflow/example_dags/example_sensors.py took 0.034 seconds
[2025-11-03T20:07:53.980+0000] {processor.py:161} INFO - Started process (PID=1030) to work on /home/airflow/.local/lib/python3.12/site-packages/airflow/example_dags/example_sensors.py
[2025-11-03T20:07:53.980+0000] {processor.py:830} INFO - Processing file /home/airflow/.local/lib/python3.12/site-packages/airflow/example_dags/example_sensors.py for tasks to queue
[2025-11-03T20:07:53.982+0000] {logging_mixin.py:188} INFO - [2025-11-03T20:07:53.982+0000] {dagbag.py:545} INFO - Filling up the DagBag from /home/airflow/.local/lib/python3.12/site-packages/airflow/example_dags/example_sensors.py
[2025-11-03T20:07:53.986+0000] {processor.py:840} INFO - DAG(s) 'example_sensors' retrieved from /home/airflow/.local/lib/python3.12/site-packages/airflow/example_dags/example_sensors.py
[2025-11-03T20:07:53.997+0000] {logging_mixin.py:188} INFO - [2025-11-03T20:07:53.997+0000] {dag.py:3096} INFO - Sync 1 DAGs
[2025-11-03T20:07:54.001+0000] {logging_mixin.py:188} INFO - [2025-11-03T20:07:54.001+0000] {dag.py:3954} INFO - Setting next_dagrun for example_sensors to None, run_after=None
[2025-11-03T20:07:54.011+0000] {processor.py:183} INFO - Processing /home/airflow/.local/lib/python3.12/site-packages/airflow/example_dags/example_sensors.py took 0.034 seconds
[2025-11-03T20:08:24.617+0000] {processor.py:161} INFO - Started process (PID=1090) to work on /home/airflow/.local/lib/python3.12/site-packages/airflow/example_dags/example_sensors.py
[2025-11-03T20:08:24.617+0000] {processor.py:830} INFO - Processing file /home/airflow/.local/lib/python3.12/site-packages/airflow/example_dags/example_sensors.py for tasks to queue
[2025-11-03T20:08:24.621+0000] {logging_mixin.py:188} INFO - [2025-11-03T20:08:24.620+0000] {dagbag.py:545} INFO - Filling up the DagBag from /home/airflow/.local/lib/python3.12/site-packages/airflow/example_dags/example_sensors.py
[2025-11-03T20:08:24.624+0000] {processor.py:840} INFO - DAG(s) 'example_sensors' retrieved from /home/airflow/.local/lib/python3.12/site-packages/airflow/example_dags/example_sensors.py
[2025-11-03T20:08:24.633+0000] {logging_mixin.py:188} INFO - [2025-11-03T20:08:24.632+0000] {dag.py:3096} INFO - Sync 1 DAGs
[2025-11-03T20:08:24.637+0000] {logging_mixin.py:188} INFO - [2025-11-03T20:08:24.637+0000] {dag.py:3954} INFO - Setting next_dagrun for example_sensors to None, run_after=None
[2025-11-03T20:08:24.643+0000] {processor.py:183} INFO - Processing /home/airflow/.local/lib/python3.12/site-packages/airflow/example_dags/example_sensors.py took 0.028 seconds
