[2025-11-03T19:59:42.708+0000] {processor.py:161} INFO - Started process (PID=45) to work on /home/airflow/.local/lib/python3.12/site-packages/airflow/example_dags/example_time_delta_sensor_async.py
[2025-11-03T19:59:42.708+0000] {processor.py:830} INFO - Processing file /home/airflow/.local/lib/python3.12/site-packages/airflow/example_dags/example_time_delta_sensor_async.py for tasks to queue
[2025-11-03T19:59:42.710+0000] {logging_mixin.py:188} INFO - [2025-11-03T19:59:42.710+0000] {dagbag.py:545} INFO - Filling up the DagBag from /home/airflow/.local/lib/python3.12/site-packages/airflow/example_dags/example_time_delta_sensor_async.py
[2025-11-03T19:59:42.715+0000] {processor.py:840} INFO - DAG(s) 'example_time_delta_sensor_async' retrieved from /home/airflow/.local/lib/python3.12/site-packages/airflow/example_dags/example_time_delta_sensor_async.py
[2025-11-03T19:59:42.723+0000] {logging_mixin.py:188} INFO - [2025-11-03T19:59:42.722+0000] {dag.py:3096} INFO - Sync 1 DAGs
[2025-11-03T19:59:42.730+0000] {logging_mixin.py:188} INFO - [2025-11-03T19:59:42.730+0000] {dag.py:3954} INFO - Setting next_dagrun for example_time_delta_sensor_async to None, run_after=None
[2025-11-03T19:59:42.743+0000] {processor.py:183} INFO - Processing /home/airflow/.local/lib/python3.12/site-packages/airflow/example_dags/example_time_delta_sensor_async.py took 0.039 seconds
[2025-11-03T20:00:12.877+0000] {processor.py:161} INFO - Started process (PID=103) to work on /home/airflow/.local/lib/python3.12/site-packages/airflow/example_dags/example_time_delta_sensor_async.py
[2025-11-03T20:00:12.877+0000] {processor.py:830} INFO - Processing file /home/airflow/.local/lib/python3.12/site-packages/airflow/example_dags/example_time_delta_sensor_async.py for tasks to queue
[2025-11-03T20:00:12.878+0000] {logging_mixin.py:188} INFO - [2025-11-03T20:00:12.878+0000] {dagbag.py:545} INFO - Filling up the DagBag from /home/airflow/.local/lib/python3.12/site-packages/airflow/example_dags/example_time_delta_sensor_async.py
[2025-11-03T20:00:12.879+0000] {processor.py:840} INFO - DAG(s) 'example_time_delta_sensor_async' retrieved from /home/airflow/.local/lib/python3.12/site-packages/airflow/example_dags/example_time_delta_sensor_async.py
[2025-11-03T20:00:12.916+0000] {logging_mixin.py:188} INFO - [2025-11-03T20:00:12.916+0000] {dag.py:3096} INFO - Sync 1 DAGs
[2025-11-03T20:00:12.919+0000] {logging_mixin.py:188} INFO - [2025-11-03T20:00:12.919+0000] {dag.py:3954} INFO - Setting next_dagrun for example_time_delta_sensor_async to None, run_after=None
[2025-11-03T20:00:12.924+0000] {processor.py:183} INFO - Processing /home/airflow/.local/lib/python3.12/site-packages/airflow/example_dags/example_time_delta_sensor_async.py took 0.049 seconds
[2025-11-03T20:00:43.019+0000] {processor.py:161} INFO - Started process (PID=163) to work on /home/airflow/.local/lib/python3.12/site-packages/airflow/example_dags/example_time_delta_sensor_async.py
[2025-11-03T20:00:43.021+0000] {processor.py:830} INFO - Processing file /home/airflow/.local/lib/python3.12/site-packages/airflow/example_dags/example_time_delta_sensor_async.py for tasks to queue
[2025-11-03T20:00:43.022+0000] {logging_mixin.py:188} INFO - [2025-11-03T20:00:43.022+0000] {dagbag.py:545} INFO - Filling up the DagBag from /home/airflow/.local/lib/python3.12/site-packages/airflow/example_dags/example_time_delta_sensor_async.py
[2025-11-03T20:00:43.024+0000] {processor.py:840} INFO - DAG(s) 'example_time_delta_sensor_async' retrieved from /home/airflow/.local/lib/python3.12/site-packages/airflow/example_dags/example_time_delta_sensor_async.py
[2025-11-03T20:00:43.033+0000] {logging_mixin.py:188} INFO - [2025-11-03T20:00:43.032+0000] {dag.py:3096} INFO - Sync 1 DAGs
[2025-11-03T20:00:43.039+0000] {logging_mixin.py:188} INFO - [2025-11-03T20:00:43.039+0000] {dag.py:3954} INFO - Setting next_dagrun for example_time_delta_sensor_async to None, run_after=None
[2025-11-03T20:00:43.049+0000] {processor.py:183} INFO - Processing /home/airflow/.local/lib/python3.12/site-packages/airflow/example_dags/example_time_delta_sensor_async.py took 0.033 seconds
[2025-11-03T20:01:13.774+0000] {processor.py:161} INFO - Started process (PID=229) to work on /home/airflow/.local/lib/python3.12/site-packages/airflow/example_dags/example_time_delta_sensor_async.py
[2025-11-03T20:01:13.775+0000] {processor.py:830} INFO - Processing file /home/airflow/.local/lib/python3.12/site-packages/airflow/example_dags/example_time_delta_sensor_async.py for tasks to queue
[2025-11-03T20:01:13.775+0000] {logging_mixin.py:188} INFO - [2025-11-03T20:01:13.775+0000] {dagbag.py:545} INFO - Filling up the DagBag from /home/airflow/.local/lib/python3.12/site-packages/airflow/example_dags/example_time_delta_sensor_async.py
[2025-11-03T20:01:13.778+0000] {processor.py:840} INFO - DAG(s) 'example_time_delta_sensor_async' retrieved from /home/airflow/.local/lib/python3.12/site-packages/airflow/example_dags/example_time_delta_sensor_async.py
[2025-11-03T20:01:13.788+0000] {logging_mixin.py:188} INFO - [2025-11-03T20:01:13.787+0000] {dag.py:3096} INFO - Sync 1 DAGs
[2025-11-03T20:01:13.796+0000] {logging_mixin.py:188} INFO - [2025-11-03T20:01:13.796+0000] {dag.py:3954} INFO - Setting next_dagrun for example_time_delta_sensor_async to None, run_after=None
[2025-11-03T20:01:13.804+0000] {processor.py:183} INFO - Processing /home/airflow/.local/lib/python3.12/site-packages/airflow/example_dags/example_time_delta_sensor_async.py took 0.032 seconds
[2025-11-03T20:01:44.375+0000] {processor.py:161} INFO - Started process (PID=289) to work on /home/airflow/.local/lib/python3.12/site-packages/airflow/example_dags/example_time_delta_sensor_async.py
[2025-11-03T20:01:44.375+0000] {processor.py:830} INFO - Processing file /home/airflow/.local/lib/python3.12/site-packages/airflow/example_dags/example_time_delta_sensor_async.py for tasks to queue
[2025-11-03T20:01:44.375+0000] {logging_mixin.py:188} INFO - [2025-11-03T20:01:44.375+0000] {dagbag.py:545} INFO - Filling up the DagBag from /home/airflow/.local/lib/python3.12/site-packages/airflow/example_dags/example_time_delta_sensor_async.py
[2025-11-03T20:01:44.377+0000] {processor.py:840} INFO - DAG(s) 'example_time_delta_sensor_async' retrieved from /home/airflow/.local/lib/python3.12/site-packages/airflow/example_dags/example_time_delta_sensor_async.py
[2025-11-03T20:01:44.388+0000] {logging_mixin.py:188} INFO - [2025-11-03T20:01:44.388+0000] {dag.py:3096} INFO - Sync 1 DAGs
[2025-11-03T20:01:44.392+0000] {logging_mixin.py:188} INFO - [2025-11-03T20:01:44.392+0000] {dag.py:3954} INFO - Setting next_dagrun for example_time_delta_sensor_async to None, run_after=None
[2025-11-03T20:01:44.400+0000] {processor.py:183} INFO - Processing /home/airflow/.local/lib/python3.12/site-packages/airflow/example_dags/example_time_delta_sensor_async.py took 0.027 seconds
[2025-11-03T20:02:14.947+0000] {processor.py:161} INFO - Started process (PID=349) to work on /home/airflow/.local/lib/python3.12/site-packages/airflow/example_dags/example_time_delta_sensor_async.py
[2025-11-03T20:02:14.947+0000] {processor.py:830} INFO - Processing file /home/airflow/.local/lib/python3.12/site-packages/airflow/example_dags/example_time_delta_sensor_async.py for tasks to queue
[2025-11-03T20:02:14.949+0000] {logging_mixin.py:188} INFO - [2025-11-03T20:02:14.948+0000] {dagbag.py:545} INFO - Filling up the DagBag from /home/airflow/.local/lib/python3.12/site-packages/airflow/example_dags/example_time_delta_sensor_async.py
[2025-11-03T20:02:14.951+0000] {processor.py:840} INFO - DAG(s) 'example_time_delta_sensor_async' retrieved from /home/airflow/.local/lib/python3.12/site-packages/airflow/example_dags/example_time_delta_sensor_async.py
[2025-11-03T20:02:14.962+0000] {logging_mixin.py:188} INFO - [2025-11-03T20:02:14.962+0000] {dag.py:3096} INFO - Sync 1 DAGs
[2025-11-03T20:02:14.967+0000] {logging_mixin.py:188} INFO - [2025-11-03T20:02:14.967+0000] {dag.py:3954} INFO - Setting next_dagrun for example_time_delta_sensor_async to None, run_after=None
[2025-11-03T20:02:14.978+0000] {processor.py:183} INFO - Processing /home/airflow/.local/lib/python3.12/site-packages/airflow/example_dags/example_time_delta_sensor_async.py took 0.035 seconds
[2025-11-03T20:02:45.561+0000] {processor.py:161} INFO - Started process (PID=409) to work on /home/airflow/.local/lib/python3.12/site-packages/airflow/example_dags/example_time_delta_sensor_async.py
[2025-11-03T20:02:45.562+0000] {processor.py:830} INFO - Processing file /home/airflow/.local/lib/python3.12/site-packages/airflow/example_dags/example_time_delta_sensor_async.py for tasks to queue
[2025-11-03T20:02:45.563+0000] {logging_mixin.py:188} INFO - [2025-11-03T20:02:45.563+0000] {dagbag.py:545} INFO - Filling up the DagBag from /home/airflow/.local/lib/python3.12/site-packages/airflow/example_dags/example_time_delta_sensor_async.py
[2025-11-03T20:02:45.565+0000] {processor.py:840} INFO - DAG(s) 'example_time_delta_sensor_async' retrieved from /home/airflow/.local/lib/python3.12/site-packages/airflow/example_dags/example_time_delta_sensor_async.py
[2025-11-03T20:02:45.572+0000] {logging_mixin.py:188} INFO - [2025-11-03T20:02:45.572+0000] {dag.py:3096} INFO - Sync 1 DAGs
[2025-11-03T20:02:45.577+0000] {logging_mixin.py:188} INFO - [2025-11-03T20:02:45.577+0000] {dag.py:3954} INFO - Setting next_dagrun for example_time_delta_sensor_async to None, run_after=None
[2025-11-03T20:02:45.585+0000] {processor.py:183} INFO - Processing /home/airflow/.local/lib/python3.12/site-packages/airflow/example_dags/example_time_delta_sensor_async.py took 0.026 seconds
[2025-11-03T20:03:16.326+0000] {processor.py:161} INFO - Started process (PID=469) to work on /home/airflow/.local/lib/python3.12/site-packages/airflow/example_dags/example_time_delta_sensor_async.py
[2025-11-03T20:03:16.328+0000] {processor.py:830} INFO - Processing file /home/airflow/.local/lib/python3.12/site-packages/airflow/example_dags/example_time_delta_sensor_async.py for tasks to queue
[2025-11-03T20:03:16.328+0000] {logging_mixin.py:188} INFO - [2025-11-03T20:03:16.328+0000] {dagbag.py:545} INFO - Filling up the DagBag from /home/airflow/.local/lib/python3.12/site-packages/airflow/example_dags/example_time_delta_sensor_async.py
[2025-11-03T20:03:16.330+0000] {processor.py:840} INFO - DAG(s) 'example_time_delta_sensor_async' retrieved from /home/airflow/.local/lib/python3.12/site-packages/airflow/example_dags/example_time_delta_sensor_async.py
[2025-11-03T20:03:16.340+0000] {logging_mixin.py:188} INFO - [2025-11-03T20:03:16.340+0000] {dag.py:3096} INFO - Sync 1 DAGs
[2025-11-03T20:03:16.344+0000] {logging_mixin.py:188} INFO - [2025-11-03T20:03:16.344+0000] {dag.py:3954} INFO - Setting next_dagrun for example_time_delta_sensor_async to None, run_after=None
[2025-11-03T20:03:16.352+0000] {processor.py:183} INFO - Processing /home/airflow/.local/lib/python3.12/site-packages/airflow/example_dags/example_time_delta_sensor_async.py took 0.028 seconds
[2025-11-03T20:03:47.040+0000] {processor.py:161} INFO - Started process (PID=529) to work on /home/airflow/.local/lib/python3.12/site-packages/airflow/example_dags/example_time_delta_sensor_async.py
[2025-11-03T20:03:47.042+0000] {processor.py:830} INFO - Processing file /home/airflow/.local/lib/python3.12/site-packages/airflow/example_dags/example_time_delta_sensor_async.py for tasks to queue
[2025-11-03T20:03:47.042+0000] {logging_mixin.py:188} INFO - [2025-11-03T20:03:47.042+0000] {dagbag.py:545} INFO - Filling up the DagBag from /home/airflow/.local/lib/python3.12/site-packages/airflow/example_dags/example_time_delta_sensor_async.py
[2025-11-03T20:03:47.044+0000] {processor.py:840} INFO - DAG(s) 'example_time_delta_sensor_async' retrieved from /home/airflow/.local/lib/python3.12/site-packages/airflow/example_dags/example_time_delta_sensor_async.py
[2025-11-03T20:03:47.052+0000] {logging_mixin.py:188} INFO - [2025-11-03T20:03:47.052+0000] {dag.py:3096} INFO - Sync 1 DAGs
[2025-11-03T20:03:47.056+0000] {logging_mixin.py:188} INFO - [2025-11-03T20:03:47.056+0000] {dag.py:3954} INFO - Setting next_dagrun for example_time_delta_sensor_async to None, run_after=None
[2025-11-03T20:03:47.067+0000] {processor.py:183} INFO - Processing /home/airflow/.local/lib/python3.12/site-packages/airflow/example_dags/example_time_delta_sensor_async.py took 0.029 seconds
[2025-11-03T20:04:17.614+0000] {processor.py:161} INFO - Started process (PID=589) to work on /home/airflow/.local/lib/python3.12/site-packages/airflow/example_dags/example_time_delta_sensor_async.py
[2025-11-03T20:04:17.615+0000] {processor.py:830} INFO - Processing file /home/airflow/.local/lib/python3.12/site-packages/airflow/example_dags/example_time_delta_sensor_async.py for tasks to queue
[2025-11-03T20:04:17.615+0000] {logging_mixin.py:188} INFO - [2025-11-03T20:04:17.615+0000] {dagbag.py:545} INFO - Filling up the DagBag from /home/airflow/.local/lib/python3.12/site-packages/airflow/example_dags/example_time_delta_sensor_async.py
[2025-11-03T20:04:17.617+0000] {processor.py:840} INFO - DAG(s) 'example_time_delta_sensor_async' retrieved from /home/airflow/.local/lib/python3.12/site-packages/airflow/example_dags/example_time_delta_sensor_async.py
[2025-11-03T20:04:17.628+0000] {logging_mixin.py:188} INFO - [2025-11-03T20:04:17.628+0000] {dag.py:3096} INFO - Sync 1 DAGs
[2025-11-03T20:04:17.633+0000] {logging_mixin.py:188} INFO - [2025-11-03T20:04:17.633+0000] {dag.py:3954} INFO - Setting next_dagrun for example_time_delta_sensor_async to None, run_after=None
[2025-11-03T20:04:17.643+0000] {processor.py:183} INFO - Processing /home/airflow/.local/lib/python3.12/site-packages/airflow/example_dags/example_time_delta_sensor_async.py took 0.031 seconds
[2025-11-03T20:04:48.488+0000] {processor.py:161} INFO - Started process (PID=649) to work on /home/airflow/.local/lib/python3.12/site-packages/airflow/example_dags/example_time_delta_sensor_async.py
[2025-11-03T20:04:48.489+0000] {processor.py:830} INFO - Processing file /home/airflow/.local/lib/python3.12/site-packages/airflow/example_dags/example_time_delta_sensor_async.py for tasks to queue
[2025-11-03T20:04:48.489+0000] {logging_mixin.py:188} INFO - [2025-11-03T20:04:48.489+0000] {dagbag.py:545} INFO - Filling up the DagBag from /home/airflow/.local/lib/python3.12/site-packages/airflow/example_dags/example_time_delta_sensor_async.py
[2025-11-03T20:04:48.492+0000] {processor.py:840} INFO - DAG(s) 'example_time_delta_sensor_async' retrieved from /home/airflow/.local/lib/python3.12/site-packages/airflow/example_dags/example_time_delta_sensor_async.py
[2025-11-03T20:04:48.503+0000] {logging_mixin.py:188} INFO - [2025-11-03T20:04:48.502+0000] {dag.py:3096} INFO - Sync 1 DAGs
[2025-11-03T20:04:48.511+0000] {logging_mixin.py:188} INFO - [2025-11-03T20:04:48.511+0000] {dag.py:3954} INFO - Setting next_dagrun for example_time_delta_sensor_async to None, run_after=None
[2025-11-03T20:04:48.519+0000] {processor.py:183} INFO - Processing /home/airflow/.local/lib/python3.12/site-packages/airflow/example_dags/example_time_delta_sensor_async.py took 0.033 seconds
[2025-11-03T20:05:19.310+0000] {processor.py:161} INFO - Started process (PID=709) to work on /home/airflow/.local/lib/python3.12/site-packages/airflow/example_dags/example_time_delta_sensor_async.py
[2025-11-03T20:05:19.311+0000] {processor.py:830} INFO - Processing file /home/airflow/.local/lib/python3.12/site-packages/airflow/example_dags/example_time_delta_sensor_async.py for tasks to queue
[2025-11-03T20:05:19.312+0000] {logging_mixin.py:188} INFO - [2025-11-03T20:05:19.312+0000] {dagbag.py:545} INFO - Filling up the DagBag from /home/airflow/.local/lib/python3.12/site-packages/airflow/example_dags/example_time_delta_sensor_async.py
[2025-11-03T20:05:19.315+0000] {processor.py:840} INFO - DAG(s) 'example_time_delta_sensor_async' retrieved from /home/airflow/.local/lib/python3.12/site-packages/airflow/example_dags/example_time_delta_sensor_async.py
[2025-11-03T20:05:19.331+0000] {logging_mixin.py:188} INFO - [2025-11-03T20:05:19.331+0000] {dag.py:3096} INFO - Sync 1 DAGs
[2025-11-03T20:05:19.337+0000] {logging_mixin.py:188} INFO - [2025-11-03T20:05:19.337+0000] {dag.py:3954} INFO - Setting next_dagrun for example_time_delta_sensor_async to None, run_after=None
[2025-11-03T20:05:19.345+0000] {processor.py:183} INFO - Processing /home/airflow/.local/lib/python3.12/site-packages/airflow/example_dags/example_time_delta_sensor_async.py took 0.037 seconds
[2025-11-03T20:05:50.066+0000] {processor.py:161} INFO - Started process (PID=769) to work on /home/airflow/.local/lib/python3.12/site-packages/airflow/example_dags/example_time_delta_sensor_async.py
[2025-11-03T20:05:50.066+0000] {processor.py:830} INFO - Processing file /home/airflow/.local/lib/python3.12/site-packages/airflow/example_dags/example_time_delta_sensor_async.py for tasks to queue
[2025-11-03T20:05:50.067+0000] {logging_mixin.py:188} INFO - [2025-11-03T20:05:50.067+0000] {dagbag.py:545} INFO - Filling up the DagBag from /home/airflow/.local/lib/python3.12/site-packages/airflow/example_dags/example_time_delta_sensor_async.py
[2025-11-03T20:05:50.068+0000] {processor.py:840} INFO - DAG(s) 'example_time_delta_sensor_async' retrieved from /home/airflow/.local/lib/python3.12/site-packages/airflow/example_dags/example_time_delta_sensor_async.py
[2025-11-03T20:05:50.079+0000] {logging_mixin.py:188} INFO - [2025-11-03T20:05:50.079+0000] {dag.py:3096} INFO - Sync 1 DAGs
[2025-11-03T20:05:50.084+0000] {logging_mixin.py:188} INFO - [2025-11-03T20:05:50.084+0000] {dag.py:3954} INFO - Setting next_dagrun for example_time_delta_sensor_async to None, run_after=None
[2025-11-03T20:05:50.096+0000] {processor.py:183} INFO - Processing /home/airflow/.local/lib/python3.12/site-packages/airflow/example_dags/example_time_delta_sensor_async.py took 0.032 seconds
[2025-11-03T20:06:20.532+0000] {processor.py:161} INFO - Started process (PID=829) to work on /home/airflow/.local/lib/python3.12/site-packages/airflow/example_dags/example_time_delta_sensor_async.py
[2025-11-03T20:06:20.533+0000] {processor.py:830} INFO - Processing file /home/airflow/.local/lib/python3.12/site-packages/airflow/example_dags/example_time_delta_sensor_async.py for tasks to queue
[2025-11-03T20:06:20.534+0000] {logging_mixin.py:188} INFO - [2025-11-03T20:06:20.534+0000] {dagbag.py:545} INFO - Filling up the DagBag from /home/airflow/.local/lib/python3.12/site-packages/airflow/example_dags/example_time_delta_sensor_async.py
[2025-11-03T20:06:20.537+0000] {processor.py:840} INFO - DAG(s) 'example_time_delta_sensor_async' retrieved from /home/airflow/.local/lib/python3.12/site-packages/airflow/example_dags/example_time_delta_sensor_async.py
[2025-11-03T20:06:20.548+0000] {logging_mixin.py:188} INFO - [2025-11-03T20:06:20.548+0000] {dag.py:3096} INFO - Sync 1 DAGs
[2025-11-03T20:06:20.554+0000] {logging_mixin.py:188} INFO - [2025-11-03T20:06:20.553+0000] {dag.py:3954} INFO - Setting next_dagrun for example_time_delta_sensor_async to None, run_after=None
[2025-11-03T20:06:20.564+0000] {processor.py:183} INFO - Processing /home/airflow/.local/lib/python3.12/site-packages/airflow/example_dags/example_time_delta_sensor_async.py took 0.035 seconds
[2025-11-03T20:06:51.100+0000] {processor.py:161} INFO - Started process (PID=889) to work on /home/airflow/.local/lib/python3.12/site-packages/airflow/example_dags/example_time_delta_sensor_async.py
[2025-11-03T20:06:51.101+0000] {processor.py:830} INFO - Processing file /home/airflow/.local/lib/python3.12/site-packages/airflow/example_dags/example_time_delta_sensor_async.py for tasks to queue
[2025-11-03T20:06:51.101+0000] {logging_mixin.py:188} INFO - [2025-11-03T20:06:51.101+0000] {dagbag.py:545} INFO - Filling up the DagBag from /home/airflow/.local/lib/python3.12/site-packages/airflow/example_dags/example_time_delta_sensor_async.py
[2025-11-03T20:06:51.103+0000] {processor.py:840} INFO - DAG(s) 'example_time_delta_sensor_async' retrieved from /home/airflow/.local/lib/python3.12/site-packages/airflow/example_dags/example_time_delta_sensor_async.py
[2025-11-03T20:06:51.113+0000] {logging_mixin.py:188} INFO - [2025-11-03T20:06:51.113+0000] {dag.py:3096} INFO - Sync 1 DAGs
[2025-11-03T20:06:51.119+0000] {logging_mixin.py:188} INFO - [2025-11-03T20:06:51.119+0000] {dag.py:3954} INFO - Setting next_dagrun for example_time_delta_sensor_async to None, run_after=None
[2025-11-03T20:06:51.124+0000] {processor.py:183} INFO - Processing /home/airflow/.local/lib/python3.12/site-packages/airflow/example_dags/example_time_delta_sensor_async.py took 0.027 seconds
[2025-11-03T20:07:21.711+0000] {processor.py:161} INFO - Started process (PID=949) to work on /home/airflow/.local/lib/python3.12/site-packages/airflow/example_dags/example_time_delta_sensor_async.py
[2025-11-03T20:07:21.712+0000] {processor.py:830} INFO - Processing file /home/airflow/.local/lib/python3.12/site-packages/airflow/example_dags/example_time_delta_sensor_async.py for tasks to queue
[2025-11-03T20:07:21.713+0000] {logging_mixin.py:188} INFO - [2025-11-03T20:07:21.713+0000] {dagbag.py:545} INFO - Filling up the DagBag from /home/airflow/.local/lib/python3.12/site-packages/airflow/example_dags/example_time_delta_sensor_async.py
[2025-11-03T20:07:21.715+0000] {processor.py:840} INFO - DAG(s) 'example_time_delta_sensor_async' retrieved from /home/airflow/.local/lib/python3.12/site-packages/airflow/example_dags/example_time_delta_sensor_async.py
[2025-11-03T20:07:21.722+0000] {logging_mixin.py:188} INFO - [2025-11-03T20:07:21.722+0000] {dag.py:3096} INFO - Sync 1 DAGs
[2025-11-03T20:07:21.730+0000] {logging_mixin.py:188} INFO - [2025-11-03T20:07:21.730+0000] {dag.py:3954} INFO - Setting next_dagrun for example_time_delta_sensor_async to None, run_after=None
[2025-11-03T20:07:21.738+0000] {processor.py:183} INFO - Processing /home/airflow/.local/lib/python3.12/site-packages/airflow/example_dags/example_time_delta_sensor_async.py took 0.029 seconds
[2025-11-03T20:07:52.377+0000] {processor.py:161} INFO - Started process (PID=1009) to work on /home/airflow/.local/lib/python3.12/site-packages/airflow/example_dags/example_time_delta_sensor_async.py
[2025-11-03T20:07:52.378+0000] {processor.py:830} INFO - Processing file /home/airflow/.local/lib/python3.12/site-packages/airflow/example_dags/example_time_delta_sensor_async.py for tasks to queue
[2025-11-03T20:07:52.378+0000] {logging_mixin.py:188} INFO - [2025-11-03T20:07:52.378+0000] {dagbag.py:545} INFO - Filling up the DagBag from /home/airflow/.local/lib/python3.12/site-packages/airflow/example_dags/example_time_delta_sensor_async.py
[2025-11-03T20:07:52.380+0000] {processor.py:840} INFO - DAG(s) 'example_time_delta_sensor_async' retrieved from /home/airflow/.local/lib/python3.12/site-packages/airflow/example_dags/example_time_delta_sensor_async.py
[2025-11-03T20:07:52.393+0000] {logging_mixin.py:188} INFO - [2025-11-03T20:07:52.392+0000] {dag.py:3096} INFO - Sync 1 DAGs
[2025-11-03T20:07:52.397+0000] {logging_mixin.py:188} INFO - [2025-11-03T20:07:52.397+0000] {dag.py:3954} INFO - Setting next_dagrun for example_time_delta_sensor_async to None, run_after=None
[2025-11-03T20:07:52.404+0000] {processor.py:183} INFO - Processing /home/airflow/.local/lib/python3.12/site-packages/airflow/example_dags/example_time_delta_sensor_async.py took 0.029 seconds
[2025-11-03T20:08:23.064+0000] {processor.py:161} INFO - Started process (PID=1069) to work on /home/airflow/.local/lib/python3.12/site-packages/airflow/example_dags/example_time_delta_sensor_async.py
[2025-11-03T20:08:23.064+0000] {processor.py:830} INFO - Processing file /home/airflow/.local/lib/python3.12/site-packages/airflow/example_dags/example_time_delta_sensor_async.py for tasks to queue
[2025-11-03T20:08:23.065+0000] {logging_mixin.py:188} INFO - [2025-11-03T20:08:23.065+0000] {dagbag.py:545} INFO - Filling up the DagBag from /home/airflow/.local/lib/python3.12/site-packages/airflow/example_dags/example_time_delta_sensor_async.py
[2025-11-03T20:08:23.067+0000] {processor.py:840} INFO - DAG(s) 'example_time_delta_sensor_async' retrieved from /home/airflow/.local/lib/python3.12/site-packages/airflow/example_dags/example_time_delta_sensor_async.py
[2025-11-03T20:08:23.076+0000] {logging_mixin.py:188} INFO - [2025-11-03T20:08:23.076+0000] {dag.py:3096} INFO - Sync 1 DAGs
[2025-11-03T20:08:23.082+0000] {logging_mixin.py:188} INFO - [2025-11-03T20:08:23.082+0000] {dag.py:3954} INFO - Setting next_dagrun for example_time_delta_sensor_async to None, run_after=None
[2025-11-03T20:08:23.091+0000] {processor.py:183} INFO - Processing /home/airflow/.local/lib/python3.12/site-packages/airflow/example_dags/example_time_delta_sensor_async.py took 0.030 seconds
