[2025-11-03T19:59:43.682+0000] {processor.py:161} INFO - Started process (PID=77) to work on /home/airflow/.local/lib/python3.12/site-packages/airflow/example_dags/example_datasets.py
[2025-11-03T19:59:43.683+0000] {processor.py:830} INFO - Processing file /home/airflow/.local/lib/python3.12/site-packages/airflow/example_dags/example_datasets.py for tasks to queue
[2025-11-03T19:59:43.684+0000] {logging_mixin.py:188} INFO - [2025-11-03T19:59:43.684+0000] {dagbag.py:545} INFO - Filling up the DagBag from /home/airflow/.local/lib/python3.12/site-packages/airflow/example_dags/example_datasets.py
[2025-11-03T19:59:43.698+0000] {processor.py:840} INFO - DAG(s) 'consume_1_and_2_with_dataset_expressions', 'dataset_produces_1', 'conditional_dataset_and_time_based_timetable', 'dataset_consumes_unknown_never_scheduled', 'dataset_consumes_1', 'dataset_consumes_1_and_2', 'dataset_consumes_1_never_scheduled', 'dataset_produces_2', 'consume_1_or_both_2_and_3_with_dataset_expressions', 'consume_1_or_2_with_dataset_expressions' retrieved from /home/airflow/.local/lib/python3.12/site-packages/airflow/example_dags/example_datasets.py
[2025-11-03T19:59:43.708+0000] {logging_mixin.py:188} INFO - [2025-11-03T19:59:43.708+0000] {dag.py:3096} INFO - Sync 10 DAGs
[2025-11-03T19:59:43.719+0000] {logging_mixin.py:188} INFO - [2025-11-03T19:59:43.719+0000] {dag.py:3954} INFO - Setting next_dagrun for conditional_dataset_and_time_based_timetable to 2025-10-29 01:00:00+00:00, run_after=2025-10-29 01:00:00+00:00
[2025-11-03T19:59:43.722+0000] {logging_mixin.py:188} INFO - [2025-11-03T19:59:43.722+0000] {dag.py:3954} INFO - Setting next_dagrun for consume_1_and_2_with_dataset_expressions to None, run_after=None
[2025-11-03T19:59:43.723+0000] {logging_mixin.py:188} INFO - [2025-11-03T19:59:43.723+0000] {dag.py:3954} INFO - Setting next_dagrun for consume_1_or_2_with_dataset_expressions to None, run_after=None
[2025-11-03T19:59:43.724+0000] {logging_mixin.py:188} INFO - [2025-11-03T19:59:43.724+0000] {dag.py:3954} INFO - Setting next_dagrun for consume_1_or_both_2_and_3_with_dataset_expressions to None, run_after=None
[2025-11-03T19:59:43.725+0000] {logging_mixin.py:188} INFO - [2025-11-03T19:59:43.725+0000] {dag.py:3954} INFO - Setting next_dagrun for dataset_consumes_1 to None, run_after=None
[2025-11-03T19:59:43.725+0000] {logging_mixin.py:188} INFO - [2025-11-03T19:59:43.725+0000] {dag.py:3954} INFO - Setting next_dagrun for dataset_consumes_1_and_2 to None, run_after=None
[2025-11-03T19:59:43.726+0000] {logging_mixin.py:188} INFO - [2025-11-03T19:59:43.726+0000] {dag.py:3954} INFO - Setting next_dagrun for dataset_consumes_1_never_scheduled to None, run_after=None
[2025-11-03T19:59:43.726+0000] {logging_mixin.py:188} INFO - [2025-11-03T19:59:43.726+0000] {dag.py:3954} INFO - Setting next_dagrun for dataset_consumes_unknown_never_scheduled to None, run_after=None
[2025-11-03T19:59:43.727+0000] {logging_mixin.py:188} INFO - [2025-11-03T19:59:43.727+0000] {dag.py:3954} INFO - Setting next_dagrun for dataset_produces_1 to 2025-11-02 00:00:00+00:00, run_after=2025-11-03 00:00:00+00:00
[2025-11-03T19:59:43.729+0000] {logging_mixin.py:188} INFO - [2025-11-03T19:59:43.729+0000] {dag.py:3954} INFO - Setting next_dagrun for dataset_produces_2 to None, run_after=None
[2025-11-03T19:59:43.747+0000] {processor.py:183} INFO - Processing /home/airflow/.local/lib/python3.12/site-packages/airflow/example_dags/example_datasets.py took 0.068 seconds
[2025-11-03T20:00:14.003+0000] {processor.py:161} INFO - Started process (PID=137) to work on /home/airflow/.local/lib/python3.12/site-packages/airflow/example_dags/example_datasets.py
[2025-11-03T20:00:14.003+0000] {processor.py:830} INFO - Processing file /home/airflow/.local/lib/python3.12/site-packages/airflow/example_dags/example_datasets.py for tasks to queue
[2025-11-03T20:00:14.004+0000] {logging_mixin.py:188} INFO - [2025-11-03T20:00:14.004+0000] {dagbag.py:545} INFO - Filling up the DagBag from /home/airflow/.local/lib/python3.12/site-packages/airflow/example_dags/example_datasets.py
[2025-11-03T20:00:14.009+0000] {processor.py:840} INFO - DAG(s) 'dataset_consumes_1_and_2', 'dataset_produces_1', 'consume_1_or_both_2_and_3_with_dataset_expressions', 'dataset_consumes_unknown_never_scheduled', 'dataset_produces_2', 'dataset_consumes_1_never_scheduled', 'conditional_dataset_and_time_based_timetable', 'consume_1_or_2_with_dataset_expressions', 'consume_1_and_2_with_dataset_expressions', 'dataset_consumes_1' retrieved from /home/airflow/.local/lib/python3.12/site-packages/airflow/example_dags/example_datasets.py
[2025-11-03T20:00:14.082+0000] {logging_mixin.py:188} INFO - [2025-11-03T20:00:14.082+0000] {dag.py:3096} INFO - Sync 10 DAGs
[2025-11-03T20:00:14.091+0000] {logging_mixin.py:188} INFO - [2025-11-03T20:00:14.091+0000] {dag.py:3954} INFO - Setting next_dagrun for conditional_dataset_and_time_based_timetable to 2025-10-29 01:00:00+00:00, run_after=2025-10-29 01:00:00+00:00
[2025-11-03T20:00:14.092+0000] {logging_mixin.py:188} INFO - [2025-11-03T20:00:14.092+0000] {dag.py:3954} INFO - Setting next_dagrun for consume_1_and_2_with_dataset_expressions to None, run_after=None
[2025-11-03T20:00:14.092+0000] {logging_mixin.py:188} INFO - [2025-11-03T20:00:14.092+0000] {dag.py:3954} INFO - Setting next_dagrun for consume_1_or_2_with_dataset_expressions to None, run_after=None
[2025-11-03T20:00:14.092+0000] {logging_mixin.py:188} INFO - [2025-11-03T20:00:14.092+0000] {dag.py:3954} INFO - Setting next_dagrun for consume_1_or_both_2_and_3_with_dataset_expressions to None, run_after=None
[2025-11-03T20:00:14.093+0000] {logging_mixin.py:188} INFO - [2025-11-03T20:00:14.093+0000] {dag.py:3954} INFO - Setting next_dagrun for dataset_consumes_1 to None, run_after=None
[2025-11-03T20:00:14.093+0000] {logging_mixin.py:188} INFO - [2025-11-03T20:00:14.093+0000] {dag.py:3954} INFO - Setting next_dagrun for dataset_consumes_1_and_2 to None, run_after=None
[2025-11-03T20:00:14.093+0000] {logging_mixin.py:188} INFO - [2025-11-03T20:00:14.093+0000] {dag.py:3954} INFO - Setting next_dagrun for dataset_consumes_1_never_scheduled to None, run_after=None
[2025-11-03T20:00:14.094+0000] {logging_mixin.py:188} INFO - [2025-11-03T20:00:14.093+0000] {dag.py:3954} INFO - Setting next_dagrun for dataset_consumes_unknown_never_scheduled to None, run_after=None
[2025-11-03T20:00:14.094+0000] {logging_mixin.py:188} INFO - [2025-11-03T20:00:14.094+0000] {dag.py:3954} INFO - Setting next_dagrun for dataset_produces_1 to 2025-11-02 00:00:00+00:00, run_after=2025-11-03 00:00:00+00:00
[2025-11-03T20:00:14.095+0000] {logging_mixin.py:188} INFO - [2025-11-03T20:00:14.094+0000] {dag.py:3954} INFO - Setting next_dagrun for dataset_produces_2 to None, run_after=None
[2025-11-03T20:00:14.107+0000] {processor.py:183} INFO - Processing /home/airflow/.local/lib/python3.12/site-packages/airflow/example_dags/example_datasets.py took 0.107 seconds
[2025-11-03T20:00:44.743+0000] {processor.py:161} INFO - Started process (PID=197) to work on /home/airflow/.local/lib/python3.12/site-packages/airflow/example_dags/example_datasets.py
[2025-11-03T20:00:44.743+0000] {processor.py:830} INFO - Processing file /home/airflow/.local/lib/python3.12/site-packages/airflow/example_dags/example_datasets.py for tasks to queue
[2025-11-03T20:00:44.743+0000] {logging_mixin.py:188} INFO - [2025-11-03T20:00:44.743+0000] {dagbag.py:545} INFO - Filling up the DagBag from /home/airflow/.local/lib/python3.12/site-packages/airflow/example_dags/example_datasets.py
[2025-11-03T20:00:44.750+0000] {processor.py:840} INFO - DAG(s) 'dataset_produces_2', 'consume_1_or_2_with_dataset_expressions', 'conditional_dataset_and_time_based_timetable', 'dataset_produces_1', 'dataset_consumes_1_never_scheduled', 'dataset_consumes_unknown_never_scheduled', 'dataset_consumes_1_and_2', 'consume_1_or_both_2_and_3_with_dataset_expressions', 'dataset_consumes_1', 'consume_1_and_2_with_dataset_expressions' retrieved from /home/airflow/.local/lib/python3.12/site-packages/airflow/example_dags/example_datasets.py
[2025-11-03T20:00:44.772+0000] {logging_mixin.py:188} INFO - [2025-11-03T20:00:44.772+0000] {dag.py:3096} INFO - Sync 10 DAGs
[2025-11-03T20:00:44.781+0000] {logging_mixin.py:188} INFO - [2025-11-03T20:00:44.781+0000] {dag.py:3954} INFO - Setting next_dagrun for conditional_dataset_and_time_based_timetable to 2025-10-29 01:00:00+00:00, run_after=2025-10-29 01:00:00+00:00
[2025-11-03T20:00:44.782+0000] {logging_mixin.py:188} INFO - [2025-11-03T20:00:44.782+0000] {dag.py:3954} INFO - Setting next_dagrun for consume_1_and_2_with_dataset_expressions to None, run_after=None
[2025-11-03T20:00:44.782+0000] {logging_mixin.py:188} INFO - [2025-11-03T20:00:44.782+0000] {dag.py:3954} INFO - Setting next_dagrun for consume_1_or_2_with_dataset_expressions to None, run_after=None
[2025-11-03T20:00:44.783+0000] {logging_mixin.py:188} INFO - [2025-11-03T20:00:44.783+0000] {dag.py:3954} INFO - Setting next_dagrun for consume_1_or_both_2_and_3_with_dataset_expressions to None, run_after=None
[2025-11-03T20:00:44.783+0000] {logging_mixin.py:188} INFO - [2025-11-03T20:00:44.783+0000] {dag.py:3954} INFO - Setting next_dagrun for dataset_consumes_1 to None, run_after=None
[2025-11-03T20:00:44.783+0000] {logging_mixin.py:188} INFO - [2025-11-03T20:00:44.783+0000] {dag.py:3954} INFO - Setting next_dagrun for dataset_consumes_1_and_2 to None, run_after=None
[2025-11-03T20:00:44.784+0000] {logging_mixin.py:188} INFO - [2025-11-03T20:00:44.784+0000] {dag.py:3954} INFO - Setting next_dagrun for dataset_consumes_1_never_scheduled to None, run_after=None
[2025-11-03T20:00:44.784+0000] {logging_mixin.py:188} INFO - [2025-11-03T20:00:44.784+0000] {dag.py:3954} INFO - Setting next_dagrun for dataset_consumes_unknown_never_scheduled to None, run_after=None
[2025-11-03T20:00:44.784+0000] {logging_mixin.py:188} INFO - [2025-11-03T20:00:44.784+0000] {dag.py:3954} INFO - Setting next_dagrun for dataset_produces_1 to 2025-11-02 00:00:00+00:00, run_after=2025-11-03 00:00:00+00:00
[2025-11-03T20:00:44.785+0000] {logging_mixin.py:188} INFO - [2025-11-03T20:00:44.785+0000] {dag.py:3954} INFO - Setting next_dagrun for dataset_produces_2 to None, run_after=None
[2025-11-03T20:00:44.802+0000] {processor.py:183} INFO - Processing /home/airflow/.local/lib/python3.12/site-packages/airflow/example_dags/example_datasets.py took 0.062 seconds
[2025-11-03T20:01:15.521+0000] {processor.py:161} INFO - Started process (PID=257) to work on /home/airflow/.local/lib/python3.12/site-packages/airflow/example_dags/example_datasets.py
[2025-11-03T20:01:15.522+0000] {processor.py:830} INFO - Processing file /home/airflow/.local/lib/python3.12/site-packages/airflow/example_dags/example_datasets.py for tasks to queue
[2025-11-03T20:01:15.523+0000] {logging_mixin.py:188} INFO - [2025-11-03T20:01:15.523+0000] {dagbag.py:545} INFO - Filling up the DagBag from /home/airflow/.local/lib/python3.12/site-packages/airflow/example_dags/example_datasets.py
[2025-11-03T20:01:15.528+0000] {processor.py:840} INFO - DAG(s) 'dataset_produces_2', 'dataset_consumes_unknown_never_scheduled', 'consume_1_and_2_with_dataset_expressions', 'dataset_consumes_1_and_2', 'dataset_consumes_1_never_scheduled', 'dataset_consumes_1', 'dataset_produces_1', 'conditional_dataset_and_time_based_timetable', 'consume_1_or_both_2_and_3_with_dataset_expressions', 'consume_1_or_2_with_dataset_expressions' retrieved from /home/airflow/.local/lib/python3.12/site-packages/airflow/example_dags/example_datasets.py
[2025-11-03T20:01:15.546+0000] {logging_mixin.py:188} INFO - [2025-11-03T20:01:15.546+0000] {dag.py:3096} INFO - Sync 10 DAGs
[2025-11-03T20:01:15.555+0000] {logging_mixin.py:188} INFO - [2025-11-03T20:01:15.555+0000] {dag.py:3954} INFO - Setting next_dagrun for conditional_dataset_and_time_based_timetable to 2025-10-29 01:00:00+00:00, run_after=2025-10-29 01:00:00+00:00
[2025-11-03T20:01:15.556+0000] {logging_mixin.py:188} INFO - [2025-11-03T20:01:15.556+0000] {dag.py:3954} INFO - Setting next_dagrun for consume_1_and_2_with_dataset_expressions to None, run_after=None
[2025-11-03T20:01:15.557+0000] {logging_mixin.py:188} INFO - [2025-11-03T20:01:15.557+0000] {dag.py:3954} INFO - Setting next_dagrun for consume_1_or_2_with_dataset_expressions to None, run_after=None
[2025-11-03T20:01:15.557+0000] {logging_mixin.py:188} INFO - [2025-11-03T20:01:15.557+0000] {dag.py:3954} INFO - Setting next_dagrun for consume_1_or_both_2_and_3_with_dataset_expressions to None, run_after=None
[2025-11-03T20:01:15.558+0000] {logging_mixin.py:188} INFO - [2025-11-03T20:01:15.558+0000] {dag.py:3954} INFO - Setting next_dagrun for dataset_consumes_1 to None, run_after=None
[2025-11-03T20:01:15.560+0000] {logging_mixin.py:188} INFO - [2025-11-03T20:01:15.560+0000] {dag.py:3954} INFO - Setting next_dagrun for dataset_consumes_1_and_2 to None, run_after=None
[2025-11-03T20:01:15.562+0000] {logging_mixin.py:188} INFO - [2025-11-03T20:01:15.562+0000] {dag.py:3954} INFO - Setting next_dagrun for dataset_consumes_1_never_scheduled to None, run_after=None
[2025-11-03T20:01:15.564+0000] {logging_mixin.py:188} INFO - [2025-11-03T20:01:15.564+0000] {dag.py:3954} INFO - Setting next_dagrun for dataset_consumes_unknown_never_scheduled to None, run_after=None
[2025-11-03T20:01:15.565+0000] {logging_mixin.py:188} INFO - [2025-11-03T20:01:15.565+0000] {dag.py:3954} INFO - Setting next_dagrun for dataset_produces_1 to 2025-11-02 00:00:00+00:00, run_after=2025-11-03 00:00:00+00:00
[2025-11-03T20:01:15.566+0000] {logging_mixin.py:188} INFO - [2025-11-03T20:01:15.566+0000] {dag.py:3954} INFO - Setting next_dagrun for dataset_produces_2 to None, run_after=None
[2025-11-03T20:01:15.579+0000] {processor.py:183} INFO - Processing /home/airflow/.local/lib/python3.12/site-packages/airflow/example_dags/example_datasets.py took 0.060 seconds
[2025-11-03T20:01:46.116+0000] {processor.py:161} INFO - Started process (PID=317) to work on /home/airflow/.local/lib/python3.12/site-packages/airflow/example_dags/example_datasets.py
[2025-11-03T20:01:46.117+0000] {processor.py:830} INFO - Processing file /home/airflow/.local/lib/python3.12/site-packages/airflow/example_dags/example_datasets.py for tasks to queue
[2025-11-03T20:01:46.117+0000] {logging_mixin.py:188} INFO - [2025-11-03T20:01:46.117+0000] {dagbag.py:545} INFO - Filling up the DagBag from /home/airflow/.local/lib/python3.12/site-packages/airflow/example_dags/example_datasets.py
[2025-11-03T20:01:46.123+0000] {processor.py:840} INFO - DAG(s) 'consume_1_or_both_2_and_3_with_dataset_expressions', 'dataset_consumes_1', 'conditional_dataset_and_time_based_timetable', 'dataset_consumes_1_never_scheduled', 'consume_1_or_2_with_dataset_expressions', 'dataset_consumes_unknown_never_scheduled', 'dataset_produces_2', 'dataset_produces_1', 'consume_1_and_2_with_dataset_expressions', 'dataset_consumes_1_and_2' retrieved from /home/airflow/.local/lib/python3.12/site-packages/airflow/example_dags/example_datasets.py
[2025-11-03T20:01:46.145+0000] {logging_mixin.py:188} INFO - [2025-11-03T20:01:46.145+0000] {dag.py:3096} INFO - Sync 10 DAGs
[2025-11-03T20:01:46.154+0000] {logging_mixin.py:188} INFO - [2025-11-03T20:01:46.154+0000] {dag.py:3954} INFO - Setting next_dagrun for conditional_dataset_and_time_based_timetable to 2025-10-29 01:00:00+00:00, run_after=2025-10-29 01:00:00+00:00
[2025-11-03T20:01:46.155+0000] {logging_mixin.py:188} INFO - [2025-11-03T20:01:46.155+0000] {dag.py:3954} INFO - Setting next_dagrun for consume_1_and_2_with_dataset_expressions to None, run_after=None
[2025-11-03T20:01:46.156+0000] {logging_mixin.py:188} INFO - [2025-11-03T20:01:46.156+0000] {dag.py:3954} INFO - Setting next_dagrun for consume_1_or_2_with_dataset_expressions to None, run_after=None
[2025-11-03T20:01:46.156+0000] {logging_mixin.py:188} INFO - [2025-11-03T20:01:46.156+0000] {dag.py:3954} INFO - Setting next_dagrun for consume_1_or_both_2_and_3_with_dataset_expressions to None, run_after=None
[2025-11-03T20:01:46.157+0000] {logging_mixin.py:188} INFO - [2025-11-03T20:01:46.157+0000] {dag.py:3954} INFO - Setting next_dagrun for dataset_consumes_1 to None, run_after=None
[2025-11-03T20:01:46.157+0000] {logging_mixin.py:188} INFO - [2025-11-03T20:01:46.157+0000] {dag.py:3954} INFO - Setting next_dagrun for dataset_consumes_1_and_2 to None, run_after=None
[2025-11-03T20:01:46.157+0000] {logging_mixin.py:188} INFO - [2025-11-03T20:01:46.157+0000] {dag.py:3954} INFO - Setting next_dagrun for dataset_consumes_1_never_scheduled to None, run_after=None
[2025-11-03T20:01:46.158+0000] {logging_mixin.py:188} INFO - [2025-11-03T20:01:46.158+0000] {dag.py:3954} INFO - Setting next_dagrun for dataset_consumes_unknown_never_scheduled to None, run_after=None
[2025-11-03T20:01:46.158+0000] {logging_mixin.py:188} INFO - [2025-11-03T20:01:46.158+0000] {dag.py:3954} INFO - Setting next_dagrun for dataset_produces_1 to 2025-11-02 00:00:00+00:00, run_after=2025-11-03 00:00:00+00:00
[2025-11-03T20:01:46.159+0000] {logging_mixin.py:188} INFO - [2025-11-03T20:01:46.159+0000] {dag.py:3954} INFO - Setting next_dagrun for dataset_produces_2 to None, run_after=None
[2025-11-03T20:01:46.174+0000] {processor.py:183} INFO - Processing /home/airflow/.local/lib/python3.12/site-packages/airflow/example_dags/example_datasets.py took 0.059 seconds
[2025-11-03T20:02:16.713+0000] {processor.py:161} INFO - Started process (PID=377) to work on /home/airflow/.local/lib/python3.12/site-packages/airflow/example_dags/example_datasets.py
[2025-11-03T20:02:16.713+0000] {processor.py:830} INFO - Processing file /home/airflow/.local/lib/python3.12/site-packages/airflow/example_dags/example_datasets.py for tasks to queue
[2025-11-03T20:02:16.713+0000] {logging_mixin.py:188} INFO - [2025-11-03T20:02:16.713+0000] {dagbag.py:545} INFO - Filling up the DagBag from /home/airflow/.local/lib/python3.12/site-packages/airflow/example_dags/example_datasets.py
[2025-11-03T20:02:16.718+0000] {processor.py:840} INFO - DAG(s) 'dataset_consumes_1', 'dataset_consumes_1_never_scheduled', 'consume_1_or_both_2_and_3_with_dataset_expressions', 'consume_1_or_2_with_dataset_expressions', 'dataset_produces_2', 'dataset_consumes_1_and_2', 'conditional_dataset_and_time_based_timetable', 'consume_1_and_2_with_dataset_expressions', 'dataset_produces_1', 'dataset_consumes_unknown_never_scheduled' retrieved from /home/airflow/.local/lib/python3.12/site-packages/airflow/example_dags/example_datasets.py
[2025-11-03T20:02:16.733+0000] {logging_mixin.py:188} INFO - [2025-11-03T20:02:16.733+0000] {dag.py:3096} INFO - Sync 10 DAGs
[2025-11-03T20:02:16.741+0000] {logging_mixin.py:188} INFO - [2025-11-03T20:02:16.740+0000] {dag.py:3954} INFO - Setting next_dagrun for conditional_dataset_and_time_based_timetable to 2025-10-29 01:00:00+00:00, run_after=2025-10-29 01:00:00+00:00
[2025-11-03T20:02:16.742+0000] {logging_mixin.py:188} INFO - [2025-11-03T20:02:16.742+0000] {dag.py:3954} INFO - Setting next_dagrun for consume_1_and_2_with_dataset_expressions to None, run_after=None
[2025-11-03T20:02:16.742+0000] {logging_mixin.py:188} INFO - [2025-11-03T20:02:16.742+0000] {dag.py:3954} INFO - Setting next_dagrun for consume_1_or_2_with_dataset_expressions to None, run_after=None
[2025-11-03T20:02:16.743+0000] {logging_mixin.py:188} INFO - [2025-11-03T20:02:16.742+0000] {dag.py:3954} INFO - Setting next_dagrun for consume_1_or_both_2_and_3_with_dataset_expressions to None, run_after=None
[2025-11-03T20:02:16.743+0000] {logging_mixin.py:188} INFO - [2025-11-03T20:02:16.743+0000] {dag.py:3954} INFO - Setting next_dagrun for dataset_consumes_1 to None, run_after=None
[2025-11-03T20:02:16.743+0000] {logging_mixin.py:188} INFO - [2025-11-03T20:02:16.743+0000] {dag.py:3954} INFO - Setting next_dagrun for dataset_consumes_1_and_2 to None, run_after=None
[2025-11-03T20:02:16.744+0000] {logging_mixin.py:188} INFO - [2025-11-03T20:02:16.744+0000] {dag.py:3954} INFO - Setting next_dagrun for dataset_consumes_1_never_scheduled to None, run_after=None
[2025-11-03T20:02:16.744+0000] {logging_mixin.py:188} INFO - [2025-11-03T20:02:16.744+0000] {dag.py:3954} INFO - Setting next_dagrun for dataset_consumes_unknown_never_scheduled to None, run_after=None
[2025-11-03T20:02:16.745+0000] {logging_mixin.py:188} INFO - [2025-11-03T20:02:16.745+0000] {dag.py:3954} INFO - Setting next_dagrun for dataset_produces_1 to 2025-11-02 00:00:00+00:00, run_after=2025-11-03 00:00:00+00:00
[2025-11-03T20:02:16.745+0000] {logging_mixin.py:188} INFO - [2025-11-03T20:02:16.745+0000] {dag.py:3954} INFO - Setting next_dagrun for dataset_produces_2 to None, run_after=None
[2025-11-03T20:02:16.754+0000] {processor.py:183} INFO - Processing /home/airflow/.local/lib/python3.12/site-packages/airflow/example_dags/example_datasets.py took 0.044 seconds
[2025-11-03T20:02:47.357+0000] {processor.py:161} INFO - Started process (PID=437) to work on /home/airflow/.local/lib/python3.12/site-packages/airflow/example_dags/example_datasets.py
[2025-11-03T20:02:47.357+0000] {processor.py:830} INFO - Processing file /home/airflow/.local/lib/python3.12/site-packages/airflow/example_dags/example_datasets.py for tasks to queue
[2025-11-03T20:02:47.358+0000] {logging_mixin.py:188} INFO - [2025-11-03T20:02:47.358+0000] {dagbag.py:545} INFO - Filling up the DagBag from /home/airflow/.local/lib/python3.12/site-packages/airflow/example_dags/example_datasets.py
[2025-11-03T20:02:47.364+0000] {processor.py:840} INFO - DAG(s) 'dataset_consumes_1_and_2', 'consume_1_and_2_with_dataset_expressions', 'dataset_consumes_unknown_never_scheduled', 'dataset_produces_2', 'consume_1_or_both_2_and_3_with_dataset_expressions', 'dataset_consumes_1_never_scheduled', 'dataset_consumes_1', 'dataset_produces_1', 'consume_1_or_2_with_dataset_expressions', 'conditional_dataset_and_time_based_timetable' retrieved from /home/airflow/.local/lib/python3.12/site-packages/airflow/example_dags/example_datasets.py
[2025-11-03T20:02:47.380+0000] {logging_mixin.py:188} INFO - [2025-11-03T20:02:47.380+0000] {dag.py:3096} INFO - Sync 10 DAGs
[2025-11-03T20:02:47.388+0000] {logging_mixin.py:188} INFO - [2025-11-03T20:02:47.388+0000] {dag.py:3954} INFO - Setting next_dagrun for conditional_dataset_and_time_based_timetable to 2025-10-29 01:00:00+00:00, run_after=2025-10-29 01:00:00+00:00
[2025-11-03T20:02:47.390+0000] {logging_mixin.py:188} INFO - [2025-11-03T20:02:47.390+0000] {dag.py:3954} INFO - Setting next_dagrun for consume_1_and_2_with_dataset_expressions to None, run_after=None
[2025-11-03T20:02:47.390+0000] {logging_mixin.py:188} INFO - [2025-11-03T20:02:47.390+0000] {dag.py:3954} INFO - Setting next_dagrun for consume_1_or_2_with_dataset_expressions to None, run_after=None
[2025-11-03T20:02:47.390+0000] {logging_mixin.py:188} INFO - [2025-11-03T20:02:47.390+0000] {dag.py:3954} INFO - Setting next_dagrun for consume_1_or_both_2_and_3_with_dataset_expressions to None, run_after=None
[2025-11-03T20:02:47.391+0000] {logging_mixin.py:188} INFO - [2025-11-03T20:02:47.391+0000] {dag.py:3954} INFO - Setting next_dagrun for dataset_consumes_1 to None, run_after=None
[2025-11-03T20:02:47.391+0000] {logging_mixin.py:188} INFO - [2025-11-03T20:02:47.391+0000] {dag.py:3954} INFO - Setting next_dagrun for dataset_consumes_1_and_2 to None, run_after=None
[2025-11-03T20:02:47.391+0000] {logging_mixin.py:188} INFO - [2025-11-03T20:02:47.391+0000] {dag.py:3954} INFO - Setting next_dagrun for dataset_consumes_1_never_scheduled to None, run_after=None
[2025-11-03T20:02:47.392+0000] {logging_mixin.py:188} INFO - [2025-11-03T20:02:47.392+0000] {dag.py:3954} INFO - Setting next_dagrun for dataset_consumes_unknown_never_scheduled to None, run_after=None
[2025-11-03T20:02:47.392+0000] {logging_mixin.py:188} INFO - [2025-11-03T20:02:47.392+0000] {dag.py:3954} INFO - Setting next_dagrun for dataset_produces_1 to 2025-11-02 00:00:00+00:00, run_after=2025-11-03 00:00:00+00:00
[2025-11-03T20:02:47.393+0000] {logging_mixin.py:188} INFO - [2025-11-03T20:02:47.393+0000] {dag.py:3954} INFO - Setting next_dagrun for dataset_produces_2 to None, run_after=None
[2025-11-03T20:02:47.407+0000] {processor.py:183} INFO - Processing /home/airflow/.local/lib/python3.12/site-packages/airflow/example_dags/example_datasets.py took 0.052 seconds
[2025-11-03T20:03:18.021+0000] {processor.py:161} INFO - Started process (PID=498) to work on /home/airflow/.local/lib/python3.12/site-packages/airflow/example_dags/example_datasets.py
[2025-11-03T20:03:18.021+0000] {processor.py:830} INFO - Processing file /home/airflow/.local/lib/python3.12/site-packages/airflow/example_dags/example_datasets.py for tasks to queue
[2025-11-03T20:03:18.022+0000] {logging_mixin.py:188} INFO - [2025-11-03T20:03:18.021+0000] {dagbag.py:545} INFO - Filling up the DagBag from /home/airflow/.local/lib/python3.12/site-packages/airflow/example_dags/example_datasets.py
[2025-11-03T20:03:18.028+0000] {processor.py:840} INFO - DAG(s) 'dataset_produces_1', 'dataset_consumes_unknown_never_scheduled', 'dataset_consumes_1_and_2', 'consume_1_or_2_with_dataset_expressions', 'dataset_consumes_1_never_scheduled', 'conditional_dataset_and_time_based_timetable', 'dataset_produces_2', 'consume_1_or_both_2_and_3_with_dataset_expressions', 'consume_1_and_2_with_dataset_expressions', 'dataset_consumes_1' retrieved from /home/airflow/.local/lib/python3.12/site-packages/airflow/example_dags/example_datasets.py
[2025-11-03T20:03:18.049+0000] {logging_mixin.py:188} INFO - [2025-11-03T20:03:18.049+0000] {dag.py:3096} INFO - Sync 10 DAGs
[2025-11-03T20:03:18.058+0000] {logging_mixin.py:188} INFO - [2025-11-03T20:03:18.058+0000] {dag.py:3954} INFO - Setting next_dagrun for conditional_dataset_and_time_based_timetable to 2025-10-29 01:00:00+00:00, run_after=2025-10-29 01:00:00+00:00
[2025-11-03T20:03:18.060+0000] {logging_mixin.py:188} INFO - [2025-11-03T20:03:18.060+0000] {dag.py:3954} INFO - Setting next_dagrun for consume_1_and_2_with_dataset_expressions to None, run_after=None
[2025-11-03T20:03:18.060+0000] {logging_mixin.py:188} INFO - [2025-11-03T20:03:18.060+0000] {dag.py:3954} INFO - Setting next_dagrun for consume_1_or_2_with_dataset_expressions to None, run_after=None
[2025-11-03T20:03:18.061+0000] {logging_mixin.py:188} INFO - [2025-11-03T20:03:18.061+0000] {dag.py:3954} INFO - Setting next_dagrun for consume_1_or_both_2_and_3_with_dataset_expressions to None, run_after=None
[2025-11-03T20:03:18.061+0000] {logging_mixin.py:188} INFO - [2025-11-03T20:03:18.061+0000] {dag.py:3954} INFO - Setting next_dagrun for dataset_consumes_1 to None, run_after=None
[2025-11-03T20:03:18.061+0000] {logging_mixin.py:188} INFO - [2025-11-03T20:03:18.061+0000] {dag.py:3954} INFO - Setting next_dagrun for dataset_consumes_1_and_2 to None, run_after=None
[2025-11-03T20:03:18.062+0000] {logging_mixin.py:188} INFO - [2025-11-03T20:03:18.062+0000] {dag.py:3954} INFO - Setting next_dagrun for dataset_consumes_1_never_scheduled to None, run_after=None
[2025-11-03T20:03:18.062+0000] {logging_mixin.py:188} INFO - [2025-11-03T20:03:18.062+0000] {dag.py:3954} INFO - Setting next_dagrun for dataset_consumes_unknown_never_scheduled to None, run_after=None
[2025-11-03T20:03:18.063+0000] {logging_mixin.py:188} INFO - [2025-11-03T20:03:18.063+0000] {dag.py:3954} INFO - Setting next_dagrun for dataset_produces_1 to 2025-11-02 00:00:00+00:00, run_after=2025-11-03 00:00:00+00:00
[2025-11-03T20:03:18.063+0000] {logging_mixin.py:188} INFO - [2025-11-03T20:03:18.063+0000] {dag.py:3954} INFO - Setting next_dagrun for dataset_produces_2 to None, run_after=None
[2025-11-03T20:03:18.082+0000] {processor.py:183} INFO - Processing /home/airflow/.local/lib/python3.12/site-packages/airflow/example_dags/example_datasets.py took 0.064 seconds
[2025-11-03T20:03:48.746+0000] {processor.py:161} INFO - Started process (PID=557) to work on /home/airflow/.local/lib/python3.12/site-packages/airflow/example_dags/example_datasets.py
[2025-11-03T20:03:48.746+0000] {processor.py:830} INFO - Processing file /home/airflow/.local/lib/python3.12/site-packages/airflow/example_dags/example_datasets.py for tasks to queue
[2025-11-03T20:03:48.747+0000] {logging_mixin.py:188} INFO - [2025-11-03T20:03:48.747+0000] {dagbag.py:545} INFO - Filling up the DagBag from /home/airflow/.local/lib/python3.12/site-packages/airflow/example_dags/example_datasets.py
[2025-11-03T20:03:48.752+0000] {processor.py:840} INFO - DAG(s) 'dataset_consumes_1', 'conditional_dataset_and_time_based_timetable', 'dataset_produces_2', 'dataset_produces_1', 'consume_1_or_both_2_and_3_with_dataset_expressions', 'consume_1_and_2_with_dataset_expressions', 'dataset_consumes_1_never_scheduled', 'dataset_consumes_1_and_2', 'consume_1_or_2_with_dataset_expressions', 'dataset_consumes_unknown_never_scheduled' retrieved from /home/airflow/.local/lib/python3.12/site-packages/airflow/example_dags/example_datasets.py
[2025-11-03T20:03:48.767+0000] {logging_mixin.py:188} INFO - [2025-11-03T20:03:48.767+0000] {dag.py:3096} INFO - Sync 10 DAGs
[2025-11-03T20:03:48.776+0000] {logging_mixin.py:188} INFO - [2025-11-03T20:03:48.776+0000] {dag.py:3954} INFO - Setting next_dagrun for conditional_dataset_and_time_based_timetable to 2025-10-29 01:00:00+00:00, run_after=2025-10-29 01:00:00+00:00
[2025-11-03T20:03:48.777+0000] {logging_mixin.py:188} INFO - [2025-11-03T20:03:48.777+0000] {dag.py:3954} INFO - Setting next_dagrun for consume_1_and_2_with_dataset_expressions to None, run_after=None
[2025-11-03T20:03:48.778+0000] {logging_mixin.py:188} INFO - [2025-11-03T20:03:48.778+0000] {dag.py:3954} INFO - Setting next_dagrun for consume_1_or_2_with_dataset_expressions to None, run_after=None
[2025-11-03T20:03:48.778+0000] {logging_mixin.py:188} INFO - [2025-11-03T20:03:48.778+0000] {dag.py:3954} INFO - Setting next_dagrun for consume_1_or_both_2_and_3_with_dataset_expressions to None, run_after=None
[2025-11-03T20:03:48.779+0000] {logging_mixin.py:188} INFO - [2025-11-03T20:03:48.779+0000] {dag.py:3954} INFO - Setting next_dagrun for dataset_consumes_1 to None, run_after=None
[2025-11-03T20:03:48.779+0000] {logging_mixin.py:188} INFO - [2025-11-03T20:03:48.779+0000] {dag.py:3954} INFO - Setting next_dagrun for dataset_consumes_1_and_2 to None, run_after=None
[2025-11-03T20:03:48.779+0000] {logging_mixin.py:188} INFO - [2025-11-03T20:03:48.779+0000] {dag.py:3954} INFO - Setting next_dagrun for dataset_consumes_1_never_scheduled to None, run_after=None
[2025-11-03T20:03:48.780+0000] {logging_mixin.py:188} INFO - [2025-11-03T20:03:48.780+0000] {dag.py:3954} INFO - Setting next_dagrun for dataset_consumes_unknown_never_scheduled to None, run_after=None
[2025-11-03T20:03:48.780+0000] {logging_mixin.py:188} INFO - [2025-11-03T20:03:48.780+0000] {dag.py:3954} INFO - Setting next_dagrun for dataset_produces_1 to 2025-11-02 00:00:00+00:00, run_after=2025-11-03 00:00:00+00:00
[2025-11-03T20:03:48.781+0000] {logging_mixin.py:188} INFO - [2025-11-03T20:03:48.781+0000] {dag.py:3954} INFO - Setting next_dagrun for dataset_produces_2 to None, run_after=None
[2025-11-03T20:03:48.791+0000] {processor.py:183} INFO - Processing /home/airflow/.local/lib/python3.12/site-packages/airflow/example_dags/example_datasets.py took 0.047 seconds
[2025-11-03T20:04:19.433+0000] {processor.py:161} INFO - Started process (PID=617) to work on /home/airflow/.local/lib/python3.12/site-packages/airflow/example_dags/example_datasets.py
[2025-11-03T20:04:19.433+0000] {processor.py:830} INFO - Processing file /home/airflow/.local/lib/python3.12/site-packages/airflow/example_dags/example_datasets.py for tasks to queue
[2025-11-03T20:04:19.434+0000] {logging_mixin.py:188} INFO - [2025-11-03T20:04:19.433+0000] {dagbag.py:545} INFO - Filling up the DagBag from /home/airflow/.local/lib/python3.12/site-packages/airflow/example_dags/example_datasets.py
[2025-11-03T20:04:19.439+0000] {processor.py:840} INFO - DAG(s) 'consume_1_and_2_with_dataset_expressions', 'dataset_consumes_unknown_never_scheduled', 'dataset_consumes_1', 'dataset_produces_2', 'conditional_dataset_and_time_based_timetable', 'consume_1_or_2_with_dataset_expressions', 'consume_1_or_both_2_and_3_with_dataset_expressions', 'dataset_consumes_1_never_scheduled', 'dataset_consumes_1_and_2', 'dataset_produces_1' retrieved from /home/airflow/.local/lib/python3.12/site-packages/airflow/example_dags/example_datasets.py
[2025-11-03T20:04:19.459+0000] {logging_mixin.py:188} INFO - [2025-11-03T20:04:19.459+0000] {dag.py:3096} INFO - Sync 10 DAGs
[2025-11-03T20:04:19.468+0000] {logging_mixin.py:188} INFO - [2025-11-03T20:04:19.468+0000] {dag.py:3954} INFO - Setting next_dagrun for conditional_dataset_and_time_based_timetable to 2025-10-29 01:00:00+00:00, run_after=2025-10-29 01:00:00+00:00
[2025-11-03T20:04:19.469+0000] {logging_mixin.py:188} INFO - [2025-11-03T20:04:19.469+0000] {dag.py:3954} INFO - Setting next_dagrun for consume_1_and_2_with_dataset_expressions to None, run_after=None
[2025-11-03T20:04:19.469+0000] {logging_mixin.py:188} INFO - [2025-11-03T20:04:19.469+0000] {dag.py:3954} INFO - Setting next_dagrun for consume_1_or_2_with_dataset_expressions to None, run_after=None
[2025-11-03T20:04:19.470+0000] {logging_mixin.py:188} INFO - [2025-11-03T20:04:19.470+0000] {dag.py:3954} INFO - Setting next_dagrun for consume_1_or_both_2_and_3_with_dataset_expressions to None, run_after=None
[2025-11-03T20:04:19.470+0000] {logging_mixin.py:188} INFO - [2025-11-03T20:04:19.470+0000] {dag.py:3954} INFO - Setting next_dagrun for dataset_consumes_1 to None, run_after=None
[2025-11-03T20:04:19.470+0000] {logging_mixin.py:188} INFO - [2025-11-03T20:04:19.470+0000] {dag.py:3954} INFO - Setting next_dagrun for dataset_consumes_1_and_2 to None, run_after=None
[2025-11-03T20:04:19.471+0000] {logging_mixin.py:188} INFO - [2025-11-03T20:04:19.471+0000] {dag.py:3954} INFO - Setting next_dagrun for dataset_consumes_1_never_scheduled to None, run_after=None
[2025-11-03T20:04:19.471+0000] {logging_mixin.py:188} INFO - [2025-11-03T20:04:19.471+0000] {dag.py:3954} INFO - Setting next_dagrun for dataset_consumes_unknown_never_scheduled to None, run_after=None
[2025-11-03T20:04:19.472+0000] {logging_mixin.py:188} INFO - [2025-11-03T20:04:19.472+0000] {dag.py:3954} INFO - Setting next_dagrun for dataset_produces_1 to 2025-11-02 00:00:00+00:00, run_after=2025-11-03 00:00:00+00:00
[2025-11-03T20:04:19.473+0000] {logging_mixin.py:188} INFO - [2025-11-03T20:04:19.473+0000] {dag.py:3954} INFO - Setting next_dagrun for dataset_produces_2 to None, run_after=None
[2025-11-03T20:04:19.487+0000] {processor.py:183} INFO - Processing /home/airflow/.local/lib/python3.12/site-packages/airflow/example_dags/example_datasets.py took 0.056 seconds
[2025-11-03T20:04:50.242+0000] {processor.py:161} INFO - Started process (PID=677) to work on /home/airflow/.local/lib/python3.12/site-packages/airflow/example_dags/example_datasets.py
[2025-11-03T20:04:50.243+0000] {processor.py:830} INFO - Processing file /home/airflow/.local/lib/python3.12/site-packages/airflow/example_dags/example_datasets.py for tasks to queue
[2025-11-03T20:04:50.243+0000] {logging_mixin.py:188} INFO - [2025-11-03T20:04:50.243+0000] {dagbag.py:545} INFO - Filling up the DagBag from /home/airflow/.local/lib/python3.12/site-packages/airflow/example_dags/example_datasets.py
[2025-11-03T20:04:50.248+0000] {processor.py:840} INFO - DAG(s) 'consume_1_or_2_with_dataset_expressions', 'dataset_consumes_1_and_2', 'dataset_produces_2', 'consume_1_or_both_2_and_3_with_dataset_expressions', 'dataset_consumes_1', 'conditional_dataset_and_time_based_timetable', 'dataset_consumes_1_never_scheduled', 'dataset_consumes_unknown_never_scheduled', 'consume_1_and_2_with_dataset_expressions', 'dataset_produces_1' retrieved from /home/airflow/.local/lib/python3.12/site-packages/airflow/example_dags/example_datasets.py
[2025-11-03T20:04:50.262+0000] {logging_mixin.py:188} INFO - [2025-11-03T20:04:50.262+0000] {dag.py:3096} INFO - Sync 10 DAGs
[2025-11-03T20:04:50.270+0000] {logging_mixin.py:188} INFO - [2025-11-03T20:04:50.270+0000] {dag.py:3954} INFO - Setting next_dagrun for conditional_dataset_and_time_based_timetable to 2025-10-29 01:00:00+00:00, run_after=2025-10-29 01:00:00+00:00
[2025-11-03T20:04:50.271+0000] {logging_mixin.py:188} INFO - [2025-11-03T20:04:50.271+0000] {dag.py:3954} INFO - Setting next_dagrun for consume_1_and_2_with_dataset_expressions to None, run_after=None
[2025-11-03T20:04:50.271+0000] {logging_mixin.py:188} INFO - [2025-11-03T20:04:50.271+0000] {dag.py:3954} INFO - Setting next_dagrun for consume_1_or_2_with_dataset_expressions to None, run_after=None
[2025-11-03T20:04:50.272+0000] {logging_mixin.py:188} INFO - [2025-11-03T20:04:50.272+0000] {dag.py:3954} INFO - Setting next_dagrun for consume_1_or_both_2_and_3_with_dataset_expressions to None, run_after=None
[2025-11-03T20:04:50.272+0000] {logging_mixin.py:188} INFO - [2025-11-03T20:04:50.272+0000] {dag.py:3954} INFO - Setting next_dagrun for dataset_consumes_1 to None, run_after=None
[2025-11-03T20:04:50.272+0000] {logging_mixin.py:188} INFO - [2025-11-03T20:04:50.272+0000] {dag.py:3954} INFO - Setting next_dagrun for dataset_consumes_1_and_2 to None, run_after=None
[2025-11-03T20:04:50.273+0000] {logging_mixin.py:188} INFO - [2025-11-03T20:04:50.273+0000] {dag.py:3954} INFO - Setting next_dagrun for dataset_consumes_1_never_scheduled to None, run_after=None
[2025-11-03T20:04:50.273+0000] {logging_mixin.py:188} INFO - [2025-11-03T20:04:50.273+0000] {dag.py:3954} INFO - Setting next_dagrun for dataset_consumes_unknown_never_scheduled to None, run_after=None
[2025-11-03T20:04:50.274+0000] {logging_mixin.py:188} INFO - [2025-11-03T20:04:50.274+0000] {dag.py:3954} INFO - Setting next_dagrun for dataset_produces_1 to 2025-11-02 00:00:00+00:00, run_after=2025-11-03 00:00:00+00:00
[2025-11-03T20:04:50.274+0000] {logging_mixin.py:188} INFO - [2025-11-03T20:04:50.274+0000] {dag.py:3954} INFO - Setting next_dagrun for dataset_produces_2 to None, run_after=None
[2025-11-03T20:04:50.283+0000] {processor.py:183} INFO - Processing /home/airflow/.local/lib/python3.12/site-packages/airflow/example_dags/example_datasets.py took 0.043 seconds
[2025-11-03T20:05:21.119+0000] {processor.py:161} INFO - Started process (PID=737) to work on /home/airflow/.local/lib/python3.12/site-packages/airflow/example_dags/example_datasets.py
[2025-11-03T20:05:21.120+0000] {processor.py:830} INFO - Processing file /home/airflow/.local/lib/python3.12/site-packages/airflow/example_dags/example_datasets.py for tasks to queue
[2025-11-03T20:05:21.120+0000] {logging_mixin.py:188} INFO - [2025-11-03T20:05:21.120+0000] {dagbag.py:545} INFO - Filling up the DagBag from /home/airflow/.local/lib/python3.12/site-packages/airflow/example_dags/example_datasets.py
[2025-11-03T20:05:21.127+0000] {processor.py:840} INFO - DAG(s) 'dataset_consumes_unknown_never_scheduled', 'consume_1_and_2_with_dataset_expressions', 'dataset_consumes_1_and_2', 'dataset_produces_1', 'dataset_consumes_1_never_scheduled', 'consume_1_or_both_2_and_3_with_dataset_expressions', 'dataset_consumes_1', 'dataset_produces_2', 'consume_1_or_2_with_dataset_expressions', 'conditional_dataset_and_time_based_timetable' retrieved from /home/airflow/.local/lib/python3.12/site-packages/airflow/example_dags/example_datasets.py
[2025-11-03T20:05:21.147+0000] {logging_mixin.py:188} INFO - [2025-11-03T20:05:21.147+0000] {dag.py:3096} INFO - Sync 10 DAGs
[2025-11-03T20:05:21.159+0000] {logging_mixin.py:188} INFO - [2025-11-03T20:05:21.159+0000] {dag.py:3954} INFO - Setting next_dagrun for conditional_dataset_and_time_based_timetable to 2025-10-29 01:00:00+00:00, run_after=2025-10-29 01:00:00+00:00
[2025-11-03T20:05:21.160+0000] {logging_mixin.py:188} INFO - [2025-11-03T20:05:21.160+0000] {dag.py:3954} INFO - Setting next_dagrun for consume_1_and_2_with_dataset_expressions to None, run_after=None
[2025-11-03T20:05:21.161+0000] {logging_mixin.py:188} INFO - [2025-11-03T20:05:21.160+0000] {dag.py:3954} INFO - Setting next_dagrun for consume_1_or_2_with_dataset_expressions to None, run_after=None
[2025-11-03T20:05:21.161+0000] {logging_mixin.py:188} INFO - [2025-11-03T20:05:21.161+0000] {dag.py:3954} INFO - Setting next_dagrun for consume_1_or_both_2_and_3_with_dataset_expressions to None, run_after=None
[2025-11-03T20:05:21.162+0000] {logging_mixin.py:188} INFO - [2025-11-03T20:05:21.162+0000] {dag.py:3954} INFO - Setting next_dagrun for dataset_consumes_1 to None, run_after=None
[2025-11-03T20:05:21.163+0000] {logging_mixin.py:188} INFO - [2025-11-03T20:05:21.163+0000] {dag.py:3954} INFO - Setting next_dagrun for dataset_consumes_1_and_2 to None, run_after=None
[2025-11-03T20:05:21.163+0000] {logging_mixin.py:188} INFO - [2025-11-03T20:05:21.163+0000] {dag.py:3954} INFO - Setting next_dagrun for dataset_consumes_1_never_scheduled to None, run_after=None
[2025-11-03T20:05:21.164+0000] {logging_mixin.py:188} INFO - [2025-11-03T20:05:21.164+0000] {dag.py:3954} INFO - Setting next_dagrun for dataset_consumes_unknown_never_scheduled to None, run_after=None
[2025-11-03T20:05:21.165+0000] {logging_mixin.py:188} INFO - [2025-11-03T20:05:21.165+0000] {dag.py:3954} INFO - Setting next_dagrun for dataset_produces_1 to 2025-11-02 00:00:00+00:00, run_after=2025-11-03 00:00:00+00:00
[2025-11-03T20:05:21.167+0000] {logging_mixin.py:188} INFO - [2025-11-03T20:05:21.167+0000] {dag.py:3954} INFO - Setting next_dagrun for dataset_produces_2 to None, run_after=None
[2025-11-03T20:05:21.181+0000] {processor.py:183} INFO - Processing /home/airflow/.local/lib/python3.12/site-packages/airflow/example_dags/example_datasets.py took 0.064 seconds
[2025-11-03T20:05:51.779+0000] {processor.py:161} INFO - Started process (PID=798) to work on /home/airflow/.local/lib/python3.12/site-packages/airflow/example_dags/example_datasets.py
[2025-11-03T20:05:51.779+0000] {processor.py:830} INFO - Processing file /home/airflow/.local/lib/python3.12/site-packages/airflow/example_dags/example_datasets.py for tasks to queue
[2025-11-03T20:05:51.780+0000] {logging_mixin.py:188} INFO - [2025-11-03T20:05:51.780+0000] {dagbag.py:545} INFO - Filling up the DagBag from /home/airflow/.local/lib/python3.12/site-packages/airflow/example_dags/example_datasets.py
[2025-11-03T20:05:51.785+0000] {processor.py:840} INFO - DAG(s) 'dataset_produces_1', 'dataset_consumes_1_never_scheduled', 'conditional_dataset_and_time_based_timetable', 'consume_1_or_2_with_dataset_expressions', 'dataset_consumes_unknown_never_scheduled', 'consume_1_and_2_with_dataset_expressions', 'dataset_consumes_1_and_2', 'dataset_consumes_1', 'consume_1_or_both_2_and_3_with_dataset_expressions', 'dataset_produces_2' retrieved from /home/airflow/.local/lib/python3.12/site-packages/airflow/example_dags/example_datasets.py
[2025-11-03T20:05:51.803+0000] {logging_mixin.py:188} INFO - [2025-11-03T20:05:51.803+0000] {dag.py:3096} INFO - Sync 10 DAGs
[2025-11-03T20:05:51.811+0000] {logging_mixin.py:188} INFO - [2025-11-03T20:05:51.811+0000] {dag.py:3954} INFO - Setting next_dagrun for conditional_dataset_and_time_based_timetable to 2025-10-29 01:00:00+00:00, run_after=2025-10-29 01:00:00+00:00
[2025-11-03T20:05:51.813+0000] {logging_mixin.py:188} INFO - [2025-11-03T20:05:51.813+0000] {dag.py:3954} INFO - Setting next_dagrun for consume_1_and_2_with_dataset_expressions to None, run_after=None
[2025-11-03T20:05:51.814+0000] {logging_mixin.py:188} INFO - [2025-11-03T20:05:51.814+0000] {dag.py:3954} INFO - Setting next_dagrun for consume_1_or_2_with_dataset_expressions to None, run_after=None
[2025-11-03T20:05:51.814+0000] {logging_mixin.py:188} INFO - [2025-11-03T20:05:51.814+0000] {dag.py:3954} INFO - Setting next_dagrun for consume_1_or_both_2_and_3_with_dataset_expressions to None, run_after=None
[2025-11-03T20:05:51.814+0000] {logging_mixin.py:188} INFO - [2025-11-03T20:05:51.814+0000] {dag.py:3954} INFO - Setting next_dagrun for dataset_consumes_1 to None, run_after=None
[2025-11-03T20:05:51.815+0000] {logging_mixin.py:188} INFO - [2025-11-03T20:05:51.815+0000] {dag.py:3954} INFO - Setting next_dagrun for dataset_consumes_1_and_2 to None, run_after=None
[2025-11-03T20:05:51.815+0000] {logging_mixin.py:188} INFO - [2025-11-03T20:05:51.815+0000] {dag.py:3954} INFO - Setting next_dagrun for dataset_consumes_1_never_scheduled to None, run_after=None
[2025-11-03T20:05:51.815+0000] {logging_mixin.py:188} INFO - [2025-11-03T20:05:51.815+0000] {dag.py:3954} INFO - Setting next_dagrun for dataset_consumes_unknown_never_scheduled to None, run_after=None
[2025-11-03T20:05:51.816+0000] {logging_mixin.py:188} INFO - [2025-11-03T20:05:51.816+0000] {dag.py:3954} INFO - Setting next_dagrun for dataset_produces_1 to 2025-11-02 00:00:00+00:00, run_after=2025-11-03 00:00:00+00:00
[2025-11-03T20:05:51.817+0000] {logging_mixin.py:188} INFO - [2025-11-03T20:05:51.817+0000] {dag.py:3954} INFO - Setting next_dagrun for dataset_produces_2 to None, run_after=None
[2025-11-03T20:05:51.827+0000] {processor.py:183} INFO - Processing /home/airflow/.local/lib/python3.12/site-packages/airflow/example_dags/example_datasets.py took 0.051 seconds
[2025-11-03T20:06:22.271+0000] {processor.py:161} INFO - Started process (PID=857) to work on /home/airflow/.local/lib/python3.12/site-packages/airflow/example_dags/example_datasets.py
[2025-11-03T20:06:22.272+0000] {processor.py:830} INFO - Processing file /home/airflow/.local/lib/python3.12/site-packages/airflow/example_dags/example_datasets.py for tasks to queue
[2025-11-03T20:06:22.273+0000] {logging_mixin.py:188} INFO - [2025-11-03T20:06:22.273+0000] {dagbag.py:545} INFO - Filling up the DagBag from /home/airflow/.local/lib/python3.12/site-packages/airflow/example_dags/example_datasets.py
[2025-11-03T20:06:22.279+0000] {processor.py:840} INFO - DAG(s) 'dataset_produces_1', 'dataset_consumes_1', 'dataset_produces_2', 'conditional_dataset_and_time_based_timetable', 'consume_1_and_2_with_dataset_expressions', 'consume_1_or_2_with_dataset_expressions', 'consume_1_or_both_2_and_3_with_dataset_expressions', 'dataset_consumes_unknown_never_scheduled', 'dataset_consumes_1_never_scheduled', 'dataset_consumes_1_and_2' retrieved from /home/airflow/.local/lib/python3.12/site-packages/airflow/example_dags/example_datasets.py
[2025-11-03T20:06:22.299+0000] {logging_mixin.py:188} INFO - [2025-11-03T20:06:22.299+0000] {dag.py:3096} INFO - Sync 10 DAGs
[2025-11-03T20:06:22.308+0000] {logging_mixin.py:188} INFO - [2025-11-03T20:06:22.307+0000] {dag.py:3954} INFO - Setting next_dagrun for conditional_dataset_and_time_based_timetable to 2025-10-29 01:00:00+00:00, run_after=2025-10-29 01:00:00+00:00
[2025-11-03T20:06:22.311+0000] {logging_mixin.py:188} INFO - [2025-11-03T20:06:22.311+0000] {dag.py:3954} INFO - Setting next_dagrun for consume_1_and_2_with_dataset_expressions to None, run_after=None
[2025-11-03T20:06:22.313+0000] {logging_mixin.py:188} INFO - [2025-11-03T20:06:22.313+0000] {dag.py:3954} INFO - Setting next_dagrun for consume_1_or_2_with_dataset_expressions to None, run_after=None
[2025-11-03T20:06:22.313+0000] {logging_mixin.py:188} INFO - [2025-11-03T20:06:22.313+0000] {dag.py:3954} INFO - Setting next_dagrun for consume_1_or_both_2_and_3_with_dataset_expressions to None, run_after=None
[2025-11-03T20:06:22.314+0000] {logging_mixin.py:188} INFO - [2025-11-03T20:06:22.314+0000] {dag.py:3954} INFO - Setting next_dagrun for dataset_consumes_1 to None, run_after=None
[2025-11-03T20:06:22.315+0000] {logging_mixin.py:188} INFO - [2025-11-03T20:06:22.314+0000] {dag.py:3954} INFO - Setting next_dagrun for dataset_consumes_1_and_2 to None, run_after=None
[2025-11-03T20:06:22.315+0000] {logging_mixin.py:188} INFO - [2025-11-03T20:06:22.315+0000] {dag.py:3954} INFO - Setting next_dagrun for dataset_consumes_1_never_scheduled to None, run_after=None
[2025-11-03T20:06:22.316+0000] {logging_mixin.py:188} INFO - [2025-11-03T20:06:22.316+0000] {dag.py:3954} INFO - Setting next_dagrun for dataset_consumes_unknown_never_scheduled to None, run_after=None
[2025-11-03T20:06:22.318+0000] {logging_mixin.py:188} INFO - [2025-11-03T20:06:22.318+0000] {dag.py:3954} INFO - Setting next_dagrun for dataset_produces_1 to 2025-11-02 00:00:00+00:00, run_after=2025-11-03 00:00:00+00:00
[2025-11-03T20:06:22.319+0000] {logging_mixin.py:188} INFO - [2025-11-03T20:06:22.319+0000] {dag.py:3954} INFO - Setting next_dagrun for dataset_produces_2 to None, run_after=None
[2025-11-03T20:06:22.334+0000] {processor.py:183} INFO - Processing /home/airflow/.local/lib/python3.12/site-packages/airflow/example_dags/example_datasets.py took 0.065 seconds
[2025-11-03T20:06:52.867+0000] {processor.py:161} INFO - Started process (PID=917) to work on /home/airflow/.local/lib/python3.12/site-packages/airflow/example_dags/example_datasets.py
[2025-11-03T20:06:52.867+0000] {processor.py:830} INFO - Processing file /home/airflow/.local/lib/python3.12/site-packages/airflow/example_dags/example_datasets.py for tasks to queue
[2025-11-03T20:06:52.868+0000] {logging_mixin.py:188} INFO - [2025-11-03T20:06:52.867+0000] {dagbag.py:545} INFO - Filling up the DagBag from /home/airflow/.local/lib/python3.12/site-packages/airflow/example_dags/example_datasets.py
[2025-11-03T20:06:52.873+0000] {processor.py:840} INFO - DAG(s) 'dataset_consumes_1_never_scheduled', 'dataset_consumes_1_and_2', 'consume_1_or_2_with_dataset_expressions', 'dataset_produces_1', 'dataset_consumes_unknown_never_scheduled', 'consume_1_and_2_with_dataset_expressions', 'consume_1_or_both_2_and_3_with_dataset_expressions', 'dataset_consumes_1', 'dataset_produces_2', 'conditional_dataset_and_time_based_timetable' retrieved from /home/airflow/.local/lib/python3.12/site-packages/airflow/example_dags/example_datasets.py
[2025-11-03T20:06:52.888+0000] {logging_mixin.py:188} INFO - [2025-11-03T20:06:52.888+0000] {dag.py:3096} INFO - Sync 10 DAGs
[2025-11-03T20:06:52.896+0000] {logging_mixin.py:188} INFO - [2025-11-03T20:06:52.896+0000] {dag.py:3954} INFO - Setting next_dagrun for conditional_dataset_and_time_based_timetable to 2025-10-29 01:00:00+00:00, run_after=2025-10-29 01:00:00+00:00
[2025-11-03T20:06:52.898+0000] {logging_mixin.py:188} INFO - [2025-11-03T20:06:52.898+0000] {dag.py:3954} INFO - Setting next_dagrun for consume_1_and_2_with_dataset_expressions to None, run_after=None
[2025-11-03T20:06:52.898+0000] {logging_mixin.py:188} INFO - [2025-11-03T20:06:52.898+0000] {dag.py:3954} INFO - Setting next_dagrun for consume_1_or_2_with_dataset_expressions to None, run_after=None
[2025-11-03T20:06:52.898+0000] {logging_mixin.py:188} INFO - [2025-11-03T20:06:52.898+0000] {dag.py:3954} INFO - Setting next_dagrun for consume_1_or_both_2_and_3_with_dataset_expressions to None, run_after=None
[2025-11-03T20:06:52.899+0000] {logging_mixin.py:188} INFO - [2025-11-03T20:06:52.899+0000] {dag.py:3954} INFO - Setting next_dagrun for dataset_consumes_1 to None, run_after=None
[2025-11-03T20:06:52.899+0000] {logging_mixin.py:188} INFO - [2025-11-03T20:06:52.899+0000] {dag.py:3954} INFO - Setting next_dagrun for dataset_consumes_1_and_2 to None, run_after=None
[2025-11-03T20:06:52.900+0000] {logging_mixin.py:188} INFO - [2025-11-03T20:06:52.900+0000] {dag.py:3954} INFO - Setting next_dagrun for dataset_consumes_1_never_scheduled to None, run_after=None
[2025-11-03T20:06:52.900+0000] {logging_mixin.py:188} INFO - [2025-11-03T20:06:52.900+0000] {dag.py:3954} INFO - Setting next_dagrun for dataset_consumes_unknown_never_scheduled to None, run_after=None
[2025-11-03T20:06:52.901+0000] {logging_mixin.py:188} INFO - [2025-11-03T20:06:52.901+0000] {dag.py:3954} INFO - Setting next_dagrun for dataset_produces_1 to 2025-11-02 00:00:00+00:00, run_after=2025-11-03 00:00:00+00:00
[2025-11-03T20:06:52.901+0000] {logging_mixin.py:188} INFO - [2025-11-03T20:06:52.901+0000] {dag.py:3954} INFO - Setting next_dagrun for dataset_produces_2 to None, run_after=None
[2025-11-03T20:06:52.912+0000] {processor.py:183} INFO - Processing /home/airflow/.local/lib/python3.12/site-packages/airflow/example_dags/example_datasets.py took 0.047 seconds
[2025-11-03T20:07:23.464+0000] {processor.py:161} INFO - Started process (PID=977) to work on /home/airflow/.local/lib/python3.12/site-packages/airflow/example_dags/example_datasets.py
[2025-11-03T20:07:23.465+0000] {processor.py:830} INFO - Processing file /home/airflow/.local/lib/python3.12/site-packages/airflow/example_dags/example_datasets.py for tasks to queue
[2025-11-03T20:07:23.466+0000] {logging_mixin.py:188} INFO - [2025-11-03T20:07:23.465+0000] {dagbag.py:545} INFO - Filling up the DagBag from /home/airflow/.local/lib/python3.12/site-packages/airflow/example_dags/example_datasets.py
[2025-11-03T20:07:23.472+0000] {processor.py:840} INFO - DAG(s) 'dataset_produces_2', 'conditional_dataset_and_time_based_timetable', 'dataset_consumes_unknown_never_scheduled', 'dataset_consumes_1', 'consume_1_or_both_2_and_3_with_dataset_expressions', 'dataset_consumes_1_never_scheduled', 'dataset_consumes_1_and_2', 'consume_1_or_2_with_dataset_expressions', 'consume_1_and_2_with_dataset_expressions', 'dataset_produces_1' retrieved from /home/airflow/.local/lib/python3.12/site-packages/airflow/example_dags/example_datasets.py
[2025-11-03T20:07:23.494+0000] {logging_mixin.py:188} INFO - [2025-11-03T20:07:23.494+0000] {dag.py:3096} INFO - Sync 10 DAGs
[2025-11-03T20:07:23.503+0000] {logging_mixin.py:188} INFO - [2025-11-03T20:07:23.503+0000] {dag.py:3954} INFO - Setting next_dagrun for conditional_dataset_and_time_based_timetable to 2025-10-29 01:00:00+00:00, run_after=2025-10-29 01:00:00+00:00
[2025-11-03T20:07:23.506+0000] {logging_mixin.py:188} INFO - [2025-11-03T20:07:23.506+0000] {dag.py:3954} INFO - Setting next_dagrun for consume_1_and_2_with_dataset_expressions to None, run_after=None
[2025-11-03T20:07:23.507+0000] {logging_mixin.py:188} INFO - [2025-11-03T20:07:23.507+0000] {dag.py:3954} INFO - Setting next_dagrun for consume_1_or_2_with_dataset_expressions to None, run_after=None
[2025-11-03T20:07:23.507+0000] {logging_mixin.py:188} INFO - [2025-11-03T20:07:23.507+0000] {dag.py:3954} INFO - Setting next_dagrun for consume_1_or_both_2_and_3_with_dataset_expressions to None, run_after=None
[2025-11-03T20:07:23.508+0000] {logging_mixin.py:188} INFO - [2025-11-03T20:07:23.508+0000] {dag.py:3954} INFO - Setting next_dagrun for dataset_consumes_1 to None, run_after=None
[2025-11-03T20:07:23.508+0000] {logging_mixin.py:188} INFO - [2025-11-03T20:07:23.508+0000] {dag.py:3954} INFO - Setting next_dagrun for dataset_consumes_1_and_2 to None, run_after=None
[2025-11-03T20:07:23.509+0000] {logging_mixin.py:188} INFO - [2025-11-03T20:07:23.509+0000] {dag.py:3954} INFO - Setting next_dagrun for dataset_consumes_1_never_scheduled to None, run_after=None
[2025-11-03T20:07:23.509+0000] {logging_mixin.py:188} INFO - [2025-11-03T20:07:23.509+0000] {dag.py:3954} INFO - Setting next_dagrun for dataset_consumes_unknown_never_scheduled to None, run_after=None
[2025-11-03T20:07:23.510+0000] {logging_mixin.py:188} INFO - [2025-11-03T20:07:23.510+0000] {dag.py:3954} INFO - Setting next_dagrun for dataset_produces_1 to 2025-11-02 00:00:00+00:00, run_after=2025-11-03 00:00:00+00:00
[2025-11-03T20:07:23.512+0000] {logging_mixin.py:188} INFO - [2025-11-03T20:07:23.512+0000] {dag.py:3954} INFO - Setting next_dagrun for dataset_produces_2 to None, run_after=None
[2025-11-03T20:07:23.529+0000] {processor.py:183} INFO - Processing /home/airflow/.local/lib/python3.12/site-packages/airflow/example_dags/example_datasets.py took 0.067 seconds
[2025-11-03T20:07:54.134+0000] {processor.py:161} INFO - Started process (PID=1037) to work on /home/airflow/.local/lib/python3.12/site-packages/airflow/example_dags/example_datasets.py
[2025-11-03T20:07:54.135+0000] {processor.py:830} INFO - Processing file /home/airflow/.local/lib/python3.12/site-packages/airflow/example_dags/example_datasets.py for tasks to queue
[2025-11-03T20:07:54.136+0000] {logging_mixin.py:188} INFO - [2025-11-03T20:07:54.136+0000] {dagbag.py:545} INFO - Filling up the DagBag from /home/airflow/.local/lib/python3.12/site-packages/airflow/example_dags/example_datasets.py
[2025-11-03T20:07:54.143+0000] {processor.py:840} INFO - DAG(s) 'dataset_consumes_1_and_2', 'consume_1_or_2_with_dataset_expressions', 'dataset_consumes_1_never_scheduled', 'dataset_produces_2', 'consume_1_or_both_2_and_3_with_dataset_expressions', 'consume_1_and_2_with_dataset_expressions', 'dataset_consumes_1', 'conditional_dataset_and_time_based_timetable', 'dataset_produces_1', 'dataset_consumes_unknown_never_scheduled' retrieved from /home/airflow/.local/lib/python3.12/site-packages/airflow/example_dags/example_datasets.py
[2025-11-03T20:07:54.162+0000] {logging_mixin.py:188} INFO - [2025-11-03T20:07:54.162+0000] {dag.py:3096} INFO - Sync 10 DAGs
[2025-11-03T20:07:54.172+0000] {logging_mixin.py:188} INFO - [2025-11-03T20:07:54.171+0000] {dag.py:3954} INFO - Setting next_dagrun for conditional_dataset_and_time_based_timetable to 2025-10-29 01:00:00+00:00, run_after=2025-10-29 01:00:00+00:00
[2025-11-03T20:07:54.173+0000] {logging_mixin.py:188} INFO - [2025-11-03T20:07:54.173+0000] {dag.py:3954} INFO - Setting next_dagrun for consume_1_and_2_with_dataset_expressions to None, run_after=None
[2025-11-03T20:07:54.173+0000] {logging_mixin.py:188} INFO - [2025-11-03T20:07:54.173+0000] {dag.py:3954} INFO - Setting next_dagrun for consume_1_or_2_with_dataset_expressions to None, run_after=None
[2025-11-03T20:07:54.174+0000] {logging_mixin.py:188} INFO - [2025-11-03T20:07:54.174+0000] {dag.py:3954} INFO - Setting next_dagrun for consume_1_or_both_2_and_3_with_dataset_expressions to None, run_after=None
[2025-11-03T20:07:54.174+0000] {logging_mixin.py:188} INFO - [2025-11-03T20:07:54.174+0000] {dag.py:3954} INFO - Setting next_dagrun for dataset_consumes_1 to None, run_after=None
[2025-11-03T20:07:54.175+0000] {logging_mixin.py:188} INFO - [2025-11-03T20:07:54.175+0000] {dag.py:3954} INFO - Setting next_dagrun for dataset_consumes_1_and_2 to None, run_after=None
[2025-11-03T20:07:54.175+0000] {logging_mixin.py:188} INFO - [2025-11-03T20:07:54.175+0000] {dag.py:3954} INFO - Setting next_dagrun for dataset_consumes_1_never_scheduled to None, run_after=None
[2025-11-03T20:07:54.176+0000] {logging_mixin.py:188} INFO - [2025-11-03T20:07:54.176+0000] {dag.py:3954} INFO - Setting next_dagrun for dataset_consumes_unknown_never_scheduled to None, run_after=None
[2025-11-03T20:07:54.176+0000] {logging_mixin.py:188} INFO - [2025-11-03T20:07:54.176+0000] {dag.py:3954} INFO - Setting next_dagrun for dataset_produces_1 to 2025-11-02 00:00:00+00:00, run_after=2025-11-03 00:00:00+00:00
[2025-11-03T20:07:54.177+0000] {logging_mixin.py:188} INFO - [2025-11-03T20:07:54.177+0000] {dag.py:3954} INFO - Setting next_dagrun for dataset_produces_2 to None, run_after=None
[2025-11-03T20:07:54.187+0000] {processor.py:183} INFO - Processing /home/airflow/.local/lib/python3.12/site-packages/airflow/example_dags/example_datasets.py took 0.056 seconds
[2025-11-03T20:08:24.792+0000] {processor.py:161} INFO - Started process (PID=1097) to work on /home/airflow/.local/lib/python3.12/site-packages/airflow/example_dags/example_datasets.py
[2025-11-03T20:08:24.792+0000] {processor.py:830} INFO - Processing file /home/airflow/.local/lib/python3.12/site-packages/airflow/example_dags/example_datasets.py for tasks to queue
[2025-11-03T20:08:24.792+0000] {logging_mixin.py:188} INFO - [2025-11-03T20:08:24.792+0000] {dagbag.py:545} INFO - Filling up the DagBag from /home/airflow/.local/lib/python3.12/site-packages/airflow/example_dags/example_datasets.py
[2025-11-03T20:08:24.800+0000] {processor.py:840} INFO - DAG(s) 'conditional_dataset_and_time_based_timetable', 'dataset_consumes_1_never_scheduled', 'dataset_consumes_1_and_2', 'consume_1_and_2_with_dataset_expressions', 'consume_1_or_2_with_dataset_expressions', 'consume_1_or_both_2_and_3_with_dataset_expressions', 'dataset_consumes_unknown_never_scheduled', 'dataset_produces_1', 'dataset_consumes_1', 'dataset_produces_2' retrieved from /home/airflow/.local/lib/python3.12/site-packages/airflow/example_dags/example_datasets.py
[2025-11-03T20:08:24.819+0000] {logging_mixin.py:188} INFO - [2025-11-03T20:08:24.819+0000] {dag.py:3096} INFO - Sync 10 DAGs
[2025-11-03T20:08:24.827+0000] {logging_mixin.py:188} INFO - [2025-11-03T20:08:24.827+0000] {dag.py:3954} INFO - Setting next_dagrun for conditional_dataset_and_time_based_timetable to 2025-10-29 01:00:00+00:00, run_after=2025-10-29 01:00:00+00:00
[2025-11-03T20:08:24.829+0000] {logging_mixin.py:188} INFO - [2025-11-03T20:08:24.829+0000] {dag.py:3954} INFO - Setting next_dagrun for consume_1_and_2_with_dataset_expressions to None, run_after=None
[2025-11-03T20:08:24.829+0000] {logging_mixin.py:188} INFO - [2025-11-03T20:08:24.829+0000] {dag.py:3954} INFO - Setting next_dagrun for consume_1_or_2_with_dataset_expressions to None, run_after=None
[2025-11-03T20:08:24.830+0000] {logging_mixin.py:188} INFO - [2025-11-03T20:08:24.829+0000] {dag.py:3954} INFO - Setting next_dagrun for consume_1_or_both_2_and_3_with_dataset_expressions to None, run_after=None
[2025-11-03T20:08:24.830+0000] {logging_mixin.py:188} INFO - [2025-11-03T20:08:24.830+0000] {dag.py:3954} INFO - Setting next_dagrun for dataset_consumes_1 to None, run_after=None
[2025-11-03T20:08:24.830+0000] {logging_mixin.py:188} INFO - [2025-11-03T20:08:24.830+0000] {dag.py:3954} INFO - Setting next_dagrun for dataset_consumes_1_and_2 to None, run_after=None
[2025-11-03T20:08:24.831+0000] {logging_mixin.py:188} INFO - [2025-11-03T20:08:24.831+0000] {dag.py:3954} INFO - Setting next_dagrun for dataset_consumes_1_never_scheduled to None, run_after=None
[2025-11-03T20:08:24.831+0000] {logging_mixin.py:188} INFO - [2025-11-03T20:08:24.831+0000] {dag.py:3954} INFO - Setting next_dagrun for dataset_consumes_unknown_never_scheduled to None, run_after=None
[2025-11-03T20:08:24.831+0000] {logging_mixin.py:188} INFO - [2025-11-03T20:08:24.831+0000] {dag.py:3954} INFO - Setting next_dagrun for dataset_produces_1 to 2025-11-02 00:00:00+00:00, run_after=2025-11-03 00:00:00+00:00
[2025-11-03T20:08:24.832+0000] {logging_mixin.py:188} INFO - [2025-11-03T20:08:24.832+0000] {dag.py:3954} INFO - Setting next_dagrun for dataset_produces_2 to None, run_after=None
[2025-11-03T20:08:24.850+0000] {processor.py:183} INFO - Processing /home/airflow/.local/lib/python3.12/site-packages/airflow/example_dags/example_datasets.py took 0.061 seconds
