[2025-11-03T19:59:43.252+0000] {processor.py:161} INFO - Started process (PID=57) to work on /home/airflow/.local/lib/python3.12/site-packages/airflow/example_dags/example_short_circuit_operator.py
[2025-11-03T19:59:43.253+0000] {processor.py:830} INFO - Processing file /home/airflow/.local/lib/python3.12/site-packages/airflow/example_dags/example_short_circuit_operator.py for tasks to queue
[2025-11-03T19:59:43.255+0000] {logging_mixin.py:188} INFO - [2025-11-03T19:59:43.254+0000] {dagbag.py:545} INFO - Filling up the DagBag from /home/airflow/.local/lib/python3.12/site-packages/airflow/example_dags/example_short_circuit_operator.py
[2025-11-03T19:59:43.264+0000] {processor.py:840} INFO - DAG(s) 'example_short_circuit_operator' retrieved from /home/airflow/.local/lib/python3.12/site-packages/airflow/example_dags/example_short_circuit_operator.py
[2025-11-03T19:59:43.273+0000] {logging_mixin.py:188} INFO - [2025-11-03T19:59:43.273+0000] {dag.py:3096} INFO - Sync 1 DAGs
[2025-11-03T19:59:43.285+0000] {logging_mixin.py:188} INFO - [2025-11-03T19:59:43.284+0000] {dag.py:3954} INFO - Setting next_dagrun for example_short_circuit_operator to 2025-11-02 00:00:00+00:00, run_after=2025-11-03 00:00:00+00:00
[2025-11-03T19:59:43.293+0000] {processor.py:183} INFO - Processing /home/airflow/.local/lib/python3.12/site-packages/airflow/example_dags/example_short_circuit_operator.py took 0.044 seconds
[2025-11-03T20:00:13.466+0000] {processor.py:161} INFO - Started process (PID=117) to work on /home/airflow/.local/lib/python3.12/site-packages/airflow/example_dags/example_short_circuit_operator.py
[2025-11-03T20:00:13.467+0000] {processor.py:830} INFO - Processing file /home/airflow/.local/lib/python3.12/site-packages/airflow/example_dags/example_short_circuit_operator.py for tasks to queue
[2025-11-03T20:00:13.467+0000] {logging_mixin.py:188} INFO - [2025-11-03T20:00:13.467+0000] {dagbag.py:545} INFO - Filling up the DagBag from /home/airflow/.local/lib/python3.12/site-packages/airflow/example_dags/example_short_circuit_operator.py
[2025-11-03T20:00:13.470+0000] {processor.py:840} INFO - DAG(s) 'example_short_circuit_operator' retrieved from /home/airflow/.local/lib/python3.12/site-packages/airflow/example_dags/example_short_circuit_operator.py
[2025-11-03T20:00:13.511+0000] {logging_mixin.py:188} INFO - [2025-11-03T20:00:13.511+0000] {dag.py:3096} INFO - Sync 1 DAGs
[2025-11-03T20:00:13.521+0000] {logging_mixin.py:188} INFO - [2025-11-03T20:00:13.520+0000] {dag.py:3954} INFO - Setting next_dagrun for example_short_circuit_operator to 2025-11-02 00:00:00+00:00, run_after=2025-11-03 00:00:00+00:00
[2025-11-03T20:00:13.529+0000] {processor.py:183} INFO - Processing /home/airflow/.local/lib/python3.12/site-packages/airflow/example_dags/example_short_circuit_operator.py took 0.066 seconds
[2025-11-03T20:00:44.433+0000] {processor.py:161} INFO - Started process (PID=183) to work on /home/airflow/.local/lib/python3.12/site-packages/airflow/example_dags/example_short_circuit_operator.py
[2025-11-03T20:00:44.433+0000] {processor.py:830} INFO - Processing file /home/airflow/.local/lib/python3.12/site-packages/airflow/example_dags/example_short_circuit_operator.py for tasks to queue
[2025-11-03T20:00:44.434+0000] {logging_mixin.py:188} INFO - [2025-11-03T20:00:44.434+0000] {dagbag.py:545} INFO - Filling up the DagBag from /home/airflow/.local/lib/python3.12/site-packages/airflow/example_dags/example_short_circuit_operator.py
[2025-11-03T20:00:44.437+0000] {processor.py:840} INFO - DAG(s) 'example_short_circuit_operator' retrieved from /home/airflow/.local/lib/python3.12/site-packages/airflow/example_dags/example_short_circuit_operator.py
[2025-11-03T20:00:44.445+0000] {logging_mixin.py:188} INFO - [2025-11-03T20:00:44.445+0000] {dag.py:3096} INFO - Sync 1 DAGs
[2025-11-03T20:00:44.454+0000] {logging_mixin.py:188} INFO - [2025-11-03T20:00:44.454+0000] {dag.py:3954} INFO - Setting next_dagrun for example_short_circuit_operator to 2025-11-02 00:00:00+00:00, run_after=2025-11-03 00:00:00+00:00
[2025-11-03T20:00:44.462+0000] {processor.py:183} INFO - Processing /home/airflow/.local/lib/python3.12/site-packages/airflow/example_dags/example_short_circuit_operator.py took 0.032 seconds
[2025-11-03T20:01:15.227+0000] {processor.py:161} INFO - Started process (PID=243) to work on /home/airflow/.local/lib/python3.12/site-packages/airflow/example_dags/example_short_circuit_operator.py
[2025-11-03T20:01:15.229+0000] {processor.py:830} INFO - Processing file /home/airflow/.local/lib/python3.12/site-packages/airflow/example_dags/example_short_circuit_operator.py for tasks to queue
[2025-11-03T20:01:15.229+0000] {logging_mixin.py:188} INFO - [2025-11-03T20:01:15.229+0000] {dagbag.py:545} INFO - Filling up the DagBag from /home/airflow/.local/lib/python3.12/site-packages/airflow/example_dags/example_short_circuit_operator.py
[2025-11-03T20:01:15.233+0000] {processor.py:840} INFO - DAG(s) 'example_short_circuit_operator' retrieved from /home/airflow/.local/lib/python3.12/site-packages/airflow/example_dags/example_short_circuit_operator.py
[2025-11-03T20:01:15.243+0000] {logging_mixin.py:188} INFO - [2025-11-03T20:01:15.243+0000] {dag.py:3096} INFO - Sync 1 DAGs
[2025-11-03T20:01:15.250+0000] {logging_mixin.py:188} INFO - [2025-11-03T20:01:15.250+0000] {dag.py:3954} INFO - Setting next_dagrun for example_short_circuit_operator to 2025-11-02 00:00:00+00:00, run_after=2025-11-03 00:00:00+00:00
[2025-11-03T20:01:15.257+0000] {processor.py:183} INFO - Processing /home/airflow/.local/lib/python3.12/site-packages/airflow/example_dags/example_short_circuit_operator.py took 0.031 seconds
[2025-11-03T20:01:45.774+0000] {processor.py:161} INFO - Started process (PID=303) to work on /home/airflow/.local/lib/python3.12/site-packages/airflow/example_dags/example_short_circuit_operator.py
[2025-11-03T20:01:45.774+0000] {processor.py:830} INFO - Processing file /home/airflow/.local/lib/python3.12/site-packages/airflow/example_dags/example_short_circuit_operator.py for tasks to queue
[2025-11-03T20:01:45.775+0000] {logging_mixin.py:188} INFO - [2025-11-03T20:01:45.775+0000] {dagbag.py:545} INFO - Filling up the DagBag from /home/airflow/.local/lib/python3.12/site-packages/airflow/example_dags/example_short_circuit_operator.py
[2025-11-03T20:01:45.777+0000] {processor.py:840} INFO - DAG(s) 'example_short_circuit_operator' retrieved from /home/airflow/.local/lib/python3.12/site-packages/airflow/example_dags/example_short_circuit_operator.py
[2025-11-03T20:01:45.785+0000] {logging_mixin.py:188} INFO - [2025-11-03T20:01:45.785+0000] {dag.py:3096} INFO - Sync 1 DAGs
[2025-11-03T20:01:45.791+0000] {logging_mixin.py:188} INFO - [2025-11-03T20:01:45.791+0000] {dag.py:3954} INFO - Setting next_dagrun for example_short_circuit_operator to 2025-11-02 00:00:00+00:00, run_after=2025-11-03 00:00:00+00:00
[2025-11-03T20:01:45.797+0000] {processor.py:183} INFO - Processing /home/airflow/.local/lib/python3.12/site-packages/airflow/example_dags/example_short_circuit_operator.py took 0.025 seconds
[2025-11-03T20:02:16.383+0000] {processor.py:161} INFO - Started process (PID=363) to work on /home/airflow/.local/lib/python3.12/site-packages/airflow/example_dags/example_short_circuit_operator.py
[2025-11-03T20:02:16.383+0000] {processor.py:830} INFO - Processing file /home/airflow/.local/lib/python3.12/site-packages/airflow/example_dags/example_short_circuit_operator.py for tasks to queue
[2025-11-03T20:02:16.383+0000] {logging_mixin.py:188} INFO - [2025-11-03T20:02:16.383+0000] {dagbag.py:545} INFO - Filling up the DagBag from /home/airflow/.local/lib/python3.12/site-packages/airflow/example_dags/example_short_circuit_operator.py
[2025-11-03T20:02:16.387+0000] {processor.py:840} INFO - DAG(s) 'example_short_circuit_operator' retrieved from /home/airflow/.local/lib/python3.12/site-packages/airflow/example_dags/example_short_circuit_operator.py
[2025-11-03T20:02:16.412+0000] {logging_mixin.py:188} INFO - [2025-11-03T20:02:16.412+0000] {dag.py:3096} INFO - Sync 1 DAGs
[2025-11-03T20:02:16.424+0000] {logging_mixin.py:188} INFO - [2025-11-03T20:02:16.424+0000] {dag.py:3954} INFO - Setting next_dagrun for example_short_circuit_operator to 2025-11-02 00:00:00+00:00, run_after=2025-11-03 00:00:00+00:00
[2025-11-03T20:02:16.431+0000] {processor.py:183} INFO - Processing /home/airflow/.local/lib/python3.12/site-packages/airflow/example_dags/example_short_circuit_operator.py took 0.051 seconds
[2025-11-03T20:02:47.012+0000] {processor.py:161} INFO - Started process (PID=423) to work on /home/airflow/.local/lib/python3.12/site-packages/airflow/example_dags/example_short_circuit_operator.py
[2025-11-03T20:02:47.012+0000] {processor.py:830} INFO - Processing file /home/airflow/.local/lib/python3.12/site-packages/airflow/example_dags/example_short_circuit_operator.py for tasks to queue
[2025-11-03T20:02:47.013+0000] {logging_mixin.py:188} INFO - [2025-11-03T20:02:47.013+0000] {dagbag.py:545} INFO - Filling up the DagBag from /home/airflow/.local/lib/python3.12/site-packages/airflow/example_dags/example_short_circuit_operator.py
[2025-11-03T20:02:47.016+0000] {processor.py:840} INFO - DAG(s) 'example_short_circuit_operator' retrieved from /home/airflow/.local/lib/python3.12/site-packages/airflow/example_dags/example_short_circuit_operator.py
[2025-11-03T20:02:47.029+0000] {logging_mixin.py:188} INFO - [2025-11-03T20:02:47.029+0000] {dag.py:3096} INFO - Sync 1 DAGs
[2025-11-03T20:02:47.040+0000] {logging_mixin.py:188} INFO - [2025-11-03T20:02:47.040+0000] {dag.py:3954} INFO - Setting next_dagrun for example_short_circuit_operator to 2025-11-02 00:00:00+00:00, run_after=2025-11-03 00:00:00+00:00
[2025-11-03T20:02:47.054+0000] {processor.py:183} INFO - Processing /home/airflow/.local/lib/python3.12/site-packages/airflow/example_dags/example_short_circuit_operator.py took 0.045 seconds
[2025-11-03T20:03:17.662+0000] {processor.py:161} INFO - Started process (PID=483) to work on /home/airflow/.local/lib/python3.12/site-packages/airflow/example_dags/example_short_circuit_operator.py
[2025-11-03T20:03:17.663+0000] {processor.py:830} INFO - Processing file /home/airflow/.local/lib/python3.12/site-packages/airflow/example_dags/example_short_circuit_operator.py for tasks to queue
[2025-11-03T20:03:17.663+0000] {logging_mixin.py:188} INFO - [2025-11-03T20:03:17.663+0000] {dagbag.py:545} INFO - Filling up the DagBag from /home/airflow/.local/lib/python3.12/site-packages/airflow/example_dags/example_short_circuit_operator.py
[2025-11-03T20:03:17.670+0000] {processor.py:840} INFO - DAG(s) 'example_short_circuit_operator' retrieved from /home/airflow/.local/lib/python3.12/site-packages/airflow/example_dags/example_short_circuit_operator.py
[2025-11-03T20:03:17.681+0000] {logging_mixin.py:188} INFO - [2025-11-03T20:03:17.681+0000] {dag.py:3096} INFO - Sync 1 DAGs
[2025-11-03T20:03:17.691+0000] {logging_mixin.py:188} INFO - [2025-11-03T20:03:17.691+0000] {dag.py:3954} INFO - Setting next_dagrun for example_short_circuit_operator to 2025-11-02 00:00:00+00:00, run_after=2025-11-03 00:00:00+00:00
[2025-11-03T20:03:17.699+0000] {processor.py:183} INFO - Processing /home/airflow/.local/lib/python3.12/site-packages/airflow/example_dags/example_short_circuit_operator.py took 0.039 seconds
[2025-11-03T20:03:48.415+0000] {processor.py:161} INFO - Started process (PID=543) to work on /home/airflow/.local/lib/python3.12/site-packages/airflow/example_dags/example_short_circuit_operator.py
[2025-11-03T20:03:48.417+0000] {processor.py:830} INFO - Processing file /home/airflow/.local/lib/python3.12/site-packages/airflow/example_dags/example_short_circuit_operator.py for tasks to queue
[2025-11-03T20:03:48.418+0000] {logging_mixin.py:188} INFO - [2025-11-03T20:03:48.418+0000] {dagbag.py:545} INFO - Filling up the DagBag from /home/airflow/.local/lib/python3.12/site-packages/airflow/example_dags/example_short_circuit_operator.py
[2025-11-03T20:03:48.420+0000] {processor.py:840} INFO - DAG(s) 'example_short_circuit_operator' retrieved from /home/airflow/.local/lib/python3.12/site-packages/airflow/example_dags/example_short_circuit_operator.py
[2025-11-03T20:03:48.431+0000] {logging_mixin.py:188} INFO - [2025-11-03T20:03:48.430+0000] {dag.py:3096} INFO - Sync 1 DAGs
[2025-11-03T20:03:48.439+0000] {logging_mixin.py:188} INFO - [2025-11-03T20:03:48.438+0000] {dag.py:3954} INFO - Setting next_dagrun for example_short_circuit_operator to 2025-11-02 00:00:00+00:00, run_after=2025-11-03 00:00:00+00:00
[2025-11-03T20:03:48.445+0000] {processor.py:183} INFO - Processing /home/airflow/.local/lib/python3.12/site-packages/airflow/example_dags/example_short_circuit_operator.py took 0.032 seconds
[2025-11-03T20:04:19.124+0000] {processor.py:161} INFO - Started process (PID=603) to work on /home/airflow/.local/lib/python3.12/site-packages/airflow/example_dags/example_short_circuit_operator.py
[2025-11-03T20:04:19.125+0000] {processor.py:830} INFO - Processing file /home/airflow/.local/lib/python3.12/site-packages/airflow/example_dags/example_short_circuit_operator.py for tasks to queue
[2025-11-03T20:04:19.125+0000] {logging_mixin.py:188} INFO - [2025-11-03T20:04:19.125+0000] {dagbag.py:545} INFO - Filling up the DagBag from /home/airflow/.local/lib/python3.12/site-packages/airflow/example_dags/example_short_circuit_operator.py
[2025-11-03T20:04:19.128+0000] {processor.py:840} INFO - DAG(s) 'example_short_circuit_operator' retrieved from /home/airflow/.local/lib/python3.12/site-packages/airflow/example_dags/example_short_circuit_operator.py
[2025-11-03T20:04:19.139+0000] {logging_mixin.py:188} INFO - [2025-11-03T20:04:19.139+0000] {dag.py:3096} INFO - Sync 1 DAGs
[2025-11-03T20:04:19.148+0000] {logging_mixin.py:188} INFO - [2025-11-03T20:04:19.148+0000] {dag.py:3954} INFO - Setting next_dagrun for example_short_circuit_operator to 2025-11-02 00:00:00+00:00, run_after=2025-11-03 00:00:00+00:00
[2025-11-03T20:04:19.157+0000] {processor.py:183} INFO - Processing /home/airflow/.local/lib/python3.12/site-packages/airflow/example_dags/example_short_circuit_operator.py took 0.035 seconds
[2025-11-03T20:04:49.921+0000] {processor.py:161} INFO - Started process (PID=663) to work on /home/airflow/.local/lib/python3.12/site-packages/airflow/example_dags/example_short_circuit_operator.py
[2025-11-03T20:04:49.924+0000] {processor.py:830} INFO - Processing file /home/airflow/.local/lib/python3.12/site-packages/airflow/example_dags/example_short_circuit_operator.py for tasks to queue
[2025-11-03T20:04:49.925+0000] {logging_mixin.py:188} INFO - [2025-11-03T20:04:49.925+0000] {dagbag.py:545} INFO - Filling up the DagBag from /home/airflow/.local/lib/python3.12/site-packages/airflow/example_dags/example_short_circuit_operator.py
[2025-11-03T20:04:49.929+0000] {processor.py:840} INFO - DAG(s) 'example_short_circuit_operator' retrieved from /home/airflow/.local/lib/python3.12/site-packages/airflow/example_dags/example_short_circuit_operator.py
[2025-11-03T20:04:49.939+0000] {logging_mixin.py:188} INFO - [2025-11-03T20:04:49.939+0000] {dag.py:3096} INFO - Sync 1 DAGs
[2025-11-03T20:04:49.947+0000] {logging_mixin.py:188} INFO - [2025-11-03T20:04:49.947+0000] {dag.py:3954} INFO - Setting next_dagrun for example_short_circuit_operator to 2025-11-02 00:00:00+00:00, run_after=2025-11-03 00:00:00+00:00
[2025-11-03T20:04:49.953+0000] {processor.py:183} INFO - Processing /home/airflow/.local/lib/python3.12/site-packages/airflow/example_dags/example_short_circuit_operator.py took 0.034 seconds
[2025-11-03T20:05:20.841+0000] {processor.py:161} INFO - Started process (PID=723) to work on /home/airflow/.local/lib/python3.12/site-packages/airflow/example_dags/example_short_circuit_operator.py
[2025-11-03T20:05:20.841+0000] {processor.py:830} INFO - Processing file /home/airflow/.local/lib/python3.12/site-packages/airflow/example_dags/example_short_circuit_operator.py for tasks to queue
[2025-11-03T20:05:20.842+0000] {logging_mixin.py:188} INFO - [2025-11-03T20:05:20.842+0000] {dagbag.py:545} INFO - Filling up the DagBag from /home/airflow/.local/lib/python3.12/site-packages/airflow/example_dags/example_short_circuit_operator.py
[2025-11-03T20:05:20.845+0000] {processor.py:840} INFO - DAG(s) 'example_short_circuit_operator' retrieved from /home/airflow/.local/lib/python3.12/site-packages/airflow/example_dags/example_short_circuit_operator.py
[2025-11-03T20:05:20.854+0000] {logging_mixin.py:188} INFO - [2025-11-03T20:05:20.854+0000] {dag.py:3096} INFO - Sync 1 DAGs
[2025-11-03T20:05:20.862+0000] {logging_mixin.py:188} INFO - [2025-11-03T20:05:20.862+0000] {dag.py:3954} INFO - Setting next_dagrun for example_short_circuit_operator to 2025-11-02 00:00:00+00:00, run_after=2025-11-03 00:00:00+00:00
[2025-11-03T20:05:20.873+0000] {processor.py:183} INFO - Processing /home/airflow/.local/lib/python3.12/site-packages/airflow/example_dags/example_short_circuit_operator.py took 0.034 seconds
[2025-11-03T20:05:51.488+0000] {processor.py:161} INFO - Started process (PID=783) to work on /home/airflow/.local/lib/python3.12/site-packages/airflow/example_dags/example_short_circuit_operator.py
[2025-11-03T20:05:51.488+0000] {processor.py:830} INFO - Processing file /home/airflow/.local/lib/python3.12/site-packages/airflow/example_dags/example_short_circuit_operator.py for tasks to queue
[2025-11-03T20:05:51.488+0000] {logging_mixin.py:188} INFO - [2025-11-03T20:05:51.488+0000] {dagbag.py:545} INFO - Filling up the DagBag from /home/airflow/.local/lib/python3.12/site-packages/airflow/example_dags/example_short_circuit_operator.py
[2025-11-03T20:05:51.491+0000] {processor.py:840} INFO - DAG(s) 'example_short_circuit_operator' retrieved from /home/airflow/.local/lib/python3.12/site-packages/airflow/example_dags/example_short_circuit_operator.py
[2025-11-03T20:05:51.501+0000] {logging_mixin.py:188} INFO - [2025-11-03T20:05:51.501+0000] {dag.py:3096} INFO - Sync 1 DAGs
[2025-11-03T20:05:51.508+0000] {logging_mixin.py:188} INFO - [2025-11-03T20:05:51.508+0000] {dag.py:3954} INFO - Setting next_dagrun for example_short_circuit_operator to 2025-11-02 00:00:00+00:00, run_after=2025-11-03 00:00:00+00:00
[2025-11-03T20:05:51.517+0000] {processor.py:183} INFO - Processing /home/airflow/.local/lib/python3.12/site-packages/airflow/example_dags/example_short_circuit_operator.py took 0.032 seconds
[2025-11-03T20:06:21.947+0000] {processor.py:161} INFO - Started process (PID=843) to work on /home/airflow/.local/lib/python3.12/site-packages/airflow/example_dags/example_short_circuit_operator.py
[2025-11-03T20:06:21.948+0000] {processor.py:830} INFO - Processing file /home/airflow/.local/lib/python3.12/site-packages/airflow/example_dags/example_short_circuit_operator.py for tasks to queue
[2025-11-03T20:06:21.948+0000] {logging_mixin.py:188} INFO - [2025-11-03T20:06:21.948+0000] {dagbag.py:545} INFO - Filling up the DagBag from /home/airflow/.local/lib/python3.12/site-packages/airflow/example_dags/example_short_circuit_operator.py
[2025-11-03T20:06:21.952+0000] {processor.py:840} INFO - DAG(s) 'example_short_circuit_operator' retrieved from /home/airflow/.local/lib/python3.12/site-packages/airflow/example_dags/example_short_circuit_operator.py
[2025-11-03T20:06:21.962+0000] {logging_mixin.py:188} INFO - [2025-11-03T20:06:21.962+0000] {dag.py:3096} INFO - Sync 1 DAGs
[2025-11-03T20:06:21.969+0000] {logging_mixin.py:188} INFO - [2025-11-03T20:06:21.969+0000] {dag.py:3954} INFO - Setting next_dagrun for example_short_circuit_operator to 2025-11-02 00:00:00+00:00, run_after=2025-11-03 00:00:00+00:00
[2025-11-03T20:06:21.976+0000] {processor.py:183} INFO - Processing /home/airflow/.local/lib/python3.12/site-packages/airflow/example_dags/example_short_circuit_operator.py took 0.031 seconds
[2025-11-03T20:06:52.511+0000] {processor.py:161} INFO - Started process (PID=903) to work on /home/airflow/.local/lib/python3.12/site-packages/airflow/example_dags/example_short_circuit_operator.py
[2025-11-03T20:06:52.512+0000] {processor.py:830} INFO - Processing file /home/airflow/.local/lib/python3.12/site-packages/airflow/example_dags/example_short_circuit_operator.py for tasks to queue
[2025-11-03T20:06:52.513+0000] {logging_mixin.py:188} INFO - [2025-11-03T20:06:52.513+0000] {dagbag.py:545} INFO - Filling up the DagBag from /home/airflow/.local/lib/python3.12/site-packages/airflow/example_dags/example_short_circuit_operator.py
[2025-11-03T20:06:52.516+0000] {processor.py:840} INFO - DAG(s) 'example_short_circuit_operator' retrieved from /home/airflow/.local/lib/python3.12/site-packages/airflow/example_dags/example_short_circuit_operator.py
[2025-11-03T20:06:52.526+0000] {logging_mixin.py:188} INFO - [2025-11-03T20:06:52.526+0000] {dag.py:3096} INFO - Sync 1 DAGs
[2025-11-03T20:06:52.534+0000] {logging_mixin.py:188} INFO - [2025-11-03T20:06:52.534+0000] {dag.py:3954} INFO - Setting next_dagrun for example_short_circuit_operator to 2025-11-02 00:00:00+00:00, run_after=2025-11-03 00:00:00+00:00
[2025-11-03T20:06:52.542+0000] {processor.py:183} INFO - Processing /home/airflow/.local/lib/python3.12/site-packages/airflow/example_dags/example_short_circuit_operator.py took 0.033 seconds
[2025-11-03T20:07:23.116+0000] {processor.py:161} INFO - Started process (PID=963) to work on /home/airflow/.local/lib/python3.12/site-packages/airflow/example_dags/example_short_circuit_operator.py
[2025-11-03T20:07:23.118+0000] {processor.py:830} INFO - Processing file /home/airflow/.local/lib/python3.12/site-packages/airflow/example_dags/example_short_circuit_operator.py for tasks to queue
[2025-11-03T20:07:23.118+0000] {logging_mixin.py:188} INFO - [2025-11-03T20:07:23.118+0000] {dagbag.py:545} INFO - Filling up the DagBag from /home/airflow/.local/lib/python3.12/site-packages/airflow/example_dags/example_short_circuit_operator.py
[2025-11-03T20:07:23.123+0000] {processor.py:840} INFO - DAG(s) 'example_short_circuit_operator' retrieved from /home/airflow/.local/lib/python3.12/site-packages/airflow/example_dags/example_short_circuit_operator.py
[2025-11-03T20:07:23.133+0000] {logging_mixin.py:188} INFO - [2025-11-03T20:07:23.132+0000] {dag.py:3096} INFO - Sync 1 DAGs
[2025-11-03T20:07:23.140+0000] {logging_mixin.py:188} INFO - [2025-11-03T20:07:23.140+0000] {dag.py:3954} INFO - Setting next_dagrun for example_short_circuit_operator to 2025-11-02 00:00:00+00:00, run_after=2025-11-03 00:00:00+00:00
[2025-11-03T20:07:23.147+0000] {processor.py:183} INFO - Processing /home/airflow/.local/lib/python3.12/site-packages/airflow/example_dags/example_short_circuit_operator.py took 0.033 seconds
[2025-11-03T20:07:53.828+0000] {processor.py:161} INFO - Started process (PID=1023) to work on /home/airflow/.local/lib/python3.12/site-packages/airflow/example_dags/example_short_circuit_operator.py
[2025-11-03T20:07:53.828+0000] {processor.py:830} INFO - Processing file /home/airflow/.local/lib/python3.12/site-packages/airflow/example_dags/example_short_circuit_operator.py for tasks to queue
[2025-11-03T20:07:53.829+0000] {logging_mixin.py:188} INFO - [2025-11-03T20:07:53.829+0000] {dagbag.py:545} INFO - Filling up the DagBag from /home/airflow/.local/lib/python3.12/site-packages/airflow/example_dags/example_short_circuit_operator.py
[2025-11-03T20:07:53.832+0000] {processor.py:840} INFO - DAG(s) 'example_short_circuit_operator' retrieved from /home/airflow/.local/lib/python3.12/site-packages/airflow/example_dags/example_short_circuit_operator.py
[2025-11-03T20:07:53.842+0000] {logging_mixin.py:188} INFO - [2025-11-03T20:07:53.842+0000] {dag.py:3096} INFO - Sync 1 DAGs
[2025-11-03T20:07:53.852+0000] {logging_mixin.py:188} INFO - [2025-11-03T20:07:53.852+0000] {dag.py:3954} INFO - Setting next_dagrun for example_short_circuit_operator to 2025-11-02 00:00:00+00:00, run_after=2025-11-03 00:00:00+00:00
[2025-11-03T20:07:53.860+0000] {processor.py:183} INFO - Processing /home/airflow/.local/lib/python3.12/site-packages/airflow/example_dags/example_short_circuit_operator.py took 0.035 seconds
[2025-11-03T20:08:24.471+0000] {processor.py:161} INFO - Started process (PID=1083) to work on /home/airflow/.local/lib/python3.12/site-packages/airflow/example_dags/example_short_circuit_operator.py
[2025-11-03T20:08:24.471+0000] {processor.py:830} INFO - Processing file /home/airflow/.local/lib/python3.12/site-packages/airflow/example_dags/example_short_circuit_operator.py for tasks to queue
[2025-11-03T20:08:24.471+0000] {logging_mixin.py:188} INFO - [2025-11-03T20:08:24.471+0000] {dagbag.py:545} INFO - Filling up the DagBag from /home/airflow/.local/lib/python3.12/site-packages/airflow/example_dags/example_short_circuit_operator.py
[2025-11-03T20:08:24.474+0000] {processor.py:840} INFO - DAG(s) 'example_short_circuit_operator' retrieved from /home/airflow/.local/lib/python3.12/site-packages/airflow/example_dags/example_short_circuit_operator.py
[2025-11-03T20:08:24.482+0000] {logging_mixin.py:188} INFO - [2025-11-03T20:08:24.482+0000] {dag.py:3096} INFO - Sync 1 DAGs
[2025-11-03T20:08:24.489+0000] {logging_mixin.py:188} INFO - [2025-11-03T20:08:24.489+0000] {dag.py:3954} INFO - Setting next_dagrun for example_short_circuit_operator to 2025-11-02 00:00:00+00:00, run_after=2025-11-03 00:00:00+00:00
[2025-11-03T20:08:24.494+0000] {processor.py:183} INFO - Processing /home/airflow/.local/lib/python3.12/site-packages/airflow/example_dags/example_short_circuit_operator.py took 0.026 seconds
