[2025-11-03T19:59:42.164+0000] {processor.py:161} INFO - Started process (PID=37) to work on /home/airflow/.local/lib/python3.12/site-packages/airflow/example_dags/example_branch_python_dop_operator_3.py
[2025-11-03T19:59:42.167+0000] {processor.py:830} INFO - Processing file /home/airflow/.local/lib/python3.12/site-packages/airflow/example_dags/example_branch_python_dop_operator_3.py for tasks to queue
[2025-11-03T19:59:42.169+0000] {logging_mixin.py:188} INFO - [2025-11-03T19:59:42.168+0000] {dagbag.py:545} INFO - Filling up the DagBag from /home/airflow/.local/lib/python3.12/site-packages/airflow/example_dags/example_branch_python_dop_operator_3.py
[2025-11-03T19:59:42.182+0000] {processor.py:840} INFO - DAG(s) 'example_branch_dop_operator_v3' retrieved from /home/airflow/.local/lib/python3.12/site-packages/airflow/example_dags/example_branch_python_dop_operator_3.py
[2025-11-03T19:59:42.202+0000] {logging_mixin.py:188} INFO - [2025-11-03T19:59:42.202+0000] {dag.py:3096} INFO - Sync 1 DAGs
[2025-11-03T19:59:42.216+0000] {logging_mixin.py:188} INFO - [2025-11-03T19:59:42.216+0000] {dag.py:3954} INFO - Setting next_dagrun for example_branch_dop_operator_v3 to 2025-11-03 19:58:00+00:00, run_after=2025-11-03 19:59:00+00:00
[2025-11-03T19:59:42.231+0000] {processor.py:183} INFO - Processing /home/airflow/.local/lib/python3.12/site-packages/airflow/example_dags/example_branch_python_dop_operator_3.py took 0.071 seconds
[2025-11-03T20:00:12.506+0000] {processor.py:161} INFO - Started process (PID=96) to work on /home/airflow/.local/lib/python3.12/site-packages/airflow/example_dags/example_branch_python_dop_operator_3.py
[2025-11-03T20:00:12.507+0000] {processor.py:830} INFO - Processing file /home/airflow/.local/lib/python3.12/site-packages/airflow/example_dags/example_branch_python_dop_operator_3.py for tasks to queue
[2025-11-03T20:00:12.509+0000] {logging_mixin.py:188} INFO - [2025-11-03T20:00:12.509+0000] {dagbag.py:545} INFO - Filling up the DagBag from /home/airflow/.local/lib/python3.12/site-packages/airflow/example_dags/example_branch_python_dop_operator_3.py
[2025-11-03T20:00:12.520+0000] {processor.py:840} INFO - DAG(s) 'example_branch_dop_operator_v3' retrieved from /home/airflow/.local/lib/python3.12/site-packages/airflow/example_dags/example_branch_python_dop_operator_3.py
[2025-11-03T20:00:12.635+0000] {logging_mixin.py:188} INFO - [2025-11-03T20:00:12.635+0000] {dag.py:3096} INFO - Sync 1 DAGs
[2025-11-03T20:00:12.645+0000] {logging_mixin.py:188} INFO - [2025-11-03T20:00:12.645+0000] {dag.py:3954} INFO - Setting next_dagrun for example_branch_dop_operator_v3 to 2025-11-03 19:59:00+00:00, run_after=2025-11-03 20:00:00+00:00
[2025-11-03T20:00:12.657+0000] {processor.py:183} INFO - Processing /home/airflow/.local/lib/python3.12/site-packages/airflow/example_dags/example_branch_python_dop_operator_3.py took 0.158 seconds
[2025-11-03T20:00:42.851+0000] {processor.py:161} INFO - Started process (PID=156) to work on /home/airflow/.local/lib/python3.12/site-packages/airflow/example_dags/example_branch_python_dop_operator_3.py
[2025-11-03T20:00:42.852+0000] {processor.py:830} INFO - Processing file /home/airflow/.local/lib/python3.12/site-packages/airflow/example_dags/example_branch_python_dop_operator_3.py for tasks to queue
[2025-11-03T20:00:42.852+0000] {logging_mixin.py:188} INFO - [2025-11-03T20:00:42.852+0000] {dagbag.py:545} INFO - Filling up the DagBag from /home/airflow/.local/lib/python3.12/site-packages/airflow/example_dags/example_branch_python_dop_operator_3.py
[2025-11-03T20:00:42.859+0000] {processor.py:840} INFO - DAG(s) 'example_branch_dop_operator_v3' retrieved from /home/airflow/.local/lib/python3.12/site-packages/airflow/example_dags/example_branch_python_dop_operator_3.py
[2025-11-03T20:00:42.871+0000] {logging_mixin.py:188} INFO - [2025-11-03T20:00:42.871+0000] {dag.py:3096} INFO - Sync 1 DAGs
[2025-11-03T20:00:42.882+0000] {logging_mixin.py:188} INFO - [2025-11-03T20:00:42.882+0000] {dag.py:3954} INFO - Setting next_dagrun for example_branch_dop_operator_v3 to 2025-11-03 19:59:00+00:00, run_after=2025-11-03 20:00:00+00:00
[2025-11-03T20:00:42.895+0000] {processor.py:183} INFO - Processing /home/airflow/.local/lib/python3.12/site-packages/airflow/example_dags/example_branch_python_dop_operator_3.py took 0.049 seconds
[2025-11-03T20:01:13.625+0000] {processor.py:161} INFO - Started process (PID=216) to work on /home/airflow/.local/lib/python3.12/site-packages/airflow/example_dags/example_branch_python_dop_operator_3.py
[2025-11-03T20:01:13.628+0000] {processor.py:830} INFO - Processing file /home/airflow/.local/lib/python3.12/site-packages/airflow/example_dags/example_branch_python_dop_operator_3.py for tasks to queue
[2025-11-03T20:01:13.629+0000] {logging_mixin.py:188} INFO - [2025-11-03T20:01:13.628+0000] {dagbag.py:545} INFO - Filling up the DagBag from /home/airflow/.local/lib/python3.12/site-packages/airflow/example_dags/example_branch_python_dop_operator_3.py
[2025-11-03T20:01:13.634+0000] {processor.py:840} INFO - DAG(s) 'example_branch_dop_operator_v3' retrieved from /home/airflow/.local/lib/python3.12/site-packages/airflow/example_dags/example_branch_python_dop_operator_3.py
[2025-11-03T20:01:13.648+0000] {logging_mixin.py:188} INFO - [2025-11-03T20:01:13.648+0000] {dag.py:3096} INFO - Sync 1 DAGs
[2025-11-03T20:01:13.663+0000] {logging_mixin.py:188} INFO - [2025-11-03T20:01:13.663+0000] {dag.py:3954} INFO - Setting next_dagrun for example_branch_dop_operator_v3 to 2025-11-03 20:00:00+00:00, run_after=2025-11-03 20:01:00+00:00
[2025-11-03T20:01:13.673+0000] {processor.py:183} INFO - Processing /home/airflow/.local/lib/python3.12/site-packages/airflow/example_dags/example_branch_python_dop_operator_3.py took 0.052 seconds
[2025-11-03T20:01:44.185+0000] {processor.py:161} INFO - Started process (PID=282) to work on /home/airflow/.local/lib/python3.12/site-packages/airflow/example_dags/example_branch_python_dop_operator_3.py
[2025-11-03T20:01:44.185+0000] {processor.py:830} INFO - Processing file /home/airflow/.local/lib/python3.12/site-packages/airflow/example_dags/example_branch_python_dop_operator_3.py for tasks to queue
[2025-11-03T20:01:44.187+0000] {logging_mixin.py:188} INFO - [2025-11-03T20:01:44.187+0000] {dagbag.py:545} INFO - Filling up the DagBag from /home/airflow/.local/lib/python3.12/site-packages/airflow/example_dags/example_branch_python_dop_operator_3.py
[2025-11-03T20:01:44.194+0000] {processor.py:840} INFO - DAG(s) 'example_branch_dop_operator_v3' retrieved from /home/airflow/.local/lib/python3.12/site-packages/airflow/example_dags/example_branch_python_dop_operator_3.py
[2025-11-03T20:01:44.210+0000] {logging_mixin.py:188} INFO - [2025-11-03T20:01:44.210+0000] {dag.py:3096} INFO - Sync 1 DAGs
[2025-11-03T20:01:44.230+0000] {logging_mixin.py:188} INFO - [2025-11-03T20:01:44.230+0000] {dag.py:3954} INFO - Setting next_dagrun for example_branch_dop_operator_v3 to 2025-11-03 20:00:00+00:00, run_after=2025-11-03 20:01:00+00:00
[2025-11-03T20:01:44.240+0000] {processor.py:183} INFO - Processing /home/airflow/.local/lib/python3.12/site-packages/airflow/example_dags/example_branch_python_dop_operator_3.py took 0.059 seconds
[2025-11-03T20:02:14.752+0000] {processor.py:161} INFO - Started process (PID=342) to work on /home/airflow/.local/lib/python3.12/site-packages/airflow/example_dags/example_branch_python_dop_operator_3.py
[2025-11-03T20:02:14.753+0000] {processor.py:830} INFO - Processing file /home/airflow/.local/lib/python3.12/site-packages/airflow/example_dags/example_branch_python_dop_operator_3.py for tasks to queue
[2025-11-03T20:02:14.754+0000] {logging_mixin.py:188} INFO - [2025-11-03T20:02:14.754+0000] {dagbag.py:545} INFO - Filling up the DagBag from /home/airflow/.local/lib/python3.12/site-packages/airflow/example_dags/example_branch_python_dop_operator_3.py
[2025-11-03T20:02:14.761+0000] {processor.py:840} INFO - DAG(s) 'example_branch_dop_operator_v3' retrieved from /home/airflow/.local/lib/python3.12/site-packages/airflow/example_dags/example_branch_python_dop_operator_3.py
[2025-11-03T20:02:14.774+0000] {logging_mixin.py:188} INFO - [2025-11-03T20:02:14.774+0000] {dag.py:3096} INFO - Sync 1 DAGs
[2025-11-03T20:02:14.792+0000] {logging_mixin.py:188} INFO - [2025-11-03T20:02:14.792+0000] {dag.py:3954} INFO - Setting next_dagrun for example_branch_dop_operator_v3 to 2025-11-03 20:01:00+00:00, run_after=2025-11-03 20:02:00+00:00
[2025-11-03T20:02:14.803+0000] {processor.py:183} INFO - Processing /home/airflow/.local/lib/python3.12/site-packages/airflow/example_dags/example_branch_python_dop_operator_3.py took 0.057 seconds
[2025-11-03T20:02:45.401+0000] {processor.py:161} INFO - Started process (PID=402) to work on /home/airflow/.local/lib/python3.12/site-packages/airflow/example_dags/example_branch_python_dop_operator_3.py
[2025-11-03T20:02:45.402+0000] {processor.py:830} INFO - Processing file /home/airflow/.local/lib/python3.12/site-packages/airflow/example_dags/example_branch_python_dop_operator_3.py for tasks to queue
[2025-11-03T20:02:45.403+0000] {logging_mixin.py:188} INFO - [2025-11-03T20:02:45.403+0000] {dagbag.py:545} INFO - Filling up the DagBag from /home/airflow/.local/lib/python3.12/site-packages/airflow/example_dags/example_branch_python_dop_operator_3.py
[2025-11-03T20:02:45.410+0000] {processor.py:840} INFO - DAG(s) 'example_branch_dop_operator_v3' retrieved from /home/airflow/.local/lib/python3.12/site-packages/airflow/example_dags/example_branch_python_dop_operator_3.py
[2025-11-03T20:02:45.426+0000] {logging_mixin.py:188} INFO - [2025-11-03T20:02:45.426+0000] {dag.py:3096} INFO - Sync 1 DAGs
[2025-11-03T20:02:45.439+0000] {logging_mixin.py:188} INFO - [2025-11-03T20:02:45.439+0000] {dag.py:3954} INFO - Setting next_dagrun for example_branch_dop_operator_v3 to 2025-11-03 20:01:00+00:00, run_after=2025-11-03 20:02:00+00:00
[2025-11-03T20:02:45.450+0000] {processor.py:183} INFO - Processing /home/airflow/.local/lib/python3.12/site-packages/airflow/example_dags/example_branch_python_dop_operator_3.py took 0.056 seconds
[2025-11-03T20:03:16.165+0000] {processor.py:161} INFO - Started process (PID=462) to work on /home/airflow/.local/lib/python3.12/site-packages/airflow/example_dags/example_branch_python_dop_operator_3.py
[2025-11-03T20:03:16.166+0000] {processor.py:830} INFO - Processing file /home/airflow/.local/lib/python3.12/site-packages/airflow/example_dags/example_branch_python_dop_operator_3.py for tasks to queue
[2025-11-03T20:03:16.167+0000] {logging_mixin.py:188} INFO - [2025-11-03T20:03:16.166+0000] {dagbag.py:545} INFO - Filling up the DagBag from /home/airflow/.local/lib/python3.12/site-packages/airflow/example_dags/example_branch_python_dop_operator_3.py
[2025-11-03T20:03:16.174+0000] {processor.py:840} INFO - DAG(s) 'example_branch_dop_operator_v3' retrieved from /home/airflow/.local/lib/python3.12/site-packages/airflow/example_dags/example_branch_python_dop_operator_3.py
[2025-11-03T20:03:16.188+0000] {logging_mixin.py:188} INFO - [2025-11-03T20:03:16.188+0000] {dag.py:3096} INFO - Sync 1 DAGs
[2025-11-03T20:03:16.199+0000] {logging_mixin.py:188} INFO - [2025-11-03T20:03:16.199+0000] {dag.py:3954} INFO - Setting next_dagrun for example_branch_dop_operator_v3 to 2025-11-03 20:02:00+00:00, run_after=2025-11-03 20:03:00+00:00
[2025-11-03T20:03:16.207+0000] {processor.py:183} INFO - Processing /home/airflow/.local/lib/python3.12/site-packages/airflow/example_dags/example_branch_python_dop_operator_3.py took 0.049 seconds
[2025-11-03T20:03:46.855+0000] {processor.py:161} INFO - Started process (PID=522) to work on /home/airflow/.local/lib/python3.12/site-packages/airflow/example_dags/example_branch_python_dop_operator_3.py
[2025-11-03T20:03:46.856+0000] {processor.py:830} INFO - Processing file /home/airflow/.local/lib/python3.12/site-packages/airflow/example_dags/example_branch_python_dop_operator_3.py for tasks to queue
[2025-11-03T20:03:46.857+0000] {logging_mixin.py:188} INFO - [2025-11-03T20:03:46.857+0000] {dagbag.py:545} INFO - Filling up the DagBag from /home/airflow/.local/lib/python3.12/site-packages/airflow/example_dags/example_branch_python_dop_operator_3.py
[2025-11-03T20:03:46.863+0000] {processor.py:840} INFO - DAG(s) 'example_branch_dop_operator_v3' retrieved from /home/airflow/.local/lib/python3.12/site-packages/airflow/example_dags/example_branch_python_dop_operator_3.py
[2025-11-03T20:03:46.875+0000] {logging_mixin.py:188} INFO - [2025-11-03T20:03:46.875+0000] {dag.py:3096} INFO - Sync 1 DAGs
[2025-11-03T20:03:46.889+0000] {logging_mixin.py:188} INFO - [2025-11-03T20:03:46.889+0000] {dag.py:3954} INFO - Setting next_dagrun for example_branch_dop_operator_v3 to 2025-11-03 20:02:00+00:00, run_after=2025-11-03 20:03:00+00:00
[2025-11-03T20:03:46.902+0000] {processor.py:183} INFO - Processing /home/airflow/.local/lib/python3.12/site-packages/airflow/example_dags/example_branch_python_dop_operator_3.py took 0.053 seconds
[2025-11-03T20:04:17.459+0000] {processor.py:161} INFO - Started process (PID=582) to work on /home/airflow/.local/lib/python3.12/site-packages/airflow/example_dags/example_branch_python_dop_operator_3.py
[2025-11-03T20:04:17.460+0000] {processor.py:830} INFO - Processing file /home/airflow/.local/lib/python3.12/site-packages/airflow/example_dags/example_branch_python_dop_operator_3.py for tasks to queue
[2025-11-03T20:04:17.461+0000] {logging_mixin.py:188} INFO - [2025-11-03T20:04:17.460+0000] {dagbag.py:545} INFO - Filling up the DagBag from /home/airflow/.local/lib/python3.12/site-packages/airflow/example_dags/example_branch_python_dop_operator_3.py
[2025-11-03T20:04:17.471+0000] {processor.py:840} INFO - DAG(s) 'example_branch_dop_operator_v3' retrieved from /home/airflow/.local/lib/python3.12/site-packages/airflow/example_dags/example_branch_python_dop_operator_3.py
[2025-11-03T20:04:17.490+0000] {logging_mixin.py:188} INFO - [2025-11-03T20:04:17.490+0000] {dag.py:3096} INFO - Sync 1 DAGs
[2025-11-03T20:04:17.504+0000] {logging_mixin.py:188} INFO - [2025-11-03T20:04:17.504+0000] {dag.py:3954} INFO - Setting next_dagrun for example_branch_dop_operator_v3 to 2025-11-03 20:03:00+00:00, run_after=2025-11-03 20:04:00+00:00
[2025-11-03T20:04:17.513+0000] {processor.py:183} INFO - Processing /home/airflow/.local/lib/python3.12/site-packages/airflow/example_dags/example_branch_python_dop_operator_3.py took 0.064 seconds
[2025-11-03T20:04:48.319+0000] {processor.py:161} INFO - Started process (PID=642) to work on /home/airflow/.local/lib/python3.12/site-packages/airflow/example_dags/example_branch_python_dop_operator_3.py
[2025-11-03T20:04:48.321+0000] {processor.py:830} INFO - Processing file /home/airflow/.local/lib/python3.12/site-packages/airflow/example_dags/example_branch_python_dop_operator_3.py for tasks to queue
[2025-11-03T20:04:48.322+0000] {logging_mixin.py:188} INFO - [2025-11-03T20:04:48.322+0000] {dagbag.py:545} INFO - Filling up the DagBag from /home/airflow/.local/lib/python3.12/site-packages/airflow/example_dags/example_branch_python_dop_operator_3.py
[2025-11-03T20:04:48.333+0000] {processor.py:840} INFO - DAG(s) 'example_branch_dop_operator_v3' retrieved from /home/airflow/.local/lib/python3.12/site-packages/airflow/example_dags/example_branch_python_dop_operator_3.py
[2025-11-03T20:04:48.348+0000] {logging_mixin.py:188} INFO - [2025-11-03T20:04:48.347+0000] {dag.py:3096} INFO - Sync 1 DAGs
[2025-11-03T20:04:48.361+0000] {logging_mixin.py:188} INFO - [2025-11-03T20:04:48.360+0000] {dag.py:3954} INFO - Setting next_dagrun for example_branch_dop_operator_v3 to 2025-11-03 20:03:00+00:00, run_after=2025-11-03 20:04:00+00:00
[2025-11-03T20:04:48.368+0000] {processor.py:183} INFO - Processing /home/airflow/.local/lib/python3.12/site-packages/airflow/example_dags/example_branch_python_dop_operator_3.py took 0.057 seconds
[2025-11-03T20:05:19.115+0000] {processor.py:161} INFO - Started process (PID=702) to work on /home/airflow/.local/lib/python3.12/site-packages/airflow/example_dags/example_branch_python_dop_operator_3.py
[2025-11-03T20:05:19.116+0000] {processor.py:830} INFO - Processing file /home/airflow/.local/lib/python3.12/site-packages/airflow/example_dags/example_branch_python_dop_operator_3.py for tasks to queue
[2025-11-03T20:05:19.117+0000] {logging_mixin.py:188} INFO - [2025-11-03T20:05:19.117+0000] {dagbag.py:545} INFO - Filling up the DagBag from /home/airflow/.local/lib/python3.12/site-packages/airflow/example_dags/example_branch_python_dop_operator_3.py
[2025-11-03T20:05:19.127+0000] {processor.py:840} INFO - DAG(s) 'example_branch_dop_operator_v3' retrieved from /home/airflow/.local/lib/python3.12/site-packages/airflow/example_dags/example_branch_python_dop_operator_3.py
[2025-11-03T20:05:19.144+0000] {logging_mixin.py:188} INFO - [2025-11-03T20:05:19.144+0000] {dag.py:3096} INFO - Sync 1 DAGs
[2025-11-03T20:05:19.158+0000] {logging_mixin.py:188} INFO - [2025-11-03T20:05:19.158+0000] {dag.py:3954} INFO - Setting next_dagrun for example_branch_dop_operator_v3 to 2025-11-03 20:04:00+00:00, run_after=2025-11-03 20:05:00+00:00
[2025-11-03T20:05:19.168+0000] {processor.py:183} INFO - Processing /home/airflow/.local/lib/python3.12/site-packages/airflow/example_dags/example_branch_python_dop_operator_3.py took 0.062 seconds
[2025-11-03T20:05:49.933+0000] {processor.py:161} INFO - Started process (PID=762) to work on /home/airflow/.local/lib/python3.12/site-packages/airflow/example_dags/example_branch_python_dop_operator_3.py
[2025-11-03T20:05:49.934+0000] {processor.py:830} INFO - Processing file /home/airflow/.local/lib/python3.12/site-packages/airflow/example_dags/example_branch_python_dop_operator_3.py for tasks to queue
[2025-11-03T20:05:49.934+0000] {logging_mixin.py:188} INFO - [2025-11-03T20:05:49.934+0000] {dagbag.py:545} INFO - Filling up the DagBag from /home/airflow/.local/lib/python3.12/site-packages/airflow/example_dags/example_branch_python_dop_operator_3.py
[2025-11-03T20:05:49.941+0000] {processor.py:840} INFO - DAG(s) 'example_branch_dop_operator_v3' retrieved from /home/airflow/.local/lib/python3.12/site-packages/airflow/example_dags/example_branch_python_dop_operator_3.py
[2025-11-03T20:05:49.954+0000] {logging_mixin.py:188} INFO - [2025-11-03T20:05:49.954+0000] {dag.py:3096} INFO - Sync 1 DAGs
[2025-11-03T20:05:49.970+0000] {logging_mixin.py:188} INFO - [2025-11-03T20:05:49.970+0000] {dag.py:3954} INFO - Setting next_dagrun for example_branch_dop_operator_v3 to 2025-11-03 20:04:00+00:00, run_after=2025-11-03 20:05:00+00:00
[2025-11-03T20:05:49.977+0000] {processor.py:183} INFO - Processing /home/airflow/.local/lib/python3.12/site-packages/airflow/example_dags/example_branch_python_dop_operator_3.py took 0.051 seconds
[2025-11-03T20:06:20.366+0000] {processor.py:161} INFO - Started process (PID=822) to work on /home/airflow/.local/lib/python3.12/site-packages/airflow/example_dags/example_branch_python_dop_operator_3.py
[2025-11-03T20:06:20.367+0000] {processor.py:830} INFO - Processing file /home/airflow/.local/lib/python3.12/site-packages/airflow/example_dags/example_branch_python_dop_operator_3.py for tasks to queue
[2025-11-03T20:06:20.368+0000] {logging_mixin.py:188} INFO - [2025-11-03T20:06:20.368+0000] {dagbag.py:545} INFO - Filling up the DagBag from /home/airflow/.local/lib/python3.12/site-packages/airflow/example_dags/example_branch_python_dop_operator_3.py
[2025-11-03T20:06:20.379+0000] {processor.py:840} INFO - DAG(s) 'example_branch_dop_operator_v3' retrieved from /home/airflow/.local/lib/python3.12/site-packages/airflow/example_dags/example_branch_python_dop_operator_3.py
[2025-11-03T20:06:20.395+0000] {logging_mixin.py:188} INFO - [2025-11-03T20:06:20.394+0000] {dag.py:3096} INFO - Sync 1 DAGs
[2025-11-03T20:06:20.404+0000] {logging_mixin.py:188} INFO - [2025-11-03T20:06:20.404+0000] {dag.py:3954} INFO - Setting next_dagrun for example_branch_dop_operator_v3 to 2025-11-03 20:05:00+00:00, run_after=2025-11-03 20:06:00+00:00
[2025-11-03T20:06:20.414+0000] {processor.py:183} INFO - Processing /home/airflow/.local/lib/python3.12/site-packages/airflow/example_dags/example_branch_python_dop_operator_3.py took 0.053 seconds
[2025-11-03T20:06:50.930+0000] {processor.py:161} INFO - Started process (PID=882) to work on /home/airflow/.local/lib/python3.12/site-packages/airflow/example_dags/example_branch_python_dop_operator_3.py
[2025-11-03T20:06:50.931+0000] {processor.py:830} INFO - Processing file /home/airflow/.local/lib/python3.12/site-packages/airflow/example_dags/example_branch_python_dop_operator_3.py for tasks to queue
[2025-11-03T20:06:50.932+0000] {logging_mixin.py:188} INFO - [2025-11-03T20:06:50.932+0000] {dagbag.py:545} INFO - Filling up the DagBag from /home/airflow/.local/lib/python3.12/site-packages/airflow/example_dags/example_branch_python_dop_operator_3.py
[2025-11-03T20:06:50.939+0000] {processor.py:840} INFO - DAG(s) 'example_branch_dop_operator_v3' retrieved from /home/airflow/.local/lib/python3.12/site-packages/airflow/example_dags/example_branch_python_dop_operator_3.py
[2025-11-03T20:06:50.954+0000] {logging_mixin.py:188} INFO - [2025-11-03T20:06:50.954+0000] {dag.py:3096} INFO - Sync 1 DAGs
[2025-11-03T20:06:50.967+0000] {logging_mixin.py:188} INFO - [2025-11-03T20:06:50.967+0000] {dag.py:3954} INFO - Setting next_dagrun for example_branch_dop_operator_v3 to 2025-11-03 20:05:00+00:00, run_after=2025-11-03 20:06:00+00:00
[2025-11-03T20:06:50.978+0000] {processor.py:183} INFO - Processing /home/airflow/.local/lib/python3.12/site-packages/airflow/example_dags/example_branch_python_dop_operator_3.py took 0.054 seconds
[2025-11-03T20:07:21.540+0000] {processor.py:161} INFO - Started process (PID=942) to work on /home/airflow/.local/lib/python3.12/site-packages/airflow/example_dags/example_branch_python_dop_operator_3.py
[2025-11-03T20:07:21.544+0000] {processor.py:830} INFO - Processing file /home/airflow/.local/lib/python3.12/site-packages/airflow/example_dags/example_branch_python_dop_operator_3.py for tasks to queue
[2025-11-03T20:07:21.545+0000] {logging_mixin.py:188} INFO - [2025-11-03T20:07:21.545+0000] {dagbag.py:545} INFO - Filling up the DagBag from /home/airflow/.local/lib/python3.12/site-packages/airflow/example_dags/example_branch_python_dop_operator_3.py
[2025-11-03T20:07:21.553+0000] {processor.py:840} INFO - DAG(s) 'example_branch_dop_operator_v3' retrieved from /home/airflow/.local/lib/python3.12/site-packages/airflow/example_dags/example_branch_python_dop_operator_3.py
[2025-11-03T20:07:21.567+0000] {logging_mixin.py:188} INFO - [2025-11-03T20:07:21.567+0000] {dag.py:3096} INFO - Sync 1 DAGs
[2025-11-03T20:07:21.582+0000] {logging_mixin.py:188} INFO - [2025-11-03T20:07:21.582+0000] {dag.py:3954} INFO - Setting next_dagrun for example_branch_dop_operator_v3 to 2025-11-03 20:06:00+00:00, run_after=2025-11-03 20:07:00+00:00
[2025-11-03T20:07:21.589+0000] {processor.py:183} INFO - Processing /home/airflow/.local/lib/python3.12/site-packages/airflow/example_dags/example_branch_python_dop_operator_3.py took 0.058 seconds
[2025-11-03T20:07:52.202+0000] {processor.py:161} INFO - Started process (PID=1002) to work on /home/airflow/.local/lib/python3.12/site-packages/airflow/example_dags/example_branch_python_dop_operator_3.py
[2025-11-03T20:07:52.206+0000] {processor.py:830} INFO - Processing file /home/airflow/.local/lib/python3.12/site-packages/airflow/example_dags/example_branch_python_dop_operator_3.py for tasks to queue
[2025-11-03T20:07:52.207+0000] {logging_mixin.py:188} INFO - [2025-11-03T20:07:52.206+0000] {dagbag.py:545} INFO - Filling up the DagBag from /home/airflow/.local/lib/python3.12/site-packages/airflow/example_dags/example_branch_python_dop_operator_3.py
[2025-11-03T20:07:52.216+0000] {processor.py:840} INFO - DAG(s) 'example_branch_dop_operator_v3' retrieved from /home/airflow/.local/lib/python3.12/site-packages/airflow/example_dags/example_branch_python_dop_operator_3.py
[2025-11-03T20:07:52.231+0000] {logging_mixin.py:188} INFO - [2025-11-03T20:07:52.231+0000] {dag.py:3096} INFO - Sync 1 DAGs
[2025-11-03T20:07:52.243+0000] {logging_mixin.py:188} INFO - [2025-11-03T20:07:52.243+0000] {dag.py:3954} INFO - Setting next_dagrun for example_branch_dop_operator_v3 to 2025-11-03 20:06:00+00:00, run_after=2025-11-03 20:07:00+00:00
[2025-11-03T20:07:52.254+0000] {processor.py:183} INFO - Processing /home/airflow/.local/lib/python3.12/site-packages/airflow/example_dags/example_branch_python_dop_operator_3.py took 0.062 seconds
[2025-11-03T20:08:22.871+0000] {processor.py:161} INFO - Started process (PID=1062) to work on /home/airflow/.local/lib/python3.12/site-packages/airflow/example_dags/example_branch_python_dop_operator_3.py
[2025-11-03T20:08:22.872+0000] {processor.py:830} INFO - Processing file /home/airflow/.local/lib/python3.12/site-packages/airflow/example_dags/example_branch_python_dop_operator_3.py for tasks to queue
[2025-11-03T20:08:22.874+0000] {logging_mixin.py:188} INFO - [2025-11-03T20:08:22.873+0000] {dagbag.py:545} INFO - Filling up the DagBag from /home/airflow/.local/lib/python3.12/site-packages/airflow/example_dags/example_branch_python_dop_operator_3.py
[2025-11-03T20:08:22.886+0000] {processor.py:840} INFO - DAG(s) 'example_branch_dop_operator_v3' retrieved from /home/airflow/.local/lib/python3.12/site-packages/airflow/example_dags/example_branch_python_dop_operator_3.py
[2025-11-03T20:08:22.905+0000] {logging_mixin.py:188} INFO - [2025-11-03T20:08:22.905+0000] {dag.py:3096} INFO - Sync 1 DAGs
[2025-11-03T20:08:22.919+0000] {logging_mixin.py:188} INFO - [2025-11-03T20:08:22.919+0000] {dag.py:3954} INFO - Setting next_dagrun for example_branch_dop_operator_v3 to 2025-11-03 20:07:00+00:00, run_after=2025-11-03 20:08:00+00:00
[2025-11-03T20:08:22.928+0000] {processor.py:183} INFO - Processing /home/airflow/.local/lib/python3.12/site-packages/airflow/example_dags/example_branch_python_dop_operator_3.py took 0.064 seconds
