[2025-11-03T19:59:43.418+0000] {processor.py:161} INFO - Started process (PID=63) to work on /home/airflow/.local/lib/python3.12/site-packages/airflow/example_dags/example_setup_teardown_taskflow.py
[2025-11-03T19:59:43.419+0000] {processor.py:830} INFO - Processing file /home/airflow/.local/lib/python3.12/site-packages/airflow/example_dags/example_setup_teardown_taskflow.py for tasks to queue
[2025-11-03T19:59:43.419+0000] {logging_mixin.py:188} INFO - [2025-11-03T19:59:43.419+0000] {dagbag.py:545} INFO - Filling up the DagBag from /home/airflow/.local/lib/python3.12/site-packages/airflow/example_dags/example_setup_teardown_taskflow.py
[2025-11-03T19:59:43.425+0000] {processor.py:840} INFO - DAG(s) 'example_setup_teardown_taskflow' retrieved from /home/airflow/.local/lib/python3.12/site-packages/airflow/example_dags/example_setup_teardown_taskflow.py
[2025-11-03T19:59:43.434+0000] {logging_mixin.py:188} INFO - [2025-11-03T19:59:43.434+0000] {dag.py:3096} INFO - Sync 1 DAGs
[2025-11-03T19:59:43.444+0000] {logging_mixin.py:188} INFO - [2025-11-03T19:59:43.444+0000] {dag.py:3954} INFO - Setting next_dagrun for example_setup_teardown_taskflow to 2025-11-02 00:00:00+00:00, run_after=2025-11-03 00:00:00+00:00
[2025-11-03T19:59:43.454+0000] {processor.py:183} INFO - Processing /home/airflow/.local/lib/python3.12/site-packages/airflow/example_dags/example_setup_teardown_taskflow.py took 0.040 seconds
[2025-11-03T20:00:13.703+0000] {processor.py:161} INFO - Started process (PID=129) to work on /home/airflow/.local/lib/python3.12/site-packages/airflow/example_dags/example_setup_teardown_taskflow.py
[2025-11-03T20:00:13.703+0000] {processor.py:830} INFO - Processing file /home/airflow/.local/lib/python3.12/site-packages/airflow/example_dags/example_setup_teardown_taskflow.py for tasks to queue
[2025-11-03T20:00:13.704+0000] {logging_mixin.py:188} INFO - [2025-11-03T20:00:13.704+0000] {dagbag.py:545} INFO - Filling up the DagBag from /home/airflow/.local/lib/python3.12/site-packages/airflow/example_dags/example_setup_teardown_taskflow.py
[2025-11-03T20:00:13.708+0000] {processor.py:840} INFO - DAG(s) 'example_setup_teardown_taskflow' retrieved from /home/airflow/.local/lib/python3.12/site-packages/airflow/example_dags/example_setup_teardown_taskflow.py
[2025-11-03T20:00:13.745+0000] {logging_mixin.py:188} INFO - [2025-11-03T20:00:13.745+0000] {dag.py:3096} INFO - Sync 1 DAGs
[2025-11-03T20:00:13.754+0000] {logging_mixin.py:188} INFO - [2025-11-03T20:00:13.754+0000] {dag.py:3954} INFO - Setting next_dagrun for example_setup_teardown_taskflow to 2025-11-02 00:00:00+00:00, run_after=2025-11-03 00:00:00+00:00
[2025-11-03T20:00:13.761+0000] {processor.py:183} INFO - Processing /home/airflow/.local/lib/python3.12/site-packages/airflow/example_dags/example_setup_teardown_taskflow.py took 0.060 seconds
[2025-11-03T20:00:44.554+0000] {processor.py:161} INFO - Started process (PID=189) to work on /home/airflow/.local/lib/python3.12/site-packages/airflow/example_dags/example_setup_teardown_taskflow.py
[2025-11-03T20:00:44.555+0000] {processor.py:830} INFO - Processing file /home/airflow/.local/lib/python3.12/site-packages/airflow/example_dags/example_setup_teardown_taskflow.py for tasks to queue
[2025-11-03T20:00:44.555+0000] {logging_mixin.py:188} INFO - [2025-11-03T20:00:44.555+0000] {dagbag.py:545} INFO - Filling up the DagBag from /home/airflow/.local/lib/python3.12/site-packages/airflow/example_dags/example_setup_teardown_taskflow.py
[2025-11-03T20:00:44.559+0000] {processor.py:840} INFO - DAG(s) 'example_setup_teardown_taskflow' retrieved from /home/airflow/.local/lib/python3.12/site-packages/airflow/example_dags/example_setup_teardown_taskflow.py
[2025-11-03T20:00:44.568+0000] {logging_mixin.py:188} INFO - [2025-11-03T20:00:44.568+0000] {dag.py:3096} INFO - Sync 1 DAGs
[2025-11-03T20:00:44.577+0000] {logging_mixin.py:188} INFO - [2025-11-03T20:00:44.576+0000] {dag.py:3954} INFO - Setting next_dagrun for example_setup_teardown_taskflow to 2025-11-02 00:00:00+00:00, run_after=2025-11-03 00:00:00+00:00
[2025-11-03T20:00:44.585+0000] {processor.py:183} INFO - Processing /home/airflow/.local/lib/python3.12/site-packages/airflow/example_dags/example_setup_teardown_taskflow.py took 0.033 seconds
[2025-11-03T20:01:15.342+0000] {processor.py:161} INFO - Started process (PID=249) to work on /home/airflow/.local/lib/python3.12/site-packages/airflow/example_dags/example_setup_teardown_taskflow.py
[2025-11-03T20:01:15.343+0000] {processor.py:830} INFO - Processing file /home/airflow/.local/lib/python3.12/site-packages/airflow/example_dags/example_setup_teardown_taskflow.py for tasks to queue
[2025-11-03T20:01:15.343+0000] {logging_mixin.py:188} INFO - [2025-11-03T20:01:15.343+0000] {dagbag.py:545} INFO - Filling up the DagBag from /home/airflow/.local/lib/python3.12/site-packages/airflow/example_dags/example_setup_teardown_taskflow.py
[2025-11-03T20:01:15.347+0000] {processor.py:840} INFO - DAG(s) 'example_setup_teardown_taskflow' retrieved from /home/airflow/.local/lib/python3.12/site-packages/airflow/example_dags/example_setup_teardown_taskflow.py
[2025-11-03T20:01:15.359+0000] {logging_mixin.py:188} INFO - [2025-11-03T20:01:15.359+0000] {dag.py:3096} INFO - Sync 1 DAGs
[2025-11-03T20:01:15.367+0000] {logging_mixin.py:188} INFO - [2025-11-03T20:01:15.367+0000] {dag.py:3954} INFO - Setting next_dagrun for example_setup_teardown_taskflow to 2025-11-02 00:00:00+00:00, run_after=2025-11-03 00:00:00+00:00
[2025-11-03T20:01:15.374+0000] {processor.py:183} INFO - Processing /home/airflow/.local/lib/python3.12/site-packages/airflow/example_dags/example_setup_teardown_taskflow.py took 0.033 seconds
[2025-11-03T20:01:45.917+0000] {processor.py:161} INFO - Started process (PID=309) to work on /home/airflow/.local/lib/python3.12/site-packages/airflow/example_dags/example_setup_teardown_taskflow.py
[2025-11-03T20:01:45.919+0000] {processor.py:830} INFO - Processing file /home/airflow/.local/lib/python3.12/site-packages/airflow/example_dags/example_setup_teardown_taskflow.py for tasks to queue
[2025-11-03T20:01:45.919+0000] {logging_mixin.py:188} INFO - [2025-11-03T20:01:45.919+0000] {dagbag.py:545} INFO - Filling up the DagBag from /home/airflow/.local/lib/python3.12/site-packages/airflow/example_dags/example_setup_teardown_taskflow.py
[2025-11-03T20:01:45.924+0000] {processor.py:840} INFO - DAG(s) 'example_setup_teardown_taskflow' retrieved from /home/airflow/.local/lib/python3.12/site-packages/airflow/example_dags/example_setup_teardown_taskflow.py
[2025-11-03T20:01:45.935+0000] {logging_mixin.py:188} INFO - [2025-11-03T20:01:45.935+0000] {dag.py:3096} INFO - Sync 1 DAGs
[2025-11-03T20:01:45.945+0000] {logging_mixin.py:188} INFO - [2025-11-03T20:01:45.945+0000] {dag.py:3954} INFO - Setting next_dagrun for example_setup_teardown_taskflow to 2025-11-02 00:00:00+00:00, run_after=2025-11-03 00:00:00+00:00
[2025-11-03T20:01:45.954+0000] {processor.py:183} INFO - Processing /home/airflow/.local/lib/python3.12/site-packages/airflow/example_dags/example_setup_teardown_taskflow.py took 0.039 seconds
[2025-11-03T20:02:16.528+0000] {processor.py:161} INFO - Started process (PID=369) to work on /home/airflow/.local/lib/python3.12/site-packages/airflow/example_dags/example_setup_teardown_taskflow.py
[2025-11-03T20:02:16.528+0000] {processor.py:830} INFO - Processing file /home/airflow/.local/lib/python3.12/site-packages/airflow/example_dags/example_setup_teardown_taskflow.py for tasks to queue
[2025-11-03T20:02:16.528+0000] {logging_mixin.py:188} INFO - [2025-11-03T20:02:16.528+0000] {dagbag.py:545} INFO - Filling up the DagBag from /home/airflow/.local/lib/python3.12/site-packages/airflow/example_dags/example_setup_teardown_taskflow.py
[2025-11-03T20:02:16.533+0000] {processor.py:840} INFO - DAG(s) 'example_setup_teardown_taskflow' retrieved from /home/airflow/.local/lib/python3.12/site-packages/airflow/example_dags/example_setup_teardown_taskflow.py
[2025-11-03T20:02:16.542+0000] {logging_mixin.py:188} INFO - [2025-11-03T20:02:16.542+0000] {dag.py:3096} INFO - Sync 1 DAGs
[2025-11-03T20:02:16.551+0000] {logging_mixin.py:188} INFO - [2025-11-03T20:02:16.551+0000] {dag.py:3954} INFO - Setting next_dagrun for example_setup_teardown_taskflow to 2025-11-02 00:00:00+00:00, run_after=2025-11-03 00:00:00+00:00
[2025-11-03T20:02:16.561+0000] {processor.py:183} INFO - Processing /home/airflow/.local/lib/python3.12/site-packages/airflow/example_dags/example_setup_teardown_taskflow.py took 0.036 seconds
[2025-11-03T20:02:47.162+0000] {processor.py:161} INFO - Started process (PID=429) to work on /home/airflow/.local/lib/python3.12/site-packages/airflow/example_dags/example_setup_teardown_taskflow.py
[2025-11-03T20:02:47.163+0000] {processor.py:830} INFO - Processing file /home/airflow/.local/lib/python3.12/site-packages/airflow/example_dags/example_setup_teardown_taskflow.py for tasks to queue
[2025-11-03T20:02:47.164+0000] {logging_mixin.py:188} INFO - [2025-11-03T20:02:47.164+0000] {dagbag.py:545} INFO - Filling up the DagBag from /home/airflow/.local/lib/python3.12/site-packages/airflow/example_dags/example_setup_teardown_taskflow.py
[2025-11-03T20:02:47.168+0000] {processor.py:840} INFO - DAG(s) 'example_setup_teardown_taskflow' retrieved from /home/airflow/.local/lib/python3.12/site-packages/airflow/example_dags/example_setup_teardown_taskflow.py
[2025-11-03T20:02:47.177+0000] {logging_mixin.py:188} INFO - [2025-11-03T20:02:47.176+0000] {dag.py:3096} INFO - Sync 1 DAGs
[2025-11-03T20:02:47.186+0000] {logging_mixin.py:188} INFO - [2025-11-03T20:02:47.186+0000] {dag.py:3954} INFO - Setting next_dagrun for example_setup_teardown_taskflow to 2025-11-02 00:00:00+00:00, run_after=2025-11-03 00:00:00+00:00
[2025-11-03T20:02:47.195+0000] {processor.py:183} INFO - Processing /home/airflow/.local/lib/python3.12/site-packages/airflow/example_dags/example_setup_teardown_taskflow.py took 0.035 seconds
[2025-11-03T20:03:17.820+0000] {processor.py:161} INFO - Started process (PID=489) to work on /home/airflow/.local/lib/python3.12/site-packages/airflow/example_dags/example_setup_teardown_taskflow.py
[2025-11-03T20:03:17.821+0000] {processor.py:830} INFO - Processing file /home/airflow/.local/lib/python3.12/site-packages/airflow/example_dags/example_setup_teardown_taskflow.py for tasks to queue
[2025-11-03T20:03:17.821+0000] {logging_mixin.py:188} INFO - [2025-11-03T20:03:17.821+0000] {dagbag.py:545} INFO - Filling up the DagBag from /home/airflow/.local/lib/python3.12/site-packages/airflow/example_dags/example_setup_teardown_taskflow.py
[2025-11-03T20:03:17.825+0000] {processor.py:840} INFO - DAG(s) 'example_setup_teardown_taskflow' retrieved from /home/airflow/.local/lib/python3.12/site-packages/airflow/example_dags/example_setup_teardown_taskflow.py
[2025-11-03T20:03:17.836+0000] {logging_mixin.py:188} INFO - [2025-11-03T20:03:17.836+0000] {dag.py:3096} INFO - Sync 1 DAGs
[2025-11-03T20:03:17.844+0000] {logging_mixin.py:188} INFO - [2025-11-03T20:03:17.844+0000] {dag.py:3954} INFO - Setting next_dagrun for example_setup_teardown_taskflow to 2025-11-02 00:00:00+00:00, run_after=2025-11-03 00:00:00+00:00
[2025-11-03T20:03:17.854+0000] {processor.py:183} INFO - Processing /home/airflow/.local/lib/python3.12/site-packages/airflow/example_dags/example_setup_teardown_taskflow.py took 0.037 seconds
[2025-11-03T20:03:48.543+0000] {processor.py:161} INFO - Started process (PID=549) to work on /home/airflow/.local/lib/python3.12/site-packages/airflow/example_dags/example_setup_teardown_taskflow.py
[2025-11-03T20:03:48.544+0000] {processor.py:830} INFO - Processing file /home/airflow/.local/lib/python3.12/site-packages/airflow/example_dags/example_setup_teardown_taskflow.py for tasks to queue
[2025-11-03T20:03:48.544+0000] {logging_mixin.py:188} INFO - [2025-11-03T20:03:48.544+0000] {dagbag.py:545} INFO - Filling up the DagBag from /home/airflow/.local/lib/python3.12/site-packages/airflow/example_dags/example_setup_teardown_taskflow.py
[2025-11-03T20:03:48.548+0000] {processor.py:840} INFO - DAG(s) 'example_setup_teardown_taskflow' retrieved from /home/airflow/.local/lib/python3.12/site-packages/airflow/example_dags/example_setup_teardown_taskflow.py
[2025-11-03T20:03:48.556+0000] {logging_mixin.py:188} INFO - [2025-11-03T20:03:48.556+0000] {dag.py:3096} INFO - Sync 1 DAGs
[2025-11-03T20:03:48.563+0000] {logging_mixin.py:188} INFO - [2025-11-03T20:03:48.563+0000] {dag.py:3954} INFO - Setting next_dagrun for example_setup_teardown_taskflow to 2025-11-02 00:00:00+00:00, run_after=2025-11-03 00:00:00+00:00
[2025-11-03T20:03:48.569+0000] {processor.py:183} INFO - Processing /home/airflow/.local/lib/python3.12/site-packages/airflow/example_dags/example_setup_teardown_taskflow.py took 0.029 seconds
[2025-11-03T20:04:19.279+0000] {processor.py:161} INFO - Started process (PID=609) to work on /home/airflow/.local/lib/python3.12/site-packages/airflow/example_dags/example_setup_teardown_taskflow.py
[2025-11-03T20:04:19.279+0000] {processor.py:830} INFO - Processing file /home/airflow/.local/lib/python3.12/site-packages/airflow/example_dags/example_setup_teardown_taskflow.py for tasks to queue
[2025-11-03T20:04:19.279+0000] {logging_mixin.py:188} INFO - [2025-11-03T20:04:19.279+0000] {dagbag.py:545} INFO - Filling up the DagBag from /home/airflow/.local/lib/python3.12/site-packages/airflow/example_dags/example_setup_teardown_taskflow.py
[2025-11-03T20:04:19.285+0000] {processor.py:840} INFO - DAG(s) 'example_setup_teardown_taskflow' retrieved from /home/airflow/.local/lib/python3.12/site-packages/airflow/example_dags/example_setup_teardown_taskflow.py
[2025-11-03T20:04:19.293+0000] {logging_mixin.py:188} INFO - [2025-11-03T20:04:19.293+0000] {dag.py:3096} INFO - Sync 1 DAGs
[2025-11-03T20:04:19.300+0000] {logging_mixin.py:188} INFO - [2025-11-03T20:04:19.300+0000] {dag.py:3954} INFO - Setting next_dagrun for example_setup_teardown_taskflow to 2025-11-02 00:00:00+00:00, run_after=2025-11-03 00:00:00+00:00
[2025-11-03T20:04:19.305+0000] {processor.py:183} INFO - Processing /home/airflow/.local/lib/python3.12/site-packages/airflow/example_dags/example_setup_teardown_taskflow.py took 0.029 seconds
[2025-11-03T20:04:50.062+0000] {processor.py:161} INFO - Started process (PID=669) to work on /home/airflow/.local/lib/python3.12/site-packages/airflow/example_dags/example_setup_teardown_taskflow.py
[2025-11-03T20:04:50.062+0000] {processor.py:830} INFO - Processing file /home/airflow/.local/lib/python3.12/site-packages/airflow/example_dags/example_setup_teardown_taskflow.py for tasks to queue
[2025-11-03T20:04:50.063+0000] {logging_mixin.py:188} INFO - [2025-11-03T20:04:50.063+0000] {dagbag.py:545} INFO - Filling up the DagBag from /home/airflow/.local/lib/python3.12/site-packages/airflow/example_dags/example_setup_teardown_taskflow.py
[2025-11-03T20:04:50.066+0000] {processor.py:840} INFO - DAG(s) 'example_setup_teardown_taskflow' retrieved from /home/airflow/.local/lib/python3.12/site-packages/airflow/example_dags/example_setup_teardown_taskflow.py
[2025-11-03T20:04:50.077+0000] {logging_mixin.py:188} INFO - [2025-11-03T20:04:50.077+0000] {dag.py:3096} INFO - Sync 1 DAGs
[2025-11-03T20:04:50.084+0000] {logging_mixin.py:188} INFO - [2025-11-03T20:04:50.084+0000] {dag.py:3954} INFO - Setting next_dagrun for example_setup_teardown_taskflow to 2025-11-02 00:00:00+00:00, run_after=2025-11-03 00:00:00+00:00
[2025-11-03T20:04:50.093+0000] {processor.py:183} INFO - Processing /home/airflow/.local/lib/python3.12/site-packages/airflow/example_dags/example_setup_teardown_taskflow.py took 0.034 seconds
[2025-11-03T20:05:20.960+0000] {processor.py:161} INFO - Started process (PID=729) to work on /home/airflow/.local/lib/python3.12/site-packages/airflow/example_dags/example_setup_teardown_taskflow.py
[2025-11-03T20:05:20.961+0000] {processor.py:830} INFO - Processing file /home/airflow/.local/lib/python3.12/site-packages/airflow/example_dags/example_setup_teardown_taskflow.py for tasks to queue
[2025-11-03T20:05:20.961+0000] {logging_mixin.py:188} INFO - [2025-11-03T20:05:20.961+0000] {dagbag.py:545} INFO - Filling up the DagBag from /home/airflow/.local/lib/python3.12/site-packages/airflow/example_dags/example_setup_teardown_taskflow.py
[2025-11-03T20:05:20.965+0000] {processor.py:840} INFO - DAG(s) 'example_setup_teardown_taskflow' retrieved from /home/airflow/.local/lib/python3.12/site-packages/airflow/example_dags/example_setup_teardown_taskflow.py
[2025-11-03T20:05:20.975+0000] {logging_mixin.py:188} INFO - [2025-11-03T20:05:20.975+0000] {dag.py:3096} INFO - Sync 1 DAGs
[2025-11-03T20:05:20.982+0000] {logging_mixin.py:188} INFO - [2025-11-03T20:05:20.982+0000] {dag.py:3954} INFO - Setting next_dagrun for example_setup_teardown_taskflow to 2025-11-02 00:00:00+00:00, run_after=2025-11-03 00:00:00+00:00
[2025-11-03T20:05:20.988+0000] {processor.py:183} INFO - Processing /home/airflow/.local/lib/python3.12/site-packages/airflow/example_dags/example_setup_teardown_taskflow.py took 0.029 seconds
[2025-11-03T20:05:51.596+0000] {processor.py:161} INFO - Started process (PID=789) to work on /home/airflow/.local/lib/python3.12/site-packages/airflow/example_dags/example_setup_teardown_taskflow.py
[2025-11-03T20:05:51.597+0000] {processor.py:830} INFO - Processing file /home/airflow/.local/lib/python3.12/site-packages/airflow/example_dags/example_setup_teardown_taskflow.py for tasks to queue
[2025-11-03T20:05:51.597+0000] {logging_mixin.py:188} INFO - [2025-11-03T20:05:51.597+0000] {dagbag.py:545} INFO - Filling up the DagBag from /home/airflow/.local/lib/python3.12/site-packages/airflow/example_dags/example_setup_teardown_taskflow.py
[2025-11-03T20:05:51.602+0000] {processor.py:840} INFO - DAG(s) 'example_setup_teardown_taskflow' retrieved from /home/airflow/.local/lib/python3.12/site-packages/airflow/example_dags/example_setup_teardown_taskflow.py
[2025-11-03T20:05:51.609+0000] {logging_mixin.py:188} INFO - [2025-11-03T20:05:51.609+0000] {dag.py:3096} INFO - Sync 1 DAGs
[2025-11-03T20:05:51.616+0000] {logging_mixin.py:188} INFO - [2025-11-03T20:05:51.616+0000] {dag.py:3954} INFO - Setting next_dagrun for example_setup_teardown_taskflow to 2025-11-02 00:00:00+00:00, run_after=2025-11-03 00:00:00+00:00
[2025-11-03T20:05:51.624+0000] {processor.py:183} INFO - Processing /home/airflow/.local/lib/python3.12/site-packages/airflow/example_dags/example_setup_teardown_taskflow.py took 0.030 seconds
[2025-11-03T20:06:22.095+0000] {processor.py:161} INFO - Started process (PID=849) to work on /home/airflow/.local/lib/python3.12/site-packages/airflow/example_dags/example_setup_teardown_taskflow.py
[2025-11-03T20:06:22.095+0000] {processor.py:830} INFO - Processing file /home/airflow/.local/lib/python3.12/site-packages/airflow/example_dags/example_setup_teardown_taskflow.py for tasks to queue
[2025-11-03T20:06:22.095+0000] {logging_mixin.py:188} INFO - [2025-11-03T20:06:22.095+0000] {dagbag.py:545} INFO - Filling up the DagBag from /home/airflow/.local/lib/python3.12/site-packages/airflow/example_dags/example_setup_teardown_taskflow.py
[2025-11-03T20:06:22.099+0000] {processor.py:840} INFO - DAG(s) 'example_setup_teardown_taskflow' retrieved from /home/airflow/.local/lib/python3.12/site-packages/airflow/example_dags/example_setup_teardown_taskflow.py
[2025-11-03T20:06:22.106+0000] {logging_mixin.py:188} INFO - [2025-11-03T20:06:22.106+0000] {dag.py:3096} INFO - Sync 1 DAGs
[2025-11-03T20:06:22.112+0000] {logging_mixin.py:188} INFO - [2025-11-03T20:06:22.112+0000] {dag.py:3954} INFO - Setting next_dagrun for example_setup_teardown_taskflow to 2025-11-02 00:00:00+00:00, run_after=2025-11-03 00:00:00+00:00
[2025-11-03T20:06:22.118+0000] {processor.py:183} INFO - Processing /home/airflow/.local/lib/python3.12/site-packages/airflow/example_dags/example_setup_teardown_taskflow.py took 0.025 seconds
[2025-11-03T20:06:52.675+0000] {processor.py:161} INFO - Started process (PID=909) to work on /home/airflow/.local/lib/python3.12/site-packages/airflow/example_dags/example_setup_teardown_taskflow.py
[2025-11-03T20:06:52.675+0000] {processor.py:830} INFO - Processing file /home/airflow/.local/lib/python3.12/site-packages/airflow/example_dags/example_setup_teardown_taskflow.py for tasks to queue
[2025-11-03T20:06:52.676+0000] {logging_mixin.py:188} INFO - [2025-11-03T20:06:52.676+0000] {dagbag.py:545} INFO - Filling up the DagBag from /home/airflow/.local/lib/python3.12/site-packages/airflow/example_dags/example_setup_teardown_taskflow.py
[2025-11-03T20:06:52.679+0000] {processor.py:840} INFO - DAG(s) 'example_setup_teardown_taskflow' retrieved from /home/airflow/.local/lib/python3.12/site-packages/airflow/example_dags/example_setup_teardown_taskflow.py
[2025-11-03T20:06:52.689+0000] {logging_mixin.py:188} INFO - [2025-11-03T20:06:52.689+0000] {dag.py:3096} INFO - Sync 1 DAGs
[2025-11-03T20:06:52.697+0000] {logging_mixin.py:188} INFO - [2025-11-03T20:06:52.697+0000] {dag.py:3954} INFO - Setting next_dagrun for example_setup_teardown_taskflow to 2025-11-02 00:00:00+00:00, run_after=2025-11-03 00:00:00+00:00
[2025-11-03T20:06:52.704+0000] {processor.py:183} INFO - Processing /home/airflow/.local/lib/python3.12/site-packages/airflow/example_dags/example_setup_teardown_taskflow.py took 0.031 seconds
[2025-11-03T20:07:23.273+0000] {processor.py:161} INFO - Started process (PID=969) to work on /home/airflow/.local/lib/python3.12/site-packages/airflow/example_dags/example_setup_teardown_taskflow.py
[2025-11-03T20:07:23.274+0000] {processor.py:830} INFO - Processing file /home/airflow/.local/lib/python3.12/site-packages/airflow/example_dags/example_setup_teardown_taskflow.py for tasks to queue
[2025-11-03T20:07:23.274+0000] {logging_mixin.py:188} INFO - [2025-11-03T20:07:23.274+0000] {dagbag.py:545} INFO - Filling up the DagBag from /home/airflow/.local/lib/python3.12/site-packages/airflow/example_dags/example_setup_teardown_taskflow.py
[2025-11-03T20:07:23.278+0000] {processor.py:840} INFO - DAG(s) 'example_setup_teardown_taskflow' retrieved from /home/airflow/.local/lib/python3.12/site-packages/airflow/example_dags/example_setup_teardown_taskflow.py
[2025-11-03T20:07:23.285+0000] {logging_mixin.py:188} INFO - [2025-11-03T20:07:23.285+0000] {dag.py:3096} INFO - Sync 1 DAGs
[2025-11-03T20:07:23.292+0000] {logging_mixin.py:188} INFO - [2025-11-03T20:07:23.292+0000] {dag.py:3954} INFO - Setting next_dagrun for example_setup_teardown_taskflow to 2025-11-02 00:00:00+00:00, run_after=2025-11-03 00:00:00+00:00
[2025-11-03T20:07:23.298+0000] {processor.py:183} INFO - Processing /home/airflow/.local/lib/python3.12/site-packages/airflow/example_dags/example_setup_teardown_taskflow.py took 0.027 seconds
[2025-11-03T20:07:53.976+0000] {processor.py:161} INFO - Started process (PID=1029) to work on /home/airflow/.local/lib/python3.12/site-packages/airflow/example_dags/example_setup_teardown_taskflow.py
[2025-11-03T20:07:53.977+0000] {processor.py:830} INFO - Processing file /home/airflow/.local/lib/python3.12/site-packages/airflow/example_dags/example_setup_teardown_taskflow.py for tasks to queue
[2025-11-03T20:07:53.977+0000] {logging_mixin.py:188} INFO - [2025-11-03T20:07:53.977+0000] {dagbag.py:545} INFO - Filling up the DagBag from /home/airflow/.local/lib/python3.12/site-packages/airflow/example_dags/example_setup_teardown_taskflow.py
[2025-11-03T20:07:53.981+0000] {processor.py:840} INFO - DAG(s) 'example_setup_teardown_taskflow' retrieved from /home/airflow/.local/lib/python3.12/site-packages/airflow/example_dags/example_setup_teardown_taskflow.py
[2025-11-03T20:07:53.992+0000] {logging_mixin.py:188} INFO - [2025-11-03T20:07:53.992+0000] {dag.py:3096} INFO - Sync 1 DAGs
[2025-11-03T20:07:54.000+0000] {logging_mixin.py:188} INFO - [2025-11-03T20:07:54.000+0000] {dag.py:3954} INFO - Setting next_dagrun for example_setup_teardown_taskflow to 2025-11-02 00:00:00+00:00, run_after=2025-11-03 00:00:00+00:00
[2025-11-03T20:07:54.009+0000] {processor.py:183} INFO - Processing /home/airflow/.local/lib/python3.12/site-packages/airflow/example_dags/example_setup_teardown_taskflow.py took 0.035 seconds
[2025-11-03T20:08:24.610+0000] {processor.py:161} INFO - Started process (PID=1089) to work on /home/airflow/.local/lib/python3.12/site-packages/airflow/example_dags/example_setup_teardown_taskflow.py
[2025-11-03T20:08:24.610+0000] {processor.py:830} INFO - Processing file /home/airflow/.local/lib/python3.12/site-packages/airflow/example_dags/example_setup_teardown_taskflow.py for tasks to queue
[2025-11-03T20:08:24.610+0000] {logging_mixin.py:188} INFO - [2025-11-03T20:08:24.610+0000] {dagbag.py:545} INFO - Filling up the DagBag from /home/airflow/.local/lib/python3.12/site-packages/airflow/example_dags/example_setup_teardown_taskflow.py
[2025-11-03T20:08:24.613+0000] {processor.py:840} INFO - DAG(s) 'example_setup_teardown_taskflow' retrieved from /home/airflow/.local/lib/python3.12/site-packages/airflow/example_dags/example_setup_teardown_taskflow.py
[2025-11-03T20:08:24.621+0000] {logging_mixin.py:188} INFO - [2025-11-03T20:08:24.621+0000] {dag.py:3096} INFO - Sync 1 DAGs
[2025-11-03T20:08:24.629+0000] {logging_mixin.py:188} INFO - [2025-11-03T20:08:24.629+0000] {dag.py:3954} INFO - Setting next_dagrun for example_setup_teardown_taskflow to 2025-11-02 00:00:00+00:00, run_after=2025-11-03 00:00:00+00:00
[2025-11-03T20:08:24.638+0000] {processor.py:183} INFO - Processing /home/airflow/.local/lib/python3.12/site-packages/airflow/example_dags/example_setup_teardown_taskflow.py took 0.031 seconds
