[2025-11-03T19:59:43.308+0000] {processor.py:161} INFO - Started process (PID=59) to work on /home/airflow/.local/lib/python3.12/site-packages/airflow/example_dags/example_nested_branch_dag.py
[2025-11-03T19:59:43.309+0000] {processor.py:830} INFO - Processing file /home/airflow/.local/lib/python3.12/site-packages/airflow/example_dags/example_nested_branch_dag.py for tasks to queue
[2025-11-03T19:59:43.310+0000] {logging_mixin.py:188} INFO - [2025-11-03T19:59:43.310+0000] {dagbag.py:545} INFO - Filling up the DagBag from /home/airflow/.local/lib/python3.12/site-packages/airflow/example_dags/example_nested_branch_dag.py
[2025-11-03T19:59:43.316+0000] {processor.py:840} INFO - DAG(s) 'example_nested_branch_dag' retrieved from /home/airflow/.local/lib/python3.12/site-packages/airflow/example_dags/example_nested_branch_dag.py
[2025-11-03T19:59:43.324+0000] {logging_mixin.py:188} INFO - [2025-11-03T19:59:43.324+0000] {dag.py:3096} INFO - Sync 1 DAGs
[2025-11-03T19:59:43.337+0000] {logging_mixin.py:188} INFO - [2025-11-03T19:59:43.337+0000] {dag.py:3954} INFO - Setting next_dagrun for example_nested_branch_dag to 2025-11-02 00:00:00+00:00, run_after=2025-11-03 00:00:00+00:00
[2025-11-03T19:59:43.350+0000] {processor.py:183} INFO - Processing /home/airflow/.local/lib/python3.12/site-packages/airflow/example_dags/example_nested_branch_dag.py took 0.045 seconds
[2025-11-03T20:00:13.539+0000] {processor.py:161} INFO - Started process (PID=119) to work on /home/airflow/.local/lib/python3.12/site-packages/airflow/example_dags/example_nested_branch_dag.py
[2025-11-03T20:00:13.539+0000] {processor.py:830} INFO - Processing file /home/airflow/.local/lib/python3.12/site-packages/airflow/example_dags/example_nested_branch_dag.py for tasks to queue
[2025-11-03T20:00:13.541+0000] {logging_mixin.py:188} INFO - [2025-11-03T20:00:13.541+0000] {dagbag.py:545} INFO - Filling up the DagBag from /home/airflow/.local/lib/python3.12/site-packages/airflow/example_dags/example_nested_branch_dag.py
[2025-11-03T20:00:13.545+0000] {processor.py:840} INFO - DAG(s) 'example_nested_branch_dag' retrieved from /home/airflow/.local/lib/python3.12/site-packages/airflow/example_dags/example_nested_branch_dag.py
[2025-11-03T20:00:13.586+0000] {logging_mixin.py:188} INFO - [2025-11-03T20:00:13.586+0000] {dag.py:3096} INFO - Sync 1 DAGs
[2025-11-03T20:00:13.595+0000] {logging_mixin.py:188} INFO - [2025-11-03T20:00:13.595+0000] {dag.py:3954} INFO - Setting next_dagrun for example_nested_branch_dag to 2025-11-02 00:00:00+00:00, run_after=2025-11-03 00:00:00+00:00
[2025-11-03T20:00:13.604+0000] {processor.py:183} INFO - Processing /home/airflow/.local/lib/python3.12/site-packages/airflow/example_dags/example_nested_branch_dag.py took 0.068 seconds
[2025-11-03T20:00:44.473+0000] {processor.py:161} INFO - Started process (PID=185) to work on /home/airflow/.local/lib/python3.12/site-packages/airflow/example_dags/example_nested_branch_dag.py
[2025-11-03T20:00:44.475+0000] {processor.py:830} INFO - Processing file /home/airflow/.local/lib/python3.12/site-packages/airflow/example_dags/example_nested_branch_dag.py for tasks to queue
[2025-11-03T20:00:44.476+0000] {logging_mixin.py:188} INFO - [2025-11-03T20:00:44.475+0000] {dagbag.py:545} INFO - Filling up the DagBag from /home/airflow/.local/lib/python3.12/site-packages/airflow/example_dags/example_nested_branch_dag.py
[2025-11-03T20:00:44.480+0000] {processor.py:840} INFO - DAG(s) 'example_nested_branch_dag' retrieved from /home/airflow/.local/lib/python3.12/site-packages/airflow/example_dags/example_nested_branch_dag.py
[2025-11-03T20:00:44.487+0000] {logging_mixin.py:188} INFO - [2025-11-03T20:00:44.487+0000] {dag.py:3096} INFO - Sync 1 DAGs
[2025-11-03T20:00:44.495+0000] {logging_mixin.py:188} INFO - [2025-11-03T20:00:44.494+0000] {dag.py:3954} INFO - Setting next_dagrun for example_nested_branch_dag to 2025-11-02 00:00:00+00:00, run_after=2025-11-03 00:00:00+00:00
[2025-11-03T20:00:44.504+0000] {processor.py:183} INFO - Processing /home/airflow/.local/lib/python3.12/site-packages/airflow/example_dags/example_nested_branch_dag.py took 0.033 seconds
[2025-11-03T20:01:15.266+0000] {processor.py:161} INFO - Started process (PID=245) to work on /home/airflow/.local/lib/python3.12/site-packages/airflow/example_dags/example_nested_branch_dag.py
[2025-11-03T20:01:15.268+0000] {processor.py:830} INFO - Processing file /home/airflow/.local/lib/python3.12/site-packages/airflow/example_dags/example_nested_branch_dag.py for tasks to queue
[2025-11-03T20:01:15.268+0000] {logging_mixin.py:188} INFO - [2025-11-03T20:01:15.268+0000] {dagbag.py:545} INFO - Filling up the DagBag from /home/airflow/.local/lib/python3.12/site-packages/airflow/example_dags/example_nested_branch_dag.py
[2025-11-03T20:01:15.273+0000] {processor.py:840} INFO - DAG(s) 'example_nested_branch_dag' retrieved from /home/airflow/.local/lib/python3.12/site-packages/airflow/example_dags/example_nested_branch_dag.py
[2025-11-03T20:01:15.283+0000] {logging_mixin.py:188} INFO - [2025-11-03T20:01:15.283+0000] {dag.py:3096} INFO - Sync 1 DAGs
[2025-11-03T20:01:15.291+0000] {logging_mixin.py:188} INFO - [2025-11-03T20:01:15.291+0000] {dag.py:3954} INFO - Setting next_dagrun for example_nested_branch_dag to 2025-11-02 00:00:00+00:00, run_after=2025-11-03 00:00:00+00:00
[2025-11-03T20:01:15.297+0000] {processor.py:183} INFO - Processing /home/airflow/.local/lib/python3.12/site-packages/airflow/example_dags/example_nested_branch_dag.py took 0.033 seconds
[2025-11-03T20:01:45.806+0000] {processor.py:161} INFO - Started process (PID=305) to work on /home/airflow/.local/lib/python3.12/site-packages/airflow/example_dags/example_nested_branch_dag.py
[2025-11-03T20:01:45.809+0000] {processor.py:830} INFO - Processing file /home/airflow/.local/lib/python3.12/site-packages/airflow/example_dags/example_nested_branch_dag.py for tasks to queue
[2025-11-03T20:01:45.810+0000] {logging_mixin.py:188} INFO - [2025-11-03T20:01:45.810+0000] {dagbag.py:545} INFO - Filling up the DagBag from /home/airflow/.local/lib/python3.12/site-packages/airflow/example_dags/example_nested_branch_dag.py
[2025-11-03T20:01:45.813+0000] {processor.py:840} INFO - DAG(s) 'example_nested_branch_dag' retrieved from /home/airflow/.local/lib/python3.12/site-packages/airflow/example_dags/example_nested_branch_dag.py
[2025-11-03T20:01:45.822+0000] {logging_mixin.py:188} INFO - [2025-11-03T20:01:45.822+0000] {dag.py:3096} INFO - Sync 1 DAGs
[2025-11-03T20:01:45.829+0000] {logging_mixin.py:188} INFO - [2025-11-03T20:01:45.829+0000] {dag.py:3954} INFO - Setting next_dagrun for example_nested_branch_dag to 2025-11-02 00:00:00+00:00, run_after=2025-11-03 00:00:00+00:00
[2025-11-03T20:01:45.837+0000] {processor.py:183} INFO - Processing /home/airflow/.local/lib/python3.12/site-packages/airflow/example_dags/example_nested_branch_dag.py took 0.033 seconds
[2025-11-03T20:02:16.442+0000] {processor.py:161} INFO - Started process (PID=365) to work on /home/airflow/.local/lib/python3.12/site-packages/airflow/example_dags/example_nested_branch_dag.py
[2025-11-03T20:02:16.444+0000] {processor.py:830} INFO - Processing file /home/airflow/.local/lib/python3.12/site-packages/airflow/example_dags/example_nested_branch_dag.py for tasks to queue
[2025-11-03T20:02:16.444+0000] {logging_mixin.py:188} INFO - [2025-11-03T20:02:16.444+0000] {dagbag.py:545} INFO - Filling up the DagBag from /home/airflow/.local/lib/python3.12/site-packages/airflow/example_dags/example_nested_branch_dag.py
[2025-11-03T20:02:16.450+0000] {processor.py:840} INFO - DAG(s) 'example_nested_branch_dag' retrieved from /home/airflow/.local/lib/python3.12/site-packages/airflow/example_dags/example_nested_branch_dag.py
[2025-11-03T20:02:16.459+0000] {logging_mixin.py:188} INFO - [2025-11-03T20:02:16.459+0000] {dag.py:3096} INFO - Sync 1 DAGs
[2025-11-03T20:02:16.468+0000] {logging_mixin.py:188} INFO - [2025-11-03T20:02:16.467+0000] {dag.py:3954} INFO - Setting next_dagrun for example_nested_branch_dag to 2025-11-02 00:00:00+00:00, run_after=2025-11-03 00:00:00+00:00
[2025-11-03T20:02:16.474+0000] {processor.py:183} INFO - Processing /home/airflow/.local/lib/python3.12/site-packages/airflow/example_dags/example_nested_branch_dag.py took 0.035 seconds
[2025-11-03T20:02:47.065+0000] {processor.py:161} INFO - Started process (PID=425) to work on /home/airflow/.local/lib/python3.12/site-packages/airflow/example_dags/example_nested_branch_dag.py
[2025-11-03T20:02:47.067+0000] {processor.py:830} INFO - Processing file /home/airflow/.local/lib/python3.12/site-packages/airflow/example_dags/example_nested_branch_dag.py for tasks to queue
[2025-11-03T20:02:47.068+0000] {logging_mixin.py:188} INFO - [2025-11-03T20:02:47.068+0000] {dagbag.py:545} INFO - Filling up the DagBag from /home/airflow/.local/lib/python3.12/site-packages/airflow/example_dags/example_nested_branch_dag.py
[2025-11-03T20:02:47.073+0000] {processor.py:840} INFO - DAG(s) 'example_nested_branch_dag' retrieved from /home/airflow/.local/lib/python3.12/site-packages/airflow/example_dags/example_nested_branch_dag.py
[2025-11-03T20:02:47.085+0000] {logging_mixin.py:188} INFO - [2025-11-03T20:02:47.085+0000] {dag.py:3096} INFO - Sync 1 DAGs
[2025-11-03T20:02:47.095+0000] {logging_mixin.py:188} INFO - [2025-11-03T20:02:47.095+0000] {dag.py:3954} INFO - Setting next_dagrun for example_nested_branch_dag to 2025-11-02 00:00:00+00:00, run_after=2025-11-03 00:00:00+00:00
[2025-11-03T20:02:47.105+0000] {processor.py:183} INFO - Processing /home/airflow/.local/lib/python3.12/site-packages/airflow/example_dags/example_nested_branch_dag.py took 0.042 seconds
[2025-11-03T20:03:17.709+0000] {processor.py:161} INFO - Started process (PID=485) to work on /home/airflow/.local/lib/python3.12/site-packages/airflow/example_dags/example_nested_branch_dag.py
[2025-11-03T20:03:17.709+0000] {processor.py:830} INFO - Processing file /home/airflow/.local/lib/python3.12/site-packages/airflow/example_dags/example_nested_branch_dag.py for tasks to queue
[2025-11-03T20:03:17.709+0000] {logging_mixin.py:188} INFO - [2025-11-03T20:03:17.709+0000] {dagbag.py:545} INFO - Filling up the DagBag from /home/airflow/.local/lib/python3.12/site-packages/airflow/example_dags/example_nested_branch_dag.py
[2025-11-03T20:03:17.714+0000] {processor.py:840} INFO - DAG(s) 'example_nested_branch_dag' retrieved from /home/airflow/.local/lib/python3.12/site-packages/airflow/example_dags/example_nested_branch_dag.py
[2025-11-03T20:03:17.722+0000] {logging_mixin.py:188} INFO - [2025-11-03T20:03:17.722+0000] {dag.py:3096} INFO - Sync 1 DAGs
[2025-11-03T20:03:17.731+0000] {logging_mixin.py:188} INFO - [2025-11-03T20:03:17.731+0000] {dag.py:3954} INFO - Setting next_dagrun for example_nested_branch_dag to 2025-11-02 00:00:00+00:00, run_after=2025-11-03 00:00:00+00:00
[2025-11-03T20:03:17.739+0000] {processor.py:183} INFO - Processing /home/airflow/.local/lib/python3.12/site-packages/airflow/example_dags/example_nested_branch_dag.py took 0.033 seconds
[2025-11-03T20:03:48.455+0000] {processor.py:161} INFO - Started process (PID=545) to work on /home/airflow/.local/lib/python3.12/site-packages/airflow/example_dags/example_nested_branch_dag.py
[2025-11-03T20:03:48.456+0000] {processor.py:830} INFO - Processing file /home/airflow/.local/lib/python3.12/site-packages/airflow/example_dags/example_nested_branch_dag.py for tasks to queue
[2025-11-03T20:03:48.456+0000] {logging_mixin.py:188} INFO - [2025-11-03T20:03:48.456+0000] {dagbag.py:545} INFO - Filling up the DagBag from /home/airflow/.local/lib/python3.12/site-packages/airflow/example_dags/example_nested_branch_dag.py
[2025-11-03T20:03:48.461+0000] {processor.py:840} INFO - DAG(s) 'example_nested_branch_dag' retrieved from /home/airflow/.local/lib/python3.12/site-packages/airflow/example_dags/example_nested_branch_dag.py
[2025-11-03T20:03:48.471+0000] {logging_mixin.py:188} INFO - [2025-11-03T20:03:48.471+0000] {dag.py:3096} INFO - Sync 1 DAGs
[2025-11-03T20:03:48.479+0000] {logging_mixin.py:188} INFO - [2025-11-03T20:03:48.479+0000] {dag.py:3954} INFO - Setting next_dagrun for example_nested_branch_dag to 2025-11-02 00:00:00+00:00, run_after=2025-11-03 00:00:00+00:00
[2025-11-03T20:03:48.487+0000] {processor.py:183} INFO - Processing /home/airflow/.local/lib/python3.12/site-packages/airflow/example_dags/example_nested_branch_dag.py took 0.035 seconds
[2025-11-03T20:04:19.170+0000] {processor.py:161} INFO - Started process (PID=605) to work on /home/airflow/.local/lib/python3.12/site-packages/airflow/example_dags/example_nested_branch_dag.py
[2025-11-03T20:04:19.170+0000] {processor.py:830} INFO - Processing file /home/airflow/.local/lib/python3.12/site-packages/airflow/example_dags/example_nested_branch_dag.py for tasks to queue
[2025-11-03T20:04:19.172+0000] {logging_mixin.py:188} INFO - [2025-11-03T20:04:19.172+0000] {dagbag.py:545} INFO - Filling up the DagBag from /home/airflow/.local/lib/python3.12/site-packages/airflow/example_dags/example_nested_branch_dag.py
[2025-11-03T20:04:19.176+0000] {processor.py:840} INFO - DAG(s) 'example_nested_branch_dag' retrieved from /home/airflow/.local/lib/python3.12/site-packages/airflow/example_dags/example_nested_branch_dag.py
[2025-11-03T20:04:19.185+0000] {logging_mixin.py:188} INFO - [2025-11-03T20:04:19.185+0000] {dag.py:3096} INFO - Sync 1 DAGs
[2025-11-03T20:04:19.193+0000] {logging_mixin.py:188} INFO - [2025-11-03T20:04:19.193+0000] {dag.py:3954} INFO - Setting next_dagrun for example_nested_branch_dag to 2025-11-02 00:00:00+00:00, run_after=2025-11-03 00:00:00+00:00
[2025-11-03T20:04:19.202+0000] {processor.py:183} INFO - Processing /home/airflow/.local/lib/python3.12/site-packages/airflow/example_dags/example_nested_branch_dag.py took 0.035 seconds
[2025-11-03T20:04:49.961+0000] {processor.py:161} INFO - Started process (PID=665) to work on /home/airflow/.local/lib/python3.12/site-packages/airflow/example_dags/example_nested_branch_dag.py
[2025-11-03T20:04:49.962+0000] {processor.py:830} INFO - Processing file /home/airflow/.local/lib/python3.12/site-packages/airflow/example_dags/example_nested_branch_dag.py for tasks to queue
[2025-11-03T20:04:49.962+0000] {logging_mixin.py:188} INFO - [2025-11-03T20:04:49.962+0000] {dagbag.py:545} INFO - Filling up the DagBag from /home/airflow/.local/lib/python3.12/site-packages/airflow/example_dags/example_nested_branch_dag.py
[2025-11-03T20:04:49.966+0000] {processor.py:840} INFO - DAG(s) 'example_nested_branch_dag' retrieved from /home/airflow/.local/lib/python3.12/site-packages/airflow/example_dags/example_nested_branch_dag.py
[2025-11-03T20:04:49.973+0000] {logging_mixin.py:188} INFO - [2025-11-03T20:04:49.973+0000] {dag.py:3096} INFO - Sync 1 DAGs
[2025-11-03T20:04:49.980+0000] {logging_mixin.py:188} INFO - [2025-11-03T20:04:49.980+0000] {dag.py:3954} INFO - Setting next_dagrun for example_nested_branch_dag to 2025-11-02 00:00:00+00:00, run_after=2025-11-03 00:00:00+00:00
[2025-11-03T20:04:49.989+0000] {processor.py:183} INFO - Processing /home/airflow/.local/lib/python3.12/site-packages/airflow/example_dags/example_nested_branch_dag.py took 0.030 seconds
[2025-11-03T20:05:20.881+0000] {processor.py:161} INFO - Started process (PID=725) to work on /home/airflow/.local/lib/python3.12/site-packages/airflow/example_dags/example_nested_branch_dag.py
[2025-11-03T20:05:20.884+0000] {processor.py:830} INFO - Processing file /home/airflow/.local/lib/python3.12/site-packages/airflow/example_dags/example_nested_branch_dag.py for tasks to queue
[2025-11-03T20:05:20.884+0000] {logging_mixin.py:188} INFO - [2025-11-03T20:05:20.884+0000] {dagbag.py:545} INFO - Filling up the DagBag from /home/airflow/.local/lib/python3.12/site-packages/airflow/example_dags/example_nested_branch_dag.py
[2025-11-03T20:05:20.889+0000] {processor.py:840} INFO - DAG(s) 'example_nested_branch_dag' retrieved from /home/airflow/.local/lib/python3.12/site-packages/airflow/example_dags/example_nested_branch_dag.py
[2025-11-03T20:05:20.899+0000] {logging_mixin.py:188} INFO - [2025-11-03T20:05:20.899+0000] {dag.py:3096} INFO - Sync 1 DAGs
[2025-11-03T20:05:20.906+0000] {logging_mixin.py:188} INFO - [2025-11-03T20:05:20.906+0000] {dag.py:3954} INFO - Setting next_dagrun for example_nested_branch_dag to 2025-11-02 00:00:00+00:00, run_after=2025-11-03 00:00:00+00:00
[2025-11-03T20:05:20.912+0000] {processor.py:183} INFO - Processing /home/airflow/.local/lib/python3.12/site-packages/airflow/example_dags/example_nested_branch_dag.py took 0.034 seconds
[2025-11-03T20:05:51.526+0000] {processor.py:161} INFO - Started process (PID=785) to work on /home/airflow/.local/lib/python3.12/site-packages/airflow/example_dags/example_nested_branch_dag.py
[2025-11-03T20:05:51.527+0000] {processor.py:830} INFO - Processing file /home/airflow/.local/lib/python3.12/site-packages/airflow/example_dags/example_nested_branch_dag.py for tasks to queue
[2025-11-03T20:05:51.527+0000] {logging_mixin.py:188} INFO - [2025-11-03T20:05:51.527+0000] {dagbag.py:545} INFO - Filling up the DagBag from /home/airflow/.local/lib/python3.12/site-packages/airflow/example_dags/example_nested_branch_dag.py
[2025-11-03T20:05:51.533+0000] {processor.py:840} INFO - DAG(s) 'example_nested_branch_dag' retrieved from /home/airflow/.local/lib/python3.12/site-packages/airflow/example_dags/example_nested_branch_dag.py
[2025-11-03T20:05:51.541+0000] {logging_mixin.py:188} INFO - [2025-11-03T20:05:51.541+0000] {dag.py:3096} INFO - Sync 1 DAGs
[2025-11-03T20:05:51.549+0000] {logging_mixin.py:188} INFO - [2025-11-03T20:05:51.549+0000] {dag.py:3954} INFO - Setting next_dagrun for example_nested_branch_dag to 2025-11-02 00:00:00+00:00, run_after=2025-11-03 00:00:00+00:00
[2025-11-03T20:05:51.557+0000] {processor.py:183} INFO - Processing /home/airflow/.local/lib/python3.12/site-packages/airflow/example_dags/example_nested_branch_dag.py took 0.034 seconds
[2025-11-03T20:06:21.985+0000] {processor.py:161} INFO - Started process (PID=845) to work on /home/airflow/.local/lib/python3.12/site-packages/airflow/example_dags/example_nested_branch_dag.py
[2025-11-03T20:06:21.986+0000] {processor.py:830} INFO - Processing file /home/airflow/.local/lib/python3.12/site-packages/airflow/example_dags/example_nested_branch_dag.py for tasks to queue
[2025-11-03T20:06:21.987+0000] {logging_mixin.py:188} INFO - [2025-11-03T20:06:21.986+0000] {dagbag.py:545} INFO - Filling up the DagBag from /home/airflow/.local/lib/python3.12/site-packages/airflow/example_dags/example_nested_branch_dag.py
[2025-11-03T20:06:21.993+0000] {processor.py:840} INFO - DAG(s) 'example_nested_branch_dag' retrieved from /home/airflow/.local/lib/python3.12/site-packages/airflow/example_dags/example_nested_branch_dag.py
[2025-11-03T20:06:22.004+0000] {logging_mixin.py:188} INFO - [2025-11-03T20:06:22.004+0000] {dag.py:3096} INFO - Sync 1 DAGs
[2025-11-03T20:06:22.012+0000] {logging_mixin.py:188} INFO - [2025-11-03T20:06:22.012+0000] {dag.py:3954} INFO - Setting next_dagrun for example_nested_branch_dag to 2025-11-02 00:00:00+00:00, run_after=2025-11-03 00:00:00+00:00
[2025-11-03T20:06:22.021+0000] {processor.py:183} INFO - Processing /home/airflow/.local/lib/python3.12/site-packages/airflow/example_dags/example_nested_branch_dag.py took 0.038 seconds
[2025-11-03T20:06:52.556+0000] {processor.py:161} INFO - Started process (PID=905) to work on /home/airflow/.local/lib/python3.12/site-packages/airflow/example_dags/example_nested_branch_dag.py
[2025-11-03T20:06:52.556+0000] {processor.py:830} INFO - Processing file /home/airflow/.local/lib/python3.12/site-packages/airflow/example_dags/example_nested_branch_dag.py for tasks to queue
[2025-11-03T20:06:52.557+0000] {logging_mixin.py:188} INFO - [2025-11-03T20:06:52.557+0000] {dagbag.py:545} INFO - Filling up the DagBag from /home/airflow/.local/lib/python3.12/site-packages/airflow/example_dags/example_nested_branch_dag.py
[2025-11-03T20:06:52.561+0000] {processor.py:840} INFO - DAG(s) 'example_nested_branch_dag' retrieved from /home/airflow/.local/lib/python3.12/site-packages/airflow/example_dags/example_nested_branch_dag.py
[2025-11-03T20:06:52.580+0000] {logging_mixin.py:188} INFO - [2025-11-03T20:06:52.580+0000] {dag.py:3096} INFO - Sync 1 DAGs
[2025-11-03T20:06:52.589+0000] {logging_mixin.py:188} INFO - [2025-11-03T20:06:52.589+0000] {dag.py:3954} INFO - Setting next_dagrun for example_nested_branch_dag to 2025-11-02 00:00:00+00:00, run_after=2025-11-03 00:00:00+00:00
[2025-11-03T20:06:52.601+0000] {processor.py:183} INFO - Processing /home/airflow/.local/lib/python3.12/site-packages/airflow/example_dags/example_nested_branch_dag.py took 0.047 seconds
[2025-11-03T20:07:23.158+0000] {processor.py:161} INFO - Started process (PID=965) to work on /home/airflow/.local/lib/python3.12/site-packages/airflow/example_dags/example_nested_branch_dag.py
[2025-11-03T20:07:23.159+0000] {processor.py:830} INFO - Processing file /home/airflow/.local/lib/python3.12/site-packages/airflow/example_dags/example_nested_branch_dag.py for tasks to queue
[2025-11-03T20:07:23.159+0000] {logging_mixin.py:188} INFO - [2025-11-03T20:07:23.159+0000] {dagbag.py:545} INFO - Filling up the DagBag from /home/airflow/.local/lib/python3.12/site-packages/airflow/example_dags/example_nested_branch_dag.py
[2025-11-03T20:07:23.164+0000] {processor.py:840} INFO - DAG(s) 'example_nested_branch_dag' retrieved from /home/airflow/.local/lib/python3.12/site-packages/airflow/example_dags/example_nested_branch_dag.py
[2025-11-03T20:07:23.172+0000] {logging_mixin.py:188} INFO - [2025-11-03T20:07:23.172+0000] {dag.py:3096} INFO - Sync 1 DAGs
[2025-11-03T20:07:23.180+0000] {logging_mixin.py:188} INFO - [2025-11-03T20:07:23.180+0000] {dag.py:3954} INFO - Setting next_dagrun for example_nested_branch_dag to 2025-11-02 00:00:00+00:00, run_after=2025-11-03 00:00:00+00:00
[2025-11-03T20:07:23.191+0000] {processor.py:183} INFO - Processing /home/airflow/.local/lib/python3.12/site-packages/airflow/example_dags/example_nested_branch_dag.py took 0.035 seconds
[2025-11-03T20:07:53.869+0000] {processor.py:161} INFO - Started process (PID=1025) to work on /home/airflow/.local/lib/python3.12/site-packages/airflow/example_dags/example_nested_branch_dag.py
[2025-11-03T20:07:53.870+0000] {processor.py:830} INFO - Processing file /home/airflow/.local/lib/python3.12/site-packages/airflow/example_dags/example_nested_branch_dag.py for tasks to queue
[2025-11-03T20:07:53.871+0000] {logging_mixin.py:188} INFO - [2025-11-03T20:07:53.871+0000] {dagbag.py:545} INFO - Filling up the DagBag from /home/airflow/.local/lib/python3.12/site-packages/airflow/example_dags/example_nested_branch_dag.py
[2025-11-03T20:07:53.877+0000] {processor.py:840} INFO - DAG(s) 'example_nested_branch_dag' retrieved from /home/airflow/.local/lib/python3.12/site-packages/airflow/example_dags/example_nested_branch_dag.py
[2025-11-03T20:07:53.885+0000] {logging_mixin.py:188} INFO - [2025-11-03T20:07:53.885+0000] {dag.py:3096} INFO - Sync 1 DAGs
[2025-11-03T20:07:53.892+0000] {logging_mixin.py:188} INFO - [2025-11-03T20:07:53.892+0000] {dag.py:3954} INFO - Setting next_dagrun for example_nested_branch_dag to 2025-11-02 00:00:00+00:00, run_after=2025-11-03 00:00:00+00:00
[2025-11-03T20:07:53.900+0000] {processor.py:183} INFO - Processing /home/airflow/.local/lib/python3.12/site-packages/airflow/example_dags/example_nested_branch_dag.py took 0.034 seconds
[2025-11-03T20:08:24.503+0000] {processor.py:161} INFO - Started process (PID=1085) to work on /home/airflow/.local/lib/python3.12/site-packages/airflow/example_dags/example_nested_branch_dag.py
[2025-11-03T20:08:24.504+0000] {processor.py:830} INFO - Processing file /home/airflow/.local/lib/python3.12/site-packages/airflow/example_dags/example_nested_branch_dag.py for tasks to queue
[2025-11-03T20:08:24.504+0000] {logging_mixin.py:188} INFO - [2025-11-03T20:08:24.504+0000] {dagbag.py:545} INFO - Filling up the DagBag from /home/airflow/.local/lib/python3.12/site-packages/airflow/example_dags/example_nested_branch_dag.py
[2025-11-03T20:08:24.510+0000] {processor.py:840} INFO - DAG(s) 'example_nested_branch_dag' retrieved from /home/airflow/.local/lib/python3.12/site-packages/airflow/example_dags/example_nested_branch_dag.py
[2025-11-03T20:08:24.519+0000] {logging_mixin.py:188} INFO - [2025-11-03T20:08:24.519+0000] {dag.py:3096} INFO - Sync 1 DAGs
[2025-11-03T20:08:24.526+0000] {logging_mixin.py:188} INFO - [2025-11-03T20:08:24.526+0000] {dag.py:3954} INFO - Setting next_dagrun for example_nested_branch_dag to 2025-11-02 00:00:00+00:00, run_after=2025-11-03 00:00:00+00:00
[2025-11-03T20:08:24.534+0000] {processor.py:183} INFO - Processing /home/airflow/.local/lib/python3.12/site-packages/airflow/example_dags/example_nested_branch_dag.py took 0.033 seconds
