[2025-11-03T19:59:43.598+0000] {processor.py:161} INFO - Started process (PID=68) to work on /home/airflow/.local/lib/python3.12/site-packages/airflow/example_dags/example_branch_datetime_operator.py
[2025-11-03T19:59:43.600+0000] {processor.py:830} INFO - Processing file /home/airflow/.local/lib/python3.12/site-packages/airflow/example_dags/example_branch_datetime_operator.py for tasks to queue
[2025-11-03T19:59:43.601+0000] {logging_mixin.py:188} INFO - [2025-11-03T19:59:43.601+0000] {dagbag.py:545} INFO - Filling up the DagBag from /home/airflow/.local/lib/python3.12/site-packages/airflow/example_dags/example_branch_datetime_operator.py
[2025-11-03T19:59:43.608+0000] {processor.py:840} INFO - DAG(s) 'example_branch_datetime_operator_2', 'example_branch_datetime_operator', 'example_branch_datetime_operator_3' retrieved from /home/airflow/.local/lib/python3.12/site-packages/airflow/example_dags/example_branch_datetime_operator.py
[2025-11-03T19:59:43.622+0000] {logging_mixin.py:188} INFO - [2025-11-03T19:59:43.621+0000] {dag.py:3096} INFO - Sync 3 DAGs
[2025-11-03T19:59:43.637+0000] {logging_mixin.py:188} INFO - [2025-11-03T19:59:43.637+0000] {dag.py:3954} INFO - Setting next_dagrun for example_branch_datetime_operator to 2025-11-02 00:00:00+00:00, run_after=2025-11-03 00:00:00+00:00
[2025-11-03T19:59:43.640+0000] {logging_mixin.py:188} INFO - [2025-11-03T19:59:43.640+0000] {dag.py:3954} INFO - Setting next_dagrun for example_branch_datetime_operator_2 to 2025-11-02 00:00:00+00:00, run_after=2025-11-03 00:00:00+00:00
[2025-11-03T19:59:43.644+0000] {logging_mixin.py:188} INFO - [2025-11-03T19:59:43.644+0000] {dag.py:3954} INFO - Setting next_dagrun for example_branch_datetime_operator_3 to 2025-11-02 00:00:00+00:00, run_after=2025-11-03 00:00:00+00:00
[2025-11-03T19:59:43.658+0000] {processor.py:183} INFO - Processing /home/airflow/.local/lib/python3.12/site-packages/airflow/example_dags/example_branch_datetime_operator.py took 0.065 seconds
[2025-11-03T20:00:13.855+0000] {processor.py:161} INFO - Started process (PID=134) to work on /home/airflow/.local/lib/python3.12/site-packages/airflow/example_dags/example_branch_datetime_operator.py
[2025-11-03T20:00:13.859+0000] {processor.py:830} INFO - Processing file /home/airflow/.local/lib/python3.12/site-packages/airflow/example_dags/example_branch_datetime_operator.py for tasks to queue
[2025-11-03T20:00:13.860+0000] {logging_mixin.py:188} INFO - [2025-11-03T20:00:13.860+0000] {dagbag.py:545} INFO - Filling up the DagBag from /home/airflow/.local/lib/python3.12/site-packages/airflow/example_dags/example_branch_datetime_operator.py
[2025-11-03T20:00:13.865+0000] {processor.py:840} INFO - DAG(s) 'example_branch_datetime_operator_3', 'example_branch_datetime_operator', 'example_branch_datetime_operator_2' retrieved from /home/airflow/.local/lib/python3.12/site-packages/airflow/example_dags/example_branch_datetime_operator.py
[2025-11-03T20:00:13.917+0000] {logging_mixin.py:188} INFO - [2025-11-03T20:00:13.916+0000] {dag.py:3096} INFO - Sync 3 DAGs
[2025-11-03T20:00:13.924+0000] {logging_mixin.py:188} INFO - [2025-11-03T20:00:13.924+0000] {dag.py:3954} INFO - Setting next_dagrun for example_branch_datetime_operator to 2025-11-02 00:00:00+00:00, run_after=2025-11-03 00:00:00+00:00
[2025-11-03T20:00:13.930+0000] {logging_mixin.py:188} INFO - [2025-11-03T20:00:13.930+0000] {dag.py:3954} INFO - Setting next_dagrun for example_branch_datetime_operator_2 to 2025-11-02 00:00:00+00:00, run_after=2025-11-03 00:00:00+00:00
[2025-11-03T20:00:13.932+0000] {logging_mixin.py:188} INFO - [2025-11-03T20:00:13.931+0000] {dag.py:3954} INFO - Setting next_dagrun for example_branch_datetime_operator_3 to 2025-11-02 00:00:00+00:00, run_after=2025-11-03 00:00:00+00:00
[2025-11-03T20:00:13.945+0000] {processor.py:183} INFO - Processing /home/airflow/.local/lib/python3.12/site-packages/airflow/example_dags/example_branch_datetime_operator.py took 0.092 seconds
[2025-11-03T20:00:44.671+0000] {processor.py:161} INFO - Started process (PID=194) to work on /home/airflow/.local/lib/python3.12/site-packages/airflow/example_dags/example_branch_datetime_operator.py
[2025-11-03T20:00:44.672+0000] {processor.py:830} INFO - Processing file /home/airflow/.local/lib/python3.12/site-packages/airflow/example_dags/example_branch_datetime_operator.py for tasks to queue
[2025-11-03T20:00:44.672+0000] {logging_mixin.py:188} INFO - [2025-11-03T20:00:44.672+0000] {dagbag.py:545} INFO - Filling up the DagBag from /home/airflow/.local/lib/python3.12/site-packages/airflow/example_dags/example_branch_datetime_operator.py
[2025-11-03T20:00:44.675+0000] {processor.py:840} INFO - DAG(s) 'example_branch_datetime_operator_3', 'example_branch_datetime_operator_2', 'example_branch_datetime_operator' retrieved from /home/airflow/.local/lib/python3.12/site-packages/airflow/example_dags/example_branch_datetime_operator.py
[2025-11-03T20:00:44.690+0000] {logging_mixin.py:188} INFO - [2025-11-03T20:00:44.690+0000] {dag.py:3096} INFO - Sync 3 DAGs
[2025-11-03T20:00:44.699+0000] {logging_mixin.py:188} INFO - [2025-11-03T20:00:44.698+0000] {dag.py:3954} INFO - Setting next_dagrun for example_branch_datetime_operator to 2025-11-02 00:00:00+00:00, run_after=2025-11-03 00:00:00+00:00
[2025-11-03T20:00:44.701+0000] {logging_mixin.py:188} INFO - [2025-11-03T20:00:44.701+0000] {dag.py:3954} INFO - Setting next_dagrun for example_branch_datetime_operator_2 to 2025-11-02 00:00:00+00:00, run_after=2025-11-03 00:00:00+00:00
[2025-11-03T20:00:44.703+0000] {logging_mixin.py:188} INFO - [2025-11-03T20:00:44.702+0000] {dag.py:3954} INFO - Setting next_dagrun for example_branch_datetime_operator_3 to 2025-11-02 00:00:00+00:00, run_after=2025-11-03 00:00:00+00:00
[2025-11-03T20:00:44.709+0000] {processor.py:183} INFO - Processing /home/airflow/.local/lib/python3.12/site-packages/airflow/example_dags/example_branch_datetime_operator.py took 0.040 seconds
[2025-11-03T20:01:15.468+0000] {processor.py:161} INFO - Started process (PID=254) to work on /home/airflow/.local/lib/python3.12/site-packages/airflow/example_dags/example_branch_datetime_operator.py
[2025-11-03T20:01:15.469+0000] {processor.py:830} INFO - Processing file /home/airflow/.local/lib/python3.12/site-packages/airflow/example_dags/example_branch_datetime_operator.py for tasks to queue
[2025-11-03T20:01:15.469+0000] {logging_mixin.py:188} INFO - [2025-11-03T20:01:15.469+0000] {dagbag.py:545} INFO - Filling up the DagBag from /home/airflow/.local/lib/python3.12/site-packages/airflow/example_dags/example_branch_datetime_operator.py
[2025-11-03T20:01:15.472+0000] {processor.py:840} INFO - DAG(s) 'example_branch_datetime_operator_3', 'example_branch_datetime_operator_2', 'example_branch_datetime_operator' retrieved from /home/airflow/.local/lib/python3.12/site-packages/airflow/example_dags/example_branch_datetime_operator.py
[2025-11-03T20:01:15.483+0000] {logging_mixin.py:188} INFO - [2025-11-03T20:01:15.483+0000] {dag.py:3096} INFO - Sync 3 DAGs
[2025-11-03T20:01:15.492+0000] {logging_mixin.py:188} INFO - [2025-11-03T20:01:15.491+0000] {dag.py:3954} INFO - Setting next_dagrun for example_branch_datetime_operator to 2025-11-02 00:00:00+00:00, run_after=2025-11-03 00:00:00+00:00
[2025-11-03T20:01:15.494+0000] {logging_mixin.py:188} INFO - [2025-11-03T20:01:15.494+0000] {dag.py:3954} INFO - Setting next_dagrun for example_branch_datetime_operator_2 to 2025-11-02 00:00:00+00:00, run_after=2025-11-03 00:00:00+00:00
[2025-11-03T20:01:15.498+0000] {logging_mixin.py:188} INFO - [2025-11-03T20:01:15.498+0000] {dag.py:3954} INFO - Setting next_dagrun for example_branch_datetime_operator_3 to 2025-11-02 00:00:00+00:00, run_after=2025-11-03 00:00:00+00:00
[2025-11-03T20:01:15.504+0000] {processor.py:183} INFO - Processing /home/airflow/.local/lib/python3.12/site-packages/airflow/example_dags/example_branch_datetime_operator.py took 0.038 seconds
[2025-11-03T20:01:46.045+0000] {processor.py:161} INFO - Started process (PID=314) to work on /home/airflow/.local/lib/python3.12/site-packages/airflow/example_dags/example_branch_datetime_operator.py
[2025-11-03T20:01:46.045+0000] {processor.py:830} INFO - Processing file /home/airflow/.local/lib/python3.12/site-packages/airflow/example_dags/example_branch_datetime_operator.py for tasks to queue
[2025-11-03T20:01:46.045+0000] {logging_mixin.py:188} INFO - [2025-11-03T20:01:46.045+0000] {dagbag.py:545} INFO - Filling up the DagBag from /home/airflow/.local/lib/python3.12/site-packages/airflow/example_dags/example_branch_datetime_operator.py
[2025-11-03T20:01:46.049+0000] {processor.py:840} INFO - DAG(s) 'example_branch_datetime_operator', 'example_branch_datetime_operator_2', 'example_branch_datetime_operator_3' retrieved from /home/airflow/.local/lib/python3.12/site-packages/airflow/example_dags/example_branch_datetime_operator.py
[2025-11-03T20:01:46.062+0000] {logging_mixin.py:188} INFO - [2025-11-03T20:01:46.062+0000] {dag.py:3096} INFO - Sync 3 DAGs
[2025-11-03T20:01:46.071+0000] {logging_mixin.py:188} INFO - [2025-11-03T20:01:46.071+0000] {dag.py:3954} INFO - Setting next_dagrun for example_branch_datetime_operator to 2025-11-02 00:00:00+00:00, run_after=2025-11-03 00:00:00+00:00
[2025-11-03T20:01:46.073+0000] {logging_mixin.py:188} INFO - [2025-11-03T20:01:46.073+0000] {dag.py:3954} INFO - Setting next_dagrun for example_branch_datetime_operator_2 to 2025-11-02 00:00:00+00:00, run_after=2025-11-03 00:00:00+00:00
[2025-11-03T20:01:46.074+0000] {logging_mixin.py:188} INFO - [2025-11-03T20:01:46.074+0000] {dag.py:3954} INFO - Setting next_dagrun for example_branch_datetime_operator_3 to 2025-11-02 00:00:00+00:00, run_after=2025-11-03 00:00:00+00:00
[2025-11-03T20:01:46.081+0000] {processor.py:183} INFO - Processing /home/airflow/.local/lib/python3.12/site-packages/airflow/example_dags/example_branch_datetime_operator.py took 0.038 seconds
[2025-11-03T20:02:16.632+0000] {processor.py:161} INFO - Started process (PID=374) to work on /home/airflow/.local/lib/python3.12/site-packages/airflow/example_dags/example_branch_datetime_operator.py
[2025-11-03T20:02:16.633+0000] {processor.py:830} INFO - Processing file /home/airflow/.local/lib/python3.12/site-packages/airflow/example_dags/example_branch_datetime_operator.py for tasks to queue
[2025-11-03T20:02:16.633+0000] {logging_mixin.py:188} INFO - [2025-11-03T20:02:16.633+0000] {dagbag.py:545} INFO - Filling up the DagBag from /home/airflow/.local/lib/python3.12/site-packages/airflow/example_dags/example_branch_datetime_operator.py
[2025-11-03T20:02:16.637+0000] {processor.py:840} INFO - DAG(s) 'example_branch_datetime_operator', 'example_branch_datetime_operator_3', 'example_branch_datetime_operator_2' retrieved from /home/airflow/.local/lib/python3.12/site-packages/airflow/example_dags/example_branch_datetime_operator.py
[2025-11-03T20:02:16.648+0000] {logging_mixin.py:188} INFO - [2025-11-03T20:02:16.648+0000] {dag.py:3096} INFO - Sync 3 DAGs
[2025-11-03T20:02:16.658+0000] {logging_mixin.py:188} INFO - [2025-11-03T20:02:16.658+0000] {dag.py:3954} INFO - Setting next_dagrun for example_branch_datetime_operator to 2025-11-02 00:00:00+00:00, run_after=2025-11-03 00:00:00+00:00
[2025-11-03T20:02:16.661+0000] {logging_mixin.py:188} INFO - [2025-11-03T20:02:16.660+0000] {dag.py:3954} INFO - Setting next_dagrun for example_branch_datetime_operator_2 to 2025-11-02 00:00:00+00:00, run_after=2025-11-03 00:00:00+00:00
[2025-11-03T20:02:16.662+0000] {logging_mixin.py:188} INFO - [2025-11-03T20:02:16.662+0000] {dag.py:3954} INFO - Setting next_dagrun for example_branch_datetime_operator_3 to 2025-11-02 00:00:00+00:00, run_after=2025-11-03 00:00:00+00:00
[2025-11-03T20:02:16.669+0000] {processor.py:183} INFO - Processing /home/airflow/.local/lib/python3.12/site-packages/airflow/example_dags/example_branch_datetime_operator.py took 0.039 seconds
[2025-11-03T20:02:47.284+0000] {processor.py:161} INFO - Started process (PID=434) to work on /home/airflow/.local/lib/python3.12/site-packages/airflow/example_dags/example_branch_datetime_operator.py
[2025-11-03T20:02:47.284+0000] {processor.py:830} INFO - Processing file /home/airflow/.local/lib/python3.12/site-packages/airflow/example_dags/example_branch_datetime_operator.py for tasks to queue
[2025-11-03T20:02:47.284+0000] {logging_mixin.py:188} INFO - [2025-11-03T20:02:47.284+0000] {dagbag.py:545} INFO - Filling up the DagBag from /home/airflow/.local/lib/python3.12/site-packages/airflow/example_dags/example_branch_datetime_operator.py
[2025-11-03T20:02:47.288+0000] {processor.py:840} INFO - DAG(s) 'example_branch_datetime_operator', 'example_branch_datetime_operator_2', 'example_branch_datetime_operator_3' retrieved from /home/airflow/.local/lib/python3.12/site-packages/airflow/example_dags/example_branch_datetime_operator.py
[2025-11-03T20:02:47.297+0000] {logging_mixin.py:188} INFO - [2025-11-03T20:02:47.297+0000] {dag.py:3096} INFO - Sync 3 DAGs
[2025-11-03T20:02:47.304+0000] {logging_mixin.py:188} INFO - [2025-11-03T20:02:47.304+0000] {dag.py:3954} INFO - Setting next_dagrun for example_branch_datetime_operator to 2025-11-02 00:00:00+00:00, run_after=2025-11-03 00:00:00+00:00
[2025-11-03T20:02:47.305+0000] {logging_mixin.py:188} INFO - [2025-11-03T20:02:47.305+0000] {dag.py:3954} INFO - Setting next_dagrun for example_branch_datetime_operator_2 to 2025-11-02 00:00:00+00:00, run_after=2025-11-03 00:00:00+00:00
[2025-11-03T20:02:47.306+0000] {logging_mixin.py:188} INFO - [2025-11-03T20:02:47.306+0000] {dag.py:3954} INFO - Setting next_dagrun for example_branch_datetime_operator_3 to 2025-11-02 00:00:00+00:00, run_after=2025-11-03 00:00:00+00:00
[2025-11-03T20:02:47.311+0000] {processor.py:183} INFO - Processing /home/airflow/.local/lib/python3.12/site-packages/airflow/example_dags/example_branch_datetime_operator.py took 0.029 seconds
[2025-11-03T20:03:17.937+0000] {processor.py:161} INFO - Started process (PID=494) to work on /home/airflow/.local/lib/python3.12/site-packages/airflow/example_dags/example_branch_datetime_operator.py
[2025-11-03T20:03:17.938+0000] {processor.py:830} INFO - Processing file /home/airflow/.local/lib/python3.12/site-packages/airflow/example_dags/example_branch_datetime_operator.py for tasks to queue
[2025-11-03T20:03:17.939+0000] {logging_mixin.py:188} INFO - [2025-11-03T20:03:17.939+0000] {dagbag.py:545} INFO - Filling up the DagBag from /home/airflow/.local/lib/python3.12/site-packages/airflow/example_dags/example_branch_datetime_operator.py
[2025-11-03T20:03:17.943+0000] {processor.py:840} INFO - DAG(s) 'example_branch_datetime_operator', 'example_branch_datetime_operator_2', 'example_branch_datetime_operator_3' retrieved from /home/airflow/.local/lib/python3.12/site-packages/airflow/example_dags/example_branch_datetime_operator.py
[2025-11-03T20:03:17.954+0000] {logging_mixin.py:188} INFO - [2025-11-03T20:03:17.954+0000] {dag.py:3096} INFO - Sync 3 DAGs
[2025-11-03T20:03:17.964+0000] {logging_mixin.py:188} INFO - [2025-11-03T20:03:17.964+0000] {dag.py:3954} INFO - Setting next_dagrun for example_branch_datetime_operator to 2025-11-02 00:00:00+00:00, run_after=2025-11-03 00:00:00+00:00
[2025-11-03T20:03:17.966+0000] {logging_mixin.py:188} INFO - [2025-11-03T20:03:17.966+0000] {dag.py:3954} INFO - Setting next_dagrun for example_branch_datetime_operator_2 to 2025-11-02 00:00:00+00:00, run_after=2025-11-03 00:00:00+00:00
[2025-11-03T20:03:17.967+0000] {logging_mixin.py:188} INFO - [2025-11-03T20:03:17.967+0000] {dag.py:3954} INFO - Setting next_dagrun for example_branch_datetime_operator_3 to 2025-11-02 00:00:00+00:00, run_after=2025-11-03 00:00:00+00:00
[2025-11-03T20:03:17.974+0000] {processor.py:183} INFO - Processing /home/airflow/.local/lib/python3.12/site-packages/airflow/example_dags/example_branch_datetime_operator.py took 0.040 seconds
[2025-11-03T20:03:48.661+0000] {processor.py:161} INFO - Started process (PID=554) to work on /home/airflow/.local/lib/python3.12/site-packages/airflow/example_dags/example_branch_datetime_operator.py
[2025-11-03T20:03:48.662+0000] {processor.py:830} INFO - Processing file /home/airflow/.local/lib/python3.12/site-packages/airflow/example_dags/example_branch_datetime_operator.py for tasks to queue
[2025-11-03T20:03:48.662+0000] {logging_mixin.py:188} INFO - [2025-11-03T20:03:48.662+0000] {dagbag.py:545} INFO - Filling up the DagBag from /home/airflow/.local/lib/python3.12/site-packages/airflow/example_dags/example_branch_datetime_operator.py
[2025-11-03T20:03:48.666+0000] {processor.py:840} INFO - DAG(s) 'example_branch_datetime_operator_3', 'example_branch_datetime_operator', 'example_branch_datetime_operator_2' retrieved from /home/airflow/.local/lib/python3.12/site-packages/airflow/example_dags/example_branch_datetime_operator.py
[2025-11-03T20:03:48.678+0000] {logging_mixin.py:188} INFO - [2025-11-03T20:03:48.678+0000] {dag.py:3096} INFO - Sync 3 DAGs
[2025-11-03T20:03:48.688+0000] {logging_mixin.py:188} INFO - [2025-11-03T20:03:48.688+0000] {dag.py:3954} INFO - Setting next_dagrun for example_branch_datetime_operator to 2025-11-02 00:00:00+00:00, run_after=2025-11-03 00:00:00+00:00
[2025-11-03T20:03:48.692+0000] {logging_mixin.py:188} INFO - [2025-11-03T20:03:48.692+0000] {dag.py:3954} INFO - Setting next_dagrun for example_branch_datetime_operator_2 to 2025-11-02 00:00:00+00:00, run_after=2025-11-03 00:00:00+00:00
[2025-11-03T20:03:48.693+0000] {logging_mixin.py:188} INFO - [2025-11-03T20:03:48.693+0000] {dag.py:3954} INFO - Setting next_dagrun for example_branch_datetime_operator_3 to 2025-11-02 00:00:00+00:00, run_after=2025-11-03 00:00:00+00:00
[2025-11-03T20:03:48.699+0000] {processor.py:183} INFO - Processing /home/airflow/.local/lib/python3.12/site-packages/airflow/example_dags/example_branch_datetime_operator.py took 0.040 seconds
[2025-11-03T20:04:19.388+0000] {processor.py:161} INFO - Started process (PID=614) to work on /home/airflow/.local/lib/python3.12/site-packages/airflow/example_dags/example_branch_datetime_operator.py
[2025-11-03T20:04:19.389+0000] {processor.py:830} INFO - Processing file /home/airflow/.local/lib/python3.12/site-packages/airflow/example_dags/example_branch_datetime_operator.py for tasks to queue
[2025-11-03T20:04:19.390+0000] {logging_mixin.py:188} INFO - [2025-11-03T20:04:19.390+0000] {dagbag.py:545} INFO - Filling up the DagBag from /home/airflow/.local/lib/python3.12/site-packages/airflow/example_dags/example_branch_datetime_operator.py
[2025-11-03T20:04:19.394+0000] {processor.py:840} INFO - DAG(s) 'example_branch_datetime_operator_2', 'example_branch_datetime_operator', 'example_branch_datetime_operator_3' retrieved from /home/airflow/.local/lib/python3.12/site-packages/airflow/example_dags/example_branch_datetime_operator.py
[2025-11-03T20:04:19.405+0000] {logging_mixin.py:188} INFO - [2025-11-03T20:04:19.405+0000] {dag.py:3096} INFO - Sync 3 DAGs
[2025-11-03T20:04:19.414+0000] {logging_mixin.py:188} INFO - [2025-11-03T20:04:19.414+0000] {dag.py:3954} INFO - Setting next_dagrun for example_branch_datetime_operator to 2025-11-02 00:00:00+00:00, run_after=2025-11-03 00:00:00+00:00
[2025-11-03T20:04:19.415+0000] {logging_mixin.py:188} INFO - [2025-11-03T20:04:19.415+0000] {dag.py:3954} INFO - Setting next_dagrun for example_branch_datetime_operator_2 to 2025-11-02 00:00:00+00:00, run_after=2025-11-03 00:00:00+00:00
[2025-11-03T20:04:19.416+0000] {logging_mixin.py:188} INFO - [2025-11-03T20:04:19.416+0000] {dag.py:3954} INFO - Setting next_dagrun for example_branch_datetime_operator_3 to 2025-11-02 00:00:00+00:00, run_after=2025-11-03 00:00:00+00:00
[2025-11-03T20:04:19.422+0000] {processor.py:183} INFO - Processing /home/airflow/.local/lib/python3.12/site-packages/airflow/example_dags/example_branch_datetime_operator.py took 0.036 seconds
[2025-11-03T20:04:50.171+0000] {processor.py:161} INFO - Started process (PID=674) to work on /home/airflow/.local/lib/python3.12/site-packages/airflow/example_dags/example_branch_datetime_operator.py
[2025-11-03T20:04:50.171+0000] {processor.py:830} INFO - Processing file /home/airflow/.local/lib/python3.12/site-packages/airflow/example_dags/example_branch_datetime_operator.py for tasks to queue
[2025-11-03T20:04:50.171+0000] {logging_mixin.py:188} INFO - [2025-11-03T20:04:50.171+0000] {dagbag.py:545} INFO - Filling up the DagBag from /home/airflow/.local/lib/python3.12/site-packages/airflow/example_dags/example_branch_datetime_operator.py
[2025-11-03T20:04:50.175+0000] {processor.py:840} INFO - DAG(s) 'example_branch_datetime_operator_2', 'example_branch_datetime_operator', 'example_branch_datetime_operator_3' retrieved from /home/airflow/.local/lib/python3.12/site-packages/airflow/example_dags/example_branch_datetime_operator.py
[2025-11-03T20:04:50.184+0000] {logging_mixin.py:188} INFO - [2025-11-03T20:04:50.183+0000] {dag.py:3096} INFO - Sync 3 DAGs
[2025-11-03T20:04:50.191+0000] {logging_mixin.py:188} INFO - [2025-11-03T20:04:50.191+0000] {dag.py:3954} INFO - Setting next_dagrun for example_branch_datetime_operator to 2025-11-02 00:00:00+00:00, run_after=2025-11-03 00:00:00+00:00
[2025-11-03T20:04:50.192+0000] {logging_mixin.py:188} INFO - [2025-11-03T20:04:50.192+0000] {dag.py:3954} INFO - Setting next_dagrun for example_branch_datetime_operator_2 to 2025-11-02 00:00:00+00:00, run_after=2025-11-03 00:00:00+00:00
[2025-11-03T20:04:50.193+0000] {logging_mixin.py:188} INFO - [2025-11-03T20:04:50.193+0000] {dag.py:3954} INFO - Setting next_dagrun for example_branch_datetime_operator_3 to 2025-11-02 00:00:00+00:00, run_after=2025-11-03 00:00:00+00:00
[2025-11-03T20:04:50.197+0000] {processor.py:183} INFO - Processing /home/airflow/.local/lib/python3.12/site-packages/airflow/example_dags/example_branch_datetime_operator.py took 0.029 seconds
[2025-11-03T20:05:21.057+0000] {processor.py:161} INFO - Started process (PID=734) to work on /home/airflow/.local/lib/python3.12/site-packages/airflow/example_dags/example_branch_datetime_operator.py
[2025-11-03T20:05:21.058+0000] {processor.py:830} INFO - Processing file /home/airflow/.local/lib/python3.12/site-packages/airflow/example_dags/example_branch_datetime_operator.py for tasks to queue
[2025-11-03T20:05:21.058+0000] {logging_mixin.py:188} INFO - [2025-11-03T20:05:21.058+0000] {dagbag.py:545} INFO - Filling up the DagBag from /home/airflow/.local/lib/python3.12/site-packages/airflow/example_dags/example_branch_datetime_operator.py
[2025-11-03T20:05:21.062+0000] {processor.py:840} INFO - DAG(s) 'example_branch_datetime_operator_3', 'example_branch_datetime_operator_2', 'example_branch_datetime_operator' retrieved from /home/airflow/.local/lib/python3.12/site-packages/airflow/example_dags/example_branch_datetime_operator.py
[2025-11-03T20:05:21.072+0000] {logging_mixin.py:188} INFO - [2025-11-03T20:05:21.072+0000] {dag.py:3096} INFO - Sync 3 DAGs
[2025-11-03T20:05:21.080+0000] {logging_mixin.py:188} INFO - [2025-11-03T20:05:21.080+0000] {dag.py:3954} INFO - Setting next_dagrun for example_branch_datetime_operator to 2025-11-02 00:00:00+00:00, run_after=2025-11-03 00:00:00+00:00
[2025-11-03T20:05:21.082+0000] {logging_mixin.py:188} INFO - [2025-11-03T20:05:21.082+0000] {dag.py:3954} INFO - Setting next_dagrun for example_branch_datetime_operator_2 to 2025-11-02 00:00:00+00:00, run_after=2025-11-03 00:00:00+00:00
[2025-11-03T20:05:21.083+0000] {logging_mixin.py:188} INFO - [2025-11-03T20:05:21.083+0000] {dag.py:3954} INFO - Setting next_dagrun for example_branch_datetime_operator_3 to 2025-11-02 00:00:00+00:00, run_after=2025-11-03 00:00:00+00:00
[2025-11-03T20:05:21.090+0000] {processor.py:183} INFO - Processing /home/airflow/.local/lib/python3.12/site-packages/airflow/example_dags/example_branch_datetime_operator.py took 0.035 seconds
[2025-11-03T20:05:51.703+0000] {processor.py:161} INFO - Started process (PID=794) to work on /home/airflow/.local/lib/python3.12/site-packages/airflow/example_dags/example_branch_datetime_operator.py
[2025-11-03T20:05:51.704+0000] {processor.py:830} INFO - Processing file /home/airflow/.local/lib/python3.12/site-packages/airflow/example_dags/example_branch_datetime_operator.py for tasks to queue
[2025-11-03T20:05:51.704+0000] {logging_mixin.py:188} INFO - [2025-11-03T20:05:51.704+0000] {dagbag.py:545} INFO - Filling up the DagBag from /home/airflow/.local/lib/python3.12/site-packages/airflow/example_dags/example_branch_datetime_operator.py
[2025-11-03T20:05:51.708+0000] {processor.py:840} INFO - DAG(s) 'example_branch_datetime_operator_2', 'example_branch_datetime_operator', 'example_branch_datetime_operator_3' retrieved from /home/airflow/.local/lib/python3.12/site-packages/airflow/example_dags/example_branch_datetime_operator.py
[2025-11-03T20:05:51.718+0000] {logging_mixin.py:188} INFO - [2025-11-03T20:05:51.718+0000] {dag.py:3096} INFO - Sync 3 DAGs
[2025-11-03T20:05:51.726+0000] {logging_mixin.py:188} INFO - [2025-11-03T20:05:51.726+0000] {dag.py:3954} INFO - Setting next_dagrun for example_branch_datetime_operator to 2025-11-02 00:00:00+00:00, run_after=2025-11-03 00:00:00+00:00
[2025-11-03T20:05:51.728+0000] {logging_mixin.py:188} INFO - [2025-11-03T20:05:51.728+0000] {dag.py:3954} INFO - Setting next_dagrun for example_branch_datetime_operator_2 to 2025-11-02 00:00:00+00:00, run_after=2025-11-03 00:00:00+00:00
[2025-11-03T20:05:51.729+0000] {logging_mixin.py:188} INFO - [2025-11-03T20:05:51.729+0000] {dag.py:3954} INFO - Setting next_dagrun for example_branch_datetime_operator_3 to 2025-11-02 00:00:00+00:00, run_after=2025-11-03 00:00:00+00:00
[2025-11-03T20:05:51.736+0000] {processor.py:183} INFO - Processing /home/airflow/.local/lib/python3.12/site-packages/airflow/example_dags/example_branch_datetime_operator.py took 0.036 seconds
[2025-11-03T20:06:22.197+0000] {processor.py:161} INFO - Started process (PID=854) to work on /home/airflow/.local/lib/python3.12/site-packages/airflow/example_dags/example_branch_datetime_operator.py
[2025-11-03T20:06:22.197+0000] {processor.py:830} INFO - Processing file /home/airflow/.local/lib/python3.12/site-packages/airflow/example_dags/example_branch_datetime_operator.py for tasks to queue
[2025-11-03T20:06:22.198+0000] {logging_mixin.py:188} INFO - [2025-11-03T20:06:22.197+0000] {dagbag.py:545} INFO - Filling up the DagBag from /home/airflow/.local/lib/python3.12/site-packages/airflow/example_dags/example_branch_datetime_operator.py
[2025-11-03T20:06:22.201+0000] {processor.py:840} INFO - DAG(s) 'example_branch_datetime_operator', 'example_branch_datetime_operator_2', 'example_branch_datetime_operator_3' retrieved from /home/airflow/.local/lib/python3.12/site-packages/airflow/example_dags/example_branch_datetime_operator.py
[2025-11-03T20:06:22.212+0000] {logging_mixin.py:188} INFO - [2025-11-03T20:06:22.212+0000] {dag.py:3096} INFO - Sync 3 DAGs
[2025-11-03T20:06:22.220+0000] {logging_mixin.py:188} INFO - [2025-11-03T20:06:22.220+0000] {dag.py:3954} INFO - Setting next_dagrun for example_branch_datetime_operator to 2025-11-02 00:00:00+00:00, run_after=2025-11-03 00:00:00+00:00
[2025-11-03T20:06:22.223+0000] {logging_mixin.py:188} INFO - [2025-11-03T20:06:22.223+0000] {dag.py:3954} INFO - Setting next_dagrun for example_branch_datetime_operator_2 to 2025-11-02 00:00:00+00:00, run_after=2025-11-03 00:00:00+00:00
[2025-11-03T20:06:22.223+0000] {logging_mixin.py:188} INFO - [2025-11-03T20:06:22.223+0000] {dag.py:3954} INFO - Setting next_dagrun for example_branch_datetime_operator_3 to 2025-11-02 00:00:00+00:00, run_after=2025-11-03 00:00:00+00:00
[2025-11-03T20:06:22.230+0000] {processor.py:183} INFO - Processing /home/airflow/.local/lib/python3.12/site-packages/airflow/example_dags/example_branch_datetime_operator.py took 0.036 seconds
[2025-11-03T20:06:52.761+0000] {processor.py:161} INFO - Started process (PID=914) to work on /home/airflow/.local/lib/python3.12/site-packages/airflow/example_dags/example_branch_datetime_operator.py
[2025-11-03T20:06:52.762+0000] {processor.py:830} INFO - Processing file /home/airflow/.local/lib/python3.12/site-packages/airflow/example_dags/example_branch_datetime_operator.py for tasks to queue
[2025-11-03T20:06:52.762+0000] {logging_mixin.py:188} INFO - [2025-11-03T20:06:52.762+0000] {dagbag.py:545} INFO - Filling up the DagBag from /home/airflow/.local/lib/python3.12/site-packages/airflow/example_dags/example_branch_datetime_operator.py
[2025-11-03T20:06:52.768+0000] {processor.py:840} INFO - DAG(s) 'example_branch_datetime_operator_3', 'example_branch_datetime_operator', 'example_branch_datetime_operator_2' retrieved from /home/airflow/.local/lib/python3.12/site-packages/airflow/example_dags/example_branch_datetime_operator.py
[2025-11-03T20:06:52.780+0000] {logging_mixin.py:188} INFO - [2025-11-03T20:06:52.780+0000] {dag.py:3096} INFO - Sync 3 DAGs
[2025-11-03T20:06:52.791+0000] {logging_mixin.py:188} INFO - [2025-11-03T20:06:52.790+0000] {dag.py:3954} INFO - Setting next_dagrun for example_branch_datetime_operator to 2025-11-02 00:00:00+00:00, run_after=2025-11-03 00:00:00+00:00
[2025-11-03T20:06:52.792+0000] {logging_mixin.py:188} INFO - [2025-11-03T20:06:52.792+0000] {dag.py:3954} INFO - Setting next_dagrun for example_branch_datetime_operator_2 to 2025-11-02 00:00:00+00:00, run_after=2025-11-03 00:00:00+00:00
[2025-11-03T20:06:52.793+0000] {logging_mixin.py:188} INFO - [2025-11-03T20:06:52.793+0000] {dag.py:3954} INFO - Setting next_dagrun for example_branch_datetime_operator_3 to 2025-11-02 00:00:00+00:00, run_after=2025-11-03 00:00:00+00:00
[2025-11-03T20:06:52.798+0000] {processor.py:183} INFO - Processing /home/airflow/.local/lib/python3.12/site-packages/airflow/example_dags/example_branch_datetime_operator.py took 0.040 seconds
[2025-11-03T20:07:23.413+0000] {processor.py:161} INFO - Started process (PID=974) to work on /home/airflow/.local/lib/python3.12/site-packages/airflow/example_dags/example_branch_datetime_operator.py
[2025-11-03T20:07:23.414+0000] {processor.py:830} INFO - Processing file /home/airflow/.local/lib/python3.12/site-packages/airflow/example_dags/example_branch_datetime_operator.py for tasks to queue
[2025-11-03T20:07:23.415+0000] {logging_mixin.py:188} INFO - [2025-11-03T20:07:23.415+0000] {dagbag.py:545} INFO - Filling up the DagBag from /home/airflow/.local/lib/python3.12/site-packages/airflow/example_dags/example_branch_datetime_operator.py
[2025-11-03T20:07:23.419+0000] {processor.py:840} INFO - DAG(s) 'example_branch_datetime_operator_3', 'example_branch_datetime_operator', 'example_branch_datetime_operator_2' retrieved from /home/airflow/.local/lib/python3.12/site-packages/airflow/example_dags/example_branch_datetime_operator.py
[2025-11-03T20:07:23.434+0000] {logging_mixin.py:188} INFO - [2025-11-03T20:07:23.434+0000] {dag.py:3096} INFO - Sync 3 DAGs
[2025-11-03T20:07:23.443+0000] {logging_mixin.py:188} INFO - [2025-11-03T20:07:23.443+0000] {dag.py:3954} INFO - Setting next_dagrun for example_branch_datetime_operator to 2025-11-02 00:00:00+00:00, run_after=2025-11-03 00:00:00+00:00
[2025-11-03T20:07:23.444+0000] {logging_mixin.py:188} INFO - [2025-11-03T20:07:23.444+0000] {dag.py:3954} INFO - Setting next_dagrun for example_branch_datetime_operator_2 to 2025-11-02 00:00:00+00:00, run_after=2025-11-03 00:00:00+00:00
[2025-11-03T20:07:23.446+0000] {logging_mixin.py:188} INFO - [2025-11-03T20:07:23.446+0000] {dag.py:3954} INFO - Setting next_dagrun for example_branch_datetime_operator_3 to 2025-11-02 00:00:00+00:00, run_after=2025-11-03 00:00:00+00:00
[2025-11-03T20:07:23.455+0000] {processor.py:183} INFO - Processing /home/airflow/.local/lib/python3.12/site-packages/airflow/example_dags/example_branch_datetime_operator.py took 0.044 seconds
[2025-11-03T20:07:54.081+0000] {processor.py:161} INFO - Started process (PID=1034) to work on /home/airflow/.local/lib/python3.12/site-packages/airflow/example_dags/example_branch_datetime_operator.py
[2025-11-03T20:07:54.082+0000] {processor.py:830} INFO - Processing file /home/airflow/.local/lib/python3.12/site-packages/airflow/example_dags/example_branch_datetime_operator.py for tasks to queue
[2025-11-03T20:07:54.082+0000] {logging_mixin.py:188} INFO - [2025-11-03T20:07:54.082+0000] {dagbag.py:545} INFO - Filling up the DagBag from /home/airflow/.local/lib/python3.12/site-packages/airflow/example_dags/example_branch_datetime_operator.py
[2025-11-03T20:07:54.085+0000] {processor.py:840} INFO - DAG(s) 'example_branch_datetime_operator_2', 'example_branch_datetime_operator', 'example_branch_datetime_operator_3' retrieved from /home/airflow/.local/lib/python3.12/site-packages/airflow/example_dags/example_branch_datetime_operator.py
[2025-11-03T20:07:54.096+0000] {logging_mixin.py:188} INFO - [2025-11-03T20:07:54.096+0000] {dag.py:3096} INFO - Sync 3 DAGs
[2025-11-03T20:07:54.105+0000] {logging_mixin.py:188} INFO - [2025-11-03T20:07:54.105+0000] {dag.py:3954} INFO - Setting next_dagrun for example_branch_datetime_operator to 2025-11-02 00:00:00+00:00, run_after=2025-11-03 00:00:00+00:00
[2025-11-03T20:07:54.109+0000] {logging_mixin.py:188} INFO - [2025-11-03T20:07:54.109+0000] {dag.py:3954} INFO - Setting next_dagrun for example_branch_datetime_operator_2 to 2025-11-02 00:00:00+00:00, run_after=2025-11-03 00:00:00+00:00
[2025-11-03T20:07:54.111+0000] {logging_mixin.py:188} INFO - [2025-11-03T20:07:54.111+0000] {dag.py:3954} INFO - Setting next_dagrun for example_branch_datetime_operator_3 to 2025-11-02 00:00:00+00:00, run_after=2025-11-03 00:00:00+00:00
[2025-11-03T20:07:54.118+0000] {processor.py:183} INFO - Processing /home/airflow/.local/lib/python3.12/site-packages/airflow/example_dags/example_branch_datetime_operator.py took 0.039 seconds
[2025-11-03T20:08:24.719+0000] {processor.py:161} INFO - Started process (PID=1094) to work on /home/airflow/.local/lib/python3.12/site-packages/airflow/example_dags/example_branch_datetime_operator.py
[2025-11-03T20:08:24.719+0000] {processor.py:830} INFO - Processing file /home/airflow/.local/lib/python3.12/site-packages/airflow/example_dags/example_branch_datetime_operator.py for tasks to queue
[2025-11-03T20:08:24.720+0000] {logging_mixin.py:188} INFO - [2025-11-03T20:08:24.720+0000] {dagbag.py:545} INFO - Filling up the DagBag from /home/airflow/.local/lib/python3.12/site-packages/airflow/example_dags/example_branch_datetime_operator.py
[2025-11-03T20:08:24.724+0000] {processor.py:840} INFO - DAG(s) 'example_branch_datetime_operator', 'example_branch_datetime_operator_3', 'example_branch_datetime_operator_2' retrieved from /home/airflow/.local/lib/python3.12/site-packages/airflow/example_dags/example_branch_datetime_operator.py
[2025-11-03T20:08:24.738+0000] {logging_mixin.py:188} INFO - [2025-11-03T20:08:24.737+0000] {dag.py:3096} INFO - Sync 3 DAGs
[2025-11-03T20:08:24.746+0000] {logging_mixin.py:188} INFO - [2025-11-03T20:08:24.746+0000] {dag.py:3954} INFO - Setting next_dagrun for example_branch_datetime_operator to 2025-11-02 00:00:00+00:00, run_after=2025-11-03 00:00:00+00:00
[2025-11-03T20:08:24.748+0000] {logging_mixin.py:188} INFO - [2025-11-03T20:08:24.748+0000] {dag.py:3954} INFO - Setting next_dagrun for example_branch_datetime_operator_2 to 2025-11-02 00:00:00+00:00, run_after=2025-11-03 00:00:00+00:00
[2025-11-03T20:08:24.748+0000] {logging_mixin.py:188} INFO - [2025-11-03T20:08:24.748+0000] {dag.py:3954} INFO - Setting next_dagrun for example_branch_datetime_operator_3 to 2025-11-02 00:00:00+00:00, run_after=2025-11-03 00:00:00+00:00
[2025-11-03T20:08:24.756+0000] {processor.py:183} INFO - Processing /home/airflow/.local/lib/python3.12/site-packages/airflow/example_dags/example_branch_datetime_operator.py took 0.039 seconds
