[2025-11-03T19:59:43.194+0000] {processor.py:161} INFO - Started process (PID=55) to work on /home/airflow/.local/lib/python3.12/site-packages/airflow/example_dags/example_xcom.py
[2025-11-03T19:59:43.195+0000] {processor.py:830} INFO - Processing file /home/airflow/.local/lib/python3.12/site-packages/airflow/example_dags/example_xcom.py for tasks to queue
[2025-11-03T19:59:43.196+0000] {logging_mixin.py:188} INFO - [2025-11-03T19:59:43.196+0000] {dagbag.py:545} INFO - Filling up the DagBag from /home/airflow/.local/lib/python3.12/site-packages/airflow/example_dags/example_xcom.py
[2025-11-03T19:59:43.206+0000] {processor.py:840} INFO - DAG(s) 'example_xcom' retrieved from /home/airflow/.local/lib/python3.12/site-packages/airflow/example_dags/example_xcom.py
[2025-11-03T19:59:43.213+0000] {logging_mixin.py:188} INFO - [2025-11-03T19:59:43.213+0000] {dag.py:3096} INFO - Sync 1 DAGs
[2025-11-03T19:59:43.224+0000] {logging_mixin.py:188} INFO - [2025-11-03T19:59:43.224+0000] {dag.py:3954} INFO - Setting next_dagrun for example_xcom to 2021-01-01 00:00:00+00:00, run_after=2021-01-01 00:00:00+00:00
[2025-11-03T19:59:43.237+0000] {processor.py:183} INFO - Processing /home/airflow/.local/lib/python3.12/site-packages/airflow/example_dags/example_xcom.py took 0.045 seconds
[2025-11-03T20:00:13.391+0000] {processor.py:161} INFO - Started process (PID=115) to work on /home/airflow/.local/lib/python3.12/site-packages/airflow/example_dags/example_xcom.py
[2025-11-03T20:00:13.391+0000] {processor.py:830} INFO - Processing file /home/airflow/.local/lib/python3.12/site-packages/airflow/example_dags/example_xcom.py for tasks to queue
[2025-11-03T20:00:13.392+0000] {logging_mixin.py:188} INFO - [2025-11-03T20:00:13.392+0000] {dagbag.py:545} INFO - Filling up the DagBag from /home/airflow/.local/lib/python3.12/site-packages/airflow/example_dags/example_xcom.py
[2025-11-03T20:00:13.395+0000] {processor.py:840} INFO - DAG(s) 'example_xcom' retrieved from /home/airflow/.local/lib/python3.12/site-packages/airflow/example_dags/example_xcom.py
[2025-11-03T20:00:13.435+0000] {logging_mixin.py:188} INFO - [2025-11-03T20:00:13.435+0000] {dag.py:3096} INFO - Sync 1 DAGs
[2025-11-03T20:00:13.443+0000] {logging_mixin.py:188} INFO - [2025-11-03T20:00:13.443+0000] {dag.py:3954} INFO - Setting next_dagrun for example_xcom to 2021-01-01 00:00:00+00:00, run_after=2021-01-01 00:00:00+00:00
[2025-11-03T20:00:13.454+0000] {processor.py:183} INFO - Processing /home/airflow/.local/lib/python3.12/site-packages/airflow/example_dags/example_xcom.py took 0.066 seconds
[2025-11-03T20:00:44.371+0000] {processor.py:161} INFO - Started process (PID=181) to work on /home/airflow/.local/lib/python3.12/site-packages/airflow/example_dags/example_xcom.py
[2025-11-03T20:00:44.371+0000] {processor.py:830} INFO - Processing file /home/airflow/.local/lib/python3.12/site-packages/airflow/example_dags/example_xcom.py for tasks to queue
[2025-11-03T20:00:44.371+0000] {logging_mixin.py:188} INFO - [2025-11-03T20:00:44.371+0000] {dagbag.py:545} INFO - Filling up the DagBag from /home/airflow/.local/lib/python3.12/site-packages/airflow/example_dags/example_xcom.py
[2025-11-03T20:00:44.374+0000] {processor.py:840} INFO - DAG(s) 'example_xcom' retrieved from /home/airflow/.local/lib/python3.12/site-packages/airflow/example_dags/example_xcom.py
[2025-11-03T20:00:44.383+0000] {logging_mixin.py:188} INFO - [2025-11-03T20:00:44.383+0000] {dag.py:3096} INFO - Sync 1 DAGs
[2025-11-03T20:00:44.390+0000] {logging_mixin.py:188} INFO - [2025-11-03T20:00:44.390+0000] {dag.py:3954} INFO - Setting next_dagrun for example_xcom to 2021-01-01 00:00:00+00:00, run_after=2021-01-01 00:00:00+00:00
[2025-11-03T20:00:44.397+0000] {processor.py:183} INFO - Processing /home/airflow/.local/lib/python3.12/site-packages/airflow/example_dags/example_xcom.py took 0.029 seconds
[2025-11-03T20:01:15.164+0000] {processor.py:161} INFO - Started process (PID=241) to work on /home/airflow/.local/lib/python3.12/site-packages/airflow/example_dags/example_xcom.py
[2025-11-03T20:01:15.165+0000] {processor.py:830} INFO - Processing file /home/airflow/.local/lib/python3.12/site-packages/airflow/example_dags/example_xcom.py for tasks to queue
[2025-11-03T20:01:15.165+0000] {logging_mixin.py:188} INFO - [2025-11-03T20:01:15.165+0000] {dagbag.py:545} INFO - Filling up the DagBag from /home/airflow/.local/lib/python3.12/site-packages/airflow/example_dags/example_xcom.py
[2025-11-03T20:01:15.169+0000] {processor.py:840} INFO - DAG(s) 'example_xcom' retrieved from /home/airflow/.local/lib/python3.12/site-packages/airflow/example_dags/example_xcom.py
[2025-11-03T20:01:15.178+0000] {logging_mixin.py:188} INFO - [2025-11-03T20:01:15.178+0000] {dag.py:3096} INFO - Sync 1 DAGs
[2025-11-03T20:01:15.186+0000] {logging_mixin.py:188} INFO - [2025-11-03T20:01:15.186+0000] {dag.py:3954} INFO - Setting next_dagrun for example_xcom to 2021-01-01 00:00:00+00:00, run_after=2021-01-01 00:00:00+00:00
[2025-11-03T20:01:15.192+0000] {processor.py:183} INFO - Processing /home/airflow/.local/lib/python3.12/site-packages/airflow/example_dags/example_xcom.py took 0.030 seconds
[2025-11-03T20:01:45.704+0000] {processor.py:161} INFO - Started process (PID=301) to work on /home/airflow/.local/lib/python3.12/site-packages/airflow/example_dags/example_xcom.py
[2025-11-03T20:01:45.705+0000] {processor.py:830} INFO - Processing file /home/airflow/.local/lib/python3.12/site-packages/airflow/example_dags/example_xcom.py for tasks to queue
[2025-11-03T20:01:45.705+0000] {logging_mixin.py:188} INFO - [2025-11-03T20:01:45.705+0000] {dagbag.py:545} INFO - Filling up the DagBag from /home/airflow/.local/lib/python3.12/site-packages/airflow/example_dags/example_xcom.py
[2025-11-03T20:01:45.708+0000] {processor.py:840} INFO - DAG(s) 'example_xcom' retrieved from /home/airflow/.local/lib/python3.12/site-packages/airflow/example_dags/example_xcom.py
[2025-11-03T20:01:45.715+0000] {logging_mixin.py:188} INFO - [2025-11-03T20:01:45.715+0000] {dag.py:3096} INFO - Sync 1 DAGs
[2025-11-03T20:01:45.722+0000] {logging_mixin.py:188} INFO - [2025-11-03T20:01:45.722+0000] {dag.py:3954} INFO - Setting next_dagrun for example_xcom to 2021-01-01 00:00:00+00:00, run_after=2021-01-01 00:00:00+00:00
[2025-11-03T20:01:45.728+0000] {processor.py:183} INFO - Processing /home/airflow/.local/lib/python3.12/site-packages/airflow/example_dags/example_xcom.py took 0.026 seconds
[2025-11-03T20:02:16.310+0000] {processor.py:161} INFO - Started process (PID=361) to work on /home/airflow/.local/lib/python3.12/site-packages/airflow/example_dags/example_xcom.py
[2025-11-03T20:02:16.310+0000] {processor.py:830} INFO - Processing file /home/airflow/.local/lib/python3.12/site-packages/airflow/example_dags/example_xcom.py for tasks to queue
[2025-11-03T20:02:16.310+0000] {logging_mixin.py:188} INFO - [2025-11-03T20:02:16.310+0000] {dagbag.py:545} INFO - Filling up the DagBag from /home/airflow/.local/lib/python3.12/site-packages/airflow/example_dags/example_xcom.py
[2025-11-03T20:02:16.314+0000] {processor.py:840} INFO - DAG(s) 'example_xcom' retrieved from /home/airflow/.local/lib/python3.12/site-packages/airflow/example_dags/example_xcom.py
[2025-11-03T20:02:16.323+0000] {logging_mixin.py:188} INFO - [2025-11-03T20:02:16.323+0000] {dag.py:3096} INFO - Sync 1 DAGs
[2025-11-03T20:02:16.331+0000] {logging_mixin.py:188} INFO - [2025-11-03T20:02:16.331+0000] {dag.py:3954} INFO - Setting next_dagrun for example_xcom to 2021-01-01 00:00:00+00:00, run_after=2021-01-01 00:00:00+00:00
[2025-11-03T20:02:16.340+0000] {processor.py:183} INFO - Processing /home/airflow/.local/lib/python3.12/site-packages/airflow/example_dags/example_xcom.py took 0.033 seconds
[2025-11-03T20:02:46.931+0000] {processor.py:161} INFO - Started process (PID=421) to work on /home/airflow/.local/lib/python3.12/site-packages/airflow/example_dags/example_xcom.py
[2025-11-03T20:02:46.931+0000] {processor.py:830} INFO - Processing file /home/airflow/.local/lib/python3.12/site-packages/airflow/example_dags/example_xcom.py for tasks to queue
[2025-11-03T20:02:46.932+0000] {logging_mixin.py:188} INFO - [2025-11-03T20:02:46.931+0000] {dagbag.py:545} INFO - Filling up the DagBag from /home/airflow/.local/lib/python3.12/site-packages/airflow/example_dags/example_xcom.py
[2025-11-03T20:02:46.935+0000] {processor.py:840} INFO - DAG(s) 'example_xcom' retrieved from /home/airflow/.local/lib/python3.12/site-packages/airflow/example_dags/example_xcom.py
[2025-11-03T20:02:46.945+0000] {logging_mixin.py:188} INFO - [2025-11-03T20:02:46.945+0000] {dag.py:3096} INFO - Sync 1 DAGs
[2025-11-03T20:02:46.953+0000] {logging_mixin.py:188} INFO - [2025-11-03T20:02:46.953+0000] {dag.py:3954} INFO - Setting next_dagrun for example_xcom to 2021-01-01 00:00:00+00:00, run_after=2021-01-01 00:00:00+00:00
[2025-11-03T20:02:46.962+0000] {processor.py:183} INFO - Processing /home/airflow/.local/lib/python3.12/site-packages/airflow/example_dags/example_xcom.py took 0.035 seconds
[2025-11-03T20:03:17.618+0000] {processor.py:161} INFO - Started process (PID=481) to work on /home/airflow/.local/lib/python3.12/site-packages/airflow/example_dags/example_xcom.py
[2025-11-03T20:03:17.618+0000] {processor.py:830} INFO - Processing file /home/airflow/.local/lib/python3.12/site-packages/airflow/example_dags/example_xcom.py for tasks to queue
[2025-11-03T20:03:17.618+0000] {logging_mixin.py:188} INFO - [2025-11-03T20:03:17.618+0000] {dagbag.py:545} INFO - Filling up the DagBag from /home/airflow/.local/lib/python3.12/site-packages/airflow/example_dags/example_xcom.py
[2025-11-03T20:03:17.622+0000] {processor.py:840} INFO - DAG(s) 'example_xcom' retrieved from /home/airflow/.local/lib/python3.12/site-packages/airflow/example_dags/example_xcom.py
[2025-11-03T20:03:17.630+0000] {logging_mixin.py:188} INFO - [2025-11-03T20:03:17.630+0000] {dag.py:3096} INFO - Sync 1 DAGs
[2025-11-03T20:03:17.638+0000] {logging_mixin.py:188} INFO - [2025-11-03T20:03:17.638+0000] {dag.py:3954} INFO - Setting next_dagrun for example_xcom to 2021-01-01 00:00:00+00:00, run_after=2021-01-01 00:00:00+00:00
[2025-11-03T20:03:17.646+0000] {processor.py:183} INFO - Processing /home/airflow/.local/lib/python3.12/site-packages/airflow/example_dags/example_xcom.py took 0.030 seconds
[2025-11-03T20:03:48.351+0000] {processor.py:161} INFO - Started process (PID=541) to work on /home/airflow/.local/lib/python3.12/site-packages/airflow/example_dags/example_xcom.py
[2025-11-03T20:03:48.351+0000] {processor.py:830} INFO - Processing file /home/airflow/.local/lib/python3.12/site-packages/airflow/example_dags/example_xcom.py for tasks to queue
[2025-11-03T20:03:48.352+0000] {logging_mixin.py:188} INFO - [2025-11-03T20:03:48.351+0000] {dagbag.py:545} INFO - Filling up the DagBag from /home/airflow/.local/lib/python3.12/site-packages/airflow/example_dags/example_xcom.py
[2025-11-03T20:03:48.354+0000] {processor.py:840} INFO - DAG(s) 'example_xcom' retrieved from /home/airflow/.local/lib/python3.12/site-packages/airflow/example_dags/example_xcom.py
[2025-11-03T20:03:48.362+0000] {logging_mixin.py:188} INFO - [2025-11-03T20:03:48.362+0000] {dag.py:3096} INFO - Sync 1 DAGs
[2025-11-03T20:03:48.369+0000] {logging_mixin.py:188} INFO - [2025-11-03T20:03:48.369+0000] {dag.py:3954} INFO - Setting next_dagrun for example_xcom to 2021-01-01 00:00:00+00:00, run_after=2021-01-01 00:00:00+00:00
[2025-11-03T20:03:48.378+0000] {processor.py:183} INFO - Processing /home/airflow/.local/lib/python3.12/site-packages/airflow/example_dags/example_xcom.py took 0.030 seconds
[2025-11-03T20:04:19.072+0000] {processor.py:161} INFO - Started process (PID=601) to work on /home/airflow/.local/lib/python3.12/site-packages/airflow/example_dags/example_xcom.py
[2025-11-03T20:04:19.072+0000] {processor.py:830} INFO - Processing file /home/airflow/.local/lib/python3.12/site-packages/airflow/example_dags/example_xcom.py for tasks to queue
[2025-11-03T20:04:19.073+0000] {logging_mixin.py:188} INFO - [2025-11-03T20:04:19.073+0000] {dagbag.py:545} INFO - Filling up the DagBag from /home/airflow/.local/lib/python3.12/site-packages/airflow/example_dags/example_xcom.py
[2025-11-03T20:04:19.076+0000] {processor.py:840} INFO - DAG(s) 'example_xcom' retrieved from /home/airflow/.local/lib/python3.12/site-packages/airflow/example_dags/example_xcom.py
[2025-11-03T20:04:19.087+0000] {logging_mixin.py:188} INFO - [2025-11-03T20:04:19.087+0000] {dag.py:3096} INFO - Sync 1 DAGs
[2025-11-03T20:04:19.095+0000] {logging_mixin.py:188} INFO - [2025-11-03T20:04:19.095+0000] {dag.py:3954} INFO - Setting next_dagrun for example_xcom to 2021-01-01 00:00:00+00:00, run_after=2021-01-01 00:00:00+00:00
[2025-11-03T20:04:19.105+0000] {processor.py:183} INFO - Processing /home/airflow/.local/lib/python3.12/site-packages/airflow/example_dags/example_xcom.py took 0.035 seconds
[2025-11-03T20:04:49.878+0000] {processor.py:161} INFO - Started process (PID=661) to work on /home/airflow/.local/lib/python3.12/site-packages/airflow/example_dags/example_xcom.py
[2025-11-03T20:04:49.879+0000] {processor.py:830} INFO - Processing file /home/airflow/.local/lib/python3.12/site-packages/airflow/example_dags/example_xcom.py for tasks to queue
[2025-11-03T20:04:49.879+0000] {logging_mixin.py:188} INFO - [2025-11-03T20:04:49.879+0000] {dagbag.py:545} INFO - Filling up the DagBag from /home/airflow/.local/lib/python3.12/site-packages/airflow/example_dags/example_xcom.py
[2025-11-03T20:04:49.882+0000] {processor.py:840} INFO - DAG(s) 'example_xcom' retrieved from /home/airflow/.local/lib/python3.12/site-packages/airflow/example_dags/example_xcom.py
[2025-11-03T20:04:49.890+0000] {logging_mixin.py:188} INFO - [2025-11-03T20:04:49.890+0000] {dag.py:3096} INFO - Sync 1 DAGs
[2025-11-03T20:04:49.897+0000] {logging_mixin.py:188} INFO - [2025-11-03T20:04:49.897+0000] {dag.py:3954} INFO - Setting next_dagrun for example_xcom to 2021-01-01 00:00:00+00:00, run_after=2021-01-01 00:00:00+00:00
[2025-11-03T20:04:49.904+0000] {processor.py:183} INFO - Processing /home/airflow/.local/lib/python3.12/site-packages/airflow/example_dags/example_xcom.py took 0.028 seconds
[2025-11-03T20:05:20.781+0000] {processor.py:161} INFO - Started process (PID=721) to work on /home/airflow/.local/lib/python3.12/site-packages/airflow/example_dags/example_xcom.py
[2025-11-03T20:05:20.782+0000] {processor.py:830} INFO - Processing file /home/airflow/.local/lib/python3.12/site-packages/airflow/example_dags/example_xcom.py for tasks to queue
[2025-11-03T20:05:20.782+0000] {logging_mixin.py:188} INFO - [2025-11-03T20:05:20.782+0000] {dagbag.py:545} INFO - Filling up the DagBag from /home/airflow/.local/lib/python3.12/site-packages/airflow/example_dags/example_xcom.py
[2025-11-03T20:05:20.785+0000] {processor.py:840} INFO - DAG(s) 'example_xcom' retrieved from /home/airflow/.local/lib/python3.12/site-packages/airflow/example_dags/example_xcom.py
[2025-11-03T20:05:20.794+0000] {logging_mixin.py:188} INFO - [2025-11-03T20:05:20.794+0000] {dag.py:3096} INFO - Sync 1 DAGs
[2025-11-03T20:05:20.801+0000] {logging_mixin.py:188} INFO - [2025-11-03T20:05:20.801+0000] {dag.py:3954} INFO - Setting next_dagrun for example_xcom to 2021-01-01 00:00:00+00:00, run_after=2021-01-01 00:00:00+00:00
[2025-11-03T20:05:20.809+0000] {processor.py:183} INFO - Processing /home/airflow/.local/lib/python3.12/site-packages/airflow/example_dags/example_xcom.py took 0.030 seconds
[2025-11-03T20:05:51.423+0000] {processor.py:161} INFO - Started process (PID=781) to work on /home/airflow/.local/lib/python3.12/site-packages/airflow/example_dags/example_xcom.py
[2025-11-03T20:05:51.424+0000] {processor.py:830} INFO - Processing file /home/airflow/.local/lib/python3.12/site-packages/airflow/example_dags/example_xcom.py for tasks to queue
[2025-11-03T20:05:51.424+0000] {logging_mixin.py:188} INFO - [2025-11-03T20:05:51.424+0000] {dagbag.py:545} INFO - Filling up the DagBag from /home/airflow/.local/lib/python3.12/site-packages/airflow/example_dags/example_xcom.py
[2025-11-03T20:05:51.427+0000] {processor.py:840} INFO - DAG(s) 'example_xcom' retrieved from /home/airflow/.local/lib/python3.12/site-packages/airflow/example_dags/example_xcom.py
[2025-11-03T20:05:51.436+0000] {logging_mixin.py:188} INFO - [2025-11-03T20:05:51.436+0000] {dag.py:3096} INFO - Sync 1 DAGs
[2025-11-03T20:05:51.444+0000] {logging_mixin.py:188} INFO - [2025-11-03T20:05:51.444+0000] {dag.py:3954} INFO - Setting next_dagrun for example_xcom to 2021-01-01 00:00:00+00:00, run_after=2021-01-01 00:00:00+00:00
[2025-11-03T20:05:51.450+0000] {processor.py:183} INFO - Processing /home/airflow/.local/lib/python3.12/site-packages/airflow/example_dags/example_xcom.py took 0.029 seconds
[2025-11-03T20:06:21.881+0000] {processor.py:161} INFO - Started process (PID=841) to work on /home/airflow/.local/lib/python3.12/site-packages/airflow/example_dags/example_xcom.py
[2025-11-03T20:06:21.882+0000] {processor.py:830} INFO - Processing file /home/airflow/.local/lib/python3.12/site-packages/airflow/example_dags/example_xcom.py for tasks to queue
[2025-11-03T20:06:21.882+0000] {logging_mixin.py:188} INFO - [2025-11-03T20:06:21.882+0000] {dagbag.py:545} INFO - Filling up the DagBag from /home/airflow/.local/lib/python3.12/site-packages/airflow/example_dags/example_xcom.py
[2025-11-03T20:06:21.887+0000] {processor.py:840} INFO - DAG(s) 'example_xcom' retrieved from /home/airflow/.local/lib/python3.12/site-packages/airflow/example_dags/example_xcom.py
[2025-11-03T20:06:21.903+0000] {logging_mixin.py:188} INFO - [2025-11-03T20:06:21.903+0000] {dag.py:3096} INFO - Sync 1 DAGs
[2025-11-03T20:06:21.914+0000] {logging_mixin.py:188} INFO - [2025-11-03T20:06:21.914+0000] {dag.py:3954} INFO - Setting next_dagrun for example_xcom to 2021-01-01 00:00:00+00:00, run_after=2021-01-01 00:00:00+00:00
[2025-11-03T20:06:21.927+0000] {processor.py:183} INFO - Processing /home/airflow/.local/lib/python3.12/site-packages/airflow/example_dags/example_xcom.py took 0.048 seconds
[2025-11-03T20:06:52.468+0000] {processor.py:161} INFO - Started process (PID=901) to work on /home/airflow/.local/lib/python3.12/site-packages/airflow/example_dags/example_xcom.py
[2025-11-03T20:06:52.469+0000] {processor.py:830} INFO - Processing file /home/airflow/.local/lib/python3.12/site-packages/airflow/example_dags/example_xcom.py for tasks to queue
[2025-11-03T20:06:52.469+0000] {logging_mixin.py:188} INFO - [2025-11-03T20:06:52.469+0000] {dagbag.py:545} INFO - Filling up the DagBag from /home/airflow/.local/lib/python3.12/site-packages/airflow/example_dags/example_xcom.py
[2025-11-03T20:06:52.472+0000] {processor.py:840} INFO - DAG(s) 'example_xcom' retrieved from /home/airflow/.local/lib/python3.12/site-packages/airflow/example_dags/example_xcom.py
[2025-11-03T20:06:52.480+0000] {logging_mixin.py:188} INFO - [2025-11-03T20:06:52.480+0000] {dag.py:3096} INFO - Sync 1 DAGs
[2025-11-03T20:06:52.487+0000] {logging_mixin.py:188} INFO - [2025-11-03T20:06:52.487+0000] {dag.py:3954} INFO - Setting next_dagrun for example_xcom to 2021-01-01 00:00:00+00:00, run_after=2021-01-01 00:00:00+00:00
[2025-11-03T20:06:52.494+0000] {processor.py:183} INFO - Processing /home/airflow/.local/lib/python3.12/site-packages/airflow/example_dags/example_xcom.py took 0.028 seconds
[2025-11-03T20:07:23.058+0000] {processor.py:161} INFO - Started process (PID=961) to work on /home/airflow/.local/lib/python3.12/site-packages/airflow/example_dags/example_xcom.py
[2025-11-03T20:07:23.059+0000] {processor.py:830} INFO - Processing file /home/airflow/.local/lib/python3.12/site-packages/airflow/example_dags/example_xcom.py for tasks to queue
[2025-11-03T20:07:23.059+0000] {logging_mixin.py:188} INFO - [2025-11-03T20:07:23.059+0000] {dagbag.py:545} INFO - Filling up the DagBag from /home/airflow/.local/lib/python3.12/site-packages/airflow/example_dags/example_xcom.py
[2025-11-03T20:07:23.062+0000] {processor.py:840} INFO - DAG(s) 'example_xcom' retrieved from /home/airflow/.local/lib/python3.12/site-packages/airflow/example_dags/example_xcom.py
[2025-11-03T20:07:23.071+0000] {logging_mixin.py:188} INFO - [2025-11-03T20:07:23.071+0000] {dag.py:3096} INFO - Sync 1 DAGs
[2025-11-03T20:07:23.079+0000] {logging_mixin.py:188} INFO - [2025-11-03T20:07:23.079+0000] {dag.py:3954} INFO - Setting next_dagrun for example_xcom to 2021-01-01 00:00:00+00:00, run_after=2021-01-01 00:00:00+00:00
[2025-11-03T20:07:23.086+0000] {processor.py:183} INFO - Processing /home/airflow/.local/lib/python3.12/site-packages/airflow/example_dags/example_xcom.py took 0.030 seconds
[2025-11-03T20:07:53.782+0000] {processor.py:161} INFO - Started process (PID=1021) to work on /home/airflow/.local/lib/python3.12/site-packages/airflow/example_dags/example_xcom.py
[2025-11-03T20:07:53.783+0000] {processor.py:830} INFO - Processing file /home/airflow/.local/lib/python3.12/site-packages/airflow/example_dags/example_xcom.py for tasks to queue
[2025-11-03T20:07:53.783+0000] {logging_mixin.py:188} INFO - [2025-11-03T20:07:53.783+0000] {dagbag.py:545} INFO - Filling up the DagBag from /home/airflow/.local/lib/python3.12/site-packages/airflow/example_dags/example_xcom.py
[2025-11-03T20:07:53.786+0000] {processor.py:840} INFO - DAG(s) 'example_xcom' retrieved from /home/airflow/.local/lib/python3.12/site-packages/airflow/example_dags/example_xcom.py
[2025-11-03T20:07:53.794+0000] {logging_mixin.py:188} INFO - [2025-11-03T20:07:53.794+0000] {dag.py:3096} INFO - Sync 1 DAGs
[2025-11-03T20:07:53.801+0000] {logging_mixin.py:188} INFO - [2025-11-03T20:07:53.801+0000] {dag.py:3954} INFO - Setting next_dagrun for example_xcom to 2021-01-01 00:00:00+00:00, run_after=2021-01-01 00:00:00+00:00
[2025-11-03T20:07:53.808+0000] {processor.py:183} INFO - Processing /home/airflow/.local/lib/python3.12/site-packages/airflow/example_dags/example_xcom.py took 0.028 seconds
[2025-11-03T20:08:24.402+0000] {processor.py:161} INFO - Started process (PID=1081) to work on /home/airflow/.local/lib/python3.12/site-packages/airflow/example_dags/example_xcom.py
[2025-11-03T20:08:24.402+0000] {processor.py:830} INFO - Processing file /home/airflow/.local/lib/python3.12/site-packages/airflow/example_dags/example_xcom.py for tasks to queue
[2025-11-03T20:08:24.402+0000] {logging_mixin.py:188} INFO - [2025-11-03T20:08:24.402+0000] {dagbag.py:545} INFO - Filling up the DagBag from /home/airflow/.local/lib/python3.12/site-packages/airflow/example_dags/example_xcom.py
[2025-11-03T20:08:24.405+0000] {processor.py:840} INFO - DAG(s) 'example_xcom' retrieved from /home/airflow/.local/lib/python3.12/site-packages/airflow/example_dags/example_xcom.py
[2025-11-03T20:08:24.413+0000] {logging_mixin.py:188} INFO - [2025-11-03T20:08:24.413+0000] {dag.py:3096} INFO - Sync 1 DAGs
[2025-11-03T20:08:24.420+0000] {logging_mixin.py:188} INFO - [2025-11-03T20:08:24.420+0000] {dag.py:3954} INFO - Setting next_dagrun for example_xcom to 2021-01-01 00:00:00+00:00, run_after=2021-01-01 00:00:00+00:00
[2025-11-03T20:08:24.426+0000] {processor.py:183} INFO - Processing /home/airflow/.local/lib/python3.12/site-packages/airflow/example_dags/example_xcom.py took 0.027 seconds
