[2025-11-03T19:59:43.247+0000] {processor.py:161} INFO - Started process (PID=56) to work on /home/airflow/.local/lib/python3.12/site-packages/airflow/example_dags/example_branch_day_of_week_operator.py
[2025-11-03T19:59:43.248+0000] {processor.py:830} INFO - Processing file /home/airflow/.local/lib/python3.12/site-packages/airflow/example_dags/example_branch_day_of_week_operator.py for tasks to queue
[2025-11-03T19:59:43.249+0000] {logging_mixin.py:188} INFO - [2025-11-03T19:59:43.249+0000] {dagbag.py:545} INFO - Filling up the DagBag from /home/airflow/.local/lib/python3.12/site-packages/airflow/example_dags/example_branch_day_of_week_operator.py
[2025-11-03T19:59:43.255+0000] {processor.py:840} INFO - DAG(s) 'example_weekday_branch_operator' retrieved from /home/airflow/.local/lib/python3.12/site-packages/airflow/example_dags/example_branch_day_of_week_operator.py
[2025-11-03T19:59:43.263+0000] {logging_mixin.py:188} INFO - [2025-11-03T19:59:43.263+0000] {dag.py:3096} INFO - Sync 1 DAGs
[2025-11-03T19:59:43.275+0000] {logging_mixin.py:188} INFO - [2025-11-03T19:59:43.274+0000] {dag.py:3954} INFO - Setting next_dagrun for example_weekday_branch_operator to 2025-11-02 00:00:00+00:00, run_after=2025-11-03 00:00:00+00:00
[2025-11-03T19:59:43.283+0000] {processor.py:183} INFO - Processing /home/airflow/.local/lib/python3.12/site-packages/airflow/example_dags/example_branch_day_of_week_operator.py took 0.039 seconds
[2025-11-03T20:00:13.400+0000] {processor.py:161} INFO - Started process (PID=116) to work on /home/airflow/.local/lib/python3.12/site-packages/airflow/example_dags/example_branch_day_of_week_operator.py
[2025-11-03T20:00:13.401+0000] {processor.py:830} INFO - Processing file /home/airflow/.local/lib/python3.12/site-packages/airflow/example_dags/example_branch_day_of_week_operator.py for tasks to queue
[2025-11-03T20:00:13.401+0000] {logging_mixin.py:188} INFO - [2025-11-03T20:00:13.401+0000] {dagbag.py:545} INFO - Filling up the DagBag from /home/airflow/.local/lib/python3.12/site-packages/airflow/example_dags/example_branch_day_of_week_operator.py
[2025-11-03T20:00:13.404+0000] {processor.py:840} INFO - DAG(s) 'example_weekday_branch_operator' retrieved from /home/airflow/.local/lib/python3.12/site-packages/airflow/example_dags/example_branch_day_of_week_operator.py
[2025-11-03T20:00:13.442+0000] {logging_mixin.py:188} INFO - [2025-11-03T20:00:13.442+0000] {dag.py:3096} INFO - Sync 1 DAGs
[2025-11-03T20:00:13.450+0000] {logging_mixin.py:188} INFO - [2025-11-03T20:00:13.450+0000] {dag.py:3954} INFO - Setting next_dagrun for example_weekday_branch_operator to 2025-11-02 00:00:00+00:00, run_after=2025-11-03 00:00:00+00:00
[2025-11-03T20:00:13.460+0000] {processor.py:183} INFO - Processing /home/airflow/.local/lib/python3.12/site-packages/airflow/example_dags/example_branch_day_of_week_operator.py took 0.064 seconds
[2025-11-03T20:00:44.405+0000] {processor.py:161} INFO - Started process (PID=182) to work on /home/airflow/.local/lib/python3.12/site-packages/airflow/example_dags/example_branch_day_of_week_operator.py
[2025-11-03T20:00:44.406+0000] {processor.py:830} INFO - Processing file /home/airflow/.local/lib/python3.12/site-packages/airflow/example_dags/example_branch_day_of_week_operator.py for tasks to queue
[2025-11-03T20:00:44.406+0000] {logging_mixin.py:188} INFO - [2025-11-03T20:00:44.406+0000] {dagbag.py:545} INFO - Filling up the DagBag from /home/airflow/.local/lib/python3.12/site-packages/airflow/example_dags/example_branch_day_of_week_operator.py
[2025-11-03T20:00:44.409+0000] {processor.py:840} INFO - DAG(s) 'example_weekday_branch_operator' retrieved from /home/airflow/.local/lib/python3.12/site-packages/airflow/example_dags/example_branch_day_of_week_operator.py
[2025-11-03T20:00:44.417+0000] {logging_mixin.py:188} INFO - [2025-11-03T20:00:44.417+0000] {dag.py:3096} INFO - Sync 1 DAGs
[2025-11-03T20:00:44.425+0000] {logging_mixin.py:188} INFO - [2025-11-03T20:00:44.425+0000] {dag.py:3954} INFO - Setting next_dagrun for example_weekday_branch_operator to 2025-11-02 00:00:00+00:00, run_after=2025-11-03 00:00:00+00:00
[2025-11-03T20:00:44.431+0000] {processor.py:183} INFO - Processing /home/airflow/.local/lib/python3.12/site-packages/airflow/example_dags/example_branch_day_of_week_operator.py took 0.028 seconds
[2025-11-03T20:01:15.202+0000] {processor.py:161} INFO - Started process (PID=242) to work on /home/airflow/.local/lib/python3.12/site-packages/airflow/example_dags/example_branch_day_of_week_operator.py
[2025-11-03T20:01:15.203+0000] {processor.py:830} INFO - Processing file /home/airflow/.local/lib/python3.12/site-packages/airflow/example_dags/example_branch_day_of_week_operator.py for tasks to queue
[2025-11-03T20:01:15.203+0000] {logging_mixin.py:188} INFO - [2025-11-03T20:01:15.203+0000] {dagbag.py:545} INFO - Filling up the DagBag from /home/airflow/.local/lib/python3.12/site-packages/airflow/example_dags/example_branch_day_of_week_operator.py
[2025-11-03T20:01:15.206+0000] {processor.py:840} INFO - DAG(s) 'example_weekday_branch_operator' retrieved from /home/airflow/.local/lib/python3.12/site-packages/airflow/example_dags/example_branch_day_of_week_operator.py
[2025-11-03T20:01:15.218+0000] {logging_mixin.py:188} INFO - [2025-11-03T20:01:15.217+0000] {dag.py:3096} INFO - Sync 1 DAGs
[2025-11-03T20:01:15.226+0000] {logging_mixin.py:188} INFO - [2025-11-03T20:01:15.226+0000] {dag.py:3954} INFO - Setting next_dagrun for example_weekday_branch_operator to 2025-11-02 00:00:00+00:00, run_after=2025-11-03 00:00:00+00:00
[2025-11-03T20:01:15.233+0000] {processor.py:183} INFO - Processing /home/airflow/.local/lib/python3.12/site-packages/airflow/example_dags/example_branch_day_of_week_operator.py took 0.033 seconds
[2025-11-03T20:01:45.736+0000] {processor.py:161} INFO - Started process (PID=302) to work on /home/airflow/.local/lib/python3.12/site-packages/airflow/example_dags/example_branch_day_of_week_operator.py
[2025-11-03T20:01:45.737+0000] {processor.py:830} INFO - Processing file /home/airflow/.local/lib/python3.12/site-packages/airflow/example_dags/example_branch_day_of_week_operator.py for tasks to queue
[2025-11-03T20:01:45.737+0000] {logging_mixin.py:188} INFO - [2025-11-03T20:01:45.737+0000] {dagbag.py:545} INFO - Filling up the DagBag from /home/airflow/.local/lib/python3.12/site-packages/airflow/example_dags/example_branch_day_of_week_operator.py
[2025-11-03T20:01:45.740+0000] {processor.py:840} INFO - DAG(s) 'example_weekday_branch_operator' retrieved from /home/airflow/.local/lib/python3.12/site-packages/airflow/example_dags/example_branch_day_of_week_operator.py
[2025-11-03T20:01:45.748+0000] {logging_mixin.py:188} INFO - [2025-11-03T20:01:45.748+0000] {dag.py:3096} INFO - Sync 1 DAGs
[2025-11-03T20:01:45.758+0000] {logging_mixin.py:188} INFO - [2025-11-03T20:01:45.758+0000] {dag.py:3954} INFO - Setting next_dagrun for example_weekday_branch_operator to 2025-11-02 00:00:00+00:00, run_after=2025-11-03 00:00:00+00:00
[2025-11-03T20:01:45.768+0000] {processor.py:183} INFO - Processing /home/airflow/.local/lib/python3.12/site-packages/airflow/example_dags/example_branch_day_of_week_operator.py took 0.034 seconds
[2025-11-03T20:02:16.349+0000] {processor.py:161} INFO - Started process (PID=362) to work on /home/airflow/.local/lib/python3.12/site-packages/airflow/example_dags/example_branch_day_of_week_operator.py
[2025-11-03T20:02:16.350+0000] {processor.py:830} INFO - Processing file /home/airflow/.local/lib/python3.12/site-packages/airflow/example_dags/example_branch_day_of_week_operator.py for tasks to queue
[2025-11-03T20:02:16.350+0000] {logging_mixin.py:188} INFO - [2025-11-03T20:02:16.350+0000] {dagbag.py:545} INFO - Filling up the DagBag from /home/airflow/.local/lib/python3.12/site-packages/airflow/example_dags/example_branch_day_of_week_operator.py
[2025-11-03T20:02:16.353+0000] {processor.py:840} INFO - DAG(s) 'example_weekday_branch_operator' retrieved from /home/airflow/.local/lib/python3.12/site-packages/airflow/example_dags/example_branch_day_of_week_operator.py
[2025-11-03T20:02:16.361+0000] {logging_mixin.py:188} INFO - [2025-11-03T20:02:16.361+0000] {dag.py:3096} INFO - Sync 1 DAGs
[2025-11-03T20:02:16.369+0000] {logging_mixin.py:188} INFO - [2025-11-03T20:02:16.369+0000] {dag.py:3954} INFO - Setting next_dagrun for example_weekday_branch_operator to 2025-11-02 00:00:00+00:00, run_after=2025-11-03 00:00:00+00:00
[2025-11-03T20:02:16.374+0000] {processor.py:183} INFO - Processing /home/airflow/.local/lib/python3.12/site-packages/airflow/example_dags/example_branch_day_of_week_operator.py took 0.027 seconds
[2025-11-03T20:02:46.972+0000] {processor.py:161} INFO - Started process (PID=422) to work on /home/airflow/.local/lib/python3.12/site-packages/airflow/example_dags/example_branch_day_of_week_operator.py
[2025-11-03T20:02:46.972+0000] {processor.py:830} INFO - Processing file /home/airflow/.local/lib/python3.12/site-packages/airflow/example_dags/example_branch_day_of_week_operator.py for tasks to queue
[2025-11-03T20:02:46.972+0000] {logging_mixin.py:188} INFO - [2025-11-03T20:02:46.972+0000] {dagbag.py:545} INFO - Filling up the DagBag from /home/airflow/.local/lib/python3.12/site-packages/airflow/example_dags/example_branch_day_of_week_operator.py
[2025-11-03T20:02:46.976+0000] {processor.py:840} INFO - DAG(s) 'example_weekday_branch_operator' retrieved from /home/airflow/.local/lib/python3.12/site-packages/airflow/example_dags/example_branch_day_of_week_operator.py
[2025-11-03T20:02:46.986+0000] {logging_mixin.py:188} INFO - [2025-11-03T20:02:46.986+0000] {dag.py:3096} INFO - Sync 1 DAGs
[2025-11-03T20:02:46.995+0000] {logging_mixin.py:188} INFO - [2025-11-03T20:02:46.995+0000] {dag.py:3954} INFO - Setting next_dagrun for example_weekday_branch_operator to 2025-11-02 00:00:00+00:00, run_after=2025-11-03 00:00:00+00:00
[2025-11-03T20:02:47.002+0000] {processor.py:183} INFO - Processing /home/airflow/.local/lib/python3.12/site-packages/airflow/example_dags/example_branch_day_of_week_operator.py took 0.033 seconds
[2025-11-03T20:03:17.655+0000] {processor.py:161} INFO - Started process (PID=482) to work on /home/airflow/.local/lib/python3.12/site-packages/airflow/example_dags/example_branch_day_of_week_operator.py
[2025-11-03T20:03:17.656+0000] {processor.py:830} INFO - Processing file /home/airflow/.local/lib/python3.12/site-packages/airflow/example_dags/example_branch_day_of_week_operator.py for tasks to queue
[2025-11-03T20:03:17.656+0000] {logging_mixin.py:188} INFO - [2025-11-03T20:03:17.656+0000] {dagbag.py:545} INFO - Filling up the DagBag from /home/airflow/.local/lib/python3.12/site-packages/airflow/example_dags/example_branch_day_of_week_operator.py
[2025-11-03T20:03:17.659+0000] {processor.py:840} INFO - DAG(s) 'example_weekday_branch_operator' retrieved from /home/airflow/.local/lib/python3.12/site-packages/airflow/example_dags/example_branch_day_of_week_operator.py
[2025-11-03T20:03:17.669+0000] {logging_mixin.py:188} INFO - [2025-11-03T20:03:17.669+0000] {dag.py:3096} INFO - Sync 1 DAGs
[2025-11-03T20:03:17.679+0000] {logging_mixin.py:188} INFO - [2025-11-03T20:03:17.679+0000] {dag.py:3954} INFO - Setting next_dagrun for example_weekday_branch_operator to 2025-11-02 00:00:00+00:00, run_after=2025-11-03 00:00:00+00:00
[2025-11-03T20:03:17.691+0000] {processor.py:183} INFO - Processing /home/airflow/.local/lib/python3.12/site-packages/airflow/example_dags/example_branch_day_of_week_operator.py took 0.038 seconds
[2025-11-03T20:03:48.385+0000] {processor.py:161} INFO - Started process (PID=542) to work on /home/airflow/.local/lib/python3.12/site-packages/airflow/example_dags/example_branch_day_of_week_operator.py
[2025-11-03T20:03:48.385+0000] {processor.py:830} INFO - Processing file /home/airflow/.local/lib/python3.12/site-packages/airflow/example_dags/example_branch_day_of_week_operator.py for tasks to queue
[2025-11-03T20:03:48.386+0000] {logging_mixin.py:188} INFO - [2025-11-03T20:03:48.386+0000] {dagbag.py:545} INFO - Filling up the DagBag from /home/airflow/.local/lib/python3.12/site-packages/airflow/example_dags/example_branch_day_of_week_operator.py
[2025-11-03T20:03:48.388+0000] {processor.py:840} INFO - DAG(s) 'example_weekday_branch_operator' retrieved from /home/airflow/.local/lib/python3.12/site-packages/airflow/example_dags/example_branch_day_of_week_operator.py
[2025-11-03T20:03:48.396+0000] {logging_mixin.py:188} INFO - [2025-11-03T20:03:48.396+0000] {dag.py:3096} INFO - Sync 1 DAGs
[2025-11-03T20:03:48.402+0000] {logging_mixin.py:188} INFO - [2025-11-03T20:03:48.402+0000] {dag.py:3954} INFO - Setting next_dagrun for example_weekday_branch_operator to 2025-11-02 00:00:00+00:00, run_after=2025-11-03 00:00:00+00:00
[2025-11-03T20:03:48.408+0000] {processor.py:183} INFO - Processing /home/airflow/.local/lib/python3.12/site-packages/airflow/example_dags/example_branch_day_of_week_operator.py took 0.024 seconds
[2025-11-03T20:04:19.116+0000] {processor.py:161} INFO - Started process (PID=602) to work on /home/airflow/.local/lib/python3.12/site-packages/airflow/example_dags/example_branch_day_of_week_operator.py
[2025-11-03T20:04:19.116+0000] {processor.py:830} INFO - Processing file /home/airflow/.local/lib/python3.12/site-packages/airflow/example_dags/example_branch_day_of_week_operator.py for tasks to queue
[2025-11-03T20:04:19.117+0000] {logging_mixin.py:188} INFO - [2025-11-03T20:04:19.116+0000] {dagbag.py:545} INFO - Filling up the DagBag from /home/airflow/.local/lib/python3.12/site-packages/airflow/example_dags/example_branch_day_of_week_operator.py
[2025-11-03T20:04:19.120+0000] {processor.py:840} INFO - DAG(s) 'example_weekday_branch_operator' retrieved from /home/airflow/.local/lib/python3.12/site-packages/airflow/example_dags/example_branch_day_of_week_operator.py
[2025-11-03T20:04:19.129+0000] {logging_mixin.py:188} INFO - [2025-11-03T20:04:19.129+0000] {dag.py:3096} INFO - Sync 1 DAGs
[2025-11-03T20:04:19.139+0000] {logging_mixin.py:188} INFO - [2025-11-03T20:04:19.139+0000] {dag.py:3954} INFO - Setting next_dagrun for example_weekday_branch_operator to 2025-11-02 00:00:00+00:00, run_after=2025-11-03 00:00:00+00:00
[2025-11-03T20:04:19.151+0000] {processor.py:183} INFO - Processing /home/airflow/.local/lib/python3.12/site-packages/airflow/example_dags/example_branch_day_of_week_operator.py took 0.039 seconds
[2025-11-03T20:04:49.913+0000] {processor.py:161} INFO - Started process (PID=662) to work on /home/airflow/.local/lib/python3.12/site-packages/airflow/example_dags/example_branch_day_of_week_operator.py
[2025-11-03T20:04:49.913+0000] {processor.py:830} INFO - Processing file /home/airflow/.local/lib/python3.12/site-packages/airflow/example_dags/example_branch_day_of_week_operator.py for tasks to queue
[2025-11-03T20:04:49.914+0000] {logging_mixin.py:188} INFO - [2025-11-03T20:04:49.914+0000] {dagbag.py:545} INFO - Filling up the DagBag from /home/airflow/.local/lib/python3.12/site-packages/airflow/example_dags/example_branch_day_of_week_operator.py
[2025-11-03T20:04:49.917+0000] {processor.py:840} INFO - DAG(s) 'example_weekday_branch_operator' retrieved from /home/airflow/.local/lib/python3.12/site-packages/airflow/example_dags/example_branch_day_of_week_operator.py
[2025-11-03T20:04:49.925+0000] {logging_mixin.py:188} INFO - [2025-11-03T20:04:49.924+0000] {dag.py:3096} INFO - Sync 1 DAGs
[2025-11-03T20:04:49.932+0000] {logging_mixin.py:188} INFO - [2025-11-03T20:04:49.932+0000] {dag.py:3954} INFO - Setting next_dagrun for example_weekday_branch_operator to 2025-11-02 00:00:00+00:00, run_after=2025-11-03 00:00:00+00:00
[2025-11-03T20:04:49.940+0000] {processor.py:183} INFO - Processing /home/airflow/.local/lib/python3.12/site-packages/airflow/example_dags/example_branch_day_of_week_operator.py took 0.029 seconds
[2025-11-03T20:05:20.818+0000] {processor.py:161} INFO - Started process (PID=722) to work on /home/airflow/.local/lib/python3.12/site-packages/airflow/example_dags/example_branch_day_of_week_operator.py
[2025-11-03T20:05:20.818+0000] {processor.py:830} INFO - Processing file /home/airflow/.local/lib/python3.12/site-packages/airflow/example_dags/example_branch_day_of_week_operator.py for tasks to queue
[2025-11-03T20:05:20.819+0000] {logging_mixin.py:188} INFO - [2025-11-03T20:05:20.819+0000] {dagbag.py:545} INFO - Filling up the DagBag from /home/airflow/.local/lib/python3.12/site-packages/airflow/example_dags/example_branch_day_of_week_operator.py
[2025-11-03T20:05:20.823+0000] {processor.py:840} INFO - DAG(s) 'example_weekday_branch_operator' retrieved from /home/airflow/.local/lib/python3.12/site-packages/airflow/example_dags/example_branch_day_of_week_operator.py
[2025-11-03T20:05:20.832+0000] {logging_mixin.py:188} INFO - [2025-11-03T20:05:20.832+0000] {dag.py:3096} INFO - Sync 1 DAGs
[2025-11-03T20:05:20.840+0000] {logging_mixin.py:188} INFO - [2025-11-03T20:05:20.840+0000] {dag.py:3954} INFO - Setting next_dagrun for example_weekday_branch_operator to 2025-11-02 00:00:00+00:00, run_after=2025-11-03 00:00:00+00:00
[2025-11-03T20:05:20.847+0000] {processor.py:183} INFO - Processing /home/airflow/.local/lib/python3.12/site-packages/airflow/example_dags/example_branch_day_of_week_operator.py took 0.032 seconds
[2025-11-03T20:05:51.457+0000] {processor.py:161} INFO - Started process (PID=782) to work on /home/airflow/.local/lib/python3.12/site-packages/airflow/example_dags/example_branch_day_of_week_operator.py
[2025-11-03T20:05:51.458+0000] {processor.py:830} INFO - Processing file /home/airflow/.local/lib/python3.12/site-packages/airflow/example_dags/example_branch_day_of_week_operator.py for tasks to queue
[2025-11-03T20:05:51.458+0000] {logging_mixin.py:188} INFO - [2025-11-03T20:05:51.458+0000] {dagbag.py:545} INFO - Filling up the DagBag from /home/airflow/.local/lib/python3.12/site-packages/airflow/example_dags/example_branch_day_of_week_operator.py
[2025-11-03T20:05:51.460+0000] {processor.py:840} INFO - DAG(s) 'example_weekday_branch_operator' retrieved from /home/airflow/.local/lib/python3.12/site-packages/airflow/example_dags/example_branch_day_of_week_operator.py
[2025-11-03T20:05:51.468+0000] {logging_mixin.py:188} INFO - [2025-11-03T20:05:51.468+0000] {dag.py:3096} INFO - Sync 1 DAGs
[2025-11-03T20:05:51.474+0000] {logging_mixin.py:188} INFO - [2025-11-03T20:05:51.474+0000] {dag.py:3954} INFO - Setting next_dagrun for example_weekday_branch_operator to 2025-11-02 00:00:00+00:00, run_after=2025-11-03 00:00:00+00:00
[2025-11-03T20:05:51.480+0000] {processor.py:183} INFO - Processing /home/airflow/.local/lib/python3.12/site-packages/airflow/example_dags/example_branch_day_of_week_operator.py took 0.024 seconds
[2025-11-03T20:06:21.940+0000] {processor.py:161} INFO - Started process (PID=842) to work on /home/airflow/.local/lib/python3.12/site-packages/airflow/example_dags/example_branch_day_of_week_operator.py
[2025-11-03T20:06:21.940+0000] {processor.py:830} INFO - Processing file /home/airflow/.local/lib/python3.12/site-packages/airflow/example_dags/example_branch_day_of_week_operator.py for tasks to queue
[2025-11-03T20:06:21.940+0000] {logging_mixin.py:188} INFO - [2025-11-03T20:06:21.940+0000] {dagbag.py:545} INFO - Filling up the DagBag from /home/airflow/.local/lib/python3.12/site-packages/airflow/example_dags/example_branch_day_of_week_operator.py
[2025-11-03T20:06:21.944+0000] {processor.py:840} INFO - DAG(s) 'example_weekday_branch_operator' retrieved from /home/airflow/.local/lib/python3.12/site-packages/airflow/example_dags/example_branch_day_of_week_operator.py
[2025-11-03T20:06:21.955+0000] {logging_mixin.py:188} INFO - [2025-11-03T20:06:21.954+0000] {dag.py:3096} INFO - Sync 1 DAGs
[2025-11-03T20:06:21.964+0000] {logging_mixin.py:188} INFO - [2025-11-03T20:06:21.964+0000] {dag.py:3954} INFO - Setting next_dagrun for example_weekday_branch_operator to 2025-11-02 00:00:00+00:00, run_after=2025-11-03 00:00:00+00:00
[2025-11-03T20:06:21.973+0000] {processor.py:183} INFO - Processing /home/airflow/.local/lib/python3.12/site-packages/airflow/example_dags/example_branch_day_of_week_operator.py took 0.036 seconds
[2025-11-03T20:06:52.505+0000] {processor.py:161} INFO - Started process (PID=902) to work on /home/airflow/.local/lib/python3.12/site-packages/airflow/example_dags/example_branch_day_of_week_operator.py
[2025-11-03T20:06:52.505+0000] {processor.py:830} INFO - Processing file /home/airflow/.local/lib/python3.12/site-packages/airflow/example_dags/example_branch_day_of_week_operator.py for tasks to queue
[2025-11-03T20:06:52.505+0000] {logging_mixin.py:188} INFO - [2025-11-03T20:06:52.505+0000] {dagbag.py:545} INFO - Filling up the DagBag from /home/airflow/.local/lib/python3.12/site-packages/airflow/example_dags/example_branch_day_of_week_operator.py
[2025-11-03T20:06:52.508+0000] {processor.py:840} INFO - DAG(s) 'example_weekday_branch_operator' retrieved from /home/airflow/.local/lib/python3.12/site-packages/airflow/example_dags/example_branch_day_of_week_operator.py
[2025-11-03T20:06:52.519+0000] {logging_mixin.py:188} INFO - [2025-11-03T20:06:52.519+0000] {dag.py:3096} INFO - Sync 1 DAGs
[2025-11-03T20:06:52.528+0000] {logging_mixin.py:188} INFO - [2025-11-03T20:06:52.528+0000] {dag.py:3954} INFO - Setting next_dagrun for example_weekday_branch_operator to 2025-11-02 00:00:00+00:00, run_after=2025-11-03 00:00:00+00:00
[2025-11-03T20:06:52.538+0000] {processor.py:183} INFO - Processing /home/airflow/.local/lib/python3.12/site-packages/airflow/example_dags/example_branch_day_of_week_operator.py took 0.035 seconds
[2025-11-03T20:07:23.099+0000] {processor.py:161} INFO - Started process (PID=962) to work on /home/airflow/.local/lib/python3.12/site-packages/airflow/example_dags/example_branch_day_of_week_operator.py
[2025-11-03T20:07:23.102+0000] {processor.py:830} INFO - Processing file /home/airflow/.local/lib/python3.12/site-packages/airflow/example_dags/example_branch_day_of_week_operator.py for tasks to queue
[2025-11-03T20:07:23.102+0000] {logging_mixin.py:188} INFO - [2025-11-03T20:07:23.102+0000] {dagbag.py:545} INFO - Filling up the DagBag from /home/airflow/.local/lib/python3.12/site-packages/airflow/example_dags/example_branch_day_of_week_operator.py
[2025-11-03T20:07:23.106+0000] {processor.py:840} INFO - DAG(s) 'example_weekday_branch_operator' retrieved from /home/airflow/.local/lib/python3.12/site-packages/airflow/example_dags/example_branch_day_of_week_operator.py
[2025-11-03T20:07:23.114+0000] {logging_mixin.py:188} INFO - [2025-11-03T20:07:23.114+0000] {dag.py:3096} INFO - Sync 1 DAGs
[2025-11-03T20:07:23.122+0000] {logging_mixin.py:188} INFO - [2025-11-03T20:07:23.122+0000] {dag.py:3954} INFO - Setting next_dagrun for example_weekday_branch_operator to 2025-11-02 00:00:00+00:00, run_after=2025-11-03 00:00:00+00:00
[2025-11-03T20:07:23.136+0000] {processor.py:183} INFO - Processing /home/airflow/.local/lib/python3.12/site-packages/airflow/example_dags/example_branch_day_of_week_operator.py took 0.040 seconds
[2025-11-03T20:07:53.820+0000] {processor.py:161} INFO - Started process (PID=1022) to work on /home/airflow/.local/lib/python3.12/site-packages/airflow/example_dags/example_branch_day_of_week_operator.py
[2025-11-03T20:07:53.821+0000] {processor.py:830} INFO - Processing file /home/airflow/.local/lib/python3.12/site-packages/airflow/example_dags/example_branch_day_of_week_operator.py for tasks to queue
[2025-11-03T20:07:53.821+0000] {logging_mixin.py:188} INFO - [2025-11-03T20:07:53.821+0000] {dagbag.py:545} INFO - Filling up the DagBag from /home/airflow/.local/lib/python3.12/site-packages/airflow/example_dags/example_branch_day_of_week_operator.py
[2025-11-03T20:07:53.824+0000] {processor.py:840} INFO - DAG(s) 'example_weekday_branch_operator' retrieved from /home/airflow/.local/lib/python3.12/site-packages/airflow/example_dags/example_branch_day_of_week_operator.py
[2025-11-03T20:07:53.833+0000] {logging_mixin.py:188} INFO - [2025-11-03T20:07:53.832+0000] {dag.py:3096} INFO - Sync 1 DAGs
[2025-11-03T20:07:53.842+0000] {logging_mixin.py:188} INFO - [2025-11-03T20:07:53.842+0000] {dag.py:3954} INFO - Setting next_dagrun for example_weekday_branch_operator to 2025-11-02 00:00:00+00:00, run_after=2025-11-03 00:00:00+00:00
[2025-11-03T20:07:53.852+0000] {processor.py:183} INFO - Processing /home/airflow/.local/lib/python3.12/site-packages/airflow/example_dags/example_branch_day_of_week_operator.py took 0.034 seconds
[2025-11-03T20:08:24.435+0000] {processor.py:161} INFO - Started process (PID=1082) to work on /home/airflow/.local/lib/python3.12/site-packages/airflow/example_dags/example_branch_day_of_week_operator.py
[2025-11-03T20:08:24.435+0000] {processor.py:830} INFO - Processing file /home/airflow/.local/lib/python3.12/site-packages/airflow/example_dags/example_branch_day_of_week_operator.py for tasks to queue
[2025-11-03T20:08:24.435+0000] {logging_mixin.py:188} INFO - [2025-11-03T20:08:24.435+0000] {dagbag.py:545} INFO - Filling up the DagBag from /home/airflow/.local/lib/python3.12/site-packages/airflow/example_dags/example_branch_day_of_week_operator.py
[2025-11-03T20:08:24.438+0000] {processor.py:840} INFO - DAG(s) 'example_weekday_branch_operator' retrieved from /home/airflow/.local/lib/python3.12/site-packages/airflow/example_dags/example_branch_day_of_week_operator.py
[2025-11-03T20:08:24.446+0000] {logging_mixin.py:188} INFO - [2025-11-03T20:08:24.446+0000] {dag.py:3096} INFO - Sync 1 DAGs
[2025-11-03T20:08:24.454+0000] {logging_mixin.py:188} INFO - [2025-11-03T20:08:24.454+0000] {dag.py:3954} INFO - Setting next_dagrun for example_weekday_branch_operator to 2025-11-02 00:00:00+00:00, run_after=2025-11-03 00:00:00+00:00
[2025-11-03T20:08:24.465+0000] {processor.py:183} INFO - Processing /home/airflow/.local/lib/python3.12/site-packages/airflow/example_dags/example_branch_day_of_week_operator.py took 0.032 seconds
