[2025-11-03T19:59:42.319+0000] {processor.py:161} INFO - Started process (PID=40) to work on /home/airflow/.local/lib/python3.12/site-packages/airflow/example_dags/example_display_name.py
[2025-11-03T19:59:42.319+0000] {processor.py:830} INFO - Processing file /home/airflow/.local/lib/python3.12/site-packages/airflow/example_dags/example_display_name.py for tasks to queue
[2025-11-03T19:59:42.320+0000] {logging_mixin.py:188} INFO - [2025-11-03T19:59:42.320+0000] {dagbag.py:545} INFO - Filling up the DagBag from /home/airflow/.local/lib/python3.12/site-packages/airflow/example_dags/example_display_name.py
[2025-11-03T19:59:42.324+0000] {processor.py:840} INFO - DAG(s) 'example_display_name' retrieved from /home/airflow/.local/lib/python3.12/site-packages/airflow/example_dags/example_display_name.py
[2025-11-03T19:59:42.335+0000] {logging_mixin.py:188} INFO - [2025-11-03T19:59:42.334+0000] {dag.py:3096} INFO - Sync 1 DAGs
[2025-11-03T19:59:42.343+0000] {logging_mixin.py:188} INFO - [2025-11-03T19:59:42.343+0000] {dag.py:3954} INFO - Setting next_dagrun for example_display_name to None, run_after=None
[2025-11-03T19:59:42.361+0000] {processor.py:183} INFO - Processing /home/airflow/.local/lib/python3.12/site-packages/airflow/example_dags/example_display_name.py took 0.047 seconds
[2025-11-03T20:00:12.662+0000] {processor.py:161} INFO - Started process (PID=98) to work on /home/airflow/.local/lib/python3.12/site-packages/airflow/example_dags/example_display_name.py
[2025-11-03T20:00:12.663+0000] {processor.py:830} INFO - Processing file /home/airflow/.local/lib/python3.12/site-packages/airflow/example_dags/example_display_name.py for tasks to queue
[2025-11-03T20:00:12.663+0000] {logging_mixin.py:188} INFO - [2025-11-03T20:00:12.663+0000] {dagbag.py:545} INFO - Filling up the DagBag from /home/airflow/.local/lib/python3.12/site-packages/airflow/example_dags/example_display_name.py
[2025-11-03T20:00:12.666+0000] {processor.py:840} INFO - DAG(s) 'example_display_name' retrieved from /home/airflow/.local/lib/python3.12/site-packages/airflow/example_dags/example_display_name.py
[2025-11-03T20:00:12.711+0000] {logging_mixin.py:188} INFO - [2025-11-03T20:00:12.710+0000] {dag.py:3096} INFO - Sync 1 DAGs
[2025-11-03T20:00:12.718+0000] {logging_mixin.py:188} INFO - [2025-11-03T20:00:12.718+0000] {dag.py:3954} INFO - Setting next_dagrun for example_display_name to None, run_after=None
[2025-11-03T20:00:12.729+0000] {processor.py:183} INFO - Processing /home/airflow/.local/lib/python3.12/site-packages/airflow/example_dags/example_display_name.py took 0.069 seconds
[2025-11-03T20:00:42.904+0000] {processor.py:161} INFO - Started process (PID=158) to work on /home/airflow/.local/lib/python3.12/site-packages/airflow/example_dags/example_display_name.py
[2025-11-03T20:00:42.904+0000] {processor.py:830} INFO - Processing file /home/airflow/.local/lib/python3.12/site-packages/airflow/example_dags/example_display_name.py for tasks to queue
[2025-11-03T20:00:42.904+0000] {logging_mixin.py:188} INFO - [2025-11-03T20:00:42.904+0000] {dagbag.py:545} INFO - Filling up the DagBag from /home/airflow/.local/lib/python3.12/site-packages/airflow/example_dags/example_display_name.py
[2025-11-03T20:00:42.906+0000] {processor.py:840} INFO - DAG(s) 'example_display_name' retrieved from /home/airflow/.local/lib/python3.12/site-packages/airflow/example_dags/example_display_name.py
[2025-11-03T20:00:42.914+0000] {logging_mixin.py:188} INFO - [2025-11-03T20:00:42.914+0000] {dag.py:3096} INFO - Sync 1 DAGs
[2025-11-03T20:00:42.918+0000] {logging_mixin.py:188} INFO - [2025-11-03T20:00:42.918+0000] {dag.py:3954} INFO - Setting next_dagrun for example_display_name to None, run_after=None
[2025-11-03T20:00:42.924+0000] {processor.py:183} INFO - Processing /home/airflow/.local/lib/python3.12/site-packages/airflow/example_dags/example_display_name.py took 0.023 seconds
[2025-11-03T20:01:13.679+0000] {processor.py:161} INFO - Started process (PID=218) to work on /home/airflow/.local/lib/python3.12/site-packages/airflow/example_dags/example_display_name.py
[2025-11-03T20:01:13.680+0000] {processor.py:830} INFO - Processing file /home/airflow/.local/lib/python3.12/site-packages/airflow/example_dags/example_display_name.py for tasks to queue
[2025-11-03T20:01:13.680+0000] {logging_mixin.py:188} INFO - [2025-11-03T20:01:13.680+0000] {dagbag.py:545} INFO - Filling up the DagBag from /home/airflow/.local/lib/python3.12/site-packages/airflow/example_dags/example_display_name.py
[2025-11-03T20:01:13.683+0000] {processor.py:840} INFO - DAG(s) 'example_display_name' retrieved from /home/airflow/.local/lib/python3.12/site-packages/airflow/example_dags/example_display_name.py
[2025-11-03T20:01:13.694+0000] {logging_mixin.py:188} INFO - [2025-11-03T20:01:13.694+0000] {dag.py:3096} INFO - Sync 1 DAGs
[2025-11-03T20:01:13.699+0000] {logging_mixin.py:188} INFO - [2025-11-03T20:01:13.699+0000] {dag.py:3954} INFO - Setting next_dagrun for example_display_name to None, run_after=None
[2025-11-03T20:01:13.710+0000] {processor.py:183} INFO - Processing /home/airflow/.local/lib/python3.12/site-packages/airflow/example_dags/example_display_name.py took 0.034 seconds
[2025-11-03T20:01:44.246+0000] {processor.py:161} INFO - Started process (PID=284) to work on /home/airflow/.local/lib/python3.12/site-packages/airflow/example_dags/example_display_name.py
[2025-11-03T20:01:44.247+0000] {processor.py:830} INFO - Processing file /home/airflow/.local/lib/python3.12/site-packages/airflow/example_dags/example_display_name.py for tasks to queue
[2025-11-03T20:01:44.248+0000] {logging_mixin.py:188} INFO - [2025-11-03T20:01:44.248+0000] {dagbag.py:545} INFO - Filling up the DagBag from /home/airflow/.local/lib/python3.12/site-packages/airflow/example_dags/example_display_name.py
[2025-11-03T20:01:44.250+0000] {processor.py:840} INFO - DAG(s) 'example_display_name' retrieved from /home/airflow/.local/lib/python3.12/site-packages/airflow/example_dags/example_display_name.py
[2025-11-03T20:01:44.261+0000] {logging_mixin.py:188} INFO - [2025-11-03T20:01:44.260+0000] {dag.py:3096} INFO - Sync 1 DAGs
[2025-11-03T20:01:44.268+0000] {logging_mixin.py:188} INFO - [2025-11-03T20:01:44.268+0000] {dag.py:3954} INFO - Setting next_dagrun for example_display_name to None, run_after=None
[2025-11-03T20:01:44.276+0000] {processor.py:183} INFO - Processing /home/airflow/.local/lib/python3.12/site-packages/airflow/example_dags/example_display_name.py took 0.033 seconds
[2025-11-03T20:02:14.812+0000] {processor.py:161} INFO - Started process (PID=344) to work on /home/airflow/.local/lib/python3.12/site-packages/airflow/example_dags/example_display_name.py
[2025-11-03T20:02:14.813+0000] {processor.py:830} INFO - Processing file /home/airflow/.local/lib/python3.12/site-packages/airflow/example_dags/example_display_name.py for tasks to queue
[2025-11-03T20:02:14.813+0000] {logging_mixin.py:188} INFO - [2025-11-03T20:02:14.813+0000] {dagbag.py:545} INFO - Filling up the DagBag from /home/airflow/.local/lib/python3.12/site-packages/airflow/example_dags/example_display_name.py
[2025-11-03T20:02:14.816+0000] {processor.py:840} INFO - DAG(s) 'example_display_name' retrieved from /home/airflow/.local/lib/python3.12/site-packages/airflow/example_dags/example_display_name.py
[2025-11-03T20:02:14.824+0000] {logging_mixin.py:188} INFO - [2025-11-03T20:02:14.824+0000] {dag.py:3096} INFO - Sync 1 DAGs
[2025-11-03T20:02:14.829+0000] {logging_mixin.py:188} INFO - [2025-11-03T20:02:14.829+0000] {dag.py:3954} INFO - Setting next_dagrun for example_display_name to None, run_after=None
[2025-11-03T20:02:14.835+0000] {processor.py:183} INFO - Processing /home/airflow/.local/lib/python3.12/site-packages/airflow/example_dags/example_display_name.py took 0.025 seconds
[2025-11-03T20:02:45.460+0000] {processor.py:161} INFO - Started process (PID=404) to work on /home/airflow/.local/lib/python3.12/site-packages/airflow/example_dags/example_display_name.py
[2025-11-03T20:02:45.460+0000] {processor.py:830} INFO - Processing file /home/airflow/.local/lib/python3.12/site-packages/airflow/example_dags/example_display_name.py for tasks to queue
[2025-11-03T20:02:45.461+0000] {logging_mixin.py:188} INFO - [2025-11-03T20:02:45.460+0000] {dagbag.py:545} INFO - Filling up the DagBag from /home/airflow/.local/lib/python3.12/site-packages/airflow/example_dags/example_display_name.py
[2025-11-03T20:02:45.463+0000] {processor.py:840} INFO - DAG(s) 'example_display_name' retrieved from /home/airflow/.local/lib/python3.12/site-packages/airflow/example_dags/example_display_name.py
[2025-11-03T20:02:45.471+0000] {logging_mixin.py:188} INFO - [2025-11-03T20:02:45.471+0000] {dag.py:3096} INFO - Sync 1 DAGs
[2025-11-03T20:02:45.475+0000] {logging_mixin.py:188} INFO - [2025-11-03T20:02:45.475+0000] {dag.py:3954} INFO - Setting next_dagrun for example_display_name to None, run_after=None
[2025-11-03T20:02:45.481+0000] {processor.py:183} INFO - Processing /home/airflow/.local/lib/python3.12/site-packages/airflow/example_dags/example_display_name.py took 0.023 seconds
[2025-11-03T20:03:16.216+0000] {processor.py:161} INFO - Started process (PID=464) to work on /home/airflow/.local/lib/python3.12/site-packages/airflow/example_dags/example_display_name.py
[2025-11-03T20:03:16.217+0000] {processor.py:830} INFO - Processing file /home/airflow/.local/lib/python3.12/site-packages/airflow/example_dags/example_display_name.py for tasks to queue
[2025-11-03T20:03:16.217+0000] {logging_mixin.py:188} INFO - [2025-11-03T20:03:16.217+0000] {dagbag.py:545} INFO - Filling up the DagBag from /home/airflow/.local/lib/python3.12/site-packages/airflow/example_dags/example_display_name.py
[2025-11-03T20:03:16.220+0000] {processor.py:840} INFO - DAG(s) 'example_display_name' retrieved from /home/airflow/.local/lib/python3.12/site-packages/airflow/example_dags/example_display_name.py
[2025-11-03T20:03:16.230+0000] {logging_mixin.py:188} INFO - [2025-11-03T20:03:16.230+0000] {dag.py:3096} INFO - Sync 1 DAGs
[2025-11-03T20:03:16.235+0000] {logging_mixin.py:188} INFO - [2025-11-03T20:03:16.235+0000] {dag.py:3954} INFO - Setting next_dagrun for example_display_name to None, run_after=None
[2025-11-03T20:03:16.243+0000] {processor.py:183} INFO - Processing /home/airflow/.local/lib/python3.12/site-packages/airflow/example_dags/example_display_name.py took 0.030 seconds
[2025-11-03T20:03:46.914+0000] {processor.py:161} INFO - Started process (PID=524) to work on /home/airflow/.local/lib/python3.12/site-packages/airflow/example_dags/example_display_name.py
[2025-11-03T20:03:46.914+0000] {processor.py:830} INFO - Processing file /home/airflow/.local/lib/python3.12/site-packages/airflow/example_dags/example_display_name.py for tasks to queue
[2025-11-03T20:03:46.915+0000] {logging_mixin.py:188} INFO - [2025-11-03T20:03:46.915+0000] {dagbag.py:545} INFO - Filling up the DagBag from /home/airflow/.local/lib/python3.12/site-packages/airflow/example_dags/example_display_name.py
[2025-11-03T20:03:46.918+0000] {processor.py:840} INFO - DAG(s) 'example_display_name' retrieved from /home/airflow/.local/lib/python3.12/site-packages/airflow/example_dags/example_display_name.py
[2025-11-03T20:03:46.927+0000] {logging_mixin.py:188} INFO - [2025-11-03T20:03:46.927+0000] {dag.py:3096} INFO - Sync 1 DAGs
[2025-11-03T20:03:46.931+0000] {logging_mixin.py:188} INFO - [2025-11-03T20:03:46.931+0000] {dag.py:3954} INFO - Setting next_dagrun for example_display_name to None, run_after=None
[2025-11-03T20:03:46.938+0000] {processor.py:183} INFO - Processing /home/airflow/.local/lib/python3.12/site-packages/airflow/example_dags/example_display_name.py took 0.028 seconds
[2025-11-03T20:04:17.520+0000] {processor.py:161} INFO - Started process (PID=584) to work on /home/airflow/.local/lib/python3.12/site-packages/airflow/example_dags/example_display_name.py
[2025-11-03T20:04:17.521+0000] {processor.py:830} INFO - Processing file /home/airflow/.local/lib/python3.12/site-packages/airflow/example_dags/example_display_name.py for tasks to queue
[2025-11-03T20:04:17.522+0000] {logging_mixin.py:188} INFO - [2025-11-03T20:04:17.522+0000] {dagbag.py:545} INFO - Filling up the DagBag from /home/airflow/.local/lib/python3.12/site-packages/airflow/example_dags/example_display_name.py
[2025-11-03T20:04:17.525+0000] {processor.py:840} INFO - DAG(s) 'example_display_name' retrieved from /home/airflow/.local/lib/python3.12/site-packages/airflow/example_dags/example_display_name.py
[2025-11-03T20:04:17.537+0000] {logging_mixin.py:188} INFO - [2025-11-03T20:04:17.537+0000] {dag.py:3096} INFO - Sync 1 DAGs
[2025-11-03T20:04:17.542+0000] {logging_mixin.py:188} INFO - [2025-11-03T20:04:17.542+0000] {dag.py:3954} INFO - Setting next_dagrun for example_display_name to None, run_after=None
[2025-11-03T20:04:17.550+0000] {processor.py:183} INFO - Processing /home/airflow/.local/lib/python3.12/site-packages/airflow/example_dags/example_display_name.py took 0.033 seconds
[2025-11-03T20:04:48.378+0000] {processor.py:161} INFO - Started process (PID=644) to work on /home/airflow/.local/lib/python3.12/site-packages/airflow/example_dags/example_display_name.py
[2025-11-03T20:04:48.378+0000] {processor.py:830} INFO - Processing file /home/airflow/.local/lib/python3.12/site-packages/airflow/example_dags/example_display_name.py for tasks to queue
[2025-11-03T20:04:48.378+0000] {logging_mixin.py:188} INFO - [2025-11-03T20:04:48.378+0000] {dagbag.py:545} INFO - Filling up the DagBag from /home/airflow/.local/lib/python3.12/site-packages/airflow/example_dags/example_display_name.py
[2025-11-03T20:04:48.381+0000] {processor.py:840} INFO - DAG(s) 'example_display_name' retrieved from /home/airflow/.local/lib/python3.12/site-packages/airflow/example_dags/example_display_name.py
[2025-11-03T20:04:48.390+0000] {logging_mixin.py:188} INFO - [2025-11-03T20:04:48.390+0000] {dag.py:3096} INFO - Sync 1 DAGs
[2025-11-03T20:04:48.395+0000] {logging_mixin.py:188} INFO - [2025-11-03T20:04:48.395+0000] {dag.py:3954} INFO - Setting next_dagrun for example_display_name to None, run_after=None
[2025-11-03T20:04:48.401+0000] {processor.py:183} INFO - Processing /home/airflow/.local/lib/python3.12/site-packages/airflow/example_dags/example_display_name.py took 0.026 seconds
[2025-11-03T20:05:19.178+0000] {processor.py:161} INFO - Started process (PID=704) to work on /home/airflow/.local/lib/python3.12/site-packages/airflow/example_dags/example_display_name.py
[2025-11-03T20:05:19.179+0000] {processor.py:830} INFO - Processing file /home/airflow/.local/lib/python3.12/site-packages/airflow/example_dags/example_display_name.py for tasks to queue
[2025-11-03T20:05:19.179+0000] {logging_mixin.py:188} INFO - [2025-11-03T20:05:19.179+0000] {dagbag.py:545} INFO - Filling up the DagBag from /home/airflow/.local/lib/python3.12/site-packages/airflow/example_dags/example_display_name.py
[2025-11-03T20:05:19.182+0000] {processor.py:840} INFO - DAG(s) 'example_display_name' retrieved from /home/airflow/.local/lib/python3.12/site-packages/airflow/example_dags/example_display_name.py
[2025-11-03T20:05:19.195+0000] {logging_mixin.py:188} INFO - [2025-11-03T20:05:19.195+0000] {dag.py:3096} INFO - Sync 1 DAGs
[2025-11-03T20:05:19.201+0000] {logging_mixin.py:188} INFO - [2025-11-03T20:05:19.200+0000] {dag.py:3954} INFO - Setting next_dagrun for example_display_name to None, run_after=None
[2025-11-03T20:05:19.207+0000] {processor.py:183} INFO - Processing /home/airflow/.local/lib/python3.12/site-packages/airflow/example_dags/example_display_name.py took 0.032 seconds
[2025-11-03T20:05:49.984+0000] {processor.py:161} INFO - Started process (PID=764) to work on /home/airflow/.local/lib/python3.12/site-packages/airflow/example_dags/example_display_name.py
[2025-11-03T20:05:49.984+0000] {processor.py:830} INFO - Processing file /home/airflow/.local/lib/python3.12/site-packages/airflow/example_dags/example_display_name.py for tasks to queue
[2025-11-03T20:05:49.985+0000] {logging_mixin.py:188} INFO - [2025-11-03T20:05:49.985+0000] {dagbag.py:545} INFO - Filling up the DagBag from /home/airflow/.local/lib/python3.12/site-packages/airflow/example_dags/example_display_name.py
[2025-11-03T20:05:49.987+0000] {processor.py:840} INFO - DAG(s) 'example_display_name' retrieved from /home/airflow/.local/lib/python3.12/site-packages/airflow/example_dags/example_display_name.py
[2025-11-03T20:05:49.997+0000] {logging_mixin.py:188} INFO - [2025-11-03T20:05:49.996+0000] {dag.py:3096} INFO - Sync 1 DAGs
[2025-11-03T20:05:50.001+0000] {logging_mixin.py:188} INFO - [2025-11-03T20:05:50.001+0000] {dag.py:3954} INFO - Setting next_dagrun for example_display_name to None, run_after=None
[2025-11-03T20:05:50.009+0000] {processor.py:183} INFO - Processing /home/airflow/.local/lib/python3.12/site-packages/airflow/example_dags/example_display_name.py took 0.028 seconds
[2025-11-03T20:06:20.424+0000] {processor.py:161} INFO - Started process (PID=824) to work on /home/airflow/.local/lib/python3.12/site-packages/airflow/example_dags/example_display_name.py
[2025-11-03T20:06:20.426+0000] {processor.py:830} INFO - Processing file /home/airflow/.local/lib/python3.12/site-packages/airflow/example_dags/example_display_name.py for tasks to queue
[2025-11-03T20:06:20.426+0000] {logging_mixin.py:188} INFO - [2025-11-03T20:06:20.426+0000] {dagbag.py:545} INFO - Filling up the DagBag from /home/airflow/.local/lib/python3.12/site-packages/airflow/example_dags/example_display_name.py
[2025-11-03T20:06:20.428+0000] {processor.py:840} INFO - DAG(s) 'example_display_name' retrieved from /home/airflow/.local/lib/python3.12/site-packages/airflow/example_dags/example_display_name.py
[2025-11-03T20:06:20.438+0000] {logging_mixin.py:188} INFO - [2025-11-03T20:06:20.438+0000] {dag.py:3096} INFO - Sync 1 DAGs
[2025-11-03T20:06:20.443+0000] {logging_mixin.py:188} INFO - [2025-11-03T20:06:20.443+0000] {dag.py:3954} INFO - Setting next_dagrun for example_display_name to None, run_after=None
[2025-11-03T20:06:20.456+0000] {processor.py:183} INFO - Processing /home/airflow/.local/lib/python3.12/site-packages/airflow/example_dags/example_display_name.py took 0.034 seconds
[2025-11-03T20:06:50.986+0000] {processor.py:161} INFO - Started process (PID=884) to work on /home/airflow/.local/lib/python3.12/site-packages/airflow/example_dags/example_display_name.py
[2025-11-03T20:06:50.987+0000] {processor.py:830} INFO - Processing file /home/airflow/.local/lib/python3.12/site-packages/airflow/example_dags/example_display_name.py for tasks to queue
[2025-11-03T20:06:50.987+0000] {logging_mixin.py:188} INFO - [2025-11-03T20:06:50.987+0000] {dagbag.py:545} INFO - Filling up the DagBag from /home/airflow/.local/lib/python3.12/site-packages/airflow/example_dags/example_display_name.py
[2025-11-03T20:06:50.989+0000] {processor.py:840} INFO - DAG(s) 'example_display_name' retrieved from /home/airflow/.local/lib/python3.12/site-packages/airflow/example_dags/example_display_name.py
[2025-11-03T20:06:50.997+0000] {logging_mixin.py:188} INFO - [2025-11-03T20:06:50.997+0000] {dag.py:3096} INFO - Sync 1 DAGs
[2025-11-03T20:06:51.002+0000] {logging_mixin.py:188} INFO - [2025-11-03T20:06:51.002+0000] {dag.py:3954} INFO - Setting next_dagrun for example_display_name to None, run_after=None
[2025-11-03T20:06:51.008+0000] {processor.py:183} INFO - Processing /home/airflow/.local/lib/python3.12/site-packages/airflow/example_dags/example_display_name.py took 0.024 seconds
[2025-11-03T20:07:21.597+0000] {processor.py:161} INFO - Started process (PID=944) to work on /home/airflow/.local/lib/python3.12/site-packages/airflow/example_dags/example_display_name.py
[2025-11-03T20:07:21.597+0000] {processor.py:830} INFO - Processing file /home/airflow/.local/lib/python3.12/site-packages/airflow/example_dags/example_display_name.py for tasks to queue
[2025-11-03T20:07:21.598+0000] {logging_mixin.py:188} INFO - [2025-11-03T20:07:21.598+0000] {dagbag.py:545} INFO - Filling up the DagBag from /home/airflow/.local/lib/python3.12/site-packages/airflow/example_dags/example_display_name.py
[2025-11-03T20:07:21.600+0000] {processor.py:840} INFO - DAG(s) 'example_display_name' retrieved from /home/airflow/.local/lib/python3.12/site-packages/airflow/example_dags/example_display_name.py
[2025-11-03T20:07:21.608+0000] {logging_mixin.py:188} INFO - [2025-11-03T20:07:21.608+0000] {dag.py:3096} INFO - Sync 1 DAGs
[2025-11-03T20:07:21.612+0000] {logging_mixin.py:188} INFO - [2025-11-03T20:07:21.612+0000] {dag.py:3954} INFO - Setting next_dagrun for example_display_name to None, run_after=None
[2025-11-03T20:07:21.618+0000] {processor.py:183} INFO - Processing /home/airflow/.local/lib/python3.12/site-packages/airflow/example_dags/example_display_name.py took 0.024 seconds
[2025-11-03T20:07:52.264+0000] {processor.py:161} INFO - Started process (PID=1004) to work on /home/airflow/.local/lib/python3.12/site-packages/airflow/example_dags/example_display_name.py
[2025-11-03T20:07:52.264+0000] {processor.py:830} INFO - Processing file /home/airflow/.local/lib/python3.12/site-packages/airflow/example_dags/example_display_name.py for tasks to queue
[2025-11-03T20:07:52.265+0000] {logging_mixin.py:188} INFO - [2025-11-03T20:07:52.264+0000] {dagbag.py:545} INFO - Filling up the DagBag from /home/airflow/.local/lib/python3.12/site-packages/airflow/example_dags/example_display_name.py
[2025-11-03T20:07:52.267+0000] {processor.py:840} INFO - DAG(s) 'example_display_name' retrieved from /home/airflow/.local/lib/python3.12/site-packages/airflow/example_dags/example_display_name.py
[2025-11-03T20:07:52.276+0000] {logging_mixin.py:188} INFO - [2025-11-03T20:07:52.276+0000] {dag.py:3096} INFO - Sync 1 DAGs
[2025-11-03T20:07:52.280+0000] {logging_mixin.py:188} INFO - [2025-11-03T20:07:52.280+0000] {dag.py:3954} INFO - Setting next_dagrun for example_display_name to None, run_after=None
[2025-11-03T20:07:52.286+0000] {processor.py:183} INFO - Processing /home/airflow/.local/lib/python3.12/site-packages/airflow/example_dags/example_display_name.py took 0.025 seconds
[2025-11-03T20:08:22.934+0000] {processor.py:161} INFO - Started process (PID=1064) to work on /home/airflow/.local/lib/python3.12/site-packages/airflow/example_dags/example_display_name.py
[2025-11-03T20:08:22.935+0000] {processor.py:830} INFO - Processing file /home/airflow/.local/lib/python3.12/site-packages/airflow/example_dags/example_display_name.py for tasks to queue
[2025-11-03T20:08:22.936+0000] {logging_mixin.py:188} INFO - [2025-11-03T20:08:22.936+0000] {dagbag.py:545} INFO - Filling up the DagBag from /home/airflow/.local/lib/python3.12/site-packages/airflow/example_dags/example_display_name.py
[2025-11-03T20:08:22.938+0000] {processor.py:840} INFO - DAG(s) 'example_display_name' retrieved from /home/airflow/.local/lib/python3.12/site-packages/airflow/example_dags/example_display_name.py
[2025-11-03T20:08:22.953+0000] {logging_mixin.py:188} INFO - [2025-11-03T20:08:22.953+0000] {dag.py:3096} INFO - Sync 1 DAGs
[2025-11-03T20:08:22.962+0000] {logging_mixin.py:188} INFO - [2025-11-03T20:08:22.962+0000] {dag.py:3954} INFO - Setting next_dagrun for example_display_name to None, run_after=None
[2025-11-03T20:08:22.971+0000] {processor.py:183} INFO - Processing /home/airflow/.local/lib/python3.12/site-packages/airflow/example_dags/example_display_name.py took 0.040 seconds
