[2025-11-03T19:59:42.883+0000] {processor.py:161} INFO - Started process (PID=48) to work on /home/airflow/.local/lib/python3.12/site-packages/airflow/example_dags/example_task_group.py
[2025-11-03T19:59:42.884+0000] {processor.py:830} INFO - Processing file /home/airflow/.local/lib/python3.12/site-packages/airflow/example_dags/example_task_group.py for tasks to queue
[2025-11-03T19:59:42.887+0000] {logging_mixin.py:188} INFO - [2025-11-03T19:59:42.886+0000] {dagbag.py:545} INFO - Filling up the DagBag from /home/airflow/.local/lib/python3.12/site-packages/airflow/example_dags/example_task_group.py
[2025-11-03T19:59:42.893+0000] {processor.py:840} INFO - DAG(s) 'example_task_group' retrieved from /home/airflow/.local/lib/python3.12/site-packages/airflow/example_dags/example_task_group.py
[2025-11-03T19:59:42.902+0000] {logging_mixin.py:188} INFO - [2025-11-03T19:59:42.901+0000] {dag.py:3096} INFO - Sync 1 DAGs
[2025-11-03T19:59:42.914+0000] {logging_mixin.py:188} INFO - [2025-11-03T19:59:42.914+0000] {dag.py:3954} INFO - Setting next_dagrun for example_task_group to 2025-11-02 00:00:00+00:00, run_after=2025-11-03 00:00:00+00:00
[2025-11-03T19:59:42.925+0000] {processor.py:183} INFO - Processing /home/airflow/.local/lib/python3.12/site-packages/airflow/example_dags/example_task_group.py took 0.048 seconds
[2025-11-03T20:00:13.015+0000] {processor.py:161} INFO - Started process (PID=106) to work on /home/airflow/.local/lib/python3.12/site-packages/airflow/example_dags/example_task_group.py
[2025-11-03T20:00:13.015+0000] {processor.py:830} INFO - Processing file /home/airflow/.local/lib/python3.12/site-packages/airflow/example_dags/example_task_group.py for tasks to queue
[2025-11-03T20:00:13.016+0000] {logging_mixin.py:188} INFO - [2025-11-03T20:00:13.016+0000] {dagbag.py:545} INFO - Filling up the DagBag from /home/airflow/.local/lib/python3.12/site-packages/airflow/example_dags/example_task_group.py
[2025-11-03T20:00:13.019+0000] {processor.py:840} INFO - DAG(s) 'example_task_group' retrieved from /home/airflow/.local/lib/python3.12/site-packages/airflow/example_dags/example_task_group.py
[2025-11-03T20:00:13.061+0000] {logging_mixin.py:188} INFO - [2025-11-03T20:00:13.061+0000] {dag.py:3096} INFO - Sync 1 DAGs
[2025-11-03T20:00:13.067+0000] {logging_mixin.py:188} INFO - [2025-11-03T20:00:13.067+0000] {dag.py:3954} INFO - Setting next_dagrun for example_task_group to 2025-11-02 00:00:00+00:00, run_after=2025-11-03 00:00:00+00:00
[2025-11-03T20:00:13.074+0000] {processor.py:183} INFO - Processing /home/airflow/.local/lib/python3.12/site-packages/airflow/example_dags/example_task_group.py took 0.062 seconds
[2025-11-03T20:00:43.101+0000] {processor.py:161} INFO - Started process (PID=166) to work on /home/airflow/.local/lib/python3.12/site-packages/airflow/example_dags/example_task_group.py
[2025-11-03T20:00:43.101+0000] {processor.py:830} INFO - Processing file /home/airflow/.local/lib/python3.12/site-packages/airflow/example_dags/example_task_group.py for tasks to queue
[2025-11-03T20:00:43.101+0000] {logging_mixin.py:188} INFO - [2025-11-03T20:00:43.101+0000] {dagbag.py:545} INFO - Filling up the DagBag from /home/airflow/.local/lib/python3.12/site-packages/airflow/example_dags/example_task_group.py
[2025-11-03T20:00:43.104+0000] {processor.py:840} INFO - DAG(s) 'example_task_group' retrieved from /home/airflow/.local/lib/python3.12/site-packages/airflow/example_dags/example_task_group.py
[2025-11-03T20:00:43.111+0000] {logging_mixin.py:188} INFO - [2025-11-03T20:00:43.111+0000] {dag.py:3096} INFO - Sync 1 DAGs
[2025-11-03T20:00:43.118+0000] {logging_mixin.py:188} INFO - [2025-11-03T20:00:43.118+0000] {dag.py:3954} INFO - Setting next_dagrun for example_task_group to 2025-11-02 00:00:00+00:00, run_after=2025-11-03 00:00:00+00:00
[2025-11-03T20:00:43.123+0000] {processor.py:183} INFO - Processing /home/airflow/.local/lib/python3.12/site-packages/airflow/example_dags/example_task_group.py took 0.024 seconds
[2025-11-03T20:01:13.852+0000] {processor.py:161} INFO - Started process (PID=232) to work on /home/airflow/.local/lib/python3.12/site-packages/airflow/example_dags/example_task_group.py
[2025-11-03T20:01:13.853+0000] {processor.py:830} INFO - Processing file /home/airflow/.local/lib/python3.12/site-packages/airflow/example_dags/example_task_group.py for tasks to queue
[2025-11-03T20:01:13.854+0000] {logging_mixin.py:188} INFO - [2025-11-03T20:01:13.853+0000] {dagbag.py:545} INFO - Filling up the DagBag from /home/airflow/.local/lib/python3.12/site-packages/airflow/example_dags/example_task_group.py
[2025-11-03T20:01:13.857+0000] {processor.py:840} INFO - DAG(s) 'example_task_group' retrieved from /home/airflow/.local/lib/python3.12/site-packages/airflow/example_dags/example_task_group.py
[2025-11-03T20:01:13.866+0000] {logging_mixin.py:188} INFO - [2025-11-03T20:01:13.866+0000] {dag.py:3096} INFO - Sync 1 DAGs
[2025-11-03T20:01:13.875+0000] {logging_mixin.py:188} INFO - [2025-11-03T20:01:13.875+0000] {dag.py:3954} INFO - Setting next_dagrun for example_task_group to 2025-11-02 00:00:00+00:00, run_after=2025-11-03 00:00:00+00:00
[2025-11-03T20:01:13.886+0000] {processor.py:183} INFO - Processing /home/airflow/.local/lib/python3.12/site-packages/airflow/example_dags/example_task_group.py took 0.036 seconds
[2025-11-03T20:01:44.419+0000] {processor.py:161} INFO - Started process (PID=292) to work on /home/airflow/.local/lib/python3.12/site-packages/airflow/example_dags/example_task_group.py
[2025-11-03T20:01:44.420+0000] {processor.py:830} INFO - Processing file /home/airflow/.local/lib/python3.12/site-packages/airflow/example_dags/example_task_group.py for tasks to queue
[2025-11-03T20:01:44.420+0000] {logging_mixin.py:188} INFO - [2025-11-03T20:01:44.420+0000] {dagbag.py:545} INFO - Filling up the DagBag from /home/airflow/.local/lib/python3.12/site-packages/airflow/example_dags/example_task_group.py
[2025-11-03T20:01:44.424+0000] {processor.py:840} INFO - DAG(s) 'example_task_group' retrieved from /home/airflow/.local/lib/python3.12/site-packages/airflow/example_dags/example_task_group.py
[2025-11-03T20:01:44.433+0000] {logging_mixin.py:188} INFO - [2025-11-03T20:01:44.433+0000] {dag.py:3096} INFO - Sync 1 DAGs
[2025-11-03T20:01:44.442+0000] {logging_mixin.py:188} INFO - [2025-11-03T20:01:44.442+0000] {dag.py:3954} INFO - Setting next_dagrun for example_task_group to 2025-11-02 00:00:00+00:00, run_after=2025-11-03 00:00:00+00:00
[2025-11-03T20:01:44.452+0000] {processor.py:183} INFO - Processing /home/airflow/.local/lib/python3.12/site-packages/airflow/example_dags/example_task_group.py took 0.035 seconds
[2025-11-03T20:02:15.028+0000] {processor.py:161} INFO - Started process (PID=352) to work on /home/airflow/.local/lib/python3.12/site-packages/airflow/example_dags/example_task_group.py
[2025-11-03T20:02:15.029+0000] {processor.py:830} INFO - Processing file /home/airflow/.local/lib/python3.12/site-packages/airflow/example_dags/example_task_group.py for tasks to queue
[2025-11-03T20:02:15.029+0000] {logging_mixin.py:188} INFO - [2025-11-03T20:02:15.029+0000] {dagbag.py:545} INFO - Filling up the DagBag from /home/airflow/.local/lib/python3.12/site-packages/airflow/example_dags/example_task_group.py
[2025-11-03T20:02:15.032+0000] {processor.py:840} INFO - DAG(s) 'example_task_group' retrieved from /home/airflow/.local/lib/python3.12/site-packages/airflow/example_dags/example_task_group.py
[2025-11-03T20:02:15.041+0000] {logging_mixin.py:188} INFO - [2025-11-03T20:02:15.041+0000] {dag.py:3096} INFO - Sync 1 DAGs
[2025-11-03T20:02:15.049+0000] {logging_mixin.py:188} INFO - [2025-11-03T20:02:15.048+0000] {dag.py:3954} INFO - Setting next_dagrun for example_task_group to 2025-11-02 00:00:00+00:00, run_after=2025-11-03 00:00:00+00:00
[2025-11-03T20:02:15.055+0000] {processor.py:183} INFO - Processing /home/airflow/.local/lib/python3.12/site-packages/airflow/example_dags/example_task_group.py took 0.029 seconds
[2025-11-03T20:02:45.636+0000] {processor.py:161} INFO - Started process (PID=412) to work on /home/airflow/.local/lib/python3.12/site-packages/airflow/example_dags/example_task_group.py
[2025-11-03T20:02:45.638+0000] {processor.py:830} INFO - Processing file /home/airflow/.local/lib/python3.12/site-packages/airflow/example_dags/example_task_group.py for tasks to queue
[2025-11-03T20:02:45.638+0000] {logging_mixin.py:188} INFO - [2025-11-03T20:02:45.638+0000] {dagbag.py:545} INFO - Filling up the DagBag from /home/airflow/.local/lib/python3.12/site-packages/airflow/example_dags/example_task_group.py
[2025-11-03T20:02:45.641+0000] {processor.py:840} INFO - DAG(s) 'example_task_group' retrieved from /home/airflow/.local/lib/python3.12/site-packages/airflow/example_dags/example_task_group.py
[2025-11-03T20:02:45.649+0000] {logging_mixin.py:188} INFO - [2025-11-03T20:02:45.649+0000] {dag.py:3096} INFO - Sync 1 DAGs
[2025-11-03T20:02:45.657+0000] {logging_mixin.py:188} INFO - [2025-11-03T20:02:45.657+0000] {dag.py:3954} INFO - Setting next_dagrun for example_task_group to 2025-11-02 00:00:00+00:00, run_after=2025-11-03 00:00:00+00:00
[2025-11-03T20:02:45.667+0000] {processor.py:183} INFO - Processing /home/airflow/.local/lib/python3.12/site-packages/airflow/example_dags/example_task_group.py took 0.032 seconds
[2025-11-03T20:03:16.369+0000] {processor.py:161} INFO - Started process (PID=472) to work on /home/airflow/.local/lib/python3.12/site-packages/airflow/example_dags/example_task_group.py
[2025-11-03T20:03:16.369+0000] {processor.py:830} INFO - Processing file /home/airflow/.local/lib/python3.12/site-packages/airflow/example_dags/example_task_group.py for tasks to queue
[2025-11-03T20:03:16.370+0000] {logging_mixin.py:188} INFO - [2025-11-03T20:03:16.370+0000] {dagbag.py:545} INFO - Filling up the DagBag from /home/airflow/.local/lib/python3.12/site-packages/airflow/example_dags/example_task_group.py
[2025-11-03T20:03:16.374+0000] {processor.py:840} INFO - DAG(s) 'example_task_group' retrieved from /home/airflow/.local/lib/python3.12/site-packages/airflow/example_dags/example_task_group.py
[2025-11-03T20:03:16.381+0000] {logging_mixin.py:188} INFO - [2025-11-03T20:03:16.381+0000] {dag.py:3096} INFO - Sync 1 DAGs
[2025-11-03T20:03:16.388+0000] {logging_mixin.py:188} INFO - [2025-11-03T20:03:16.388+0000] {dag.py:3954} INFO - Setting next_dagrun for example_task_group to 2025-11-02 00:00:00+00:00, run_after=2025-11-03 00:00:00+00:00
[2025-11-03T20:03:16.396+0000] {processor.py:183} INFO - Processing /home/airflow/.local/lib/python3.12/site-packages/airflow/example_dags/example_task_group.py took 0.029 seconds
[2025-11-03T20:03:47.091+0000] {processor.py:161} INFO - Started process (PID=532) to work on /home/airflow/.local/lib/python3.12/site-packages/airflow/example_dags/example_task_group.py
[2025-11-03T20:03:47.092+0000] {processor.py:830} INFO - Processing file /home/airflow/.local/lib/python3.12/site-packages/airflow/example_dags/example_task_group.py for tasks to queue
[2025-11-03T20:03:47.092+0000] {logging_mixin.py:188} INFO - [2025-11-03T20:03:47.092+0000] {dagbag.py:545} INFO - Filling up the DagBag from /home/airflow/.local/lib/python3.12/site-packages/airflow/example_dags/example_task_group.py
[2025-11-03T20:03:47.095+0000] {processor.py:840} INFO - DAG(s) 'example_task_group' retrieved from /home/airflow/.local/lib/python3.12/site-packages/airflow/example_dags/example_task_group.py
[2025-11-03T20:03:47.103+0000] {logging_mixin.py:188} INFO - [2025-11-03T20:03:47.103+0000] {dag.py:3096} INFO - Sync 1 DAGs
[2025-11-03T20:03:47.110+0000] {logging_mixin.py:188} INFO - [2025-11-03T20:03:47.110+0000] {dag.py:3954} INFO - Setting next_dagrun for example_task_group to 2025-11-02 00:00:00+00:00, run_after=2025-11-03 00:00:00+00:00
[2025-11-03T20:03:47.119+0000] {processor.py:183} INFO - Processing /home/airflow/.local/lib/python3.12/site-packages/airflow/example_dags/example_task_group.py took 0.031 seconds
[2025-11-03T20:04:17.690+0000] {processor.py:161} INFO - Started process (PID=592) to work on /home/airflow/.local/lib/python3.12/site-packages/airflow/example_dags/example_task_group.py
[2025-11-03T20:04:17.691+0000] {processor.py:830} INFO - Processing file /home/airflow/.local/lib/python3.12/site-packages/airflow/example_dags/example_task_group.py for tasks to queue
[2025-11-03T20:04:17.691+0000] {logging_mixin.py:188} INFO - [2025-11-03T20:04:17.691+0000] {dagbag.py:545} INFO - Filling up the DagBag from /home/airflow/.local/lib/python3.12/site-packages/airflow/example_dags/example_task_group.py
[2025-11-03T20:04:17.694+0000] {processor.py:840} INFO - DAG(s) 'example_task_group' retrieved from /home/airflow/.local/lib/python3.12/site-packages/airflow/example_dags/example_task_group.py
[2025-11-03T20:04:17.704+0000] {logging_mixin.py:188} INFO - [2025-11-03T20:04:17.704+0000] {dag.py:3096} INFO - Sync 1 DAGs
[2025-11-03T20:04:17.712+0000] {logging_mixin.py:188} INFO - [2025-11-03T20:04:17.712+0000] {dag.py:3954} INFO - Setting next_dagrun for example_task_group to 2025-11-02 00:00:00+00:00, run_after=2025-11-03 00:00:00+00:00
[2025-11-03T20:04:17.719+0000] {processor.py:183} INFO - Processing /home/airflow/.local/lib/python3.12/site-packages/airflow/example_dags/example_task_group.py took 0.031 seconds
[2025-11-03T20:04:48.578+0000] {processor.py:161} INFO - Started process (PID=652) to work on /home/airflow/.local/lib/python3.12/site-packages/airflow/example_dags/example_task_group.py
[2025-11-03T20:04:48.579+0000] {processor.py:830} INFO - Processing file /home/airflow/.local/lib/python3.12/site-packages/airflow/example_dags/example_task_group.py for tasks to queue
[2025-11-03T20:04:48.580+0000] {logging_mixin.py:188} INFO - [2025-11-03T20:04:48.580+0000] {dagbag.py:545} INFO - Filling up the DagBag from /home/airflow/.local/lib/python3.12/site-packages/airflow/example_dags/example_task_group.py
[2025-11-03T20:04:48.585+0000] {processor.py:840} INFO - DAG(s) 'example_task_group' retrieved from /home/airflow/.local/lib/python3.12/site-packages/airflow/example_dags/example_task_group.py
[2025-11-03T20:04:48.595+0000] {logging_mixin.py:188} INFO - [2025-11-03T20:04:48.595+0000] {dag.py:3096} INFO - Sync 1 DAGs
[2025-11-03T20:04:48.604+0000] {logging_mixin.py:188} INFO - [2025-11-03T20:04:48.604+0000] {dag.py:3954} INFO - Setting next_dagrun for example_task_group to 2025-11-02 00:00:00+00:00, run_after=2025-11-03 00:00:00+00:00
[2025-11-03T20:04:48.612+0000] {processor.py:183} INFO - Processing /home/airflow/.local/lib/python3.12/site-packages/airflow/example_dags/example_task_group.py took 0.037 seconds
[2025-11-03T20:05:19.405+0000] {processor.py:161} INFO - Started process (PID=712) to work on /home/airflow/.local/lib/python3.12/site-packages/airflow/example_dags/example_task_group.py
[2025-11-03T20:05:19.406+0000] {processor.py:830} INFO - Processing file /home/airflow/.local/lib/python3.12/site-packages/airflow/example_dags/example_task_group.py for tasks to queue
[2025-11-03T20:05:19.407+0000] {logging_mixin.py:188} INFO - [2025-11-03T20:05:19.407+0000] {dagbag.py:545} INFO - Filling up the DagBag from /home/airflow/.local/lib/python3.12/site-packages/airflow/example_dags/example_task_group.py
[2025-11-03T20:05:19.411+0000] {processor.py:840} INFO - DAG(s) 'example_task_group' retrieved from /home/airflow/.local/lib/python3.12/site-packages/airflow/example_dags/example_task_group.py
[2025-11-03T20:05:19.422+0000] {logging_mixin.py:188} INFO - [2025-11-03T20:05:19.422+0000] {dag.py:3096} INFO - Sync 1 DAGs
[2025-11-03T20:05:19.439+0000] {logging_mixin.py:188} INFO - [2025-11-03T20:05:19.439+0000] {dag.py:3954} INFO - Setting next_dagrun for example_task_group to 2025-11-02 00:00:00+00:00, run_after=2025-11-03 00:00:00+00:00
[2025-11-03T20:05:19.450+0000] {processor.py:183} INFO - Processing /home/airflow/.local/lib/python3.12/site-packages/airflow/example_dags/example_task_group.py took 0.047 seconds
[2025-11-03T20:05:50.135+0000] {processor.py:161} INFO - Started process (PID=772) to work on /home/airflow/.local/lib/python3.12/site-packages/airflow/example_dags/example_task_group.py
[2025-11-03T20:05:50.135+0000] {processor.py:830} INFO - Processing file /home/airflow/.local/lib/python3.12/site-packages/airflow/example_dags/example_task_group.py for tasks to queue
[2025-11-03T20:05:50.135+0000] {logging_mixin.py:188} INFO - [2025-11-03T20:05:50.135+0000] {dagbag.py:545} INFO - Filling up the DagBag from /home/airflow/.local/lib/python3.12/site-packages/airflow/example_dags/example_task_group.py
[2025-11-03T20:05:50.141+0000] {processor.py:840} INFO - DAG(s) 'example_task_group' retrieved from /home/airflow/.local/lib/python3.12/site-packages/airflow/example_dags/example_task_group.py
[2025-11-03T20:05:50.150+0000] {logging_mixin.py:188} INFO - [2025-11-03T20:05:50.149+0000] {dag.py:3096} INFO - Sync 1 DAGs
[2025-11-03T20:05:50.157+0000] {logging_mixin.py:188} INFO - [2025-11-03T20:05:50.157+0000] {dag.py:3954} INFO - Setting next_dagrun for example_task_group to 2025-11-02 00:00:00+00:00, run_after=2025-11-03 00:00:00+00:00
[2025-11-03T20:05:50.164+0000] {processor.py:183} INFO - Processing /home/airflow/.local/lib/python3.12/site-packages/airflow/example_dags/example_task_group.py took 0.031 seconds
[2025-11-03T20:06:20.607+0000] {processor.py:161} INFO - Started process (PID=832) to work on /home/airflow/.local/lib/python3.12/site-packages/airflow/example_dags/example_task_group.py
[2025-11-03T20:06:20.608+0000] {processor.py:830} INFO - Processing file /home/airflow/.local/lib/python3.12/site-packages/airflow/example_dags/example_task_group.py for tasks to queue
[2025-11-03T20:06:20.608+0000] {logging_mixin.py:188} INFO - [2025-11-03T20:06:20.608+0000] {dagbag.py:545} INFO - Filling up the DagBag from /home/airflow/.local/lib/python3.12/site-packages/airflow/example_dags/example_task_group.py
[2025-11-03T20:06:20.611+0000] {processor.py:840} INFO - DAG(s) 'example_task_group' retrieved from /home/airflow/.local/lib/python3.12/site-packages/airflow/example_dags/example_task_group.py
[2025-11-03T20:06:20.620+0000] {logging_mixin.py:188} INFO - [2025-11-03T20:06:20.620+0000] {dag.py:3096} INFO - Sync 1 DAGs
[2025-11-03T20:06:20.630+0000] {logging_mixin.py:188} INFO - [2025-11-03T20:06:20.630+0000] {dag.py:3954} INFO - Setting next_dagrun for example_task_group to 2025-11-02 00:00:00+00:00, run_after=2025-11-03 00:00:00+00:00
[2025-11-03T20:06:20.639+0000] {processor.py:183} INFO - Processing /home/airflow/.local/lib/python3.12/site-packages/airflow/example_dags/example_task_group.py took 0.035 seconds
[2025-11-03T20:06:51.174+0000] {processor.py:161} INFO - Started process (PID=892) to work on /home/airflow/.local/lib/python3.12/site-packages/airflow/example_dags/example_task_group.py
[2025-11-03T20:06:51.175+0000] {processor.py:830} INFO - Processing file /home/airflow/.local/lib/python3.12/site-packages/airflow/example_dags/example_task_group.py for tasks to queue
[2025-11-03T20:06:51.175+0000] {logging_mixin.py:188} INFO - [2025-11-03T20:06:51.175+0000] {dagbag.py:545} INFO - Filling up the DagBag from /home/airflow/.local/lib/python3.12/site-packages/airflow/example_dags/example_task_group.py
[2025-11-03T20:06:51.179+0000] {processor.py:840} INFO - DAG(s) 'example_task_group' retrieved from /home/airflow/.local/lib/python3.12/site-packages/airflow/example_dags/example_task_group.py
[2025-11-03T20:06:51.187+0000] {logging_mixin.py:188} INFO - [2025-11-03T20:06:51.187+0000] {dag.py:3096} INFO - Sync 1 DAGs
[2025-11-03T20:06:51.197+0000] {logging_mixin.py:188} INFO - [2025-11-03T20:06:51.197+0000] {dag.py:3954} INFO - Setting next_dagrun for example_task_group to 2025-11-02 00:00:00+00:00, run_after=2025-11-03 00:00:00+00:00
[2025-11-03T20:06:51.211+0000] {processor.py:183} INFO - Processing /home/airflow/.local/lib/python3.12/site-packages/airflow/example_dags/example_task_group.py took 0.040 seconds
[2025-11-03T20:07:21.755+0000] {processor.py:161} INFO - Started process (PID=952) to work on /home/airflow/.local/lib/python3.12/site-packages/airflow/example_dags/example_task_group.py
[2025-11-03T20:07:21.755+0000] {processor.py:830} INFO - Processing file /home/airflow/.local/lib/python3.12/site-packages/airflow/example_dags/example_task_group.py for tasks to queue
[2025-11-03T20:07:21.755+0000] {logging_mixin.py:188} INFO - [2025-11-03T20:07:21.755+0000] {dagbag.py:545} INFO - Filling up the DagBag from /home/airflow/.local/lib/python3.12/site-packages/airflow/example_dags/example_task_group.py
[2025-11-03T20:07:21.759+0000] {processor.py:840} INFO - DAG(s) 'example_task_group' retrieved from /home/airflow/.local/lib/python3.12/site-packages/airflow/example_dags/example_task_group.py
[2025-11-03T20:07:21.771+0000] {logging_mixin.py:188} INFO - [2025-11-03T20:07:21.771+0000] {dag.py:3096} INFO - Sync 1 DAGs
[2025-11-03T20:07:21.779+0000] {logging_mixin.py:188} INFO - [2025-11-03T20:07:21.779+0000] {dag.py:3954} INFO - Setting next_dagrun for example_task_group to 2025-11-02 00:00:00+00:00, run_after=2025-11-03 00:00:00+00:00
[2025-11-03T20:07:21.787+0000] {processor.py:183} INFO - Processing /home/airflow/.local/lib/python3.12/site-packages/airflow/example_dags/example_task_group.py took 0.034 seconds
[2025-11-03T20:07:52.446+0000] {processor.py:161} INFO - Started process (PID=1012) to work on /home/airflow/.local/lib/python3.12/site-packages/airflow/example_dags/example_task_group.py
[2025-11-03T20:07:52.447+0000] {processor.py:830} INFO - Processing file /home/airflow/.local/lib/python3.12/site-packages/airflow/example_dags/example_task_group.py for tasks to queue
[2025-11-03T20:07:52.448+0000] {logging_mixin.py:188} INFO - [2025-11-03T20:07:52.448+0000] {dagbag.py:545} INFO - Filling up the DagBag from /home/airflow/.local/lib/python3.12/site-packages/airflow/example_dags/example_task_group.py
[2025-11-03T20:07:52.453+0000] {processor.py:840} INFO - DAG(s) 'example_task_group' retrieved from /home/airflow/.local/lib/python3.12/site-packages/airflow/example_dags/example_task_group.py
[2025-11-03T20:07:52.463+0000] {logging_mixin.py:188} INFO - [2025-11-03T20:07:52.463+0000] {dag.py:3096} INFO - Sync 1 DAGs
[2025-11-03T20:07:52.470+0000] {logging_mixin.py:188} INFO - [2025-11-03T20:07:52.470+0000] {dag.py:3954} INFO - Setting next_dagrun for example_task_group to 2025-11-02 00:00:00+00:00, run_after=2025-11-03 00:00:00+00:00
[2025-11-03T20:07:52.487+0000] {processor.py:183} INFO - Processing /home/airflow/.local/lib/python3.12/site-packages/airflow/example_dags/example_task_group.py took 0.044 seconds
[2025-11-03T20:08:23.115+0000] {processor.py:161} INFO - Started process (PID=1072) to work on /home/airflow/.local/lib/python3.12/site-packages/airflow/example_dags/example_task_group.py
[2025-11-03T20:08:23.115+0000] {processor.py:830} INFO - Processing file /home/airflow/.local/lib/python3.12/site-packages/airflow/example_dags/example_task_group.py for tasks to queue
[2025-11-03T20:08:23.115+0000] {logging_mixin.py:188} INFO - [2025-11-03T20:08:23.115+0000] {dagbag.py:545} INFO - Filling up the DagBag from /home/airflow/.local/lib/python3.12/site-packages/airflow/example_dags/example_task_group.py
[2025-11-03T20:08:23.118+0000] {processor.py:840} INFO - DAG(s) 'example_task_group' retrieved from /home/airflow/.local/lib/python3.12/site-packages/airflow/example_dags/example_task_group.py
[2025-11-03T20:08:23.128+0000] {logging_mixin.py:188} INFO - [2025-11-03T20:08:23.128+0000] {dag.py:3096} INFO - Sync 1 DAGs
[2025-11-03T20:08:23.136+0000] {logging_mixin.py:188} INFO - [2025-11-03T20:08:23.136+0000] {dag.py:3954} INFO - Setting next_dagrun for example_task_group to 2025-11-02 00:00:00+00:00, run_after=2025-11-03 00:00:00+00:00
[2025-11-03T20:08:23.143+0000] {processor.py:183} INFO - Processing /home/airflow/.local/lib/python3.12/site-packages/airflow/example_dags/example_task_group.py took 0.031 seconds
