[2025-11-03T19:59:42.591+0000] {processor.py:161} INFO - Started process (PID=43) to work on /home/airflow/.local/lib/python3.12/site-packages/airflow/example_dags/example_sensor_decorator.py
[2025-11-03T19:59:42.592+0000] {processor.py:830} INFO - Processing file /home/airflow/.local/lib/python3.12/site-packages/airflow/example_dags/example_sensor_decorator.py for tasks to queue
[2025-11-03T19:59:42.593+0000] {logging_mixin.py:188} INFO - [2025-11-03T19:59:42.593+0000] {dagbag.py:545} INFO - Filling up the DagBag from /home/airflow/.local/lib/python3.12/site-packages/airflow/example_dags/example_sensor_decorator.py
[2025-11-03T19:59:42.601+0000] {processor.py:840} INFO - DAG(s) 'example_sensor_decorator' retrieved from /home/airflow/.local/lib/python3.12/site-packages/airflow/example_dags/example_sensor_decorator.py
[2025-11-03T19:59:42.611+0000] {logging_mixin.py:188} INFO - [2025-11-03T19:59:42.611+0000] {dag.py:3096} INFO - Sync 1 DAGs
[2025-11-03T19:59:42.619+0000] {logging_mixin.py:188} INFO - [2025-11-03T19:59:42.619+0000] {dag.py:3954} INFO - Setting next_dagrun for example_sensor_decorator to None, run_after=None
[2025-11-03T19:59:42.631+0000] {processor.py:183} INFO - Processing /home/airflow/.local/lib/python3.12/site-packages/airflow/example_dags/example_sensor_decorator.py took 0.042 seconds
[2025-11-03T20:00:12.746+0000] {processor.py:161} INFO - Started process (PID=101) to work on /home/airflow/.local/lib/python3.12/site-packages/airflow/example_dags/example_sensor_decorator.py
[2025-11-03T20:00:12.747+0000] {processor.py:830} INFO - Processing file /home/airflow/.local/lib/python3.12/site-packages/airflow/example_dags/example_sensor_decorator.py for tasks to queue
[2025-11-03T20:00:12.748+0000] {logging_mixin.py:188} INFO - [2025-11-03T20:00:12.748+0000] {dagbag.py:545} INFO - Filling up the DagBag from /home/airflow/.local/lib/python3.12/site-packages/airflow/example_dags/example_sensor_decorator.py
[2025-11-03T20:00:12.753+0000] {processor.py:840} INFO - DAG(s) 'example_sensor_decorator' retrieved from /home/airflow/.local/lib/python3.12/site-packages/airflow/example_dags/example_sensor_decorator.py
[2025-11-03T20:00:12.791+0000] {logging_mixin.py:188} INFO - [2025-11-03T20:00:12.791+0000] {dag.py:3096} INFO - Sync 1 DAGs
[2025-11-03T20:00:12.794+0000] {logging_mixin.py:188} INFO - [2025-11-03T20:00:12.794+0000] {dag.py:3954} INFO - Setting next_dagrun for example_sensor_decorator to None, run_after=None
[2025-11-03T20:00:12.803+0000] {processor.py:183} INFO - Processing /home/airflow/.local/lib/python3.12/site-packages/airflow/example_dags/example_sensor_decorator.py took 0.059 seconds
[2025-11-03T20:00:42.973+0000] {processor.py:161} INFO - Started process (PID=161) to work on /home/airflow/.local/lib/python3.12/site-packages/airflow/example_dags/example_sensor_decorator.py
[2025-11-03T20:00:42.974+0000] {processor.py:830} INFO - Processing file /home/airflow/.local/lib/python3.12/site-packages/airflow/example_dags/example_sensor_decorator.py for tasks to queue
[2025-11-03T20:00:42.974+0000] {logging_mixin.py:188} INFO - [2025-11-03T20:00:42.974+0000] {dagbag.py:545} INFO - Filling up the DagBag from /home/airflow/.local/lib/python3.12/site-packages/airflow/example_dags/example_sensor_decorator.py
[2025-11-03T20:00:42.977+0000] {processor.py:840} INFO - DAG(s) 'example_sensor_decorator' retrieved from /home/airflow/.local/lib/python3.12/site-packages/airflow/example_dags/example_sensor_decorator.py
[2025-11-03T20:00:42.989+0000] {logging_mixin.py:188} INFO - [2025-11-03T20:00:42.989+0000] {dag.py:3096} INFO - Sync 1 DAGs
[2025-11-03T20:00:42.998+0000] {logging_mixin.py:188} INFO - [2025-11-03T20:00:42.998+0000] {dag.py:3954} INFO - Setting next_dagrun for example_sensor_decorator to None, run_after=None
[2025-11-03T20:00:43.007+0000] {processor.py:183} INFO - Processing /home/airflow/.local/lib/python3.12/site-packages/airflow/example_dags/example_sensor_decorator.py took 0.037 seconds
[2025-11-03T20:01:13.731+0000] {processor.py:161} INFO - Started process (PID=221) to work on /home/airflow/.local/lib/python3.12/site-packages/airflow/example_dags/example_sensor_decorator.py
[2025-11-03T20:01:13.732+0000] {processor.py:830} INFO - Processing file /home/airflow/.local/lib/python3.12/site-packages/airflow/example_dags/example_sensor_decorator.py for tasks to queue
[2025-11-03T20:01:13.732+0000] {logging_mixin.py:188} INFO - [2025-11-03T20:01:13.732+0000] {dagbag.py:545} INFO - Filling up the DagBag from /home/airflow/.local/lib/python3.12/site-packages/airflow/example_dags/example_sensor_decorator.py
[2025-11-03T20:01:13.736+0000] {processor.py:840} INFO - DAG(s) 'example_sensor_decorator' retrieved from /home/airflow/.local/lib/python3.12/site-packages/airflow/example_dags/example_sensor_decorator.py
[2025-11-03T20:01:13.748+0000] {logging_mixin.py:188} INFO - [2025-11-03T20:01:13.748+0000] {dag.py:3096} INFO - Sync 1 DAGs
[2025-11-03T20:01:13.752+0000] {logging_mixin.py:188} INFO - [2025-11-03T20:01:13.752+0000] {dag.py:3954} INFO - Setting next_dagrun for example_sensor_decorator to None, run_after=None
[2025-11-03T20:01:13.762+0000] {processor.py:183} INFO - Processing /home/airflow/.local/lib/python3.12/site-packages/airflow/example_dags/example_sensor_decorator.py took 0.034 seconds
[2025-11-03T20:01:44.296+0000] {processor.py:161} INFO - Started process (PID=287) to work on /home/airflow/.local/lib/python3.12/site-packages/airflow/example_dags/example_sensor_decorator.py
[2025-11-03T20:01:44.299+0000] {processor.py:830} INFO - Processing file /home/airflow/.local/lib/python3.12/site-packages/airflow/example_dags/example_sensor_decorator.py for tasks to queue
[2025-11-03T20:01:44.300+0000] {logging_mixin.py:188} INFO - [2025-11-03T20:01:44.300+0000] {dagbag.py:545} INFO - Filling up the DagBag from /home/airflow/.local/lib/python3.12/site-packages/airflow/example_dags/example_sensor_decorator.py
[2025-11-03T20:01:44.303+0000] {processor.py:840} INFO - DAG(s) 'example_sensor_decorator' retrieved from /home/airflow/.local/lib/python3.12/site-packages/airflow/example_dags/example_sensor_decorator.py
[2025-11-03T20:01:44.313+0000] {logging_mixin.py:188} INFO - [2025-11-03T20:01:44.313+0000] {dag.py:3096} INFO - Sync 1 DAGs
[2025-11-03T20:01:44.317+0000] {logging_mixin.py:188} INFO - [2025-11-03T20:01:44.317+0000] {dag.py:3954} INFO - Setting next_dagrun for example_sensor_decorator to None, run_after=None
[2025-11-03T20:01:44.327+0000] {processor.py:183} INFO - Processing /home/airflow/.local/lib/python3.12/site-packages/airflow/example_dags/example_sensor_decorator.py took 0.033 seconds
[2025-11-03T20:02:14.889+0000] {processor.py:161} INFO - Started process (PID=347) to work on /home/airflow/.local/lib/python3.12/site-packages/airflow/example_dags/example_sensor_decorator.py
[2025-11-03T20:02:14.889+0000] {processor.py:830} INFO - Processing file /home/airflow/.local/lib/python3.12/site-packages/airflow/example_dags/example_sensor_decorator.py for tasks to queue
[2025-11-03T20:02:14.889+0000] {logging_mixin.py:188} INFO - [2025-11-03T20:02:14.889+0000] {dagbag.py:545} INFO - Filling up the DagBag from /home/airflow/.local/lib/python3.12/site-packages/airflow/example_dags/example_sensor_decorator.py
[2025-11-03T20:02:14.892+0000] {processor.py:840} INFO - DAG(s) 'example_sensor_decorator' retrieved from /home/airflow/.local/lib/python3.12/site-packages/airflow/example_dags/example_sensor_decorator.py
[2025-11-03T20:02:14.900+0000] {logging_mixin.py:188} INFO - [2025-11-03T20:02:14.899+0000] {dag.py:3096} INFO - Sync 1 DAGs
[2025-11-03T20:02:14.904+0000] {logging_mixin.py:188} INFO - [2025-11-03T20:02:14.904+0000] {dag.py:3954} INFO - Setting next_dagrun for example_sensor_decorator to None, run_after=None
[2025-11-03T20:02:14.910+0000] {processor.py:183} INFO - Processing /home/airflow/.local/lib/python3.12/site-packages/airflow/example_dags/example_sensor_decorator.py took 0.024 seconds
[2025-11-03T20:02:45.531+0000] {processor.py:161} INFO - Started process (PID=407) to work on /home/airflow/.local/lib/python3.12/site-packages/airflow/example_dags/example_sensor_decorator.py
[2025-11-03T20:02:45.531+0000] {processor.py:830} INFO - Processing file /home/airflow/.local/lib/python3.12/site-packages/airflow/example_dags/example_sensor_decorator.py for tasks to queue
[2025-11-03T20:02:45.531+0000] {logging_mixin.py:188} INFO - [2025-11-03T20:02:45.531+0000] {dagbag.py:545} INFO - Filling up the DagBag from /home/airflow/.local/lib/python3.12/site-packages/airflow/example_dags/example_sensor_decorator.py
[2025-11-03T20:02:45.533+0000] {processor.py:840} INFO - DAG(s) 'example_sensor_decorator' retrieved from /home/airflow/.local/lib/python3.12/site-packages/airflow/example_dags/example_sensor_decorator.py
[2025-11-03T20:02:45.541+0000] {logging_mixin.py:188} INFO - [2025-11-03T20:02:45.540+0000] {dag.py:3096} INFO - Sync 1 DAGs
[2025-11-03T20:02:45.544+0000] {logging_mixin.py:188} INFO - [2025-11-03T20:02:45.544+0000] {dag.py:3954} INFO - Setting next_dagrun for example_sensor_decorator to None, run_after=None
[2025-11-03T20:02:45.550+0000] {processor.py:183} INFO - Processing /home/airflow/.local/lib/python3.12/site-packages/airflow/example_dags/example_sensor_decorator.py took 0.021 seconds
[2025-11-03T20:03:16.261+0000] {processor.py:161} INFO - Started process (PID=467) to work on /home/airflow/.local/lib/python3.12/site-packages/airflow/example_dags/example_sensor_decorator.py
[2025-11-03T20:03:16.261+0000] {processor.py:830} INFO - Processing file /home/airflow/.local/lib/python3.12/site-packages/airflow/example_dags/example_sensor_decorator.py for tasks to queue
[2025-11-03T20:03:16.262+0000] {logging_mixin.py:188} INFO - [2025-11-03T20:03:16.262+0000] {dagbag.py:545} INFO - Filling up the DagBag from /home/airflow/.local/lib/python3.12/site-packages/airflow/example_dags/example_sensor_decorator.py
[2025-11-03T20:03:16.264+0000] {processor.py:840} INFO - DAG(s) 'example_sensor_decorator' retrieved from /home/airflow/.local/lib/python3.12/site-packages/airflow/example_dags/example_sensor_decorator.py
[2025-11-03T20:03:16.273+0000] {logging_mixin.py:188} INFO - [2025-11-03T20:03:16.273+0000] {dag.py:3096} INFO - Sync 1 DAGs
[2025-11-03T20:03:16.278+0000] {logging_mixin.py:188} INFO - [2025-11-03T20:03:16.278+0000] {dag.py:3954} INFO - Setting next_dagrun for example_sensor_decorator to None, run_after=None
[2025-11-03T20:03:16.284+0000] {processor.py:183} INFO - Processing /home/airflow/.local/lib/python3.12/site-packages/airflow/example_dags/example_sensor_decorator.py took 0.026 seconds
[2025-11-03T20:03:46.997+0000] {processor.py:161} INFO - Started process (PID=527) to work on /home/airflow/.local/lib/python3.12/site-packages/airflow/example_dags/example_sensor_decorator.py
[2025-11-03T20:03:46.998+0000] {processor.py:830} INFO - Processing file /home/airflow/.local/lib/python3.12/site-packages/airflow/example_dags/example_sensor_decorator.py for tasks to queue
[2025-11-03T20:03:46.998+0000] {logging_mixin.py:188} INFO - [2025-11-03T20:03:46.998+0000] {dagbag.py:545} INFO - Filling up the DagBag from /home/airflow/.local/lib/python3.12/site-packages/airflow/example_dags/example_sensor_decorator.py
[2025-11-03T20:03:47.002+0000] {processor.py:840} INFO - DAG(s) 'example_sensor_decorator' retrieved from /home/airflow/.local/lib/python3.12/site-packages/airflow/example_dags/example_sensor_decorator.py
[2025-11-03T20:03:47.015+0000] {logging_mixin.py:188} INFO - [2025-11-03T20:03:47.014+0000] {dag.py:3096} INFO - Sync 1 DAGs
[2025-11-03T20:03:47.019+0000] {logging_mixin.py:188} INFO - [2025-11-03T20:03:47.019+0000] {dag.py:3954} INFO - Setting next_dagrun for example_sensor_decorator to None, run_after=None
[2025-11-03T20:03:47.029+0000] {processor.py:183} INFO - Processing /home/airflow/.local/lib/python3.12/site-packages/airflow/example_dags/example_sensor_decorator.py took 0.034 seconds
[2025-11-03T20:04:17.574+0000] {processor.py:161} INFO - Started process (PID=587) to work on /home/airflow/.local/lib/python3.12/site-packages/airflow/example_dags/example_sensor_decorator.py
[2025-11-03T20:04:17.575+0000] {processor.py:830} INFO - Processing file /home/airflow/.local/lib/python3.12/site-packages/airflow/example_dags/example_sensor_decorator.py for tasks to queue
[2025-11-03T20:04:17.577+0000] {logging_mixin.py:188} INFO - [2025-11-03T20:04:17.577+0000] {dagbag.py:545} INFO - Filling up the DagBag from /home/airflow/.local/lib/python3.12/site-packages/airflow/example_dags/example_sensor_decorator.py
[2025-11-03T20:04:17.580+0000] {processor.py:840} INFO - DAG(s) 'example_sensor_decorator' retrieved from /home/airflow/.local/lib/python3.12/site-packages/airflow/example_dags/example_sensor_decorator.py
[2025-11-03T20:04:17.590+0000] {logging_mixin.py:188} INFO - [2025-11-03T20:04:17.590+0000] {dag.py:3096} INFO - Sync 1 DAGs
[2025-11-03T20:04:17.595+0000] {logging_mixin.py:188} INFO - [2025-11-03T20:04:17.595+0000] {dag.py:3954} INFO - Setting next_dagrun for example_sensor_decorator to None, run_after=None
[2025-11-03T20:04:17.603+0000] {processor.py:183} INFO - Processing /home/airflow/.local/lib/python3.12/site-packages/airflow/example_dags/example_sensor_decorator.py took 0.032 seconds
[2025-11-03T20:04:48.454+0000] {processor.py:161} INFO - Started process (PID=647) to work on /home/airflow/.local/lib/python3.12/site-packages/airflow/example_dags/example_sensor_decorator.py
[2025-11-03T20:04:48.455+0000] {processor.py:830} INFO - Processing file /home/airflow/.local/lib/python3.12/site-packages/airflow/example_dags/example_sensor_decorator.py for tasks to queue
[2025-11-03T20:04:48.455+0000] {logging_mixin.py:188} INFO - [2025-11-03T20:04:48.455+0000] {dagbag.py:545} INFO - Filling up the DagBag from /home/airflow/.local/lib/python3.12/site-packages/airflow/example_dags/example_sensor_decorator.py
[2025-11-03T20:04:48.458+0000] {processor.py:840} INFO - DAG(s) 'example_sensor_decorator' retrieved from /home/airflow/.local/lib/python3.12/site-packages/airflow/example_dags/example_sensor_decorator.py
[2025-11-03T20:04:48.466+0000] {logging_mixin.py:188} INFO - [2025-11-03T20:04:48.466+0000] {dag.py:3096} INFO - Sync 1 DAGs
[2025-11-03T20:04:48.471+0000] {logging_mixin.py:188} INFO - [2025-11-03T20:04:48.471+0000] {dag.py:3954} INFO - Setting next_dagrun for example_sensor_decorator to None, run_after=None
[2025-11-03T20:04:48.477+0000] {processor.py:183} INFO - Processing /home/airflow/.local/lib/python3.12/site-packages/airflow/example_dags/example_sensor_decorator.py took 0.026 seconds
[2025-11-03T20:05:19.269+0000] {processor.py:161} INFO - Started process (PID=707) to work on /home/airflow/.local/lib/python3.12/site-packages/airflow/example_dags/example_sensor_decorator.py
[2025-11-03T20:05:19.270+0000] {processor.py:830} INFO - Processing file /home/airflow/.local/lib/python3.12/site-packages/airflow/example_dags/example_sensor_decorator.py for tasks to queue
[2025-11-03T20:05:19.271+0000] {logging_mixin.py:188} INFO - [2025-11-03T20:05:19.270+0000] {dagbag.py:545} INFO - Filling up the DagBag from /home/airflow/.local/lib/python3.12/site-packages/airflow/example_dags/example_sensor_decorator.py
[2025-11-03T20:05:19.274+0000] {processor.py:840} INFO - DAG(s) 'example_sensor_decorator' retrieved from /home/airflow/.local/lib/python3.12/site-packages/airflow/example_dags/example_sensor_decorator.py
[2025-11-03T20:05:19.284+0000] {logging_mixin.py:188} INFO - [2025-11-03T20:05:19.284+0000] {dag.py:3096} INFO - Sync 1 DAGs
[2025-11-03T20:05:19.289+0000] {logging_mixin.py:188} INFO - [2025-11-03T20:05:19.289+0000] {dag.py:3954} INFO - Setting next_dagrun for example_sensor_decorator to None, run_after=None
[2025-11-03T20:05:19.295+0000] {processor.py:183} INFO - Processing /home/airflow/.local/lib/python3.12/site-packages/airflow/example_dags/example_sensor_decorator.py took 0.030 seconds
[2025-11-03T20:05:50.029+0000] {processor.py:161} INFO - Started process (PID=767) to work on /home/airflow/.local/lib/python3.12/site-packages/airflow/example_dags/example_sensor_decorator.py
[2025-11-03T20:05:50.030+0000] {processor.py:830} INFO - Processing file /home/airflow/.local/lib/python3.12/site-packages/airflow/example_dags/example_sensor_decorator.py for tasks to queue
[2025-11-03T20:05:50.033+0000] {logging_mixin.py:188} INFO - [2025-11-03T20:05:50.032+0000] {dagbag.py:545} INFO - Filling up the DagBag from /home/airflow/.local/lib/python3.12/site-packages/airflow/example_dags/example_sensor_decorator.py
[2025-11-03T20:05:50.035+0000] {processor.py:840} INFO - DAG(s) 'example_sensor_decorator' retrieved from /home/airflow/.local/lib/python3.12/site-packages/airflow/example_dags/example_sensor_decorator.py
[2025-11-03T20:05:50.043+0000] {logging_mixin.py:188} INFO - [2025-11-03T20:05:50.043+0000] {dag.py:3096} INFO - Sync 1 DAGs
[2025-11-03T20:05:50.049+0000] {logging_mixin.py:188} INFO - [2025-11-03T20:05:50.049+0000] {dag.py:3954} INFO - Setting next_dagrun for example_sensor_decorator to None, run_after=None
[2025-11-03T20:05:50.057+0000] {processor.py:183} INFO - Processing /home/airflow/.local/lib/python3.12/site-packages/airflow/example_dags/example_sensor_decorator.py took 0.030 seconds
[2025-11-03T20:06:20.482+0000] {processor.py:161} INFO - Started process (PID=827) to work on /home/airflow/.local/lib/python3.12/site-packages/airflow/example_dags/example_sensor_decorator.py
[2025-11-03T20:06:20.482+0000] {processor.py:830} INFO - Processing file /home/airflow/.local/lib/python3.12/site-packages/airflow/example_dags/example_sensor_decorator.py for tasks to queue
[2025-11-03T20:06:20.486+0000] {logging_mixin.py:188} INFO - [2025-11-03T20:06:20.486+0000] {dagbag.py:545} INFO - Filling up the DagBag from /home/airflow/.local/lib/python3.12/site-packages/airflow/example_dags/example_sensor_decorator.py
[2025-11-03T20:06:20.489+0000] {processor.py:840} INFO - DAG(s) 'example_sensor_decorator' retrieved from /home/airflow/.local/lib/python3.12/site-packages/airflow/example_dags/example_sensor_decorator.py
[2025-11-03T20:06:20.501+0000] {logging_mixin.py:188} INFO - [2025-11-03T20:06:20.501+0000] {dag.py:3096} INFO - Sync 1 DAGs
[2025-11-03T20:06:20.507+0000] {logging_mixin.py:188} INFO - [2025-11-03T20:06:20.507+0000] {dag.py:3954} INFO - Setting next_dagrun for example_sensor_decorator to None, run_after=None
[2025-11-03T20:06:20.516+0000] {processor.py:183} INFO - Processing /home/airflow/.local/lib/python3.12/site-packages/airflow/example_dags/example_sensor_decorator.py took 0.037 seconds
[2025-11-03T20:06:51.061+0000] {processor.py:161} INFO - Started process (PID=887) to work on /home/airflow/.local/lib/python3.12/site-packages/airflow/example_dags/example_sensor_decorator.py
[2025-11-03T20:06:51.062+0000] {processor.py:830} INFO - Processing file /home/airflow/.local/lib/python3.12/site-packages/airflow/example_dags/example_sensor_decorator.py for tasks to queue
[2025-11-03T20:06:51.062+0000] {logging_mixin.py:188} INFO - [2025-11-03T20:06:51.062+0000] {dagbag.py:545} INFO - Filling up the DagBag from /home/airflow/.local/lib/python3.12/site-packages/airflow/example_dags/example_sensor_decorator.py
[2025-11-03T20:06:51.064+0000] {processor.py:840} INFO - DAG(s) 'example_sensor_decorator' retrieved from /home/airflow/.local/lib/python3.12/site-packages/airflow/example_dags/example_sensor_decorator.py
[2025-11-03T20:06:51.074+0000] {logging_mixin.py:188} INFO - [2025-11-03T20:06:51.074+0000] {dag.py:3096} INFO - Sync 1 DAGs
[2025-11-03T20:06:51.079+0000] {logging_mixin.py:188} INFO - [2025-11-03T20:06:51.079+0000] {dag.py:3954} INFO - Setting next_dagrun for example_sensor_decorator to None, run_after=None
[2025-11-03T20:06:51.089+0000] {processor.py:183} INFO - Processing /home/airflow/.local/lib/python3.12/site-packages/airflow/example_dags/example_sensor_decorator.py took 0.030 seconds
[2025-11-03T20:07:21.666+0000] {processor.py:161} INFO - Started process (PID=947) to work on /home/airflow/.local/lib/python3.12/site-packages/airflow/example_dags/example_sensor_decorator.py
[2025-11-03T20:07:21.667+0000] {processor.py:830} INFO - Processing file /home/airflow/.local/lib/python3.12/site-packages/airflow/example_dags/example_sensor_decorator.py for tasks to queue
[2025-11-03T20:07:21.668+0000] {logging_mixin.py:188} INFO - [2025-11-03T20:07:21.668+0000] {dagbag.py:545} INFO - Filling up the DagBag from /home/airflow/.local/lib/python3.12/site-packages/airflow/example_dags/example_sensor_decorator.py
[2025-11-03T20:07:21.670+0000] {processor.py:840} INFO - DAG(s) 'example_sensor_decorator' retrieved from /home/airflow/.local/lib/python3.12/site-packages/airflow/example_dags/example_sensor_decorator.py
[2025-11-03T20:07:21.682+0000] {logging_mixin.py:188} INFO - [2025-11-03T20:07:21.682+0000] {dag.py:3096} INFO - Sync 1 DAGs
[2025-11-03T20:07:21.688+0000] {logging_mixin.py:188} INFO - [2025-11-03T20:07:21.688+0000] {dag.py:3954} INFO - Setting next_dagrun for example_sensor_decorator to None, run_after=None
[2025-11-03T20:07:21.702+0000] {processor.py:183} INFO - Processing /home/airflow/.local/lib/python3.12/site-packages/airflow/example_dags/example_sensor_decorator.py took 0.038 seconds
[2025-11-03T20:07:52.337+0000] {processor.py:161} INFO - Started process (PID=1007) to work on /home/airflow/.local/lib/python3.12/site-packages/airflow/example_dags/example_sensor_decorator.py
[2025-11-03T20:07:52.338+0000] {processor.py:830} INFO - Processing file /home/airflow/.local/lib/python3.12/site-packages/airflow/example_dags/example_sensor_decorator.py for tasks to queue
[2025-11-03T20:07:52.338+0000] {logging_mixin.py:188} INFO - [2025-11-03T20:07:52.338+0000] {dagbag.py:545} INFO - Filling up the DagBag from /home/airflow/.local/lib/python3.12/site-packages/airflow/example_dags/example_sensor_decorator.py
[2025-11-03T20:07:52.340+0000] {processor.py:840} INFO - DAG(s) 'example_sensor_decorator' retrieved from /home/airflow/.local/lib/python3.12/site-packages/airflow/example_dags/example_sensor_decorator.py
[2025-11-03T20:07:52.352+0000] {logging_mixin.py:188} INFO - [2025-11-03T20:07:52.352+0000] {dag.py:3096} INFO - Sync 1 DAGs
[2025-11-03T20:07:52.357+0000] {logging_mixin.py:188} INFO - [2025-11-03T20:07:52.357+0000] {dag.py:3954} INFO - Setting next_dagrun for example_sensor_decorator to None, run_after=None
[2025-11-03T20:07:52.367+0000] {processor.py:183} INFO - Processing /home/airflow/.local/lib/python3.12/site-packages/airflow/example_dags/example_sensor_decorator.py took 0.032 seconds
[2025-11-03T20:08:22.986+0000] {processor.py:161} INFO - Started process (PID=1067) to work on /home/airflow/.local/lib/python3.12/site-packages/airflow/example_dags/example_sensor_decorator.py
[2025-11-03T20:08:22.987+0000] {processor.py:830} INFO - Processing file /home/airflow/.local/lib/python3.12/site-packages/airflow/example_dags/example_sensor_decorator.py for tasks to queue
[2025-11-03T20:08:22.988+0000] {logging_mixin.py:188} INFO - [2025-11-03T20:08:22.988+0000] {dagbag.py:545} INFO - Filling up the DagBag from /home/airflow/.local/lib/python3.12/site-packages/airflow/example_dags/example_sensor_decorator.py
[2025-11-03T20:08:22.992+0000] {processor.py:840} INFO - DAG(s) 'example_sensor_decorator' retrieved from /home/airflow/.local/lib/python3.12/site-packages/airflow/example_dags/example_sensor_decorator.py
[2025-11-03T20:08:23.001+0000] {logging_mixin.py:188} INFO - [2025-11-03T20:08:23.001+0000] {dag.py:3096} INFO - Sync 1 DAGs
[2025-11-03T20:08:23.007+0000] {logging_mixin.py:188} INFO - [2025-11-03T20:08:23.007+0000] {dag.py:3954} INFO - Setting next_dagrun for example_sensor_decorator to None, run_after=None
[2025-11-03T20:08:23.015+0000] {processor.py:183} INFO - Processing /home/airflow/.local/lib/python3.12/site-packages/airflow/example_dags/example_sensor_decorator.py took 0.032 seconds
