[2025-11-03T19:59:43.962+0000] {processor.py:161} INFO - Started process (PID=86) to work on /home/airflow/.local/lib/python3.12/site-packages/airflow/example_dags/example_dag_decorator.py
[2025-11-03T19:59:43.963+0000] {processor.py:830} INFO - Processing file /home/airflow/.local/lib/python3.12/site-packages/airflow/example_dags/example_dag_decorator.py for tasks to queue
[2025-11-03T19:59:43.965+0000] {logging_mixin.py:188} INFO - [2025-11-03T19:59:43.964+0000] {dagbag.py:545} INFO - Filling up the DagBag from /home/airflow/.local/lib/python3.12/site-packages/airflow/example_dags/example_dag_decorator.py
[2025-11-03T19:59:44.129+0000] {processor.py:840} INFO - DAG(s) 'example_dag_decorator' retrieved from /home/airflow/.local/lib/python3.12/site-packages/airflow/example_dags/example_dag_decorator.py
[2025-11-03T19:59:44.134+0000] {logging_mixin.py:188} INFO - [2025-11-03T19:59:44.134+0000] {dag.py:3096} INFO - Sync 1 DAGs
[2025-11-03T19:59:44.139+0000] {logging_mixin.py:188} INFO - [2025-11-03T19:59:44.139+0000] {dag.py:3954} INFO - Setting next_dagrun for example_dag_decorator to None, run_after=None
[2025-11-03T19:59:44.147+0000] {processor.py:183} INFO - Processing /home/airflow/.local/lib/python3.12/site-packages/airflow/example_dags/example_dag_decorator.py took 0.187 seconds
[2025-11-03T20:00:14.325+0000] {processor.py:161} INFO - Started process (PID=146) to work on /home/airflow/.local/lib/python3.12/site-packages/airflow/example_dags/example_dag_decorator.py
[2025-11-03T20:00:14.325+0000] {processor.py:830} INFO - Processing file /home/airflow/.local/lib/python3.12/site-packages/airflow/example_dags/example_dag_decorator.py for tasks to queue
[2025-11-03T20:00:14.326+0000] {logging_mixin.py:188} INFO - [2025-11-03T20:00:14.326+0000] {dagbag.py:545} INFO - Filling up the DagBag from /home/airflow/.local/lib/python3.12/site-packages/airflow/example_dags/example_dag_decorator.py
[2025-11-03T20:00:14.363+0000] {processor.py:840} INFO - DAG(s) 'example_dag_decorator' retrieved from /home/airflow/.local/lib/python3.12/site-packages/airflow/example_dags/example_dag_decorator.py
[2025-11-03T20:00:14.401+0000] {logging_mixin.py:188} INFO - [2025-11-03T20:00:14.401+0000] {dag.py:3096} INFO - Sync 1 DAGs
[2025-11-03T20:00:14.405+0000] {logging_mixin.py:188} INFO - [2025-11-03T20:00:14.405+0000] {dag.py:3954} INFO - Setting next_dagrun for example_dag_decorator to None, run_after=None
[2025-11-03T20:00:14.412+0000] {processor.py:183} INFO - Processing /home/airflow/.local/lib/python3.12/site-packages/airflow/example_dags/example_dag_decorator.py took 0.090 seconds
[2025-11-03T20:00:44.955+0000] {processor.py:161} INFO - Started process (PID=206) to work on /home/airflow/.local/lib/python3.12/site-packages/airflow/example_dags/example_dag_decorator.py
[2025-11-03T20:00:44.957+0000] {processor.py:830} INFO - Processing file /home/airflow/.local/lib/python3.12/site-packages/airflow/example_dags/example_dag_decorator.py for tasks to queue
[2025-11-03T20:00:44.958+0000] {logging_mixin.py:188} INFO - [2025-11-03T20:00:44.958+0000] {dagbag.py:545} INFO - Filling up the DagBag from /home/airflow/.local/lib/python3.12/site-packages/airflow/example_dags/example_dag_decorator.py
[2025-11-03T20:00:45.005+0000] {processor.py:840} INFO - DAG(s) 'example_dag_decorator' retrieved from /home/airflow/.local/lib/python3.12/site-packages/airflow/example_dags/example_dag_decorator.py
[2025-11-03T20:00:45.060+0000] {logging_mixin.py:188} INFO - [2025-11-03T20:00:45.059+0000] {dag.py:3096} INFO - Sync 1 DAGs
[2025-11-03T20:00:45.066+0000] {logging_mixin.py:188} INFO - [2025-11-03T20:00:45.066+0000] {dag.py:3954} INFO - Setting next_dagrun for example_dag_decorator to None, run_after=None
[2025-11-03T20:00:45.077+0000] {processor.py:183} INFO - Processing /home/airflow/.local/lib/python3.12/site-packages/airflow/example_dags/example_dag_decorator.py took 0.124 seconds
[2025-11-03T20:01:15.764+0000] {processor.py:161} INFO - Started process (PID=266) to work on /home/airflow/.local/lib/python3.12/site-packages/airflow/example_dags/example_dag_decorator.py
[2025-11-03T20:01:15.764+0000] {processor.py:830} INFO - Processing file /home/airflow/.local/lib/python3.12/site-packages/airflow/example_dags/example_dag_decorator.py for tasks to queue
[2025-11-03T20:01:15.764+0000] {logging_mixin.py:188} INFO - [2025-11-03T20:01:15.764+0000] {dagbag.py:545} INFO - Filling up the DagBag from /home/airflow/.local/lib/python3.12/site-packages/airflow/example_dags/example_dag_decorator.py
[2025-11-03T20:01:15.803+0000] {processor.py:840} INFO - DAG(s) 'example_dag_decorator' retrieved from /home/airflow/.local/lib/python3.12/site-packages/airflow/example_dags/example_dag_decorator.py
[2025-11-03T20:01:15.813+0000] {logging_mixin.py:188} INFO - [2025-11-03T20:01:15.813+0000] {dag.py:3096} INFO - Sync 1 DAGs
[2025-11-03T20:01:15.817+0000] {logging_mixin.py:188} INFO - [2025-11-03T20:01:15.817+0000] {dag.py:3954} INFO - Setting next_dagrun for example_dag_decorator to None, run_after=None
[2025-11-03T20:01:15.825+0000] {processor.py:183} INFO - Processing /home/airflow/.local/lib/python3.12/site-packages/airflow/example_dags/example_dag_decorator.py took 0.064 seconds
[2025-11-03T20:01:46.312+0000] {processor.py:161} INFO - Started process (PID=326) to work on /home/airflow/.local/lib/python3.12/site-packages/airflow/example_dags/example_dag_decorator.py
[2025-11-03T20:01:46.313+0000] {processor.py:830} INFO - Processing file /home/airflow/.local/lib/python3.12/site-packages/airflow/example_dags/example_dag_decorator.py for tasks to queue
[2025-11-03T20:01:46.313+0000] {logging_mixin.py:188} INFO - [2025-11-03T20:01:46.313+0000] {dagbag.py:545} INFO - Filling up the DagBag from /home/airflow/.local/lib/python3.12/site-packages/airflow/example_dags/example_dag_decorator.py
[2025-11-03T20:01:46.351+0000] {processor.py:840} INFO - DAG(s) 'example_dag_decorator' retrieved from /home/airflow/.local/lib/python3.12/site-packages/airflow/example_dags/example_dag_decorator.py
[2025-11-03T20:01:46.390+0000] {logging_mixin.py:188} INFO - [2025-11-03T20:01:46.390+0000] {dag.py:3096} INFO - Sync 1 DAGs
[2025-11-03T20:01:46.394+0000] {logging_mixin.py:188} INFO - [2025-11-03T20:01:46.394+0000] {dag.py:3954} INFO - Setting next_dagrun for example_dag_decorator to None, run_after=None
[2025-11-03T20:01:46.401+0000] {processor.py:183} INFO - Processing /home/airflow/.local/lib/python3.12/site-packages/airflow/example_dags/example_dag_decorator.py took 0.091 seconds
[2025-11-03T20:02:16.960+0000] {processor.py:161} INFO - Started process (PID=386) to work on /home/airflow/.local/lib/python3.12/site-packages/airflow/example_dags/example_dag_decorator.py
[2025-11-03T20:02:16.960+0000] {processor.py:830} INFO - Processing file /home/airflow/.local/lib/python3.12/site-packages/airflow/example_dags/example_dag_decorator.py for tasks to queue
[2025-11-03T20:02:16.961+0000] {logging_mixin.py:188} INFO - [2025-11-03T20:02:16.961+0000] {dagbag.py:545} INFO - Filling up the DagBag from /home/airflow/.local/lib/python3.12/site-packages/airflow/example_dags/example_dag_decorator.py
[2025-11-03T20:02:16.999+0000] {processor.py:840} INFO - DAG(s) 'example_dag_decorator' retrieved from /home/airflow/.local/lib/python3.12/site-packages/airflow/example_dags/example_dag_decorator.py
[2025-11-03T20:02:17.040+0000] {logging_mixin.py:188} INFO - [2025-11-03T20:02:17.040+0000] {dag.py:3096} INFO - Sync 1 DAGs
[2025-11-03T20:02:17.045+0000] {logging_mixin.py:188} INFO - [2025-11-03T20:02:17.045+0000] {dag.py:3954} INFO - Setting next_dagrun for example_dag_decorator to None, run_after=None
[2025-11-03T20:02:17.057+0000] {processor.py:183} INFO - Processing /home/airflow/.local/lib/python3.12/site-packages/airflow/example_dags/example_dag_decorator.py took 0.099 seconds
[2025-11-03T20:02:47.526+0000] {processor.py:161} INFO - Started process (PID=446) to work on /home/airflow/.local/lib/python3.12/site-packages/airflow/example_dags/example_dag_decorator.py
[2025-11-03T20:02:47.528+0000] {processor.py:830} INFO - Processing file /home/airflow/.local/lib/python3.12/site-packages/airflow/example_dags/example_dag_decorator.py for tasks to queue
[2025-11-03T20:02:47.529+0000] {logging_mixin.py:188} INFO - [2025-11-03T20:02:47.528+0000] {dagbag.py:545} INFO - Filling up the DagBag from /home/airflow/.local/lib/python3.12/site-packages/airflow/example_dags/example_dag_decorator.py
[2025-11-03T20:02:47.567+0000] {processor.py:840} INFO - DAG(s) 'example_dag_decorator' retrieved from /home/airflow/.local/lib/python3.12/site-packages/airflow/example_dags/example_dag_decorator.py
[2025-11-03T20:02:47.609+0000] {logging_mixin.py:188} INFO - [2025-11-03T20:02:47.609+0000] {dag.py:3096} INFO - Sync 1 DAGs
[2025-11-03T20:02:47.613+0000] {logging_mixin.py:188} INFO - [2025-11-03T20:02:47.613+0000] {dag.py:3954} INFO - Setting next_dagrun for example_dag_decorator to None, run_after=None
[2025-11-03T20:02:47.621+0000] {processor.py:183} INFO - Processing /home/airflow/.local/lib/python3.12/site-packages/airflow/example_dags/example_dag_decorator.py took 0.097 seconds
[2025-11-03T20:03:18.195+0000] {processor.py:161} INFO - Started process (PID=506) to work on /home/airflow/.local/lib/python3.12/site-packages/airflow/example_dags/example_dag_decorator.py
[2025-11-03T20:03:18.196+0000] {processor.py:830} INFO - Processing file /home/airflow/.local/lib/python3.12/site-packages/airflow/example_dags/example_dag_decorator.py for tasks to queue
[2025-11-03T20:03:18.196+0000] {logging_mixin.py:188} INFO - [2025-11-03T20:03:18.196+0000] {dagbag.py:545} INFO - Filling up the DagBag from /home/airflow/.local/lib/python3.12/site-packages/airflow/example_dags/example_dag_decorator.py
[2025-11-03T20:03:18.237+0000] {processor.py:840} INFO - DAG(s) 'example_dag_decorator' retrieved from /home/airflow/.local/lib/python3.12/site-packages/airflow/example_dags/example_dag_decorator.py
[2025-11-03T20:03:18.282+0000] {logging_mixin.py:188} INFO - [2025-11-03T20:03:18.281+0000] {dag.py:3096} INFO - Sync 1 DAGs
[2025-11-03T20:03:18.285+0000] {logging_mixin.py:188} INFO - [2025-11-03T20:03:18.285+0000] {dag.py:3954} INFO - Setting next_dagrun for example_dag_decorator to None, run_after=None
[2025-11-03T20:03:18.294+0000] {processor.py:183} INFO - Processing /home/airflow/.local/lib/python3.12/site-packages/airflow/example_dags/example_dag_decorator.py took 0.101 seconds
[2025-11-03T20:03:48.998+0000] {processor.py:161} INFO - Started process (PID=566) to work on /home/airflow/.local/lib/python3.12/site-packages/airflow/example_dags/example_dag_decorator.py
[2025-11-03T20:03:48.998+0000] {processor.py:830} INFO - Processing file /home/airflow/.local/lib/python3.12/site-packages/airflow/example_dags/example_dag_decorator.py for tasks to queue
[2025-11-03T20:03:48.999+0000] {logging_mixin.py:188} INFO - [2025-11-03T20:03:48.999+0000] {dagbag.py:545} INFO - Filling up the DagBag from /home/airflow/.local/lib/python3.12/site-packages/airflow/example_dags/example_dag_decorator.py
[2025-11-03T20:03:49.037+0000] {processor.py:840} INFO - DAG(s) 'example_dag_decorator' retrieved from /home/airflow/.local/lib/python3.12/site-packages/airflow/example_dags/example_dag_decorator.py
[2025-11-03T20:03:49.078+0000] {logging_mixin.py:188} INFO - [2025-11-03T20:03:49.078+0000] {dag.py:3096} INFO - Sync 1 DAGs
[2025-11-03T20:03:49.082+0000] {logging_mixin.py:188} INFO - [2025-11-03T20:03:49.082+0000] {dag.py:3954} INFO - Setting next_dagrun for example_dag_decorator to None, run_after=None
[2025-11-03T20:03:49.089+0000] {processor.py:183} INFO - Processing /home/airflow/.local/lib/python3.12/site-packages/airflow/example_dags/example_dag_decorator.py took 0.094 seconds
[2025-11-03T20:04:19.652+0000] {processor.py:161} INFO - Started process (PID=626) to work on /home/airflow/.local/lib/python3.12/site-packages/airflow/example_dags/example_dag_decorator.py
[2025-11-03T20:04:19.652+0000] {processor.py:830} INFO - Processing file /home/airflow/.local/lib/python3.12/site-packages/airflow/example_dags/example_dag_decorator.py for tasks to queue
[2025-11-03T20:04:19.652+0000] {logging_mixin.py:188} INFO - [2025-11-03T20:04:19.652+0000] {dagbag.py:545} INFO - Filling up the DagBag from /home/airflow/.local/lib/python3.12/site-packages/airflow/example_dags/example_dag_decorator.py
[2025-11-03T20:04:19.694+0000] {processor.py:840} INFO - DAG(s) 'example_dag_decorator' retrieved from /home/airflow/.local/lib/python3.12/site-packages/airflow/example_dags/example_dag_decorator.py
[2025-11-03T20:04:19.732+0000] {logging_mixin.py:188} INFO - [2025-11-03T20:04:19.732+0000] {dag.py:3096} INFO - Sync 1 DAGs
[2025-11-03T20:04:19.736+0000] {logging_mixin.py:188} INFO - [2025-11-03T20:04:19.736+0000] {dag.py:3954} INFO - Setting next_dagrun for example_dag_decorator to None, run_after=None
[2025-11-03T20:04:19.743+0000] {processor.py:183} INFO - Processing /home/airflow/.local/lib/python3.12/site-packages/airflow/example_dags/example_dag_decorator.py took 0.094 seconds
[2025-11-03T20:04:50.458+0000] {processor.py:161} INFO - Started process (PID=686) to work on /home/airflow/.local/lib/python3.12/site-packages/airflow/example_dags/example_dag_decorator.py
[2025-11-03T20:04:50.459+0000] {processor.py:830} INFO - Processing file /home/airflow/.local/lib/python3.12/site-packages/airflow/example_dags/example_dag_decorator.py for tasks to queue
[2025-11-03T20:04:50.459+0000] {logging_mixin.py:188} INFO - [2025-11-03T20:04:50.459+0000] {dagbag.py:545} INFO - Filling up the DagBag from /home/airflow/.local/lib/python3.12/site-packages/airflow/example_dags/example_dag_decorator.py
[2025-11-03T20:04:50.502+0000] {processor.py:840} INFO - DAG(s) 'example_dag_decorator' retrieved from /home/airflow/.local/lib/python3.12/site-packages/airflow/example_dags/example_dag_decorator.py
[2025-11-03T20:04:50.544+0000] {logging_mixin.py:188} INFO - [2025-11-03T20:04:50.544+0000] {dag.py:3096} INFO - Sync 1 DAGs
[2025-11-03T20:04:50.548+0000] {logging_mixin.py:188} INFO - [2025-11-03T20:04:50.548+0000] {dag.py:3954} INFO - Setting next_dagrun for example_dag_decorator to None, run_after=None
[2025-11-03T20:04:50.557+0000] {processor.py:183} INFO - Processing /home/airflow/.local/lib/python3.12/site-packages/airflow/example_dags/example_dag_decorator.py took 0.102 seconds
[2025-11-03T20:05:21.326+0000] {processor.py:161} INFO - Started process (PID=746) to work on /home/airflow/.local/lib/python3.12/site-packages/airflow/example_dags/example_dag_decorator.py
[2025-11-03T20:05:21.326+0000] {processor.py:830} INFO - Processing file /home/airflow/.local/lib/python3.12/site-packages/airflow/example_dags/example_dag_decorator.py for tasks to queue
[2025-11-03T20:05:21.326+0000] {logging_mixin.py:188} INFO - [2025-11-03T20:05:21.326+0000] {dagbag.py:545} INFO - Filling up the DagBag from /home/airflow/.local/lib/python3.12/site-packages/airflow/example_dags/example_dag_decorator.py
[2025-11-03T20:05:21.371+0000] {processor.py:840} INFO - DAG(s) 'example_dag_decorator' retrieved from /home/airflow/.local/lib/python3.12/site-packages/airflow/example_dags/example_dag_decorator.py
[2025-11-03T20:05:21.412+0000] {logging_mixin.py:188} INFO - [2025-11-03T20:05:21.412+0000] {dag.py:3096} INFO - Sync 1 DAGs
[2025-11-03T20:05:21.492+0000] {logging_mixin.py:188} INFO - [2025-11-03T20:05:21.492+0000] {dag.py:3954} INFO - Setting next_dagrun for example_dag_decorator to None, run_after=None
[2025-11-03T20:05:21.502+0000] {processor.py:183} INFO - Processing /home/airflow/.local/lib/python3.12/site-packages/airflow/example_dags/example_dag_decorator.py took 0.179 seconds
[2025-11-03T20:05:51.949+0000] {processor.py:161} INFO - Started process (PID=806) to work on /home/airflow/.local/lib/python3.12/site-packages/airflow/example_dags/example_dag_decorator.py
[2025-11-03T20:05:51.950+0000] {processor.py:830} INFO - Processing file /home/airflow/.local/lib/python3.12/site-packages/airflow/example_dags/example_dag_decorator.py for tasks to queue
[2025-11-03T20:05:51.951+0000] {logging_mixin.py:188} INFO - [2025-11-03T20:05:51.951+0000] {dagbag.py:545} INFO - Filling up the DagBag from /home/airflow/.local/lib/python3.12/site-packages/airflow/example_dags/example_dag_decorator.py
[2025-11-03T20:05:51.992+0000] {processor.py:840} INFO - DAG(s) 'example_dag_decorator' retrieved from /home/airflow/.local/lib/python3.12/site-packages/airflow/example_dags/example_dag_decorator.py
[2025-11-03T20:05:52.030+0000] {logging_mixin.py:188} INFO - [2025-11-03T20:05:52.030+0000] {dag.py:3096} INFO - Sync 1 DAGs
[2025-11-03T20:05:52.033+0000] {logging_mixin.py:188} INFO - [2025-11-03T20:05:52.033+0000] {dag.py:3954} INFO - Setting next_dagrun for example_dag_decorator to None, run_after=None
[2025-11-03T20:05:52.041+0000] {processor.py:183} INFO - Processing /home/airflow/.local/lib/python3.12/site-packages/airflow/example_dags/example_dag_decorator.py took 0.095 seconds
[2025-11-03T20:06:22.480+0000] {processor.py:161} INFO - Started process (PID=866) to work on /home/airflow/.local/lib/python3.12/site-packages/airflow/example_dags/example_dag_decorator.py
[2025-11-03T20:06:22.481+0000] {processor.py:830} INFO - Processing file /home/airflow/.local/lib/python3.12/site-packages/airflow/example_dags/example_dag_decorator.py for tasks to queue
[2025-11-03T20:06:22.481+0000] {logging_mixin.py:188} INFO - [2025-11-03T20:06:22.481+0000] {dagbag.py:545} INFO - Filling up the DagBag from /home/airflow/.local/lib/python3.12/site-packages/airflow/example_dags/example_dag_decorator.py
[2025-11-03T20:06:22.520+0000] {processor.py:840} INFO - DAG(s) 'example_dag_decorator' retrieved from /home/airflow/.local/lib/python3.12/site-packages/airflow/example_dags/example_dag_decorator.py
[2025-11-03T20:06:22.560+0000] {logging_mixin.py:188} INFO - [2025-11-03T20:06:22.560+0000] {dag.py:3096} INFO - Sync 1 DAGs
[2025-11-03T20:06:22.565+0000] {logging_mixin.py:188} INFO - [2025-11-03T20:06:22.565+0000] {dag.py:3954} INFO - Setting next_dagrun for example_dag_decorator to None, run_after=None
[2025-11-03T20:06:22.574+0000] {processor.py:183} INFO - Processing /home/airflow/.local/lib/python3.12/site-packages/airflow/example_dags/example_dag_decorator.py took 0.096 seconds
[2025-11-03T20:06:53.083+0000] {processor.py:161} INFO - Started process (PID=926) to work on /home/airflow/.local/lib/python3.12/site-packages/airflow/example_dags/example_dag_decorator.py
[2025-11-03T20:06:53.084+0000] {processor.py:830} INFO - Processing file /home/airflow/.local/lib/python3.12/site-packages/airflow/example_dags/example_dag_decorator.py for tasks to queue
[2025-11-03T20:06:53.084+0000] {logging_mixin.py:188} INFO - [2025-11-03T20:06:53.084+0000] {dagbag.py:545} INFO - Filling up the DagBag from /home/airflow/.local/lib/python3.12/site-packages/airflow/example_dags/example_dag_decorator.py
[2025-11-03T20:06:53.124+0000] {processor.py:840} INFO - DAG(s) 'example_dag_decorator' retrieved from /home/airflow/.local/lib/python3.12/site-packages/airflow/example_dags/example_dag_decorator.py
[2025-11-03T20:06:53.168+0000] {logging_mixin.py:188} INFO - [2025-11-03T20:06:53.168+0000] {dag.py:3096} INFO - Sync 1 DAGs
[2025-11-03T20:06:53.172+0000] {logging_mixin.py:188} INFO - [2025-11-03T20:06:53.172+0000] {dag.py:3954} INFO - Setting next_dagrun for example_dag_decorator to None, run_after=None
[2025-11-03T20:06:53.183+0000] {processor.py:183} INFO - Processing /home/airflow/.local/lib/python3.12/site-packages/airflow/example_dags/example_dag_decorator.py took 0.102 seconds
[2025-11-03T20:07:23.691+0000] {processor.py:161} INFO - Started process (PID=986) to work on /home/airflow/.local/lib/python3.12/site-packages/airflow/example_dags/example_dag_decorator.py
[2025-11-03T20:07:23.692+0000] {processor.py:830} INFO - Processing file /home/airflow/.local/lib/python3.12/site-packages/airflow/example_dags/example_dag_decorator.py for tasks to queue
[2025-11-03T20:07:23.692+0000] {logging_mixin.py:188} INFO - [2025-11-03T20:07:23.692+0000] {dagbag.py:545} INFO - Filling up the DagBag from /home/airflow/.local/lib/python3.12/site-packages/airflow/example_dags/example_dag_decorator.py
[2025-11-03T20:07:23.730+0000] {processor.py:840} INFO - DAG(s) 'example_dag_decorator' retrieved from /home/airflow/.local/lib/python3.12/site-packages/airflow/example_dags/example_dag_decorator.py
[2025-11-03T20:07:23.845+0000] {logging_mixin.py:188} INFO - [2025-11-03T20:07:23.844+0000] {dag.py:3096} INFO - Sync 1 DAGs
[2025-11-03T20:07:23.848+0000] {logging_mixin.py:188} INFO - [2025-11-03T20:07:23.848+0000] {dag.py:3954} INFO - Setting next_dagrun for example_dag_decorator to None, run_after=None
[2025-11-03T20:07:23.856+0000] {processor.py:183} INFO - Processing /home/airflow/.local/lib/python3.12/site-packages/airflow/example_dags/example_dag_decorator.py took 0.167 seconds
[2025-11-03T20:07:54.351+0000] {processor.py:161} INFO - Started process (PID=1046) to work on /home/airflow/.local/lib/python3.12/site-packages/airflow/example_dags/example_dag_decorator.py
[2025-11-03T20:07:54.352+0000] {processor.py:830} INFO - Processing file /home/airflow/.local/lib/python3.12/site-packages/airflow/example_dags/example_dag_decorator.py for tasks to queue
[2025-11-03T20:07:54.352+0000] {logging_mixin.py:188} INFO - [2025-11-03T20:07:54.352+0000] {dagbag.py:545} INFO - Filling up the DagBag from /home/airflow/.local/lib/python3.12/site-packages/airflow/example_dags/example_dag_decorator.py
[2025-11-03T20:07:54.391+0000] {processor.py:840} INFO - DAG(s) 'example_dag_decorator' retrieved from /home/airflow/.local/lib/python3.12/site-packages/airflow/example_dags/example_dag_decorator.py
[2025-11-03T20:07:54.433+0000] {logging_mixin.py:188} INFO - [2025-11-03T20:07:54.433+0000] {dag.py:3096} INFO - Sync 1 DAGs
[2025-11-03T20:07:54.513+0000] {logging_mixin.py:188} INFO - [2025-11-03T20:07:54.513+0000] {dag.py:3954} INFO - Setting next_dagrun for example_dag_decorator to None, run_after=None
[2025-11-03T20:07:54.519+0000] {processor.py:183} INFO - Processing /home/airflow/.local/lib/python3.12/site-packages/airflow/example_dags/example_dag_decorator.py took 0.170 seconds
[2025-11-03T20:08:24.983+0000] {processor.py:161} INFO - Started process (PID=1106) to work on /home/airflow/.local/lib/python3.12/site-packages/airflow/example_dags/example_dag_decorator.py
[2025-11-03T20:08:24.983+0000] {processor.py:830} INFO - Processing file /home/airflow/.local/lib/python3.12/site-packages/airflow/example_dags/example_dag_decorator.py for tasks to queue
[2025-11-03T20:08:24.984+0000] {logging_mixin.py:188} INFO - [2025-11-03T20:08:24.983+0000] {dagbag.py:545} INFO - Filling up the DagBag from /home/airflow/.local/lib/python3.12/site-packages/airflow/example_dags/example_dag_decorator.py
[2025-11-03T20:08:25.023+0000] {processor.py:840} INFO - DAG(s) 'example_dag_decorator' retrieved from /home/airflow/.local/lib/python3.12/site-packages/airflow/example_dags/example_dag_decorator.py
[2025-11-03T20:08:25.060+0000] {logging_mixin.py:188} INFO - [2025-11-03T20:08:25.060+0000] {dag.py:3096} INFO - Sync 1 DAGs
[2025-11-03T20:08:25.064+0000] {logging_mixin.py:188} INFO - [2025-11-03T20:08:25.064+0000] {dag.py:3954} INFO - Setting next_dagrun for example_dag_decorator to None, run_after=None
[2025-11-03T20:08:25.142+0000] {processor.py:183} INFO - Processing /home/airflow/.local/lib/python3.12/site-packages/airflow/example_dags/example_dag_decorator.py took 0.161 seconds
