[2025-11-03T19:59:42.756+0000] {processor.py:161} INFO - Started process (PID=46) to work on /home/airflow/.local/lib/python3.12/site-packages/airflow/example_dags/example_python_operator.py
[2025-11-03T19:59:42.756+0000] {processor.py:830} INFO - Processing file /home/airflow/.local/lib/python3.12/site-packages/airflow/example_dags/example_python_operator.py for tasks to queue
[2025-11-03T19:59:42.757+0000] {logging_mixin.py:188} INFO - [2025-11-03T19:59:42.757+0000] {dagbag.py:545} INFO - Filling up the DagBag from /home/airflow/.local/lib/python3.12/site-packages/airflow/example_dags/example_python_operator.py
[2025-11-03T19:59:42.764+0000] {processor.py:840} INFO - DAG(s) 'example_python_operator' retrieved from /home/airflow/.local/lib/python3.12/site-packages/airflow/example_dags/example_python_operator.py
[2025-11-03T19:59:42.774+0000] {logging_mixin.py:188} INFO - [2025-11-03T19:59:42.773+0000] {dag.py:3096} INFO - Sync 1 DAGs
[2025-11-03T19:59:42.790+0000] {logging_mixin.py:188} INFO - [2025-11-03T19:59:42.790+0000] {dag.py:3954} INFO - Setting next_dagrun for example_python_operator to None, run_after=None
[2025-11-03T19:59:42.811+0000] {processor.py:183} INFO - Processing /home/airflow/.local/lib/python3.12/site-packages/airflow/example_dags/example_python_operator.py took 0.058 seconds
[2025-11-03T20:00:12.933+0000] {processor.py:161} INFO - Started process (PID=104) to work on /home/airflow/.local/lib/python3.12/site-packages/airflow/example_dags/example_python_operator.py
[2025-11-03T20:00:12.933+0000] {processor.py:830} INFO - Processing file /home/airflow/.local/lib/python3.12/site-packages/airflow/example_dags/example_python_operator.py for tasks to queue
[2025-11-03T20:00:12.934+0000] {logging_mixin.py:188} INFO - [2025-11-03T20:00:12.934+0000] {dagbag.py:545} INFO - Filling up the DagBag from /home/airflow/.local/lib/python3.12/site-packages/airflow/example_dags/example_python_operator.py
[2025-11-03T20:00:12.941+0000] {processor.py:840} INFO - DAG(s) 'example_python_operator' retrieved from /home/airflow/.local/lib/python3.12/site-packages/airflow/example_dags/example_python_operator.py
[2025-11-03T20:00:12.989+0000] {logging_mixin.py:188} INFO - [2025-11-03T20:00:12.988+0000] {dag.py:3096} INFO - Sync 1 DAGs
[2025-11-03T20:00:12.993+0000] {logging_mixin.py:188} INFO - [2025-11-03T20:00:12.993+0000] {dag.py:3954} INFO - Setting next_dagrun for example_python_operator to None, run_after=None
[2025-11-03T20:00:13.003+0000] {processor.py:183} INFO - Processing /home/airflow/.local/lib/python3.12/site-packages/airflow/example_dags/example_python_operator.py took 0.073 seconds
[2025-11-03T20:00:43.030+0000] {processor.py:161} INFO - Started process (PID=164) to work on /home/airflow/.local/lib/python3.12/site-packages/airflow/example_dags/example_python_operator.py
[2025-11-03T20:00:43.032+0000] {processor.py:830} INFO - Processing file /home/airflow/.local/lib/python3.12/site-packages/airflow/example_dags/example_python_operator.py for tasks to queue
[2025-11-03T20:00:43.033+0000] {logging_mixin.py:188} INFO - [2025-11-03T20:00:43.032+0000] {dagbag.py:545} INFO - Filling up the DagBag from /home/airflow/.local/lib/python3.12/site-packages/airflow/example_dags/example_python_operator.py
[2025-11-03T20:00:43.037+0000] {processor.py:840} INFO - DAG(s) 'example_python_operator' retrieved from /home/airflow/.local/lib/python3.12/site-packages/airflow/example_dags/example_python_operator.py
[2025-11-03T20:00:43.049+0000] {logging_mixin.py:188} INFO - [2025-11-03T20:00:43.049+0000] {dag.py:3096} INFO - Sync 1 DAGs
[2025-11-03T20:00:43.054+0000] {logging_mixin.py:188} INFO - [2025-11-03T20:00:43.054+0000] {dag.py:3954} INFO - Setting next_dagrun for example_python_operator to None, run_after=None
[2025-11-03T20:00:43.060+0000] {processor.py:183} INFO - Processing /home/airflow/.local/lib/python3.12/site-packages/airflow/example_dags/example_python_operator.py took 0.033 seconds
[2025-11-03T20:01:13.814+0000] {processor.py:161} INFO - Started process (PID=230) to work on /home/airflow/.local/lib/python3.12/site-packages/airflow/example_dags/example_python_operator.py
[2025-11-03T20:01:13.814+0000] {processor.py:830} INFO - Processing file /home/airflow/.local/lib/python3.12/site-packages/airflow/example_dags/example_python_operator.py for tasks to queue
[2025-11-03T20:01:13.814+0000] {logging_mixin.py:188} INFO - [2025-11-03T20:01:13.814+0000] {dagbag.py:545} INFO - Filling up the DagBag from /home/airflow/.local/lib/python3.12/site-packages/airflow/example_dags/example_python_operator.py
[2025-11-03T20:01:13.819+0000] {processor.py:840} INFO - DAG(s) 'example_python_operator' retrieved from /home/airflow/.local/lib/python3.12/site-packages/airflow/example_dags/example_python_operator.py
[2025-11-03T20:01:13.830+0000] {logging_mixin.py:188} INFO - [2025-11-03T20:01:13.830+0000] {dag.py:3096} INFO - Sync 1 DAGs
[2025-11-03T20:01:13.835+0000] {logging_mixin.py:188} INFO - [2025-11-03T20:01:13.834+0000] {dag.py:3954} INFO - Setting next_dagrun for example_python_operator to None, run_after=None
[2025-11-03T20:01:13.841+0000] {processor.py:183} INFO - Processing /home/airflow/.local/lib/python3.12/site-packages/airflow/example_dags/example_python_operator.py took 0.030 seconds
[2025-11-03T20:01:44.378+0000] {processor.py:161} INFO - Started process (PID=290) to work on /home/airflow/.local/lib/python3.12/site-packages/airflow/example_dags/example_python_operator.py
[2025-11-03T20:01:44.379+0000] {processor.py:830} INFO - Processing file /home/airflow/.local/lib/python3.12/site-packages/airflow/example_dags/example_python_operator.py for tasks to queue
[2025-11-03T20:01:44.379+0000] {logging_mixin.py:188} INFO - [2025-11-03T20:01:44.379+0000] {dagbag.py:545} INFO - Filling up the DagBag from /home/airflow/.local/lib/python3.12/site-packages/airflow/example_dags/example_python_operator.py
[2025-11-03T20:01:44.385+0000] {processor.py:840} INFO - DAG(s) 'example_python_operator' retrieved from /home/airflow/.local/lib/python3.12/site-packages/airflow/example_dags/example_python_operator.py
[2025-11-03T20:01:44.395+0000] {logging_mixin.py:188} INFO - [2025-11-03T20:01:44.395+0000] {dag.py:3096} INFO - Sync 1 DAGs
[2025-11-03T20:01:44.400+0000] {logging_mixin.py:188} INFO - [2025-11-03T20:01:44.400+0000] {dag.py:3954} INFO - Setting next_dagrun for example_python_operator to None, run_after=None
[2025-11-03T20:01:44.409+0000] {processor.py:183} INFO - Processing /home/airflow/.local/lib/python3.12/site-packages/airflow/example_dags/example_python_operator.py took 0.033 seconds
[2025-11-03T20:02:14.989+0000] {processor.py:161} INFO - Started process (PID=350) to work on /home/airflow/.local/lib/python3.12/site-packages/airflow/example_dags/example_python_operator.py
[2025-11-03T20:02:14.989+0000] {processor.py:830} INFO - Processing file /home/airflow/.local/lib/python3.12/site-packages/airflow/example_dags/example_python_operator.py for tasks to queue
[2025-11-03T20:02:14.989+0000] {logging_mixin.py:188} INFO - [2025-11-03T20:02:14.989+0000] {dagbag.py:545} INFO - Filling up the DagBag from /home/airflow/.local/lib/python3.12/site-packages/airflow/example_dags/example_python_operator.py
[2025-11-03T20:02:14.993+0000] {processor.py:840} INFO - DAG(s) 'example_python_operator' retrieved from /home/airflow/.local/lib/python3.12/site-packages/airflow/example_dags/example_python_operator.py
[2025-11-03T20:02:15.003+0000] {logging_mixin.py:188} INFO - [2025-11-03T20:02:15.003+0000] {dag.py:3096} INFO - Sync 1 DAGs
[2025-11-03T20:02:15.008+0000] {logging_mixin.py:188} INFO - [2025-11-03T20:02:15.007+0000] {dag.py:3954} INFO - Setting next_dagrun for example_python_operator to None, run_after=None
[2025-11-03T20:02:15.019+0000] {processor.py:183} INFO - Processing /home/airflow/.local/lib/python3.12/site-packages/airflow/example_dags/example_python_operator.py took 0.033 seconds
[2025-11-03T20:02:45.596+0000] {processor.py:161} INFO - Started process (PID=410) to work on /home/airflow/.local/lib/python3.12/site-packages/airflow/example_dags/example_python_operator.py
[2025-11-03T20:02:45.597+0000] {processor.py:830} INFO - Processing file /home/airflow/.local/lib/python3.12/site-packages/airflow/example_dags/example_python_operator.py for tasks to queue
[2025-11-03T20:02:45.598+0000] {logging_mixin.py:188} INFO - [2025-11-03T20:02:45.598+0000] {dagbag.py:545} INFO - Filling up the DagBag from /home/airflow/.local/lib/python3.12/site-packages/airflow/example_dags/example_python_operator.py
[2025-11-03T20:02:45.602+0000] {processor.py:840} INFO - DAG(s) 'example_python_operator' retrieved from /home/airflow/.local/lib/python3.12/site-packages/airflow/example_dags/example_python_operator.py
[2025-11-03T20:02:45.613+0000] {logging_mixin.py:188} INFO - [2025-11-03T20:02:45.613+0000] {dag.py:3096} INFO - Sync 1 DAGs
[2025-11-03T20:02:45.620+0000] {logging_mixin.py:188} INFO - [2025-11-03T20:02:45.620+0000] {dag.py:3954} INFO - Setting next_dagrun for example_python_operator to None, run_after=None
[2025-11-03T20:02:45.627+0000] {processor.py:183} INFO - Processing /home/airflow/.local/lib/python3.12/site-packages/airflow/example_dags/example_python_operator.py took 0.033 seconds
[2025-11-03T20:03:16.328+0000] {processor.py:161} INFO - Started process (PID=470) to work on /home/airflow/.local/lib/python3.12/site-packages/airflow/example_dags/example_python_operator.py
[2025-11-03T20:03:16.328+0000] {processor.py:830} INFO - Processing file /home/airflow/.local/lib/python3.12/site-packages/airflow/example_dags/example_python_operator.py for tasks to queue
[2025-11-03T20:03:16.328+0000] {logging_mixin.py:188} INFO - [2025-11-03T20:03:16.328+0000] {dagbag.py:545} INFO - Filling up the DagBag from /home/airflow/.local/lib/python3.12/site-packages/airflow/example_dags/example_python_operator.py
[2025-11-03T20:03:16.334+0000] {processor.py:840} INFO - DAG(s) 'example_python_operator' retrieved from /home/airflow/.local/lib/python3.12/site-packages/airflow/example_dags/example_python_operator.py
[2025-11-03T20:03:16.345+0000] {logging_mixin.py:188} INFO - [2025-11-03T20:03:16.345+0000] {dag.py:3096} INFO - Sync 1 DAGs
[2025-11-03T20:03:16.350+0000] {logging_mixin.py:188} INFO - [2025-11-03T20:03:16.350+0000] {dag.py:3954} INFO - Setting next_dagrun for example_python_operator to None, run_after=None
[2025-11-03T20:03:16.357+0000] {processor.py:183} INFO - Processing /home/airflow/.local/lib/python3.12/site-packages/airflow/example_dags/example_python_operator.py took 0.031 seconds
[2025-11-03T20:03:47.050+0000] {processor.py:161} INFO - Started process (PID=530) to work on /home/airflow/.local/lib/python3.12/site-packages/airflow/example_dags/example_python_operator.py
[2025-11-03T20:03:47.052+0000] {processor.py:830} INFO - Processing file /home/airflow/.local/lib/python3.12/site-packages/airflow/example_dags/example_python_operator.py for tasks to queue
[2025-11-03T20:03:47.052+0000] {logging_mixin.py:188} INFO - [2025-11-03T20:03:47.052+0000] {dagbag.py:545} INFO - Filling up the DagBag from /home/airflow/.local/lib/python3.12/site-packages/airflow/example_dags/example_python_operator.py
[2025-11-03T20:03:47.057+0000] {processor.py:840} INFO - DAG(s) 'example_python_operator' retrieved from /home/airflow/.local/lib/python3.12/site-packages/airflow/example_dags/example_python_operator.py
[2025-11-03T20:03:47.068+0000] {logging_mixin.py:188} INFO - [2025-11-03T20:03:47.068+0000] {dag.py:3096} INFO - Sync 1 DAGs
[2025-11-03T20:03:47.074+0000] {logging_mixin.py:188} INFO - [2025-11-03T20:03:47.073+0000] {dag.py:3954} INFO - Setting next_dagrun for example_python_operator to None, run_after=None
[2025-11-03T20:03:47.080+0000] {processor.py:183} INFO - Processing /home/airflow/.local/lib/python3.12/site-packages/airflow/example_dags/example_python_operator.py took 0.033 seconds
[2025-11-03T20:04:17.654+0000] {processor.py:161} INFO - Started process (PID=590) to work on /home/airflow/.local/lib/python3.12/site-packages/airflow/example_dags/example_python_operator.py
[2025-11-03T20:04:17.654+0000] {processor.py:830} INFO - Processing file /home/airflow/.local/lib/python3.12/site-packages/airflow/example_dags/example_python_operator.py for tasks to queue
[2025-11-03T20:04:17.654+0000] {logging_mixin.py:188} INFO - [2025-11-03T20:04:17.654+0000] {dagbag.py:545} INFO - Filling up the DagBag from /home/airflow/.local/lib/python3.12/site-packages/airflow/example_dags/example_python_operator.py
[2025-11-03T20:04:17.659+0000] {processor.py:840} INFO - DAG(s) 'example_python_operator' retrieved from /home/airflow/.local/lib/python3.12/site-packages/airflow/example_dags/example_python_operator.py
[2025-11-03T20:04:17.667+0000] {logging_mixin.py:188} INFO - [2025-11-03T20:04:17.667+0000] {dag.py:3096} INFO - Sync 1 DAGs
[2025-11-03T20:04:17.671+0000] {logging_mixin.py:188} INFO - [2025-11-03T20:04:17.671+0000] {dag.py:3954} INFO - Setting next_dagrun for example_python_operator to None, run_after=None
[2025-11-03T20:04:17.677+0000] {processor.py:183} INFO - Processing /home/airflow/.local/lib/python3.12/site-packages/airflow/example_dags/example_python_operator.py took 0.026 seconds
[2025-11-03T20:04:48.534+0000] {processor.py:161} INFO - Started process (PID=650) to work on /home/airflow/.local/lib/python3.12/site-packages/airflow/example_dags/example_python_operator.py
[2025-11-03T20:04:48.535+0000] {processor.py:830} INFO - Processing file /home/airflow/.local/lib/python3.12/site-packages/airflow/example_dags/example_python_operator.py for tasks to queue
[2025-11-03T20:04:48.535+0000] {logging_mixin.py:188} INFO - [2025-11-03T20:04:48.535+0000] {dagbag.py:545} INFO - Filling up the DagBag from /home/airflow/.local/lib/python3.12/site-packages/airflow/example_dags/example_python_operator.py
[2025-11-03T20:04:48.541+0000] {processor.py:840} INFO - DAG(s) 'example_python_operator' retrieved from /home/airflow/.local/lib/python3.12/site-packages/airflow/example_dags/example_python_operator.py
[2025-11-03T20:04:48.551+0000] {logging_mixin.py:188} INFO - [2025-11-03T20:04:48.551+0000] {dag.py:3096} INFO - Sync 1 DAGs
[2025-11-03T20:04:48.557+0000] {logging_mixin.py:188} INFO - [2025-11-03T20:04:48.556+0000] {dag.py:3954} INFO - Setting next_dagrun for example_python_operator to None, run_after=None
[2025-11-03T20:04:48.564+0000] {processor.py:183} INFO - Processing /home/airflow/.local/lib/python3.12/site-packages/airflow/example_dags/example_python_operator.py took 0.033 seconds
[2025-11-03T20:05:19.358+0000] {processor.py:161} INFO - Started process (PID=710) to work on /home/airflow/.local/lib/python3.12/site-packages/airflow/example_dags/example_python_operator.py
[2025-11-03T20:05:19.358+0000] {processor.py:830} INFO - Processing file /home/airflow/.local/lib/python3.12/site-packages/airflow/example_dags/example_python_operator.py for tasks to queue
[2025-11-03T20:05:19.359+0000] {logging_mixin.py:188} INFO - [2025-11-03T20:05:19.359+0000] {dagbag.py:545} INFO - Filling up the DagBag from /home/airflow/.local/lib/python3.12/site-packages/airflow/example_dags/example_python_operator.py
[2025-11-03T20:05:19.366+0000] {processor.py:840} INFO - DAG(s) 'example_python_operator' retrieved from /home/airflow/.local/lib/python3.12/site-packages/airflow/example_dags/example_python_operator.py
[2025-11-03T20:05:19.375+0000] {logging_mixin.py:188} INFO - [2025-11-03T20:05:19.375+0000] {dag.py:3096} INFO - Sync 1 DAGs
[2025-11-03T20:05:19.381+0000] {logging_mixin.py:188} INFO - [2025-11-03T20:05:19.381+0000] {dag.py:3954} INFO - Setting next_dagrun for example_python_operator to None, run_after=None
[2025-11-03T20:05:19.390+0000] {processor.py:183} INFO - Processing /home/airflow/.local/lib/python3.12/site-packages/airflow/example_dags/example_python_operator.py took 0.035 seconds
[2025-11-03T20:05:50.104+0000] {processor.py:161} INFO - Started process (PID=770) to work on /home/airflow/.local/lib/python3.12/site-packages/airflow/example_dags/example_python_operator.py
[2025-11-03T20:05:50.104+0000] {processor.py:830} INFO - Processing file /home/airflow/.local/lib/python3.12/site-packages/airflow/example_dags/example_python_operator.py for tasks to queue
[2025-11-03T20:05:50.105+0000] {logging_mixin.py:188} INFO - [2025-11-03T20:05:50.104+0000] {dagbag.py:545} INFO - Filling up the DagBag from /home/airflow/.local/lib/python3.12/site-packages/airflow/example_dags/example_python_operator.py
[2025-11-03T20:05:50.108+0000] {processor.py:840} INFO - DAG(s) 'example_python_operator' retrieved from /home/airflow/.local/lib/python3.12/site-packages/airflow/example_dags/example_python_operator.py
[2025-11-03T20:05:50.116+0000] {logging_mixin.py:188} INFO - [2025-11-03T20:05:50.116+0000] {dag.py:3096} INFO - Sync 1 DAGs
[2025-11-03T20:05:50.120+0000] {logging_mixin.py:188} INFO - [2025-11-03T20:05:50.120+0000] {dag.py:3954} INFO - Setting next_dagrun for example_python_operator to None, run_after=None
[2025-11-03T20:05:50.125+0000] {processor.py:183} INFO - Processing /home/airflow/.local/lib/python3.12/site-packages/airflow/example_dags/example_python_operator.py took 0.023 seconds
[2025-11-03T20:06:20.573+0000] {processor.py:161} INFO - Started process (PID=830) to work on /home/airflow/.local/lib/python3.12/site-packages/airflow/example_dags/example_python_operator.py
[2025-11-03T20:06:20.573+0000] {processor.py:830} INFO - Processing file /home/airflow/.local/lib/python3.12/site-packages/airflow/example_dags/example_python_operator.py for tasks to queue
[2025-11-03T20:06:20.573+0000] {logging_mixin.py:188} INFO - [2025-11-03T20:06:20.573+0000] {dagbag.py:545} INFO - Filling up the DagBag from /home/airflow/.local/lib/python3.12/site-packages/airflow/example_dags/example_python_operator.py
[2025-11-03T20:06:20.577+0000] {processor.py:840} INFO - DAG(s) 'example_python_operator' retrieved from /home/airflow/.local/lib/python3.12/site-packages/airflow/example_dags/example_python_operator.py
[2025-11-03T20:06:20.585+0000] {logging_mixin.py:188} INFO - [2025-11-03T20:06:20.585+0000] {dag.py:3096} INFO - Sync 1 DAGs
[2025-11-03T20:06:20.589+0000] {logging_mixin.py:188} INFO - [2025-11-03T20:06:20.589+0000] {dag.py:3954} INFO - Setting next_dagrun for example_python_operator to None, run_after=None
[2025-11-03T20:06:20.595+0000] {processor.py:183} INFO - Processing /home/airflow/.local/lib/python3.12/site-packages/airflow/example_dags/example_python_operator.py took 0.025 seconds
[2025-11-03T20:06:51.124+0000] {processor.py:161} INFO - Started process (PID=890) to work on /home/airflow/.local/lib/python3.12/site-packages/airflow/example_dags/example_python_operator.py
[2025-11-03T20:06:51.127+0000] {processor.py:830} INFO - Processing file /home/airflow/.local/lib/python3.12/site-packages/airflow/example_dags/example_python_operator.py for tasks to queue
[2025-11-03T20:06:51.127+0000] {logging_mixin.py:188} INFO - [2025-11-03T20:06:51.127+0000] {dagbag.py:545} INFO - Filling up the DagBag from /home/airflow/.local/lib/python3.12/site-packages/airflow/example_dags/example_python_operator.py
[2025-11-03T20:06:51.132+0000] {processor.py:840} INFO - DAG(s) 'example_python_operator' retrieved from /home/airflow/.local/lib/python3.12/site-packages/airflow/example_dags/example_python_operator.py
[2025-11-03T20:06:51.140+0000] {logging_mixin.py:188} INFO - [2025-11-03T20:06:51.140+0000] {dag.py:3096} INFO - Sync 1 DAGs
[2025-11-03T20:06:51.146+0000] {logging_mixin.py:188} INFO - [2025-11-03T20:06:51.146+0000] {dag.py:3954} INFO - Setting next_dagrun for example_python_operator to None, run_after=None
[2025-11-03T20:06:51.160+0000] {processor.py:183} INFO - Processing /home/airflow/.local/lib/python3.12/site-packages/airflow/example_dags/example_python_operator.py took 0.038 seconds
[2025-11-03T20:07:21.720+0000] {processor.py:161} INFO - Started process (PID=950) to work on /home/airflow/.local/lib/python3.12/site-packages/airflow/example_dags/example_python_operator.py
[2025-11-03T20:07:21.721+0000] {processor.py:830} INFO - Processing file /home/airflow/.local/lib/python3.12/site-packages/airflow/example_dags/example_python_operator.py for tasks to queue
[2025-11-03T20:07:21.722+0000] {logging_mixin.py:188} INFO - [2025-11-03T20:07:21.722+0000] {dagbag.py:545} INFO - Filling up the DagBag from /home/airflow/.local/lib/python3.12/site-packages/airflow/example_dags/example_python_operator.py
[2025-11-03T20:07:21.726+0000] {processor.py:840} INFO - DAG(s) 'example_python_operator' retrieved from /home/airflow/.local/lib/python3.12/site-packages/airflow/example_dags/example_python_operator.py
[2025-11-03T20:07:21.735+0000] {logging_mixin.py:188} INFO - [2025-11-03T20:07:21.735+0000] {dag.py:3096} INFO - Sync 1 DAGs
[2025-11-03T20:07:21.740+0000] {logging_mixin.py:188} INFO - [2025-11-03T20:07:21.740+0000] {dag.py:3954} INFO - Setting next_dagrun for example_python_operator to None, run_after=None
[2025-11-03T20:07:21.746+0000] {processor.py:183} INFO - Processing /home/airflow/.local/lib/python3.12/site-packages/airflow/example_dags/example_python_operator.py took 0.028 seconds
[2025-11-03T20:07:52.406+0000] {processor.py:161} INFO - Started process (PID=1010) to work on /home/airflow/.local/lib/python3.12/site-packages/airflow/example_dags/example_python_operator.py
[2025-11-03T20:07:52.406+0000] {processor.py:830} INFO - Processing file /home/airflow/.local/lib/python3.12/site-packages/airflow/example_dags/example_python_operator.py for tasks to queue
[2025-11-03T20:07:52.407+0000] {logging_mixin.py:188} INFO - [2025-11-03T20:07:52.406+0000] {dagbag.py:545} INFO - Filling up the DagBag from /home/airflow/.local/lib/python3.12/site-packages/airflow/example_dags/example_python_operator.py
[2025-11-03T20:07:52.412+0000] {processor.py:840} INFO - DAG(s) 'example_python_operator' retrieved from /home/airflow/.local/lib/python3.12/site-packages/airflow/example_dags/example_python_operator.py
[2025-11-03T20:07:52.422+0000] {logging_mixin.py:188} INFO - [2025-11-03T20:07:52.422+0000] {dag.py:3096} INFO - Sync 1 DAGs
[2025-11-03T20:07:52.428+0000] {logging_mixin.py:188} INFO - [2025-11-03T20:07:52.428+0000] {dag.py:3954} INFO - Setting next_dagrun for example_python_operator to None, run_after=None
[2025-11-03T20:07:52.437+0000] {processor.py:183} INFO - Processing /home/airflow/.local/lib/python3.12/site-packages/airflow/example_dags/example_python_operator.py took 0.034 seconds
[2025-11-03T20:08:23.072+0000] {processor.py:161} INFO - Started process (PID=1070) to work on /home/airflow/.local/lib/python3.12/site-packages/airflow/example_dags/example_python_operator.py
[2025-11-03T20:08:23.076+0000] {processor.py:830} INFO - Processing file /home/airflow/.local/lib/python3.12/site-packages/airflow/example_dags/example_python_operator.py for tasks to queue
[2025-11-03T20:08:23.077+0000] {logging_mixin.py:188} INFO - [2025-11-03T20:08:23.077+0000] {dagbag.py:545} INFO - Filling up the DagBag from /home/airflow/.local/lib/python3.12/site-packages/airflow/example_dags/example_python_operator.py
[2025-11-03T20:08:23.083+0000] {processor.py:840} INFO - DAG(s) 'example_python_operator' retrieved from /home/airflow/.local/lib/python3.12/site-packages/airflow/example_dags/example_python_operator.py
[2025-11-03T20:08:23.094+0000] {logging_mixin.py:188} INFO - [2025-11-03T20:08:23.094+0000] {dag.py:3096} INFO - Sync 1 DAGs
[2025-11-03T20:08:23.098+0000] {logging_mixin.py:188} INFO - [2025-11-03T20:08:23.098+0000] {dag.py:3954} INFO - Setting next_dagrun for example_python_operator to None, run_after=None
[2025-11-03T20:08:23.104+0000] {processor.py:183} INFO - Processing /home/airflow/.local/lib/python3.12/site-packages/airflow/example_dags/example_python_operator.py took 0.037 seconds
