[2025-11-03T19:59:43.618+0000] {processor.py:161} INFO - Started process (PID=75) to work on /home/airflow/.local/lib/python3.12/site-packages/airflow/example_dags/example_task_group_decorator.py
[2025-11-03T19:59:43.619+0000] {processor.py:830} INFO - Processing file /home/airflow/.local/lib/python3.12/site-packages/airflow/example_dags/example_task_group_decorator.py for tasks to queue
[2025-11-03T19:59:43.620+0000] {logging_mixin.py:188} INFO - [2025-11-03T19:59:43.619+0000] {dagbag.py:545} INFO - Filling up the DagBag from /home/airflow/.local/lib/python3.12/site-packages/airflow/example_dags/example_task_group_decorator.py
[2025-11-03T19:59:43.630+0000] {processor.py:840} INFO - DAG(s) 'example_task_group_decorator' retrieved from /home/airflow/.local/lib/python3.12/site-packages/airflow/example_dags/example_task_group_decorator.py
[2025-11-03T19:59:43.640+0000] {logging_mixin.py:188} INFO - [2025-11-03T19:59:43.640+0000] {dag.py:3096} INFO - Sync 1 DAGs
[2025-11-03T19:59:43.651+0000] {logging_mixin.py:188} INFO - [2025-11-03T19:59:43.651+0000] {dag.py:3954} INFO - Setting next_dagrun for example_task_group_decorator to 2025-11-02 00:00:00+00:00, run_after=2025-11-03 00:00:00+00:00
[2025-11-03T19:59:43.665+0000] {processor.py:183} INFO - Processing /home/airflow/.local/lib/python3.12/site-packages/airflow/example_dags/example_task_group_decorator.py took 0.051 seconds
[2025-11-03T20:00:13.923+0000] {processor.py:161} INFO - Started process (PID=135) to work on /home/airflow/.local/lib/python3.12/site-packages/airflow/example_dags/example_task_group_decorator.py
[2025-11-03T20:00:13.924+0000] {processor.py:830} INFO - Processing file /home/airflow/.local/lib/python3.12/site-packages/airflow/example_dags/example_task_group_decorator.py for tasks to queue
[2025-11-03T20:00:13.924+0000] {logging_mixin.py:188} INFO - [2025-11-03T20:00:13.924+0000] {dagbag.py:545} INFO - Filling up the DagBag from /home/airflow/.local/lib/python3.12/site-packages/airflow/example_dags/example_task_group_decorator.py
[2025-11-03T20:00:13.930+0000] {processor.py:840} INFO - DAG(s) 'example_task_group_decorator' retrieved from /home/airflow/.local/lib/python3.12/site-packages/airflow/example_dags/example_task_group_decorator.py
[2025-11-03T20:00:13.973+0000] {logging_mixin.py:188} INFO - [2025-11-03T20:00:13.973+0000] {dag.py:3096} INFO - Sync 1 DAGs
[2025-11-03T20:00:13.981+0000] {logging_mixin.py:188} INFO - [2025-11-03T20:00:13.981+0000] {dag.py:3954} INFO - Setting next_dagrun for example_task_group_decorator to 2025-11-02 00:00:00+00:00, run_after=2025-11-03 00:00:00+00:00
[2025-11-03T20:00:13.992+0000] {processor.py:183} INFO - Processing /home/airflow/.local/lib/python3.12/site-packages/airflow/example_dags/example_task_group_decorator.py took 0.072 seconds
[2025-11-03T20:00:44.674+0000] {processor.py:161} INFO - Started process (PID=195) to work on /home/airflow/.local/lib/python3.12/site-packages/airflow/example_dags/example_task_group_decorator.py
[2025-11-03T20:00:44.676+0000] {processor.py:830} INFO - Processing file /home/airflow/.local/lib/python3.12/site-packages/airflow/example_dags/example_task_group_decorator.py for tasks to queue
[2025-11-03T20:00:44.676+0000] {logging_mixin.py:188} INFO - [2025-11-03T20:00:44.676+0000] {dagbag.py:545} INFO - Filling up the DagBag from /home/airflow/.local/lib/python3.12/site-packages/airflow/example_dags/example_task_group_decorator.py
[2025-11-03T20:00:44.682+0000] {processor.py:840} INFO - DAG(s) 'example_task_group_decorator' retrieved from /home/airflow/.local/lib/python3.12/site-packages/airflow/example_dags/example_task_group_decorator.py
[2025-11-03T20:00:44.692+0000] {logging_mixin.py:188} INFO - [2025-11-03T20:00:44.692+0000] {dag.py:3096} INFO - Sync 1 DAGs
[2025-11-03T20:00:44.699+0000] {logging_mixin.py:188} INFO - [2025-11-03T20:00:44.699+0000] {dag.py:3954} INFO - Setting next_dagrun for example_task_group_decorator to 2025-11-02 00:00:00+00:00, run_after=2025-11-03 00:00:00+00:00
[2025-11-03T20:00:44.708+0000] {processor.py:183} INFO - Processing /home/airflow/.local/lib/python3.12/site-packages/airflow/example_dags/example_task_group_decorator.py took 0.035 seconds
[2025-11-03T20:01:15.476+0000] {processor.py:161} INFO - Started process (PID=255) to work on /home/airflow/.local/lib/python3.12/site-packages/airflow/example_dags/example_task_group_decorator.py
[2025-11-03T20:01:15.477+0000] {processor.py:830} INFO - Processing file /home/airflow/.local/lib/python3.12/site-packages/airflow/example_dags/example_task_group_decorator.py for tasks to queue
[2025-11-03T20:01:15.477+0000] {logging_mixin.py:188} INFO - [2025-11-03T20:01:15.477+0000] {dagbag.py:545} INFO - Filling up the DagBag from /home/airflow/.local/lib/python3.12/site-packages/airflow/example_dags/example_task_group_decorator.py
[2025-11-03T20:01:15.485+0000] {processor.py:840} INFO - DAG(s) 'example_task_group_decorator' retrieved from /home/airflow/.local/lib/python3.12/site-packages/airflow/example_dags/example_task_group_decorator.py
[2025-11-03T20:01:15.494+0000] {logging_mixin.py:188} INFO - [2025-11-03T20:01:15.494+0000] {dag.py:3096} INFO - Sync 1 DAGs
[2025-11-03T20:01:15.504+0000] {logging_mixin.py:188} INFO - [2025-11-03T20:01:15.504+0000] {dag.py:3954} INFO - Setting next_dagrun for example_task_group_decorator to 2025-11-02 00:00:00+00:00, run_after=2025-11-03 00:00:00+00:00
[2025-11-03T20:01:15.511+0000] {processor.py:183} INFO - Processing /home/airflow/.local/lib/python3.12/site-packages/airflow/example_dags/example_task_group_decorator.py took 0.038 seconds
[2025-11-03T20:01:46.047+0000] {processor.py:161} INFO - Started process (PID=315) to work on /home/airflow/.local/lib/python3.12/site-packages/airflow/example_dags/example_task_group_decorator.py
[2025-11-03T20:01:46.049+0000] {processor.py:830} INFO - Processing file /home/airflow/.local/lib/python3.12/site-packages/airflow/example_dags/example_task_group_decorator.py for tasks to queue
[2025-11-03T20:01:46.049+0000] {logging_mixin.py:188} INFO - [2025-11-03T20:01:46.049+0000] {dagbag.py:545} INFO - Filling up the DagBag from /home/airflow/.local/lib/python3.12/site-packages/airflow/example_dags/example_task_group_decorator.py
[2025-11-03T20:01:46.054+0000] {processor.py:840} INFO - DAG(s) 'example_task_group_decorator' retrieved from /home/airflow/.local/lib/python3.12/site-packages/airflow/example_dags/example_task_group_decorator.py
[2025-11-03T20:01:46.064+0000] {logging_mixin.py:188} INFO - [2025-11-03T20:01:46.064+0000] {dag.py:3096} INFO - Sync 1 DAGs
[2025-11-03T20:01:46.071+0000] {logging_mixin.py:188} INFO - [2025-11-03T20:01:46.071+0000] {dag.py:3954} INFO - Setting next_dagrun for example_task_group_decorator to 2025-11-02 00:00:00+00:00, run_after=2025-11-03 00:00:00+00:00
[2025-11-03T20:01:46.079+0000] {processor.py:183} INFO - Processing /home/airflow/.local/lib/python3.12/site-packages/airflow/example_dags/example_task_group_decorator.py took 0.033 seconds
[2025-11-03T20:02:16.670+0000] {processor.py:161} INFO - Started process (PID=375) to work on /home/airflow/.local/lib/python3.12/site-packages/airflow/example_dags/example_task_group_decorator.py
[2025-11-03T20:02:16.671+0000] {processor.py:830} INFO - Processing file /home/airflow/.local/lib/python3.12/site-packages/airflow/example_dags/example_task_group_decorator.py for tasks to queue
[2025-11-03T20:02:16.672+0000] {logging_mixin.py:188} INFO - [2025-11-03T20:02:16.671+0000] {dagbag.py:545} INFO - Filling up the DagBag from /home/airflow/.local/lib/python3.12/site-packages/airflow/example_dags/example_task_group_decorator.py
[2025-11-03T20:02:16.677+0000] {processor.py:840} INFO - DAG(s) 'example_task_group_decorator' retrieved from /home/airflow/.local/lib/python3.12/site-packages/airflow/example_dags/example_task_group_decorator.py
[2025-11-03T20:02:16.687+0000] {logging_mixin.py:188} INFO - [2025-11-03T20:02:16.687+0000] {dag.py:3096} INFO - Sync 1 DAGs
[2025-11-03T20:02:16.695+0000] {logging_mixin.py:188} INFO - [2025-11-03T20:02:16.695+0000] {dag.py:3954} INFO - Setting next_dagrun for example_task_group_decorator to 2025-11-02 00:00:00+00:00, run_after=2025-11-03 00:00:00+00:00
[2025-11-03T20:02:16.704+0000] {processor.py:183} INFO - Processing /home/airflow/.local/lib/python3.12/site-packages/airflow/example_dags/example_task_group_decorator.py took 0.036 seconds
[2025-11-03T20:02:47.319+0000] {processor.py:161} INFO - Started process (PID=435) to work on /home/airflow/.local/lib/python3.12/site-packages/airflow/example_dags/example_task_group_decorator.py
[2025-11-03T20:02:47.320+0000] {processor.py:830} INFO - Processing file /home/airflow/.local/lib/python3.12/site-packages/airflow/example_dags/example_task_group_decorator.py for tasks to queue
[2025-11-03T20:02:47.321+0000] {logging_mixin.py:188} INFO - [2025-11-03T20:02:47.321+0000] {dagbag.py:545} INFO - Filling up the DagBag from /home/airflow/.local/lib/python3.12/site-packages/airflow/example_dags/example_task_group_decorator.py
[2025-11-03T20:02:47.327+0000] {processor.py:840} INFO - DAG(s) 'example_task_group_decorator' retrieved from /home/airflow/.local/lib/python3.12/site-packages/airflow/example_dags/example_task_group_decorator.py
[2025-11-03T20:02:47.338+0000] {logging_mixin.py:188} INFO - [2025-11-03T20:02:47.338+0000] {dag.py:3096} INFO - Sync 1 DAGs
[2025-11-03T20:02:47.345+0000] {logging_mixin.py:188} INFO - [2025-11-03T20:02:47.345+0000] {dag.py:3954} INFO - Setting next_dagrun for example_task_group_decorator to 2025-11-02 00:00:00+00:00, run_after=2025-11-03 00:00:00+00:00
[2025-11-03T20:02:47.352+0000] {processor.py:183} INFO - Processing /home/airflow/.local/lib/python3.12/site-packages/airflow/example_dags/example_task_group_decorator.py took 0.035 seconds
[2025-11-03T20:03:17.941+0000] {processor.py:161} INFO - Started process (PID=495) to work on /home/airflow/.local/lib/python3.12/site-packages/airflow/example_dags/example_task_group_decorator.py
[2025-11-03T20:03:17.942+0000] {processor.py:830} INFO - Processing file /home/airflow/.local/lib/python3.12/site-packages/airflow/example_dags/example_task_group_decorator.py for tasks to queue
[2025-11-03T20:03:17.943+0000] {logging_mixin.py:188} INFO - [2025-11-03T20:03:17.942+0000] {dagbag.py:545} INFO - Filling up the DagBag from /home/airflow/.local/lib/python3.12/site-packages/airflow/example_dags/example_task_group_decorator.py
[2025-11-03T20:03:17.949+0000] {processor.py:840} INFO - DAG(s) 'example_task_group_decorator' retrieved from /home/airflow/.local/lib/python3.12/site-packages/airflow/example_dags/example_task_group_decorator.py
[2025-11-03T20:03:17.962+0000] {logging_mixin.py:188} INFO - [2025-11-03T20:03:17.962+0000] {dag.py:3096} INFO - Sync 1 DAGs
[2025-11-03T20:03:17.970+0000] {logging_mixin.py:188} INFO - [2025-11-03T20:03:17.970+0000] {dag.py:3954} INFO - Setting next_dagrun for example_task_group_decorator to 2025-11-02 00:00:00+00:00, run_after=2025-11-03 00:00:00+00:00
[2025-11-03T20:03:17.979+0000] {processor.py:183} INFO - Processing /home/airflow/.local/lib/python3.12/site-packages/airflow/example_dags/example_task_group_decorator.py took 0.040 seconds
[2025-11-03T20:03:48.700+0000] {processor.py:161} INFO - Started process (PID=555) to work on /home/airflow/.local/lib/python3.12/site-packages/airflow/example_dags/example_task_group_decorator.py
[2025-11-03T20:03:48.701+0000] {processor.py:830} INFO - Processing file /home/airflow/.local/lib/python3.12/site-packages/airflow/example_dags/example_task_group_decorator.py for tasks to queue
[2025-11-03T20:03:48.702+0000] {logging_mixin.py:188} INFO - [2025-11-03T20:03:48.702+0000] {dagbag.py:545} INFO - Filling up the DagBag from /home/airflow/.local/lib/python3.12/site-packages/airflow/example_dags/example_task_group_decorator.py
[2025-11-03T20:03:48.708+0000] {processor.py:840} INFO - DAG(s) 'example_task_group_decorator' retrieved from /home/airflow/.local/lib/python3.12/site-packages/airflow/example_dags/example_task_group_decorator.py
[2025-11-03T20:03:48.717+0000] {logging_mixin.py:188} INFO - [2025-11-03T20:03:48.717+0000] {dag.py:3096} INFO - Sync 1 DAGs
[2025-11-03T20:03:48.730+0000] {logging_mixin.py:188} INFO - [2025-11-03T20:03:48.730+0000] {dag.py:3954} INFO - Setting next_dagrun for example_task_group_decorator to 2025-11-02 00:00:00+00:00, run_after=2025-11-03 00:00:00+00:00
[2025-11-03T20:03:48.738+0000] {processor.py:183} INFO - Processing /home/airflow/.local/lib/python3.12/site-packages/airflow/example_dags/example_task_group_decorator.py took 0.040 seconds
[2025-11-03T20:04:19.425+0000] {processor.py:161} INFO - Started process (PID=616) to work on /home/airflow/.local/lib/python3.12/site-packages/airflow/example_dags/example_task_group_decorator.py
[2025-11-03T20:04:19.426+0000] {processor.py:830} INFO - Processing file /home/airflow/.local/lib/python3.12/site-packages/airflow/example_dags/example_task_group_decorator.py for tasks to queue
[2025-11-03T20:04:19.426+0000] {logging_mixin.py:188} INFO - [2025-11-03T20:04:19.426+0000] {dagbag.py:545} INFO - Filling up the DagBag from /home/airflow/.local/lib/python3.12/site-packages/airflow/example_dags/example_task_group_decorator.py
[2025-11-03T20:04:19.432+0000] {processor.py:840} INFO - DAG(s) 'example_task_group_decorator' retrieved from /home/airflow/.local/lib/python3.12/site-packages/airflow/example_dags/example_task_group_decorator.py
[2025-11-03T20:04:19.441+0000] {logging_mixin.py:188} INFO - [2025-11-03T20:04:19.441+0000] {dag.py:3096} INFO - Sync 1 DAGs
[2025-11-03T20:04:19.449+0000] {logging_mixin.py:188} INFO - [2025-11-03T20:04:19.449+0000] {dag.py:3954} INFO - Setting next_dagrun for example_task_group_decorator to 2025-11-02 00:00:00+00:00, run_after=2025-11-03 00:00:00+00:00
[2025-11-03T20:04:19.462+0000] {processor.py:183} INFO - Processing /home/airflow/.local/lib/python3.12/site-packages/airflow/example_dags/example_task_group_decorator.py took 0.038 seconds
[2025-11-03T20:04:50.205+0000] {processor.py:161} INFO - Started process (PID=675) to work on /home/airflow/.local/lib/python3.12/site-packages/airflow/example_dags/example_task_group_decorator.py
[2025-11-03T20:04:50.206+0000] {processor.py:830} INFO - Processing file /home/airflow/.local/lib/python3.12/site-packages/airflow/example_dags/example_task_group_decorator.py for tasks to queue
[2025-11-03T20:04:50.206+0000] {logging_mixin.py:188} INFO - [2025-11-03T20:04:50.206+0000] {dagbag.py:545} INFO - Filling up the DagBag from /home/airflow/.local/lib/python3.12/site-packages/airflow/example_dags/example_task_group_decorator.py
[2025-11-03T20:04:50.213+0000] {processor.py:840} INFO - DAG(s) 'example_task_group_decorator' retrieved from /home/airflow/.local/lib/python3.12/site-packages/airflow/example_dags/example_task_group_decorator.py
[2025-11-03T20:04:50.221+0000] {logging_mixin.py:188} INFO - [2025-11-03T20:04:50.221+0000] {dag.py:3096} INFO - Sync 1 DAGs
[2025-11-03T20:04:50.228+0000] {logging_mixin.py:188} INFO - [2025-11-03T20:04:50.228+0000] {dag.py:3954} INFO - Setting next_dagrun for example_task_group_decorator to 2025-11-02 00:00:00+00:00, run_after=2025-11-03 00:00:00+00:00
[2025-11-03T20:04:50.236+0000] {processor.py:183} INFO - Processing /home/airflow/.local/lib/python3.12/site-packages/airflow/example_dags/example_task_group_decorator.py took 0.033 seconds
[2025-11-03T20:05:21.074+0000] {processor.py:161} INFO - Started process (PID=735) to work on /home/airflow/.local/lib/python3.12/site-packages/airflow/example_dags/example_task_group_decorator.py
[2025-11-03T20:05:21.075+0000] {processor.py:830} INFO - Processing file /home/airflow/.local/lib/python3.12/site-packages/airflow/example_dags/example_task_group_decorator.py for tasks to queue
[2025-11-03T20:05:21.076+0000] {logging_mixin.py:188} INFO - [2025-11-03T20:05:21.076+0000] {dagbag.py:545} INFO - Filling up the DagBag from /home/airflow/.local/lib/python3.12/site-packages/airflow/example_dags/example_task_group_decorator.py
[2025-11-03T20:05:21.081+0000] {processor.py:840} INFO - DAG(s) 'example_task_group_decorator' retrieved from /home/airflow/.local/lib/python3.12/site-packages/airflow/example_dags/example_task_group_decorator.py
[2025-11-03T20:05:21.092+0000] {logging_mixin.py:188} INFO - [2025-11-03T20:05:21.092+0000] {dag.py:3096} INFO - Sync 1 DAGs
[2025-11-03T20:05:21.100+0000] {logging_mixin.py:188} INFO - [2025-11-03T20:05:21.100+0000] {dag.py:3954} INFO - Setting next_dagrun for example_task_group_decorator to 2025-11-02 00:00:00+00:00, run_after=2025-11-03 00:00:00+00:00
[2025-11-03T20:05:21.108+0000] {processor.py:183} INFO - Processing /home/airflow/.local/lib/python3.12/site-packages/airflow/example_dags/example_task_group_decorator.py took 0.037 seconds
[2025-11-03T20:05:51.712+0000] {processor.py:161} INFO - Started process (PID=795) to work on /home/airflow/.local/lib/python3.12/site-packages/airflow/example_dags/example_task_group_decorator.py
[2025-11-03T20:05:51.712+0000] {processor.py:830} INFO - Processing file /home/airflow/.local/lib/python3.12/site-packages/airflow/example_dags/example_task_group_decorator.py for tasks to queue
[2025-11-03T20:05:51.713+0000] {logging_mixin.py:188} INFO - [2025-11-03T20:05:51.712+0000] {dagbag.py:545} INFO - Filling up the DagBag from /home/airflow/.local/lib/python3.12/site-packages/airflow/example_dags/example_task_group_decorator.py
[2025-11-03T20:05:51.718+0000] {processor.py:840} INFO - DAG(s) 'example_task_group_decorator' retrieved from /home/airflow/.local/lib/python3.12/site-packages/airflow/example_dags/example_task_group_decorator.py
[2025-11-03T20:05:51.726+0000] {logging_mixin.py:188} INFO - [2025-11-03T20:05:51.726+0000] {dag.py:3096} INFO - Sync 1 DAGs
[2025-11-03T20:05:51.733+0000] {logging_mixin.py:188} INFO - [2025-11-03T20:05:51.733+0000] {dag.py:3954} INFO - Setting next_dagrun for example_task_group_decorator to 2025-11-02 00:00:00+00:00, run_after=2025-11-03 00:00:00+00:00
[2025-11-03T20:05:51.739+0000] {processor.py:183} INFO - Processing /home/airflow/.local/lib/python3.12/site-packages/airflow/example_dags/example_task_group_decorator.py took 0.030 seconds
[2025-11-03T20:06:22.236+0000] {processor.py:161} INFO - Started process (PID=855) to work on /home/airflow/.local/lib/python3.12/site-packages/airflow/example_dags/example_task_group_decorator.py
[2025-11-03T20:06:22.236+0000] {processor.py:830} INFO - Processing file /home/airflow/.local/lib/python3.12/site-packages/airflow/example_dags/example_task_group_decorator.py for tasks to queue
[2025-11-03T20:06:22.236+0000] {logging_mixin.py:188} INFO - [2025-11-03T20:06:22.236+0000] {dagbag.py:545} INFO - Filling up the DagBag from /home/airflow/.local/lib/python3.12/site-packages/airflow/example_dags/example_task_group_decorator.py
[2025-11-03T20:06:22.241+0000] {processor.py:840} INFO - DAG(s) 'example_task_group_decorator' retrieved from /home/airflow/.local/lib/python3.12/site-packages/airflow/example_dags/example_task_group_decorator.py
[2025-11-03T20:06:22.249+0000] {logging_mixin.py:188} INFO - [2025-11-03T20:06:22.249+0000] {dag.py:3096} INFO - Sync 1 DAGs
[2025-11-03T20:06:22.256+0000] {logging_mixin.py:188} INFO - [2025-11-03T20:06:22.256+0000] {dag.py:3954} INFO - Setting next_dagrun for example_task_group_decorator to 2025-11-02 00:00:00+00:00, run_after=2025-11-03 00:00:00+00:00
[2025-11-03T20:06:22.261+0000] {processor.py:183} INFO - Processing /home/airflow/.local/lib/python3.12/site-packages/airflow/example_dags/example_task_group_decorator.py took 0.028 seconds
[2025-11-03T20:06:52.795+0000] {processor.py:161} INFO - Started process (PID=915) to work on /home/airflow/.local/lib/python3.12/site-packages/airflow/example_dags/example_task_group_decorator.py
[2025-11-03T20:06:52.795+0000] {processor.py:830} INFO - Processing file /home/airflow/.local/lib/python3.12/site-packages/airflow/example_dags/example_task_group_decorator.py for tasks to queue
[2025-11-03T20:06:52.795+0000] {logging_mixin.py:188} INFO - [2025-11-03T20:06:52.795+0000] {dagbag.py:545} INFO - Filling up the DagBag from /home/airflow/.local/lib/python3.12/site-packages/airflow/example_dags/example_task_group_decorator.py
[2025-11-03T20:06:52.802+0000] {processor.py:840} INFO - DAG(s) 'example_task_group_decorator' retrieved from /home/airflow/.local/lib/python3.12/site-packages/airflow/example_dags/example_task_group_decorator.py
[2025-11-03T20:06:52.833+0000] {logging_mixin.py:188} INFO - [2025-11-03T20:06:52.833+0000] {dag.py:3096} INFO - Sync 1 DAGs
[2025-11-03T20:06:52.845+0000] {logging_mixin.py:188} INFO - [2025-11-03T20:06:52.845+0000] {dag.py:3954} INFO - Setting next_dagrun for example_task_group_decorator to 2025-11-02 00:00:00+00:00, run_after=2025-11-03 00:00:00+00:00
[2025-11-03T20:06:52.857+0000] {processor.py:183} INFO - Processing /home/airflow/.local/lib/python3.12/site-packages/airflow/example_dags/example_task_group_decorator.py took 0.065 seconds
[2025-11-03T20:07:23.414+0000] {processor.py:161} INFO - Started process (PID=975) to work on /home/airflow/.local/lib/python3.12/site-packages/airflow/example_dags/example_task_group_decorator.py
[2025-11-03T20:07:23.414+0000] {processor.py:830} INFO - Processing file /home/airflow/.local/lib/python3.12/site-packages/airflow/example_dags/example_task_group_decorator.py for tasks to queue
[2025-11-03T20:07:23.414+0000] {logging_mixin.py:188} INFO - [2025-11-03T20:07:23.414+0000] {dagbag.py:545} INFO - Filling up the DagBag from /home/airflow/.local/lib/python3.12/site-packages/airflow/example_dags/example_task_group_decorator.py
[2025-11-03T20:07:23.423+0000] {processor.py:840} INFO - DAG(s) 'example_task_group_decorator' retrieved from /home/airflow/.local/lib/python3.12/site-packages/airflow/example_dags/example_task_group_decorator.py
[2025-11-03T20:07:23.434+0000] {logging_mixin.py:188} INFO - [2025-11-03T20:07:23.434+0000] {dag.py:3096} INFO - Sync 1 DAGs
[2025-11-03T20:07:23.443+0000] {logging_mixin.py:188} INFO - [2025-11-03T20:07:23.443+0000] {dag.py:3954} INFO - Setting next_dagrun for example_task_group_decorator to 2025-11-02 00:00:00+00:00, run_after=2025-11-03 00:00:00+00:00
[2025-11-03T20:07:23.452+0000] {processor.py:183} INFO - Processing /home/airflow/.local/lib/python3.12/site-packages/airflow/example_dags/example_task_group_decorator.py took 0.040 seconds
[2025-11-03T20:07:54.089+0000] {processor.py:161} INFO - Started process (PID=1035) to work on /home/airflow/.local/lib/python3.12/site-packages/airflow/example_dags/example_task_group_decorator.py
[2025-11-03T20:07:54.090+0000] {processor.py:830} INFO - Processing file /home/airflow/.local/lib/python3.12/site-packages/airflow/example_dags/example_task_group_decorator.py for tasks to queue
[2025-11-03T20:07:54.090+0000] {logging_mixin.py:188} INFO - [2025-11-03T20:07:54.090+0000] {dagbag.py:545} INFO - Filling up the DagBag from /home/airflow/.local/lib/python3.12/site-packages/airflow/example_dags/example_task_group_decorator.py
[2025-11-03T20:07:54.095+0000] {processor.py:840} INFO - DAG(s) 'example_task_group_decorator' retrieved from /home/airflow/.local/lib/python3.12/site-packages/airflow/example_dags/example_task_group_decorator.py
[2025-11-03T20:07:54.105+0000] {logging_mixin.py:188} INFO - [2025-11-03T20:07:54.105+0000] {dag.py:3096} INFO - Sync 1 DAGs
[2025-11-03T20:07:54.112+0000] {logging_mixin.py:188} INFO - [2025-11-03T20:07:54.112+0000] {dag.py:3954} INFO - Setting next_dagrun for example_task_group_decorator to 2025-11-02 00:00:00+00:00, run_after=2025-11-03 00:00:00+00:00
[2025-11-03T20:07:54.122+0000] {processor.py:183} INFO - Processing /home/airflow/.local/lib/python3.12/site-packages/airflow/example_dags/example_task_group_decorator.py took 0.035 seconds
[2025-11-03T20:08:24.723+0000] {processor.py:161} INFO - Started process (PID=1095) to work on /home/airflow/.local/lib/python3.12/site-packages/airflow/example_dags/example_task_group_decorator.py
[2025-11-03T20:08:24.725+0000] {processor.py:830} INFO - Processing file /home/airflow/.local/lib/python3.12/site-packages/airflow/example_dags/example_task_group_decorator.py for tasks to queue
[2025-11-03T20:08:24.725+0000] {logging_mixin.py:188} INFO - [2025-11-03T20:08:24.725+0000] {dagbag.py:545} INFO - Filling up the DagBag from /home/airflow/.local/lib/python3.12/site-packages/airflow/example_dags/example_task_group_decorator.py
[2025-11-03T20:08:24.730+0000] {processor.py:840} INFO - DAG(s) 'example_task_group_decorator' retrieved from /home/airflow/.local/lib/python3.12/site-packages/airflow/example_dags/example_task_group_decorator.py
[2025-11-03T20:08:24.742+0000] {logging_mixin.py:188} INFO - [2025-11-03T20:08:24.742+0000] {dag.py:3096} INFO - Sync 1 DAGs
[2025-11-03T20:08:24.750+0000] {logging_mixin.py:188} INFO - [2025-11-03T20:08:24.750+0000] {dag.py:3954} INFO - Setting next_dagrun for example_task_group_decorator to 2025-11-02 00:00:00+00:00, run_after=2025-11-03 00:00:00+00:00
[2025-11-03T20:08:24.758+0000] {processor.py:183} INFO - Processing /home/airflow/.local/lib/python3.12/site-packages/airflow/example_dags/example_task_group_decorator.py took 0.038 seconds
