[2025-11-03T19:59:43.025+0000] {processor.py:161} INFO - Started process (PID=50) to work on /home/airflow/.local/lib/python3.12/site-packages/airflow/example_dags/tutorial_taskflow_api.py
[2025-11-03T19:59:43.025+0000] {processor.py:830} INFO - Processing file /home/airflow/.local/lib/python3.12/site-packages/airflow/example_dags/tutorial_taskflow_api.py for tasks to queue
[2025-11-03T19:59:43.027+0000] {logging_mixin.py:188} INFO - [2025-11-03T19:59:43.026+0000] {dagbag.py:545} INFO - Filling up the DagBag from /home/airflow/.local/lib/python3.12/site-packages/airflow/example_dags/tutorial_taskflow_api.py
[2025-11-03T19:59:43.033+0000] {processor.py:840} INFO - DAG(s) 'tutorial_taskflow_api' retrieved from /home/airflow/.local/lib/python3.12/site-packages/airflow/example_dags/tutorial_taskflow_api.py
[2025-11-03T19:59:43.043+0000] {logging_mixin.py:188} INFO - [2025-11-03T19:59:43.042+0000] {dag.py:3096} INFO - Sync 1 DAGs
[2025-11-03T19:59:43.052+0000] {logging_mixin.py:188} INFO - [2025-11-03T19:59:43.051+0000] {dag.py:3954} INFO - Setting next_dagrun for tutorial_taskflow_api to None, run_after=None
[2025-11-03T19:59:43.072+0000] {processor.py:183} INFO - Processing /home/airflow/.local/lib/python3.12/site-packages/airflow/example_dags/tutorial_taskflow_api.py took 0.053 seconds
[2025-11-03T20:00:13.110+0000] {processor.py:161} INFO - Started process (PID=109) to work on /home/airflow/.local/lib/python3.12/site-packages/airflow/example_dags/tutorial_taskflow_api.py
[2025-11-03T20:00:13.110+0000] {processor.py:830} INFO - Processing file /home/airflow/.local/lib/python3.12/site-packages/airflow/example_dags/tutorial_taskflow_api.py for tasks to queue
[2025-11-03T20:00:13.111+0000] {logging_mixin.py:188} INFO - [2025-11-03T20:00:13.111+0000] {dagbag.py:545} INFO - Filling up the DagBag from /home/airflow/.local/lib/python3.12/site-packages/airflow/example_dags/tutorial_taskflow_api.py
[2025-11-03T20:00:13.113+0000] {processor.py:840} INFO - DAG(s) 'tutorial_taskflow_api' retrieved from /home/airflow/.local/lib/python3.12/site-packages/airflow/example_dags/tutorial_taskflow_api.py
[2025-11-03T20:00:13.150+0000] {logging_mixin.py:188} INFO - [2025-11-03T20:00:13.150+0000] {dag.py:3096} INFO - Sync 1 DAGs
[2025-11-03T20:00:13.153+0000] {logging_mixin.py:188} INFO - [2025-11-03T20:00:13.153+0000] {dag.py:3954} INFO - Setting next_dagrun for tutorial_taskflow_api to None, run_after=None
[2025-11-03T20:00:13.160+0000] {processor.py:183} INFO - Processing /home/airflow/.local/lib/python3.12/site-packages/airflow/example_dags/tutorial_taskflow_api.py took 0.052 seconds
[2025-11-03T20:00:44.159+0000] {processor.py:161} INFO - Started process (PID=175) to work on /home/airflow/.local/lib/python3.12/site-packages/airflow/example_dags/tutorial_taskflow_api.py
[2025-11-03T20:00:44.160+0000] {processor.py:830} INFO - Processing file /home/airflow/.local/lib/python3.12/site-packages/airflow/example_dags/tutorial_taskflow_api.py for tasks to queue
[2025-11-03T20:00:44.162+0000] {logging_mixin.py:188} INFO - [2025-11-03T20:00:44.161+0000] {dagbag.py:545} INFO - Filling up the DagBag from /home/airflow/.local/lib/python3.12/site-packages/airflow/example_dags/tutorial_taskflow_api.py
[2025-11-03T20:00:44.166+0000] {processor.py:840} INFO - DAG(s) 'tutorial_taskflow_api' retrieved from /home/airflow/.local/lib/python3.12/site-packages/airflow/example_dags/tutorial_taskflow_api.py
[2025-11-03T20:00:44.184+0000] {logging_mixin.py:188} INFO - [2025-11-03T20:00:44.184+0000] {dag.py:3096} INFO - Sync 1 DAGs
[2025-11-03T20:00:44.194+0000] {logging_mixin.py:188} INFO - [2025-11-03T20:00:44.194+0000] {dag.py:3954} INFO - Setting next_dagrun for tutorial_taskflow_api to None, run_after=None
[2025-11-03T20:00:44.202+0000] {processor.py:183} INFO - Processing /home/airflow/.local/lib/python3.12/site-packages/airflow/example_dags/tutorial_taskflow_api.py took 0.046 seconds
[2025-11-03T20:01:14.922+0000] {processor.py:161} INFO - Started process (PID=235) to work on /home/airflow/.local/lib/python3.12/site-packages/airflow/example_dags/tutorial_taskflow_api.py
[2025-11-03T20:01:14.924+0000] {processor.py:830} INFO - Processing file /home/airflow/.local/lib/python3.12/site-packages/airflow/example_dags/tutorial_taskflow_api.py for tasks to queue
[2025-11-03T20:01:14.925+0000] {logging_mixin.py:188} INFO - [2025-11-03T20:01:14.925+0000] {dagbag.py:545} INFO - Filling up the DagBag from /home/airflow/.local/lib/python3.12/site-packages/airflow/example_dags/tutorial_taskflow_api.py
[2025-11-03T20:01:14.933+0000] {processor.py:840} INFO - DAG(s) 'tutorial_taskflow_api' retrieved from /home/airflow/.local/lib/python3.12/site-packages/airflow/example_dags/tutorial_taskflow_api.py
[2025-11-03T20:01:14.949+0000] {logging_mixin.py:188} INFO - [2025-11-03T20:01:14.948+0000] {dag.py:3096} INFO - Sync 1 DAGs
[2025-11-03T20:01:14.956+0000] {logging_mixin.py:188} INFO - [2025-11-03T20:01:14.956+0000] {dag.py:3954} INFO - Setting next_dagrun for tutorial_taskflow_api to None, run_after=None
[2025-11-03T20:01:14.967+0000] {processor.py:183} INFO - Processing /home/airflow/.local/lib/python3.12/site-packages/airflow/example_dags/tutorial_taskflow_api.py took 0.049 seconds
[2025-11-03T20:01:45.493+0000] {processor.py:161} INFO - Started process (PID=295) to work on /home/airflow/.local/lib/python3.12/site-packages/airflow/example_dags/tutorial_taskflow_api.py
[2025-11-03T20:01:45.495+0000] {processor.py:830} INFO - Processing file /home/airflow/.local/lib/python3.12/site-packages/airflow/example_dags/tutorial_taskflow_api.py for tasks to queue
[2025-11-03T20:01:45.496+0000] {logging_mixin.py:188} INFO - [2025-11-03T20:01:45.496+0000] {dagbag.py:545} INFO - Filling up the DagBag from /home/airflow/.local/lib/python3.12/site-packages/airflow/example_dags/tutorial_taskflow_api.py
[2025-11-03T20:01:45.502+0000] {processor.py:840} INFO - DAG(s) 'tutorial_taskflow_api' retrieved from /home/airflow/.local/lib/python3.12/site-packages/airflow/example_dags/tutorial_taskflow_api.py
[2025-11-03T20:01:45.516+0000] {logging_mixin.py:188} INFO - [2025-11-03T20:01:45.515+0000] {dag.py:3096} INFO - Sync 1 DAGs
[2025-11-03T20:01:45.523+0000] {logging_mixin.py:188} INFO - [2025-11-03T20:01:45.523+0000] {dag.py:3954} INFO - Setting next_dagrun for tutorial_taskflow_api to None, run_after=None
[2025-11-03T20:01:45.533+0000] {processor.py:183} INFO - Processing /home/airflow/.local/lib/python3.12/site-packages/airflow/example_dags/tutorial_taskflow_api.py took 0.045 seconds
[2025-11-03T20:02:16.079+0000] {processor.py:161} INFO - Started process (PID=355) to work on /home/airflow/.local/lib/python3.12/site-packages/airflow/example_dags/tutorial_taskflow_api.py
[2025-11-03T20:02:16.080+0000] {processor.py:830} INFO - Processing file /home/airflow/.local/lib/python3.12/site-packages/airflow/example_dags/tutorial_taskflow_api.py for tasks to queue
[2025-11-03T20:02:16.081+0000] {logging_mixin.py:188} INFO - [2025-11-03T20:02:16.080+0000] {dagbag.py:545} INFO - Filling up the DagBag from /home/airflow/.local/lib/python3.12/site-packages/airflow/example_dags/tutorial_taskflow_api.py
[2025-11-03T20:02:16.084+0000] {processor.py:840} INFO - DAG(s) 'tutorial_taskflow_api' retrieved from /home/airflow/.local/lib/python3.12/site-packages/airflow/example_dags/tutorial_taskflow_api.py
[2025-11-03T20:02:16.096+0000] {logging_mixin.py:188} INFO - [2025-11-03T20:02:16.096+0000] {dag.py:3096} INFO - Sync 1 DAGs
[2025-11-03T20:02:16.105+0000] {logging_mixin.py:188} INFO - [2025-11-03T20:02:16.104+0000] {dag.py:3954} INFO - Setting next_dagrun for tutorial_taskflow_api to None, run_after=None
[2025-11-03T20:02:16.114+0000] {processor.py:183} INFO - Processing /home/airflow/.local/lib/python3.12/site-packages/airflow/example_dags/tutorial_taskflow_api.py took 0.038 seconds
[2025-11-03T20:02:46.683+0000] {processor.py:161} INFO - Started process (PID=415) to work on /home/airflow/.local/lib/python3.12/site-packages/airflow/example_dags/tutorial_taskflow_api.py
[2025-11-03T20:02:46.683+0000] {processor.py:830} INFO - Processing file /home/airflow/.local/lib/python3.12/site-packages/airflow/example_dags/tutorial_taskflow_api.py for tasks to queue
[2025-11-03T20:02:46.684+0000] {logging_mixin.py:188} INFO - [2025-11-03T20:02:46.684+0000] {dagbag.py:545} INFO - Filling up the DagBag from /home/airflow/.local/lib/python3.12/site-packages/airflow/example_dags/tutorial_taskflow_api.py
[2025-11-03T20:02:46.687+0000] {processor.py:840} INFO - DAG(s) 'tutorial_taskflow_api' retrieved from /home/airflow/.local/lib/python3.12/site-packages/airflow/example_dags/tutorial_taskflow_api.py
[2025-11-03T20:02:46.702+0000] {logging_mixin.py:188} INFO - [2025-11-03T20:02:46.702+0000] {dag.py:3096} INFO - Sync 1 DAGs
[2025-11-03T20:02:46.710+0000] {logging_mixin.py:188} INFO - [2025-11-03T20:02:46.710+0000] {dag.py:3954} INFO - Setting next_dagrun for tutorial_taskflow_api to None, run_after=None
[2025-11-03T20:02:46.727+0000] {processor.py:183} INFO - Processing /home/airflow/.local/lib/python3.12/site-packages/airflow/example_dags/tutorial_taskflow_api.py took 0.047 seconds
[2025-11-03T20:03:17.411+0000] {processor.py:161} INFO - Started process (PID=475) to work on /home/airflow/.local/lib/python3.12/site-packages/airflow/example_dags/tutorial_taskflow_api.py
[2025-11-03T20:03:17.411+0000] {processor.py:830} INFO - Processing file /home/airflow/.local/lib/python3.12/site-packages/airflow/example_dags/tutorial_taskflow_api.py for tasks to queue
[2025-11-03T20:03:17.412+0000] {logging_mixin.py:188} INFO - [2025-11-03T20:03:17.411+0000] {dagbag.py:545} INFO - Filling up the DagBag from /home/airflow/.local/lib/python3.12/site-packages/airflow/example_dags/tutorial_taskflow_api.py
[2025-11-03T20:03:17.414+0000] {processor.py:840} INFO - DAG(s) 'tutorial_taskflow_api' retrieved from /home/airflow/.local/lib/python3.12/site-packages/airflow/example_dags/tutorial_taskflow_api.py
[2025-11-03T20:03:17.424+0000] {logging_mixin.py:188} INFO - [2025-11-03T20:03:17.424+0000] {dag.py:3096} INFO - Sync 1 DAGs
[2025-11-03T20:03:17.430+0000] {logging_mixin.py:188} INFO - [2025-11-03T20:03:17.429+0000] {dag.py:3954} INFO - Setting next_dagrun for tutorial_taskflow_api to None, run_after=None
[2025-11-03T20:03:17.439+0000] {processor.py:183} INFO - Processing /home/airflow/.local/lib/python3.12/site-packages/airflow/example_dags/tutorial_taskflow_api.py took 0.030 seconds
[2025-11-03T20:03:48.154+0000] {processor.py:161} INFO - Started process (PID=535) to work on /home/airflow/.local/lib/python3.12/site-packages/airflow/example_dags/tutorial_taskflow_api.py
[2025-11-03T20:03:48.155+0000] {processor.py:830} INFO - Processing file /home/airflow/.local/lib/python3.12/site-packages/airflow/example_dags/tutorial_taskflow_api.py for tasks to queue
[2025-11-03T20:03:48.155+0000] {logging_mixin.py:188} INFO - [2025-11-03T20:03:48.155+0000] {dagbag.py:545} INFO - Filling up the DagBag from /home/airflow/.local/lib/python3.12/site-packages/airflow/example_dags/tutorial_taskflow_api.py
[2025-11-03T20:03:48.159+0000] {processor.py:840} INFO - DAG(s) 'tutorial_taskflow_api' retrieved from /home/airflow/.local/lib/python3.12/site-packages/airflow/example_dags/tutorial_taskflow_api.py
[2025-11-03T20:03:48.170+0000] {logging_mixin.py:188} INFO - [2025-11-03T20:03:48.170+0000] {dag.py:3096} INFO - Sync 1 DAGs
[2025-11-03T20:03:48.177+0000] {logging_mixin.py:188} INFO - [2025-11-03T20:03:48.177+0000] {dag.py:3954} INFO - Setting next_dagrun for tutorial_taskflow_api to None, run_after=None
[2025-11-03T20:03:48.185+0000] {processor.py:183} INFO - Processing /home/airflow/.local/lib/python3.12/site-packages/airflow/example_dags/tutorial_taskflow_api.py took 0.035 seconds
[2025-11-03T20:04:18.765+0000] {processor.py:161} INFO - Started process (PID=595) to work on /home/airflow/.local/lib/python3.12/site-packages/airflow/example_dags/tutorial_taskflow_api.py
[2025-11-03T20:04:18.766+0000] {processor.py:830} INFO - Processing file /home/airflow/.local/lib/python3.12/site-packages/airflow/example_dags/tutorial_taskflow_api.py for tasks to queue
[2025-11-03T20:04:18.768+0000] {logging_mixin.py:188} INFO - [2025-11-03T20:04:18.767+0000] {dagbag.py:545} INFO - Filling up the DagBag from /home/airflow/.local/lib/python3.12/site-packages/airflow/example_dags/tutorial_taskflow_api.py
[2025-11-03T20:04:18.776+0000] {processor.py:840} INFO - DAG(s) 'tutorial_taskflow_api' retrieved from /home/airflow/.local/lib/python3.12/site-packages/airflow/example_dags/tutorial_taskflow_api.py
[2025-11-03T20:04:18.795+0000] {logging_mixin.py:188} INFO - [2025-11-03T20:04:18.795+0000] {dag.py:3096} INFO - Sync 1 DAGs
[2025-11-03T20:04:18.805+0000] {logging_mixin.py:188} INFO - [2025-11-03T20:04:18.805+0000] {dag.py:3954} INFO - Setting next_dagrun for tutorial_taskflow_api to None, run_after=None
[2025-11-03T20:04:18.819+0000] {processor.py:183} INFO - Processing /home/airflow/.local/lib/python3.12/site-packages/airflow/example_dags/tutorial_taskflow_api.py took 0.060 seconds
[2025-11-03T20:04:49.653+0000] {processor.py:161} INFO - Started process (PID=655) to work on /home/airflow/.local/lib/python3.12/site-packages/airflow/example_dags/tutorial_taskflow_api.py
[2025-11-03T20:04:49.654+0000] {processor.py:830} INFO - Processing file /home/airflow/.local/lib/python3.12/site-packages/airflow/example_dags/tutorial_taskflow_api.py for tasks to queue
[2025-11-03T20:04:49.655+0000] {logging_mixin.py:188} INFO - [2025-11-03T20:04:49.654+0000] {dagbag.py:545} INFO - Filling up the DagBag from /home/airflow/.local/lib/python3.12/site-packages/airflow/example_dags/tutorial_taskflow_api.py
[2025-11-03T20:04:49.658+0000] {processor.py:840} INFO - DAG(s) 'tutorial_taskflow_api' retrieved from /home/airflow/.local/lib/python3.12/site-packages/airflow/example_dags/tutorial_taskflow_api.py
[2025-11-03T20:04:49.671+0000] {logging_mixin.py:188} INFO - [2025-11-03T20:04:49.671+0000] {dag.py:3096} INFO - Sync 1 DAGs
[2025-11-03T20:04:49.684+0000] {logging_mixin.py:188} INFO - [2025-11-03T20:04:49.684+0000] {dag.py:3954} INFO - Setting next_dagrun for tutorial_taskflow_api to None, run_after=None
[2025-11-03T20:04:49.694+0000] {processor.py:183} INFO - Processing /home/airflow/.local/lib/python3.12/site-packages/airflow/example_dags/tutorial_taskflow_api.py took 0.046 seconds
[2025-11-03T20:05:20.481+0000] {processor.py:161} INFO - Started process (PID=715) to work on /home/airflow/.local/lib/python3.12/site-packages/airflow/example_dags/tutorial_taskflow_api.py
[2025-11-03T20:05:20.482+0000] {processor.py:830} INFO - Processing file /home/airflow/.local/lib/python3.12/site-packages/airflow/example_dags/tutorial_taskflow_api.py for tasks to queue
[2025-11-03T20:05:20.483+0000] {logging_mixin.py:188} INFO - [2025-11-03T20:05:20.483+0000] {dagbag.py:545} INFO - Filling up the DagBag from /home/airflow/.local/lib/python3.12/site-packages/airflow/example_dags/tutorial_taskflow_api.py
[2025-11-03T20:05:20.488+0000] {processor.py:840} INFO - DAG(s) 'tutorial_taskflow_api' retrieved from /home/airflow/.local/lib/python3.12/site-packages/airflow/example_dags/tutorial_taskflow_api.py
[2025-11-03T20:05:20.505+0000] {logging_mixin.py:188} INFO - [2025-11-03T20:05:20.505+0000] {dag.py:3096} INFO - Sync 1 DAGs
[2025-11-03T20:05:20.515+0000] {logging_mixin.py:188} INFO - [2025-11-03T20:05:20.515+0000] {dag.py:3954} INFO - Setting next_dagrun for tutorial_taskflow_api to None, run_after=None
[2025-11-03T20:05:20.526+0000] {processor.py:183} INFO - Processing /home/airflow/.local/lib/python3.12/site-packages/airflow/example_dags/tutorial_taskflow_api.py took 0.051 seconds
[2025-11-03T20:05:51.200+0000] {processor.py:161} INFO - Started process (PID=775) to work on /home/airflow/.local/lib/python3.12/site-packages/airflow/example_dags/tutorial_taskflow_api.py
[2025-11-03T20:05:51.201+0000] {processor.py:830} INFO - Processing file /home/airflow/.local/lib/python3.12/site-packages/airflow/example_dags/tutorial_taskflow_api.py for tasks to queue
[2025-11-03T20:05:51.201+0000] {logging_mixin.py:188} INFO - [2025-11-03T20:05:51.201+0000] {dagbag.py:545} INFO - Filling up the DagBag from /home/airflow/.local/lib/python3.12/site-packages/airflow/example_dags/tutorial_taskflow_api.py
[2025-11-03T20:05:51.206+0000] {processor.py:840} INFO - DAG(s) 'tutorial_taskflow_api' retrieved from /home/airflow/.local/lib/python3.12/site-packages/airflow/example_dags/tutorial_taskflow_api.py
[2025-11-03T20:05:51.223+0000] {logging_mixin.py:188} INFO - [2025-11-03T20:05:51.223+0000] {dag.py:3096} INFO - Sync 1 DAGs
[2025-11-03T20:05:51.230+0000] {logging_mixin.py:188} INFO - [2025-11-03T20:05:51.230+0000] {dag.py:3954} INFO - Setting next_dagrun for tutorial_taskflow_api to None, run_after=None
[2025-11-03T20:05:51.240+0000] {processor.py:183} INFO - Processing /home/airflow/.local/lib/python3.12/site-packages/airflow/example_dags/tutorial_taskflow_api.py took 0.045 seconds
[2025-11-03T20:06:21.679+0000] {processor.py:161} INFO - Started process (PID=835) to work on /home/airflow/.local/lib/python3.12/site-packages/airflow/example_dags/tutorial_taskflow_api.py
[2025-11-03T20:06:21.680+0000] {processor.py:830} INFO - Processing file /home/airflow/.local/lib/python3.12/site-packages/airflow/example_dags/tutorial_taskflow_api.py for tasks to queue
[2025-11-03T20:06:21.681+0000] {logging_mixin.py:188} INFO - [2025-11-03T20:06:21.681+0000] {dagbag.py:545} INFO - Filling up the DagBag from /home/airflow/.local/lib/python3.12/site-packages/airflow/example_dags/tutorial_taskflow_api.py
[2025-11-03T20:06:21.685+0000] {processor.py:840} INFO - DAG(s) 'tutorial_taskflow_api' retrieved from /home/airflow/.local/lib/python3.12/site-packages/airflow/example_dags/tutorial_taskflow_api.py
[2025-11-03T20:06:21.699+0000] {logging_mixin.py:188} INFO - [2025-11-03T20:06:21.699+0000] {dag.py:3096} INFO - Sync 1 DAGs
[2025-11-03T20:06:21.705+0000] {logging_mixin.py:188} INFO - [2025-11-03T20:06:21.705+0000] {dag.py:3954} INFO - Setting next_dagrun for tutorial_taskflow_api to None, run_after=None
[2025-11-03T20:06:21.713+0000] {processor.py:183} INFO - Processing /home/airflow/.local/lib/python3.12/site-packages/airflow/example_dags/tutorial_taskflow_api.py took 0.038 seconds
[2025-11-03T20:06:52.244+0000] {processor.py:161} INFO - Started process (PID=895) to work on /home/airflow/.local/lib/python3.12/site-packages/airflow/example_dags/tutorial_taskflow_api.py
[2025-11-03T20:06:52.245+0000] {processor.py:830} INFO - Processing file /home/airflow/.local/lib/python3.12/site-packages/airflow/example_dags/tutorial_taskflow_api.py for tasks to queue
[2025-11-03T20:06:52.246+0000] {logging_mixin.py:188} INFO - [2025-11-03T20:06:52.245+0000] {dagbag.py:545} INFO - Filling up the DagBag from /home/airflow/.local/lib/python3.12/site-packages/airflow/example_dags/tutorial_taskflow_api.py
[2025-11-03T20:06:52.253+0000] {processor.py:840} INFO - DAG(s) 'tutorial_taskflow_api' retrieved from /home/airflow/.local/lib/python3.12/site-packages/airflow/example_dags/tutorial_taskflow_api.py
[2025-11-03T20:06:52.273+0000] {logging_mixin.py:188} INFO - [2025-11-03T20:06:52.273+0000] {dag.py:3096} INFO - Sync 1 DAGs
[2025-11-03T20:06:52.280+0000] {logging_mixin.py:188} INFO - [2025-11-03T20:06:52.280+0000] {dag.py:3954} INFO - Setting next_dagrun for tutorial_taskflow_api to None, run_after=None
[2025-11-03T20:06:52.290+0000] {processor.py:183} INFO - Processing /home/airflow/.local/lib/python3.12/site-packages/airflow/example_dags/tutorial_taskflow_api.py took 0.049 seconds
[2025-11-03T20:07:22.829+0000] {processor.py:161} INFO - Started process (PID=955) to work on /home/airflow/.local/lib/python3.12/site-packages/airflow/example_dags/tutorial_taskflow_api.py
[2025-11-03T20:07:22.831+0000] {processor.py:830} INFO - Processing file /home/airflow/.local/lib/python3.12/site-packages/airflow/example_dags/tutorial_taskflow_api.py for tasks to queue
[2025-11-03T20:07:22.833+0000] {logging_mixin.py:188} INFO - [2025-11-03T20:07:22.832+0000] {dagbag.py:545} INFO - Filling up the DagBag from /home/airflow/.local/lib/python3.12/site-packages/airflow/example_dags/tutorial_taskflow_api.py
[2025-11-03T20:07:22.837+0000] {processor.py:840} INFO - DAG(s) 'tutorial_taskflow_api' retrieved from /home/airflow/.local/lib/python3.12/site-packages/airflow/example_dags/tutorial_taskflow_api.py
[2025-11-03T20:07:22.851+0000] {logging_mixin.py:188} INFO - [2025-11-03T20:07:22.851+0000] {dag.py:3096} INFO - Sync 1 DAGs
[2025-11-03T20:07:22.857+0000] {logging_mixin.py:188} INFO - [2025-11-03T20:07:22.857+0000] {dag.py:3954} INFO - Setting next_dagrun for tutorial_taskflow_api to None, run_after=None
[2025-11-03T20:07:22.866+0000] {processor.py:183} INFO - Processing /home/airflow/.local/lib/python3.12/site-packages/airflow/example_dags/tutorial_taskflow_api.py took 0.050 seconds
[2025-11-03T20:07:53.527+0000] {processor.py:161} INFO - Started process (PID=1015) to work on /home/airflow/.local/lib/python3.12/site-packages/airflow/example_dags/tutorial_taskflow_api.py
[2025-11-03T20:07:53.528+0000] {processor.py:830} INFO - Processing file /home/airflow/.local/lib/python3.12/site-packages/airflow/example_dags/tutorial_taskflow_api.py for tasks to queue
[2025-11-03T20:07:53.529+0000] {logging_mixin.py:188} INFO - [2025-11-03T20:07:53.529+0000] {dagbag.py:545} INFO - Filling up the DagBag from /home/airflow/.local/lib/python3.12/site-packages/airflow/example_dags/tutorial_taskflow_api.py
[2025-11-03T20:07:53.534+0000] {processor.py:840} INFO - DAG(s) 'tutorial_taskflow_api' retrieved from /home/airflow/.local/lib/python3.12/site-packages/airflow/example_dags/tutorial_taskflow_api.py
[2025-11-03T20:07:53.550+0000] {logging_mixin.py:188} INFO - [2025-11-03T20:07:53.550+0000] {dag.py:3096} INFO - Sync 1 DAGs
[2025-11-03T20:07:53.559+0000] {logging_mixin.py:188} INFO - [2025-11-03T20:07:53.559+0000] {dag.py:3954} INFO - Setting next_dagrun for tutorial_taskflow_api to None, run_after=None
[2025-11-03T20:07:53.571+0000] {processor.py:183} INFO - Processing /home/airflow/.local/lib/python3.12/site-packages/airflow/example_dags/tutorial_taskflow_api.py took 0.049 seconds
[2025-11-03T20:08:24.183+0000] {processor.py:161} INFO - Started process (PID=1075) to work on /home/airflow/.local/lib/python3.12/site-packages/airflow/example_dags/tutorial_taskflow_api.py
[2025-11-03T20:08:24.184+0000] {processor.py:830} INFO - Processing file /home/airflow/.local/lib/python3.12/site-packages/airflow/example_dags/tutorial_taskflow_api.py for tasks to queue
[2025-11-03T20:08:24.185+0000] {logging_mixin.py:188} INFO - [2025-11-03T20:08:24.185+0000] {dagbag.py:545} INFO - Filling up the DagBag from /home/airflow/.local/lib/python3.12/site-packages/airflow/example_dags/tutorial_taskflow_api.py
[2025-11-03T20:08:24.190+0000] {processor.py:840} INFO - DAG(s) 'tutorial_taskflow_api' retrieved from /home/airflow/.local/lib/python3.12/site-packages/airflow/example_dags/tutorial_taskflow_api.py
[2025-11-03T20:08:24.207+0000] {logging_mixin.py:188} INFO - [2025-11-03T20:08:24.207+0000] {dag.py:3096} INFO - Sync 1 DAGs
[2025-11-03T20:08:24.214+0000] {logging_mixin.py:188} INFO - [2025-11-03T20:08:24.214+0000] {dag.py:3954} INFO - Setting next_dagrun for tutorial_taskflow_api to None, run_after=None
[2025-11-03T20:08:24.224+0000] {processor.py:183} INFO - Processing /home/airflow/.local/lib/python3.12/site-packages/airflow/example_dags/tutorial_taskflow_api.py took 0.046 seconds
