[2025-11-03T19:59:43.754+0000] {processor.py:161} INFO - Started process (PID=79) to work on /home/airflow/.local/lib/python3.12/site-packages/airflow/example_dags/tutorial.py
[2025-11-03T19:59:43.754+0000] {processor.py:830} INFO - Processing file /home/airflow/.local/lib/python3.12/site-packages/airflow/example_dags/tutorial.py for tasks to queue
[2025-11-03T19:59:43.755+0000] {logging_mixin.py:188} INFO - [2025-11-03T19:59:43.755+0000] {dagbag.py:545} INFO - Filling up the DagBag from /home/airflow/.local/lib/python3.12/site-packages/airflow/example_dags/tutorial.py
[2025-11-03T19:59:43.758+0000] {processor.py:840} INFO - DAG(s) 'tutorial' retrieved from /home/airflow/.local/lib/python3.12/site-packages/airflow/example_dags/tutorial.py
[2025-11-03T19:59:43.763+0000] {logging_mixin.py:188} INFO - [2025-11-03T19:59:43.763+0000] {dag.py:3096} INFO - Sync 1 DAGs
[2025-11-03T19:59:43.771+0000] {logging_mixin.py:188} INFO - [2025-11-03T19:59:43.771+0000] {dag.py:3954} INFO - Setting next_dagrun for tutorial to 2025-11-02 00:00:00+00:00, run_after=2025-11-03 00:00:00+00:00
[2025-11-03T19:59:43.777+0000] {processor.py:183} INFO - Processing /home/airflow/.local/lib/python3.12/site-packages/airflow/example_dags/tutorial.py took 0.025 seconds
[2025-11-03T20:00:14.094+0000] {processor.py:161} INFO - Started process (PID=139) to work on /home/airflow/.local/lib/python3.12/site-packages/airflow/example_dags/tutorial.py
[2025-11-03T20:00:14.095+0000] {processor.py:830} INFO - Processing file /home/airflow/.local/lib/python3.12/site-packages/airflow/example_dags/tutorial.py for tasks to queue
[2025-11-03T20:00:14.097+0000] {logging_mixin.py:188} INFO - [2025-11-03T20:00:14.096+0000] {dagbag.py:545} INFO - Filling up the DagBag from /home/airflow/.local/lib/python3.12/site-packages/airflow/example_dags/tutorial.py
[2025-11-03T20:00:14.099+0000] {processor.py:840} INFO - DAG(s) 'tutorial' retrieved from /home/airflow/.local/lib/python3.12/site-packages/airflow/example_dags/tutorial.py
[2025-11-03T20:00:14.137+0000] {logging_mixin.py:188} INFO - [2025-11-03T20:00:14.137+0000] {dag.py:3096} INFO - Sync 1 DAGs
[2025-11-03T20:00:14.146+0000] {logging_mixin.py:188} INFO - [2025-11-03T20:00:14.145+0000] {dag.py:3954} INFO - Setting next_dagrun for tutorial to 2025-11-02 00:00:00+00:00, run_after=2025-11-03 00:00:00+00:00
[2025-11-03T20:00:14.153+0000] {processor.py:183} INFO - Processing /home/airflow/.local/lib/python3.12/site-packages/airflow/example_dags/tutorial.py took 0.061 seconds
[2025-11-03T20:00:44.784+0000] {processor.py:161} INFO - Started process (PID=199) to work on /home/airflow/.local/lib/python3.12/site-packages/airflow/example_dags/tutorial.py
[2025-11-03T20:00:44.785+0000] {processor.py:830} INFO - Processing file /home/airflow/.local/lib/python3.12/site-packages/airflow/example_dags/tutorial.py for tasks to queue
[2025-11-03T20:00:44.785+0000] {logging_mixin.py:188} INFO - [2025-11-03T20:00:44.785+0000] {dagbag.py:545} INFO - Filling up the DagBag from /home/airflow/.local/lib/python3.12/site-packages/airflow/example_dags/tutorial.py
[2025-11-03T20:00:44.788+0000] {processor.py:840} INFO - DAG(s) 'tutorial' retrieved from /home/airflow/.local/lib/python3.12/site-packages/airflow/example_dags/tutorial.py
[2025-11-03T20:00:44.798+0000] {logging_mixin.py:188} INFO - [2025-11-03T20:00:44.797+0000] {dag.py:3096} INFO - Sync 1 DAGs
[2025-11-03T20:00:44.805+0000] {logging_mixin.py:188} INFO - [2025-11-03T20:00:44.805+0000] {dag.py:3954} INFO - Setting next_dagrun for tutorial to 2025-11-02 00:00:00+00:00, run_after=2025-11-03 00:00:00+00:00
[2025-11-03T20:00:44.811+0000] {processor.py:183} INFO - Processing /home/airflow/.local/lib/python3.12/site-packages/airflow/example_dags/tutorial.py took 0.028 seconds
[2025-11-03T20:01:15.584+0000] {processor.py:161} INFO - Started process (PID=259) to work on /home/airflow/.local/lib/python3.12/site-packages/airflow/example_dags/tutorial.py
[2025-11-03T20:01:15.585+0000] {processor.py:830} INFO - Processing file /home/airflow/.local/lib/python3.12/site-packages/airflow/example_dags/tutorial.py for tasks to queue
[2025-11-03T20:01:15.585+0000] {logging_mixin.py:188} INFO - [2025-11-03T20:01:15.585+0000] {dagbag.py:545} INFO - Filling up the DagBag from /home/airflow/.local/lib/python3.12/site-packages/airflow/example_dags/tutorial.py
[2025-11-03T20:01:15.588+0000] {processor.py:840} INFO - DAG(s) 'tutorial' retrieved from /home/airflow/.local/lib/python3.12/site-packages/airflow/example_dags/tutorial.py
[2025-11-03T20:01:15.596+0000] {logging_mixin.py:188} INFO - [2025-11-03T20:01:15.596+0000] {dag.py:3096} INFO - Sync 1 DAGs
[2025-11-03T20:01:15.604+0000] {logging_mixin.py:188} INFO - [2025-11-03T20:01:15.604+0000] {dag.py:3954} INFO - Setting next_dagrun for tutorial to 2025-11-02 00:00:00+00:00, run_after=2025-11-03 00:00:00+00:00
[2025-11-03T20:01:15.614+0000] {processor.py:183} INFO - Processing /home/airflow/.local/lib/python3.12/site-packages/airflow/example_dags/tutorial.py took 0.031 seconds
[2025-11-03T20:01:46.158+0000] {processor.py:161} INFO - Started process (PID=319) to work on /home/airflow/.local/lib/python3.12/site-packages/airflow/example_dags/tutorial.py
[2025-11-03T20:01:46.158+0000] {processor.py:830} INFO - Processing file /home/airflow/.local/lib/python3.12/site-packages/airflow/example_dags/tutorial.py for tasks to queue
[2025-11-03T20:01:46.159+0000] {logging_mixin.py:188} INFO - [2025-11-03T20:01:46.159+0000] {dagbag.py:545} INFO - Filling up the DagBag from /home/airflow/.local/lib/python3.12/site-packages/airflow/example_dags/tutorial.py
[2025-11-03T20:01:46.162+0000] {processor.py:840} INFO - DAG(s) 'tutorial' retrieved from /home/airflow/.local/lib/python3.12/site-packages/airflow/example_dags/tutorial.py
[2025-11-03T20:01:46.171+0000] {logging_mixin.py:188} INFO - [2025-11-03T20:01:46.171+0000] {dag.py:3096} INFO - Sync 1 DAGs
[2025-11-03T20:01:46.179+0000] {logging_mixin.py:188} INFO - [2025-11-03T20:01:46.179+0000] {dag.py:3954} INFO - Setting next_dagrun for tutorial to 2025-11-02 00:00:00+00:00, run_after=2025-11-03 00:00:00+00:00
[2025-11-03T20:01:46.185+0000] {processor.py:183} INFO - Processing /home/airflow/.local/lib/python3.12/site-packages/airflow/example_dags/tutorial.py took 0.029 seconds
[2025-11-03T20:02:16.763+0000] {processor.py:161} INFO - Started process (PID=379) to work on /home/airflow/.local/lib/python3.12/site-packages/airflow/example_dags/tutorial.py
[2025-11-03T20:02:16.764+0000] {processor.py:830} INFO - Processing file /home/airflow/.local/lib/python3.12/site-packages/airflow/example_dags/tutorial.py for tasks to queue
[2025-11-03T20:02:16.764+0000] {logging_mixin.py:188} INFO - [2025-11-03T20:02:16.764+0000] {dagbag.py:545} INFO - Filling up the DagBag from /home/airflow/.local/lib/python3.12/site-packages/airflow/example_dags/tutorial.py
[2025-11-03T20:02:16.768+0000] {processor.py:840} INFO - DAG(s) 'tutorial' retrieved from /home/airflow/.local/lib/python3.12/site-packages/airflow/example_dags/tutorial.py
[2025-11-03T20:02:16.777+0000] {logging_mixin.py:188} INFO - [2025-11-03T20:02:16.777+0000] {dag.py:3096} INFO - Sync 1 DAGs
[2025-11-03T20:02:16.785+0000] {logging_mixin.py:188} INFO - [2025-11-03T20:02:16.785+0000] {dag.py:3954} INFO - Setting next_dagrun for tutorial to 2025-11-02 00:00:00+00:00, run_after=2025-11-03 00:00:00+00:00
[2025-11-03T20:02:16.793+0000] {processor.py:183} INFO - Processing /home/airflow/.local/lib/python3.12/site-packages/airflow/example_dags/tutorial.py took 0.032 seconds
[2025-11-03T20:02:47.393+0000] {processor.py:161} INFO - Started process (PID=439) to work on /home/airflow/.local/lib/python3.12/site-packages/airflow/example_dags/tutorial.py
[2025-11-03T20:02:47.394+0000] {processor.py:830} INFO - Processing file /home/airflow/.local/lib/python3.12/site-packages/airflow/example_dags/tutorial.py for tasks to queue
[2025-11-03T20:02:47.395+0000] {logging_mixin.py:188} INFO - [2025-11-03T20:02:47.395+0000] {dagbag.py:545} INFO - Filling up the DagBag from /home/airflow/.local/lib/python3.12/site-packages/airflow/example_dags/tutorial.py
[2025-11-03T20:02:47.399+0000] {processor.py:840} INFO - DAG(s) 'tutorial' retrieved from /home/airflow/.local/lib/python3.12/site-packages/airflow/example_dags/tutorial.py
[2025-11-03T20:02:47.408+0000] {logging_mixin.py:188} INFO - [2025-11-03T20:02:47.408+0000] {dag.py:3096} INFO - Sync 1 DAGs
[2025-11-03T20:02:47.417+0000] {logging_mixin.py:188} INFO - [2025-11-03T20:02:47.417+0000] {dag.py:3954} INFO - Setting next_dagrun for tutorial to 2025-11-02 00:00:00+00:00, run_after=2025-11-03 00:00:00+00:00
[2025-11-03T20:02:47.428+0000] {processor.py:183} INFO - Processing /home/airflow/.local/lib/python3.12/site-packages/airflow/example_dags/tutorial.py took 0.037 seconds
[2025-11-03T20:03:18.028+0000] {processor.py:161} INFO - Started process (PID=499) to work on /home/airflow/.local/lib/python3.12/site-packages/airflow/example_dags/tutorial.py
[2025-11-03T20:03:18.029+0000] {processor.py:830} INFO - Processing file /home/airflow/.local/lib/python3.12/site-packages/airflow/example_dags/tutorial.py for tasks to queue
[2025-11-03T20:03:18.029+0000] {logging_mixin.py:188} INFO - [2025-11-03T20:03:18.029+0000] {dagbag.py:545} INFO - Filling up the DagBag from /home/airflow/.local/lib/python3.12/site-packages/airflow/example_dags/tutorial.py
[2025-11-03T20:03:18.032+0000] {processor.py:840} INFO - DAG(s) 'tutorial' retrieved from /home/airflow/.local/lib/python3.12/site-packages/airflow/example_dags/tutorial.py
[2025-11-03T20:03:18.040+0000] {logging_mixin.py:188} INFO - [2025-11-03T20:03:18.040+0000] {dag.py:3096} INFO - Sync 1 DAGs
[2025-11-03T20:03:18.048+0000] {logging_mixin.py:188} INFO - [2025-11-03T20:03:18.047+0000] {dag.py:3954} INFO - Setting next_dagrun for tutorial to 2025-11-02 00:00:00+00:00, run_after=2025-11-03 00:00:00+00:00
[2025-11-03T20:03:18.056+0000] {processor.py:183} INFO - Processing /home/airflow/.local/lib/python3.12/site-packages/airflow/example_dags/tutorial.py took 0.030 seconds
[2025-11-03T20:03:48.803+0000] {processor.py:161} INFO - Started process (PID=559) to work on /home/airflow/.local/lib/python3.12/site-packages/airflow/example_dags/tutorial.py
[2025-11-03T20:03:48.804+0000] {processor.py:830} INFO - Processing file /home/airflow/.local/lib/python3.12/site-packages/airflow/example_dags/tutorial.py for tasks to queue
[2025-11-03T20:03:48.805+0000] {logging_mixin.py:188} INFO - [2025-11-03T20:03:48.804+0000] {dagbag.py:545} INFO - Filling up the DagBag from /home/airflow/.local/lib/python3.12/site-packages/airflow/example_dags/tutorial.py
[2025-11-03T20:03:48.810+0000] {processor.py:840} INFO - DAG(s) 'tutorial' retrieved from /home/airflow/.local/lib/python3.12/site-packages/airflow/example_dags/tutorial.py
[2025-11-03T20:03:48.821+0000] {logging_mixin.py:188} INFO - [2025-11-03T20:03:48.821+0000] {dag.py:3096} INFO - Sync 1 DAGs
[2025-11-03T20:03:48.829+0000] {logging_mixin.py:188} INFO - [2025-11-03T20:03:48.829+0000] {dag.py:3954} INFO - Setting next_dagrun for tutorial to 2025-11-02 00:00:00+00:00, run_after=2025-11-03 00:00:00+00:00
[2025-11-03T20:03:48.839+0000] {processor.py:183} INFO - Processing /home/airflow/.local/lib/python3.12/site-packages/airflow/example_dags/tutorial.py took 0.037 seconds
[2025-11-03T20:04:19.495+0000] {processor.py:161} INFO - Started process (PID=619) to work on /home/airflow/.local/lib/python3.12/site-packages/airflow/example_dags/tutorial.py
[2025-11-03T20:04:19.496+0000] {processor.py:830} INFO - Processing file /home/airflow/.local/lib/python3.12/site-packages/airflow/example_dags/tutorial.py for tasks to queue
[2025-11-03T20:04:19.496+0000] {logging_mixin.py:188} INFO - [2025-11-03T20:04:19.496+0000] {dagbag.py:545} INFO - Filling up the DagBag from /home/airflow/.local/lib/python3.12/site-packages/airflow/example_dags/tutorial.py
[2025-11-03T20:04:19.499+0000] {processor.py:840} INFO - DAG(s) 'tutorial' retrieved from /home/airflow/.local/lib/python3.12/site-packages/airflow/example_dags/tutorial.py
[2025-11-03T20:04:19.506+0000] {logging_mixin.py:188} INFO - [2025-11-03T20:04:19.506+0000] {dag.py:3096} INFO - Sync 1 DAGs
[2025-11-03T20:04:19.514+0000] {logging_mixin.py:188} INFO - [2025-11-03T20:04:19.514+0000] {dag.py:3954} INFO - Setting next_dagrun for tutorial to 2025-11-02 00:00:00+00:00, run_after=2025-11-03 00:00:00+00:00
[2025-11-03T20:04:19.522+0000] {processor.py:183} INFO - Processing /home/airflow/.local/lib/python3.12/site-packages/airflow/example_dags/tutorial.py took 0.029 seconds
[2025-11-03T20:04:50.293+0000] {processor.py:161} INFO - Started process (PID=679) to work on /home/airflow/.local/lib/python3.12/site-packages/airflow/example_dags/tutorial.py
[2025-11-03T20:04:50.293+0000] {processor.py:830} INFO - Processing file /home/airflow/.local/lib/python3.12/site-packages/airflow/example_dags/tutorial.py for tasks to queue
[2025-11-03T20:04:50.293+0000] {logging_mixin.py:188} INFO - [2025-11-03T20:04:50.293+0000] {dagbag.py:545} INFO - Filling up the DagBag from /home/airflow/.local/lib/python3.12/site-packages/airflow/example_dags/tutorial.py
[2025-11-03T20:04:50.298+0000] {processor.py:840} INFO - DAG(s) 'tutorial' retrieved from /home/airflow/.local/lib/python3.12/site-packages/airflow/example_dags/tutorial.py
[2025-11-03T20:04:50.307+0000] {logging_mixin.py:188} INFO - [2025-11-03T20:04:50.307+0000] {dag.py:3096} INFO - Sync 1 DAGs
[2025-11-03T20:04:50.315+0000] {logging_mixin.py:188} INFO - [2025-11-03T20:04:50.315+0000] {dag.py:3954} INFO - Setting next_dagrun for tutorial to 2025-11-02 00:00:00+00:00, run_after=2025-11-03 00:00:00+00:00
[2025-11-03T20:04:50.323+0000] {processor.py:183} INFO - Processing /home/airflow/.local/lib/python3.12/site-packages/airflow/example_dags/tutorial.py took 0.033 seconds
[2025-11-03T20:05:21.175+0000] {processor.py:161} INFO - Started process (PID=739) to work on /home/airflow/.local/lib/python3.12/site-packages/airflow/example_dags/tutorial.py
[2025-11-03T20:05:21.175+0000] {processor.py:830} INFO - Processing file /home/airflow/.local/lib/python3.12/site-packages/airflow/example_dags/tutorial.py for tasks to queue
[2025-11-03T20:05:21.175+0000] {logging_mixin.py:188} INFO - [2025-11-03T20:05:21.175+0000] {dagbag.py:545} INFO - Filling up the DagBag from /home/airflow/.local/lib/python3.12/site-packages/airflow/example_dags/tutorial.py
[2025-11-03T20:05:21.179+0000] {processor.py:840} INFO - DAG(s) 'tutorial' retrieved from /home/airflow/.local/lib/python3.12/site-packages/airflow/example_dags/tutorial.py
[2025-11-03T20:05:21.189+0000] {logging_mixin.py:188} INFO - [2025-11-03T20:05:21.189+0000] {dag.py:3096} INFO - Sync 1 DAGs
[2025-11-03T20:05:21.198+0000] {logging_mixin.py:188} INFO - [2025-11-03T20:05:21.198+0000] {dag.py:3954} INFO - Setting next_dagrun for tutorial to 2025-11-02 00:00:00+00:00, run_after=2025-11-03 00:00:00+00:00
[2025-11-03T20:05:21.204+0000] {processor.py:183} INFO - Processing /home/airflow/.local/lib/python3.12/site-packages/airflow/example_dags/tutorial.py took 0.032 seconds
[2025-11-03T20:05:51.782+0000] {processor.py:161} INFO - Started process (PID=799) to work on /home/airflow/.local/lib/python3.12/site-packages/airflow/example_dags/tutorial.py
[2025-11-03T20:05:51.783+0000] {processor.py:830} INFO - Processing file /home/airflow/.local/lib/python3.12/site-packages/airflow/example_dags/tutorial.py for tasks to queue
[2025-11-03T20:05:51.783+0000] {logging_mixin.py:188} INFO - [2025-11-03T20:05:51.783+0000] {dagbag.py:545} INFO - Filling up the DagBag from /home/airflow/.local/lib/python3.12/site-packages/airflow/example_dags/tutorial.py
[2025-11-03T20:05:51.786+0000] {processor.py:840} INFO - DAG(s) 'tutorial' retrieved from /home/airflow/.local/lib/python3.12/site-packages/airflow/example_dags/tutorial.py
[2025-11-03T20:05:51.794+0000] {logging_mixin.py:188} INFO - [2025-11-03T20:05:51.794+0000] {dag.py:3096} INFO - Sync 1 DAGs
[2025-11-03T20:05:51.801+0000] {logging_mixin.py:188} INFO - [2025-11-03T20:05:51.801+0000] {dag.py:3954} INFO - Setting next_dagrun for tutorial to 2025-11-02 00:00:00+00:00, run_after=2025-11-03 00:00:00+00:00
[2025-11-03T20:05:51.812+0000] {processor.py:183} INFO - Processing /home/airflow/.local/lib/python3.12/site-packages/airflow/example_dags/tutorial.py took 0.032 seconds
[2025-11-03T20:06:22.340+0000] {processor.py:161} INFO - Started process (PID=859) to work on /home/airflow/.local/lib/python3.12/site-packages/airflow/example_dags/tutorial.py
[2025-11-03T20:06:22.341+0000] {processor.py:830} INFO - Processing file /home/airflow/.local/lib/python3.12/site-packages/airflow/example_dags/tutorial.py for tasks to queue
[2025-11-03T20:06:22.341+0000] {logging_mixin.py:188} INFO - [2025-11-03T20:06:22.341+0000] {dagbag.py:545} INFO - Filling up the DagBag from /home/airflow/.local/lib/python3.12/site-packages/airflow/example_dags/tutorial.py
[2025-11-03T20:06:22.344+0000] {processor.py:840} INFO - DAG(s) 'tutorial' retrieved from /home/airflow/.local/lib/python3.12/site-packages/airflow/example_dags/tutorial.py
[2025-11-03T20:06:22.354+0000] {logging_mixin.py:188} INFO - [2025-11-03T20:06:22.354+0000] {dag.py:3096} INFO - Sync 1 DAGs
[2025-11-03T20:06:22.361+0000] {logging_mixin.py:188} INFO - [2025-11-03T20:06:22.361+0000] {dag.py:3954} INFO - Setting next_dagrun for tutorial to 2025-11-02 00:00:00+00:00, run_after=2025-11-03 00:00:00+00:00
[2025-11-03T20:06:22.368+0000] {processor.py:183} INFO - Processing /home/airflow/.local/lib/python3.12/site-packages/airflow/example_dags/tutorial.py took 0.030 seconds
[2025-11-03T20:06:52.923+0000] {processor.py:161} INFO - Started process (PID=919) to work on /home/airflow/.local/lib/python3.12/site-packages/airflow/example_dags/tutorial.py
[2025-11-03T20:06:52.924+0000] {processor.py:830} INFO - Processing file /home/airflow/.local/lib/python3.12/site-packages/airflow/example_dags/tutorial.py for tasks to queue
[2025-11-03T20:06:52.925+0000] {logging_mixin.py:188} INFO - [2025-11-03T20:06:52.925+0000] {dagbag.py:545} INFO - Filling up the DagBag from /home/airflow/.local/lib/python3.12/site-packages/airflow/example_dags/tutorial.py
[2025-11-03T20:06:52.928+0000] {processor.py:840} INFO - DAG(s) 'tutorial' retrieved from /home/airflow/.local/lib/python3.12/site-packages/airflow/example_dags/tutorial.py
[2025-11-03T20:06:52.936+0000] {logging_mixin.py:188} INFO - [2025-11-03T20:06:52.936+0000] {dag.py:3096} INFO - Sync 1 DAGs
[2025-11-03T20:06:52.944+0000] {logging_mixin.py:188} INFO - [2025-11-03T20:06:52.944+0000] {dag.py:3954} INFO - Setting next_dagrun for tutorial to 2025-11-02 00:00:00+00:00, run_after=2025-11-03 00:00:00+00:00
[2025-11-03T20:06:52.952+0000] {processor.py:183} INFO - Processing /home/airflow/.local/lib/python3.12/site-packages/airflow/example_dags/tutorial.py took 0.031 seconds
[2025-11-03T20:07:23.535+0000] {processor.py:161} INFO - Started process (PID=979) to work on /home/airflow/.local/lib/python3.12/site-packages/airflow/example_dags/tutorial.py
[2025-11-03T20:07:23.536+0000] {processor.py:830} INFO - Processing file /home/airflow/.local/lib/python3.12/site-packages/airflow/example_dags/tutorial.py for tasks to queue
[2025-11-03T20:07:23.536+0000] {logging_mixin.py:188} INFO - [2025-11-03T20:07:23.536+0000] {dagbag.py:545} INFO - Filling up the DagBag from /home/airflow/.local/lib/python3.12/site-packages/airflow/example_dags/tutorial.py
[2025-11-03T20:07:23.538+0000] {processor.py:840} INFO - DAG(s) 'tutorial' retrieved from /home/airflow/.local/lib/python3.12/site-packages/airflow/example_dags/tutorial.py
[2025-11-03T20:07:23.546+0000] {logging_mixin.py:188} INFO - [2025-11-03T20:07:23.545+0000] {dag.py:3096} INFO - Sync 1 DAGs
[2025-11-03T20:07:23.552+0000] {logging_mixin.py:188} INFO - [2025-11-03T20:07:23.552+0000] {dag.py:3954} INFO - Setting next_dagrun for tutorial to 2025-11-02 00:00:00+00:00, run_after=2025-11-03 00:00:00+00:00
[2025-11-03T20:07:23.558+0000] {processor.py:183} INFO - Processing /home/airflow/.local/lib/python3.12/site-packages/airflow/example_dags/tutorial.py took 0.025 seconds
[2025-11-03T20:07:54.196+0000] {processor.py:161} INFO - Started process (PID=1039) to work on /home/airflow/.local/lib/python3.12/site-packages/airflow/example_dags/tutorial.py
[2025-11-03T20:07:54.196+0000] {processor.py:830} INFO - Processing file /home/airflow/.local/lib/python3.12/site-packages/airflow/example_dags/tutorial.py for tasks to queue
[2025-11-03T20:07:54.196+0000] {logging_mixin.py:188} INFO - [2025-11-03T20:07:54.196+0000] {dagbag.py:545} INFO - Filling up the DagBag from /home/airflow/.local/lib/python3.12/site-packages/airflow/example_dags/tutorial.py
[2025-11-03T20:07:54.199+0000] {processor.py:840} INFO - DAG(s) 'tutorial' retrieved from /home/airflow/.local/lib/python3.12/site-packages/airflow/example_dags/tutorial.py
[2025-11-03T20:07:54.206+0000] {logging_mixin.py:188} INFO - [2025-11-03T20:07:54.206+0000] {dag.py:3096} INFO - Sync 1 DAGs
[2025-11-03T20:07:54.212+0000] {logging_mixin.py:188} INFO - [2025-11-03T20:07:54.212+0000] {dag.py:3954} INFO - Setting next_dagrun for tutorial to 2025-11-02 00:00:00+00:00, run_after=2025-11-03 00:00:00+00:00
[2025-11-03T20:07:54.218+0000] {processor.py:183} INFO - Processing /home/airflow/.local/lib/python3.12/site-packages/airflow/example_dags/tutorial.py took 0.025 seconds
[2025-11-03T20:08:24.832+0000] {processor.py:161} INFO - Started process (PID=1099) to work on /home/airflow/.local/lib/python3.12/site-packages/airflow/example_dags/tutorial.py
[2025-11-03T20:08:24.833+0000] {processor.py:830} INFO - Processing file /home/airflow/.local/lib/python3.12/site-packages/airflow/example_dags/tutorial.py for tasks to queue
[2025-11-03T20:08:24.834+0000] {logging_mixin.py:188} INFO - [2025-11-03T20:08:24.834+0000] {dagbag.py:545} INFO - Filling up the DagBag from /home/airflow/.local/lib/python3.12/site-packages/airflow/example_dags/tutorial.py
[2025-11-03T20:08:24.836+0000] {processor.py:840} INFO - DAG(s) 'tutorial' retrieved from /home/airflow/.local/lib/python3.12/site-packages/airflow/example_dags/tutorial.py
[2025-11-03T20:08:24.846+0000] {logging_mixin.py:188} INFO - [2025-11-03T20:08:24.846+0000] {dag.py:3096} INFO - Sync 1 DAGs
[2025-11-03T20:08:24.855+0000] {logging_mixin.py:188} INFO - [2025-11-03T20:08:24.855+0000] {dag.py:3954} INFO - Setting next_dagrun for tutorial to 2025-11-02 00:00:00+00:00, run_after=2025-11-03 00:00:00+00:00
[2025-11-03T20:08:24.861+0000] {processor.py:183} INFO - Processing /home/airflow/.local/lib/python3.12/site-packages/airflow/example_dags/tutorial.py took 0.031 seconds
