[2025-11-02T16:05:41.233+0000] {processor.py:161} INFO - Started process (PID=76) to work on /opt/airflow/dags/airflow.py
[2025-11-02T16:05:41.234+0000] {processor.py:830} INFO - Processing file /opt/airflow/dags/airflow.py for tasks to queue
[2025-11-02T16:05:41.235+0000] {logging_mixin.py:188} INFO - [2025-11-02T16:05:41.235+0000] {dagbag.py:545} INFO - Filling up the DagBag from /opt/airflow/dags/airflow.py
[2025-11-02T16:05:42.569+0000] {processor.py:840} INFO - DAG(s) 'Airflow_Lab1' retrieved from /opt/airflow/dags/airflow.py
[2025-11-02T16:05:42.724+0000] {logging_mixin.py:188} INFO - [2025-11-02T16:05:42.723+0000] {override.py:1829} INFO - Created Permission View: can delete on DAG:Airflow_Lab1
[2025-11-02T16:05:42.727+0000] {logging_mixin.py:188} INFO - [2025-11-02T16:05:42.727+0000] {override.py:1829} INFO - Created Permission View: can read on DAG:Airflow_Lab1
[2025-11-02T16:05:42.729+0000] {logging_mixin.py:188} INFO - [2025-11-02T16:05:42.729+0000] {override.py:1829} INFO - Created Permission View: can edit on DAG:Airflow_Lab1
[2025-11-02T16:05:42.729+0000] {logging_mixin.py:188} INFO - [2025-11-02T16:05:42.729+0000] {dag.py:3096} INFO - Sync 1 DAGs
[2025-11-02T16:05:42.738+0000] {logging_mixin.py:188} INFO - [2025-11-02T16:05:42.736+0000] {dag.py:3118} INFO - Creating ORM DAG for Airflow_Lab1
[2025-11-02T16:05:42.739+0000] {logging_mixin.py:188} INFO - [2025-11-02T16:05:42.739+0000] {dag.py:3954} INFO - Setting next_dagrun for Airflow_Lab1 to None, run_after=None
[2025-11-02T16:05:42.753+0000] {processor.py:183} INFO - Processing /opt/airflow/dags/airflow.py took 1.522 seconds
[2025-11-02T16:06:12.998+0000] {processor.py:161} INFO - Started process (PID=91) to work on /opt/airflow/dags/airflow.py
[2025-11-02T16:06:12.999+0000] {processor.py:830} INFO - Processing file /opt/airflow/dags/airflow.py for tasks to queue
[2025-11-02T16:06:13.001+0000] {logging_mixin.py:188} INFO - [2025-11-02T16:06:13.001+0000] {dagbag.py:545} INFO - Filling up the DagBag from /opt/airflow/dags/airflow.py
[2025-11-02T16:06:13.685+0000] {processor.py:840} INFO - DAG(s) 'Airflow_Lab1' retrieved from /opt/airflow/dags/airflow.py
[2025-11-02T16:06:13.699+0000] {logging_mixin.py:188} INFO - [2025-11-02T16:06:13.698+0000] {dag.py:3096} INFO - Sync 1 DAGs
[2025-11-02T16:06:13.704+0000] {logging_mixin.py:188} INFO - [2025-11-02T16:06:13.704+0000] {dag.py:3954} INFO - Setting next_dagrun for Airflow_Lab1 to None, run_after=None
[2025-11-02T16:06:13.711+0000] {processor.py:183} INFO - Processing /opt/airflow/dags/airflow.py took 0.719 seconds
[2025-11-02T16:06:43.954+0000] {processor.py:161} INFO - Started process (PID=112) to work on /opt/airflow/dags/airflow.py
[2025-11-02T16:06:43.954+0000] {processor.py:830} INFO - Processing file /opt/airflow/dags/airflow.py for tasks to queue
[2025-11-02T16:06:43.956+0000] {logging_mixin.py:188} INFO - [2025-11-02T16:06:43.956+0000] {dagbag.py:545} INFO - Filling up the DagBag from /opt/airflow/dags/airflow.py
[2025-11-02T16:06:44.378+0000] {processor.py:840} INFO - DAG(s) 'Airflow_Lab1' retrieved from /opt/airflow/dags/airflow.py
[2025-11-02T16:06:44.386+0000] {logging_mixin.py:188} INFO - [2025-11-02T16:06:44.386+0000] {dag.py:3096} INFO - Sync 1 DAGs
[2025-11-02T16:06:44.389+0000] {logging_mixin.py:188} INFO - [2025-11-02T16:06:44.389+0000] {dag.py:3954} INFO - Setting next_dagrun for Airflow_Lab1 to None, run_after=None
[2025-11-02T16:06:44.394+0000] {processor.py:183} INFO - Processing /opt/airflow/dags/airflow.py took 0.446 seconds
[2025-11-02T16:07:14.593+0000] {processor.py:161} INFO - Started process (PID=127) to work on /opt/airflow/dags/airflow.py
[2025-11-02T16:07:14.594+0000] {processor.py:830} INFO - Processing file /opt/airflow/dags/airflow.py for tasks to queue
[2025-11-02T16:07:14.596+0000] {logging_mixin.py:188} INFO - [2025-11-02T16:07:14.596+0000] {dagbag.py:545} INFO - Filling up the DagBag from /opt/airflow/dags/airflow.py
[2025-11-02T16:07:15.104+0000] {processor.py:840} INFO - DAG(s) 'Airflow_Lab1' retrieved from /opt/airflow/dags/airflow.py
[2025-11-02T16:07:15.114+0000] {logging_mixin.py:188} INFO - [2025-11-02T16:07:15.114+0000] {dag.py:3096} INFO - Sync 1 DAGs
[2025-11-02T16:07:15.117+0000] {logging_mixin.py:188} INFO - [2025-11-02T16:07:15.117+0000] {dag.py:3954} INFO - Setting next_dagrun for Airflow_Lab1 to None, run_after=None
[2025-11-02T16:07:15.123+0000] {processor.py:183} INFO - Processing /opt/airflow/dags/airflow.py took 0.537 seconds
[2025-11-02T16:07:45.378+0000] {processor.py:161} INFO - Started process (PID=142) to work on /opt/airflow/dags/airflow.py
[2025-11-02T16:07:45.379+0000] {processor.py:830} INFO - Processing file /opt/airflow/dags/airflow.py for tasks to queue
[2025-11-02T16:07:45.381+0000] {logging_mixin.py:188} INFO - [2025-11-02T16:07:45.381+0000] {dagbag.py:545} INFO - Filling up the DagBag from /opt/airflow/dags/airflow.py
[2025-11-02T16:07:45.808+0000] {processor.py:840} INFO - DAG(s) 'Airflow_Lab1' retrieved from /opt/airflow/dags/airflow.py
[2025-11-02T16:07:45.816+0000] {logging_mixin.py:188} INFO - [2025-11-02T16:07:45.816+0000] {dag.py:3096} INFO - Sync 1 DAGs
[2025-11-02T16:07:45.820+0000] {logging_mixin.py:188} INFO - [2025-11-02T16:07:45.820+0000] {dag.py:3954} INFO - Setting next_dagrun for Airflow_Lab1 to None, run_after=None
[2025-11-02T16:07:45.825+0000] {processor.py:183} INFO - Processing /opt/airflow/dags/airflow.py took 0.453 seconds
[2025-11-02T16:08:16.073+0000] {processor.py:161} INFO - Started process (PID=157) to work on /opt/airflow/dags/airflow.py
[2025-11-02T16:08:16.074+0000] {processor.py:830} INFO - Processing file /opt/airflow/dags/airflow.py for tasks to queue
[2025-11-02T16:08:16.076+0000] {logging_mixin.py:188} INFO - [2025-11-02T16:08:16.076+0000] {dagbag.py:545} INFO - Filling up the DagBag from /opt/airflow/dags/airflow.py
[2025-11-02T16:08:16.630+0000] {processor.py:840} INFO - DAG(s) 'Airflow_Lab1' retrieved from /opt/airflow/dags/airflow.py
[2025-11-02T16:08:16.640+0000] {logging_mixin.py:188} INFO - [2025-11-02T16:08:16.640+0000] {dag.py:3096} INFO - Sync 1 DAGs
[2025-11-02T16:08:16.644+0000] {logging_mixin.py:188} INFO - [2025-11-02T16:08:16.644+0000] {dag.py:3954} INFO - Setting next_dagrun for Airflow_Lab1 to None, run_after=None
[2025-11-02T16:08:16.650+0000] {processor.py:183} INFO - Processing /opt/airflow/dags/airflow.py took 0.582 seconds
[2025-11-02T16:08:46.899+0000] {processor.py:161} INFO - Started process (PID=172) to work on /opt/airflow/dags/airflow.py
[2025-11-02T16:08:46.901+0000] {processor.py:830} INFO - Processing file /opt/airflow/dags/airflow.py for tasks to queue
[2025-11-02T16:08:46.903+0000] {logging_mixin.py:188} INFO - [2025-11-02T16:08:46.903+0000] {dagbag.py:545} INFO - Filling up the DagBag from /opt/airflow/dags/airflow.py
[2025-11-02T16:08:47.457+0000] {processor.py:840} INFO - DAG(s) 'Airflow_Lab1' retrieved from /opt/airflow/dags/airflow.py
[2025-11-02T16:08:47.468+0000] {logging_mixin.py:188} INFO - [2025-11-02T16:08:47.468+0000] {dag.py:3096} INFO - Sync 1 DAGs
[2025-11-02T16:08:47.472+0000] {logging_mixin.py:188} INFO - [2025-11-02T16:08:47.472+0000] {dag.py:3954} INFO - Setting next_dagrun for Airflow_Lab1 to None, run_after=None
[2025-11-02T16:08:47.478+0000] {processor.py:183} INFO - Processing /opt/airflow/dags/airflow.py took 0.586 seconds
[2025-11-02T16:09:17.605+0000] {processor.py:161} INFO - Started process (PID=187) to work on /opt/airflow/dags/airflow.py
[2025-11-02T16:09:17.606+0000] {processor.py:830} INFO - Processing file /opt/airflow/dags/airflow.py for tasks to queue
[2025-11-02T16:09:17.607+0000] {logging_mixin.py:188} INFO - [2025-11-02T16:09:17.607+0000] {dagbag.py:545} INFO - Filling up the DagBag from /opt/airflow/dags/airflow.py
[2025-11-02T16:09:18.026+0000] {processor.py:840} INFO - DAG(s) 'Airflow_Lab1' retrieved from /opt/airflow/dags/airflow.py
[2025-11-02T16:09:18.035+0000] {logging_mixin.py:188} INFO - [2025-11-02T16:09:18.035+0000] {dag.py:3096} INFO - Sync 1 DAGs
[2025-11-02T16:09:18.039+0000] {logging_mixin.py:188} INFO - [2025-11-02T16:09:18.039+0000] {dag.py:3954} INFO - Setting next_dagrun for Airflow_Lab1 to None, run_after=None
[2025-11-02T16:09:18.045+0000] {processor.py:183} INFO - Processing /opt/airflow/dags/airflow.py took 0.446 seconds
[2025-11-02T16:09:48.283+0000] {processor.py:161} INFO - Started process (PID=202) to work on /opt/airflow/dags/airflow.py
[2025-11-02T16:09:48.284+0000] {processor.py:830} INFO - Processing file /opt/airflow/dags/airflow.py for tasks to queue
[2025-11-02T16:09:48.287+0000] {logging_mixin.py:188} INFO - [2025-11-02T16:09:48.286+0000] {dagbag.py:545} INFO - Filling up the DagBag from /opt/airflow/dags/airflow.py
[2025-11-02T16:09:48.827+0000] {processor.py:840} INFO - DAG(s) 'Airflow_Lab1' retrieved from /opt/airflow/dags/airflow.py
[2025-11-02T16:09:48.837+0000] {logging_mixin.py:188} INFO - [2025-11-02T16:09:48.837+0000] {dag.py:3096} INFO - Sync 1 DAGs
[2025-11-02T16:09:48.841+0000] {logging_mixin.py:188} INFO - [2025-11-02T16:09:48.841+0000] {dag.py:3954} INFO - Setting next_dagrun for Airflow_Lab1 to None, run_after=None
[2025-11-02T16:09:48.846+0000] {processor.py:183} INFO - Processing /opt/airflow/dags/airflow.py took 0.572 seconds
[2025-11-02T16:10:19.119+0000] {processor.py:161} INFO - Started process (PID=217) to work on /opt/airflow/dags/airflow.py
[2025-11-02T16:10:19.120+0000] {processor.py:830} INFO - Processing file /opt/airflow/dags/airflow.py for tasks to queue
[2025-11-02T16:10:19.120+0000] {logging_mixin.py:188} INFO - [2025-11-02T16:10:19.120+0000] {dagbag.py:545} INFO - Filling up the DagBag from /opt/airflow/dags/airflow.py
[2025-11-02T16:10:19.537+0000] {processor.py:840} INFO - DAG(s) 'Airflow_Lab1' retrieved from /opt/airflow/dags/airflow.py
[2025-11-02T16:10:19.546+0000] {logging_mixin.py:188} INFO - [2025-11-02T16:10:19.546+0000] {dag.py:3096} INFO - Sync 1 DAGs
[2025-11-02T16:10:19.549+0000] {logging_mixin.py:188} INFO - [2025-11-02T16:10:19.549+0000] {dag.py:3954} INFO - Setting next_dagrun for Airflow_Lab1 to None, run_after=None
[2025-11-02T16:10:19.555+0000] {processor.py:183} INFO - Processing /opt/airflow/dags/airflow.py took 0.441 seconds
[2025-11-02T16:10:49.793+0000] {processor.py:161} INFO - Started process (PID=232) to work on /opt/airflow/dags/airflow.py
[2025-11-02T16:10:49.794+0000] {processor.py:830} INFO - Processing file /opt/airflow/dags/airflow.py for tasks to queue
[2025-11-02T16:10:49.797+0000] {logging_mixin.py:188} INFO - [2025-11-02T16:10:49.796+0000] {dagbag.py:545} INFO - Filling up the DagBag from /opt/airflow/dags/airflow.py
[2025-11-02T16:10:50.192+0000] {processor.py:840} INFO - DAG(s) 'Airflow_Lab1' retrieved from /opt/airflow/dags/airflow.py
[2025-11-02T16:10:50.201+0000] {logging_mixin.py:188} INFO - [2025-11-02T16:10:50.201+0000] {dag.py:3096} INFO - Sync 1 DAGs
[2025-11-02T16:10:50.204+0000] {logging_mixin.py:188} INFO - [2025-11-02T16:10:50.204+0000] {dag.py:3954} INFO - Setting next_dagrun for Airflow_Lab1 to None, run_after=None
[2025-11-02T16:10:50.209+0000] {processor.py:183} INFO - Processing /opt/airflow/dags/airflow.py took 0.422 seconds
[2025-11-02T16:11:20.482+0000] {processor.py:161} INFO - Started process (PID=247) to work on /opt/airflow/dags/airflow.py
[2025-11-02T16:11:20.483+0000] {processor.py:830} INFO - Processing file /opt/airflow/dags/airflow.py for tasks to queue
[2025-11-02T16:11:20.486+0000] {logging_mixin.py:188} INFO - [2025-11-02T16:11:20.485+0000] {dagbag.py:545} INFO - Filling up the DagBag from /opt/airflow/dags/airflow.py
[2025-11-02T16:11:20.944+0000] {processor.py:840} INFO - DAG(s) 'Airflow_Lab1' retrieved from /opt/airflow/dags/airflow.py
[2025-11-02T16:11:20.953+0000] {logging_mixin.py:188} INFO - [2025-11-02T16:11:20.952+0000] {dag.py:3096} INFO - Sync 1 DAGs
[2025-11-02T16:11:20.956+0000] {logging_mixin.py:188} INFO - [2025-11-02T16:11:20.956+0000] {dag.py:3954} INFO - Setting next_dagrun for Airflow_Lab1 to None, run_after=None
[2025-11-02T16:11:20.961+0000] {processor.py:183} INFO - Processing /opt/airflow/dags/airflow.py took 0.486 seconds
[2025-11-02T16:11:51.223+0000] {processor.py:161} INFO - Started process (PID=262) to work on /opt/airflow/dags/airflow.py
[2025-11-02T16:11:51.225+0000] {processor.py:830} INFO - Processing file /opt/airflow/dags/airflow.py for tasks to queue
[2025-11-02T16:11:51.229+0000] {logging_mixin.py:188} INFO - [2025-11-02T16:11:51.229+0000] {dagbag.py:545} INFO - Filling up the DagBag from /opt/airflow/dags/airflow.py
[2025-11-02T16:11:51.810+0000] {processor.py:840} INFO - DAG(s) 'Airflow_Lab1' retrieved from /opt/airflow/dags/airflow.py
[2025-11-02T16:11:51.820+0000] {logging_mixin.py:188} INFO - [2025-11-02T16:11:51.820+0000] {dag.py:3096} INFO - Sync 1 DAGs
[2025-11-02T16:11:51.824+0000] {logging_mixin.py:188} INFO - [2025-11-02T16:11:51.824+0000] {dag.py:3954} INFO - Setting next_dagrun for Airflow_Lab1 to None, run_after=None
[2025-11-02T16:11:51.831+0000] {processor.py:183} INFO - Processing /opt/airflow/dags/airflow.py took 0.616 seconds
[2025-11-02T16:12:21.968+0000] {processor.py:161} INFO - Started process (PID=277) to work on /opt/airflow/dags/airflow.py
[2025-11-02T16:12:21.968+0000] {processor.py:830} INFO - Processing file /opt/airflow/dags/airflow.py for tasks to queue
[2025-11-02T16:12:21.970+0000] {logging_mixin.py:188} INFO - [2025-11-02T16:12:21.970+0000] {dagbag.py:545} INFO - Filling up the DagBag from /opt/airflow/dags/airflow.py
[2025-11-02T16:12:22.459+0000] {processor.py:840} INFO - DAG(s) 'Airflow_Lab1' retrieved from /opt/airflow/dags/airflow.py
[2025-11-02T16:12:22.467+0000] {logging_mixin.py:188} INFO - [2025-11-02T16:12:22.467+0000] {dag.py:3096} INFO - Sync 1 DAGs
[2025-11-02T16:12:22.471+0000] {logging_mixin.py:188} INFO - [2025-11-02T16:12:22.471+0000] {dag.py:3954} INFO - Setting next_dagrun for Airflow_Lab1 to None, run_after=None
[2025-11-02T16:12:22.476+0000] {processor.py:183} INFO - Processing /opt/airflow/dags/airflow.py took 0.512 seconds
[2025-11-02T16:12:52.709+0000] {processor.py:161} INFO - Started process (PID=292) to work on /opt/airflow/dags/airflow.py
[2025-11-02T16:12:52.709+0000] {processor.py:830} INFO - Processing file /opt/airflow/dags/airflow.py for tasks to queue
[2025-11-02T16:12:52.711+0000] {logging_mixin.py:188} INFO - [2025-11-02T16:12:52.711+0000] {dagbag.py:545} INFO - Filling up the DagBag from /opt/airflow/dags/airflow.py
[2025-11-02T16:12:53.195+0000] {processor.py:840} INFO - DAG(s) 'Airflow_Lab1' retrieved from /opt/airflow/dags/airflow.py
[2025-11-02T16:12:53.209+0000] {logging_mixin.py:188} INFO - [2025-11-02T16:12:53.209+0000] {dag.py:3096} INFO - Sync 1 DAGs
[2025-11-02T16:12:53.216+0000] {logging_mixin.py:188} INFO - [2025-11-02T16:12:53.216+0000] {dag.py:3954} INFO - Setting next_dagrun for Airflow_Lab1 to None, run_after=None
[2025-11-02T16:12:53.223+0000] {processor.py:183} INFO - Processing /opt/airflow/dags/airflow.py took 0.517 seconds
[2025-11-02T16:13:23.439+0000] {processor.py:161} INFO - Started process (PID=307) to work on /opt/airflow/dags/airflow.py
[2025-11-02T16:13:23.439+0000] {processor.py:830} INFO - Processing file /opt/airflow/dags/airflow.py for tasks to queue
[2025-11-02T16:13:23.440+0000] {logging_mixin.py:188} INFO - [2025-11-02T16:13:23.440+0000] {dagbag.py:545} INFO - Filling up the DagBag from /opt/airflow/dags/airflow.py
[2025-11-02T16:13:23.860+0000] {processor.py:840} INFO - DAG(s) 'Airflow_Lab1' retrieved from /opt/airflow/dags/airflow.py
[2025-11-02T16:13:23.869+0000] {logging_mixin.py:188} INFO - [2025-11-02T16:13:23.869+0000] {dag.py:3096} INFO - Sync 1 DAGs
[2025-11-02T16:13:23.872+0000] {logging_mixin.py:188} INFO - [2025-11-02T16:13:23.872+0000] {dag.py:3954} INFO - Setting next_dagrun for Airflow_Lab1 to None, run_after=None
[2025-11-02T16:13:23.877+0000] {processor.py:183} INFO - Processing /opt/airflow/dags/airflow.py took 0.442 seconds
[2025-11-02T16:13:54.104+0000] {processor.py:161} INFO - Started process (PID=322) to work on /opt/airflow/dags/airflow.py
[2025-11-02T16:13:54.105+0000] {processor.py:830} INFO - Processing file /opt/airflow/dags/airflow.py for tasks to queue
[2025-11-02T16:13:54.107+0000] {logging_mixin.py:188} INFO - [2025-11-02T16:13:54.107+0000] {dagbag.py:545} INFO - Filling up the DagBag from /opt/airflow/dags/airflow.py
[2025-11-02T16:13:54.536+0000] {processor.py:840} INFO - DAG(s) 'Airflow_Lab1' retrieved from /opt/airflow/dags/airflow.py
[2025-11-02T16:13:54.546+0000] {logging_mixin.py:188} INFO - [2025-11-02T16:13:54.546+0000] {dag.py:3096} INFO - Sync 1 DAGs
[2025-11-02T16:13:54.549+0000] {logging_mixin.py:188} INFO - [2025-11-02T16:13:54.549+0000] {dag.py:3954} INFO - Setting next_dagrun for Airflow_Lab1 to None, run_after=None
[2025-11-02T16:13:54.555+0000] {processor.py:183} INFO - Processing /opt/airflow/dags/airflow.py took 0.458 seconds
[2025-11-02T16:14:24.853+0000] {processor.py:161} INFO - Started process (PID=337) to work on /opt/airflow/dags/airflow.py
[2025-11-02T16:14:24.854+0000] {processor.py:830} INFO - Processing file /opt/airflow/dags/airflow.py for tasks to queue
[2025-11-02T16:14:24.857+0000] {logging_mixin.py:188} INFO - [2025-11-02T16:14:24.856+0000] {dagbag.py:545} INFO - Filling up the DagBag from /opt/airflow/dags/airflow.py
[2025-11-02T16:14:25.349+0000] {processor.py:840} INFO - DAG(s) 'Airflow_Lab1' retrieved from /opt/airflow/dags/airflow.py
[2025-11-02T16:14:25.358+0000] {logging_mixin.py:188} INFO - [2025-11-02T16:14:25.358+0000] {dag.py:3096} INFO - Sync 1 DAGs
[2025-11-02T16:14:25.362+0000] {logging_mixin.py:188} INFO - [2025-11-02T16:14:25.362+0000] {dag.py:3954} INFO - Setting next_dagrun for Airflow_Lab1 to None, run_after=None
[2025-11-02T16:14:25.367+0000] {processor.py:183} INFO - Processing /opt/airflow/dags/airflow.py took 0.520 seconds
[2025-11-02T16:14:55.598+0000] {processor.py:161} INFO - Started process (PID=352) to work on /opt/airflow/dags/airflow.py
[2025-11-02T16:14:55.599+0000] {processor.py:830} INFO - Processing file /opt/airflow/dags/airflow.py for tasks to queue
[2025-11-02T16:14:55.602+0000] {logging_mixin.py:188} INFO - [2025-11-02T16:14:55.602+0000] {dagbag.py:545} INFO - Filling up the DagBag from /opt/airflow/dags/airflow.py
[2025-11-02T16:14:56.100+0000] {processor.py:840} INFO - DAG(s) 'Airflow_Lab1' retrieved from /opt/airflow/dags/airflow.py
[2025-11-02T16:14:56.110+0000] {logging_mixin.py:188} INFO - [2025-11-02T16:14:56.110+0000] {dag.py:3096} INFO - Sync 1 DAGs
[2025-11-02T16:14:56.114+0000] {logging_mixin.py:188} INFO - [2025-11-02T16:14:56.114+0000] {dag.py:3954} INFO - Setting next_dagrun for Airflow_Lab1 to None, run_after=None
[2025-11-02T16:14:56.119+0000] {processor.py:183} INFO - Processing /opt/airflow/dags/airflow.py took 0.528 seconds
[2025-11-02T16:15:26.388+0000] {processor.py:161} INFO - Started process (PID=367) to work on /opt/airflow/dags/airflow.py
[2025-11-02T16:15:26.389+0000] {processor.py:830} INFO - Processing file /opt/airflow/dags/airflow.py for tasks to queue
[2025-11-02T16:15:26.392+0000] {logging_mixin.py:188} INFO - [2025-11-02T16:15:26.391+0000] {dagbag.py:545} INFO - Filling up the DagBag from /opt/airflow/dags/airflow.py
[2025-11-02T16:15:26.918+0000] {processor.py:840} INFO - DAG(s) 'Airflow_Lab1' retrieved from /opt/airflow/dags/airflow.py
[2025-11-02T16:15:26.927+0000] {logging_mixin.py:188} INFO - [2025-11-02T16:15:26.927+0000] {dag.py:3096} INFO - Sync 1 DAGs
[2025-11-02T16:15:26.930+0000] {logging_mixin.py:188} INFO - [2025-11-02T16:15:26.930+0000] {dag.py:3954} INFO - Setting next_dagrun for Airflow_Lab1 to None, run_after=None
[2025-11-02T16:15:26.936+0000] {processor.py:183} INFO - Processing /opt/airflow/dags/airflow.py took 0.556 seconds
[2025-11-02T16:15:57.090+0000] {processor.py:161} INFO - Started process (PID=382) to work on /opt/airflow/dags/airflow.py
[2025-11-02T16:15:57.091+0000] {processor.py:830} INFO - Processing file /opt/airflow/dags/airflow.py for tasks to queue
[2025-11-02T16:15:57.092+0000] {logging_mixin.py:188} INFO - [2025-11-02T16:15:57.092+0000] {dagbag.py:545} INFO - Filling up the DagBag from /opt/airflow/dags/airflow.py
[2025-11-02T16:15:57.640+0000] {processor.py:840} INFO - DAG(s) 'Airflow_Lab1' retrieved from /opt/airflow/dags/airflow.py
[2025-11-02T16:15:57.649+0000] {logging_mixin.py:188} INFO - [2025-11-02T16:15:57.649+0000] {dag.py:3096} INFO - Sync 1 DAGs
[2025-11-02T16:15:57.653+0000] {logging_mixin.py:188} INFO - [2025-11-02T16:15:57.653+0000] {dag.py:3954} INFO - Setting next_dagrun for Airflow_Lab1 to None, run_after=None
[2025-11-02T16:15:57.658+0000] {processor.py:183} INFO - Processing /opt/airflow/dags/airflow.py took 0.571 seconds
[2025-11-02T16:16:27.755+0000] {processor.py:161} INFO - Started process (PID=397) to work on /opt/airflow/dags/airflow.py
[2025-11-02T16:16:27.755+0000] {processor.py:830} INFO - Processing file /opt/airflow/dags/airflow.py for tasks to queue
[2025-11-02T16:16:27.757+0000] {logging_mixin.py:188} INFO - [2025-11-02T16:16:27.756+0000] {dagbag.py:545} INFO - Filling up the DagBag from /opt/airflow/dags/airflow.py
[2025-11-02T16:16:28.235+0000] {processor.py:840} INFO - DAG(s) 'Airflow_Lab1' retrieved from /opt/airflow/dags/airflow.py
[2025-11-02T16:16:28.249+0000] {logging_mixin.py:188} INFO - [2025-11-02T16:16:28.249+0000] {dag.py:3096} INFO - Sync 1 DAGs
[2025-11-02T16:16:28.255+0000] {logging_mixin.py:188} INFO - [2025-11-02T16:16:28.255+0000] {dag.py:3954} INFO - Setting next_dagrun for Airflow_Lab1 to None, run_after=None
[2025-11-02T16:16:28.262+0000] {processor.py:183} INFO - Processing /opt/airflow/dags/airflow.py took 0.511 seconds
[2025-11-02T16:16:58.482+0000] {processor.py:161} INFO - Started process (PID=412) to work on /opt/airflow/dags/airflow.py
[2025-11-02T16:16:58.484+0000] {processor.py:830} INFO - Processing file /opt/airflow/dags/airflow.py for tasks to queue
[2025-11-02T16:16:58.486+0000] {logging_mixin.py:188} INFO - [2025-11-02T16:16:58.486+0000] {dagbag.py:545} INFO - Filling up the DagBag from /opt/airflow/dags/airflow.py
[2025-11-02T16:16:59.045+0000] {processor.py:840} INFO - DAG(s) 'Airflow_Lab1' retrieved from /opt/airflow/dags/airflow.py
[2025-11-02T16:16:59.059+0000] {logging_mixin.py:188} INFO - [2025-11-02T16:16:59.059+0000] {dag.py:3096} INFO - Sync 1 DAGs
[2025-11-02T16:16:59.063+0000] {logging_mixin.py:188} INFO - [2025-11-02T16:16:59.063+0000] {dag.py:3954} INFO - Setting next_dagrun for Airflow_Lab1 to None, run_after=None
[2025-11-02T16:16:59.068+0000] {processor.py:183} INFO - Processing /opt/airflow/dags/airflow.py took 0.594 seconds
[2025-11-02T16:17:29.354+0000] {processor.py:161} INFO - Started process (PID=427) to work on /opt/airflow/dags/airflow.py
[2025-11-02T16:17:29.355+0000] {processor.py:830} INFO - Processing file /opt/airflow/dags/airflow.py for tasks to queue
[2025-11-02T16:17:29.357+0000] {logging_mixin.py:188} INFO - [2025-11-02T16:17:29.357+0000] {dagbag.py:545} INFO - Filling up the DagBag from /opt/airflow/dags/airflow.py
[2025-11-02T16:17:29.835+0000] {processor.py:840} INFO - DAG(s) 'Airflow_Lab1' retrieved from /opt/airflow/dags/airflow.py
[2025-11-02T16:17:29.845+0000] {logging_mixin.py:188} INFO - [2025-11-02T16:17:29.845+0000] {dag.py:3096} INFO - Sync 1 DAGs
[2025-11-02T16:17:29.849+0000] {logging_mixin.py:188} INFO - [2025-11-02T16:17:29.849+0000] {dag.py:3954} INFO - Setting next_dagrun for Airflow_Lab1 to None, run_after=None
[2025-11-02T16:17:29.854+0000] {processor.py:183} INFO - Processing /opt/airflow/dags/airflow.py took 0.508 seconds
[2025-11-02T16:17:59.886+0000] {processor.py:161} INFO - Started process (PID=442) to work on /opt/airflow/dags/airflow.py
[2025-11-02T16:17:59.886+0000] {processor.py:830} INFO - Processing file /opt/airflow/dags/airflow.py for tasks to queue
[2025-11-02T16:17:59.888+0000] {logging_mixin.py:188} INFO - [2025-11-02T16:17:59.887+0000] {dagbag.py:545} INFO - Filling up the DagBag from /opt/airflow/dags/airflow.py
[2025-11-02T16:18:00.412+0000] {processor.py:840} INFO - DAG(s) 'Airflow_Lab1' retrieved from /opt/airflow/dags/airflow.py
[2025-11-02T16:18:00.423+0000] {logging_mixin.py:188} INFO - [2025-11-02T16:18:00.423+0000] {dag.py:3096} INFO - Sync 1 DAGs
[2025-11-02T16:18:00.428+0000] {logging_mixin.py:188} INFO - [2025-11-02T16:18:00.428+0000] {dag.py:3954} INFO - Setting next_dagrun for Airflow_Lab1 to None, run_after=None
[2025-11-02T16:18:00.434+0000] {processor.py:183} INFO - Processing /opt/airflow/dags/airflow.py took 0.552 seconds
[2025-11-02T16:18:30.684+0000] {processor.py:161} INFO - Started process (PID=457) to work on /opt/airflow/dags/airflow.py
[2025-11-02T16:18:30.685+0000] {processor.py:830} INFO - Processing file /opt/airflow/dags/airflow.py for tasks to queue
[2025-11-02T16:18:30.687+0000] {logging_mixin.py:188} INFO - [2025-11-02T16:18:30.687+0000] {dagbag.py:545} INFO - Filling up the DagBag from /opt/airflow/dags/airflow.py
[2025-11-02T16:18:31.182+0000] {processor.py:840} INFO - DAG(s) 'Airflow_Lab1' retrieved from /opt/airflow/dags/airflow.py
[2025-11-02T16:18:31.192+0000] {logging_mixin.py:188} INFO - [2025-11-02T16:18:31.192+0000] {dag.py:3096} INFO - Sync 1 DAGs
[2025-11-02T16:18:31.196+0000] {logging_mixin.py:188} INFO - [2025-11-02T16:18:31.196+0000] {dag.py:3954} INFO - Setting next_dagrun for Airflow_Lab1 to None, run_after=None
[2025-11-02T16:18:31.201+0000] {processor.py:183} INFO - Processing /opt/airflow/dags/airflow.py took 0.526 seconds
[2025-11-02T16:19:01.623+0000] {processor.py:161} INFO - Started process (PID=472) to work on /opt/airflow/dags/airflow.py
[2025-11-02T16:19:01.629+0000] {processor.py:830} INFO - Processing file /opt/airflow/dags/airflow.py for tasks to queue
[2025-11-02T16:19:01.639+0000] {logging_mixin.py:188} INFO - [2025-11-02T16:19:01.638+0000] {dagbag.py:545} INFO - Filling up the DagBag from /opt/airflow/dags/airflow.py
[2025-11-02T16:19:02.272+0000] {processor.py:840} INFO - DAG(s) 'Airflow_Lab1' retrieved from /opt/airflow/dags/airflow.py
[2025-11-02T16:19:02.284+0000] {logging_mixin.py:188} INFO - [2025-11-02T16:19:02.284+0000] {dag.py:3096} INFO - Sync 1 DAGs
[2025-11-02T16:19:02.289+0000] {logging_mixin.py:188} INFO - [2025-11-02T16:19:02.289+0000] {dag.py:3954} INFO - Setting next_dagrun for Airflow_Lab1 to None, run_after=None
[2025-11-02T16:19:02.294+0000] {processor.py:183} INFO - Processing /opt/airflow/dags/airflow.py took 0.686 seconds
[2025-11-02T16:19:32.557+0000] {processor.py:161} INFO - Started process (PID=487) to work on /opt/airflow/dags/airflow.py
[2025-11-02T16:19:32.559+0000] {processor.py:830} INFO - Processing file /opt/airflow/dags/airflow.py for tasks to queue
[2025-11-02T16:19:32.561+0000] {logging_mixin.py:188} INFO - [2025-11-02T16:19:32.561+0000] {dagbag.py:545} INFO - Filling up the DagBag from /opt/airflow/dags/airflow.py
[2025-11-02T16:19:33.074+0000] {processor.py:840} INFO - DAG(s) 'Airflow_Lab1' retrieved from /opt/airflow/dags/airflow.py
[2025-11-02T16:19:33.085+0000] {logging_mixin.py:188} INFO - [2025-11-02T16:19:33.085+0000] {dag.py:3096} INFO - Sync 1 DAGs
[2025-11-02T16:19:33.089+0000] {logging_mixin.py:188} INFO - [2025-11-02T16:19:33.089+0000] {dag.py:3954} INFO - Setting next_dagrun for Airflow_Lab1 to None, run_after=None
[2025-11-02T16:19:33.095+0000] {processor.py:183} INFO - Processing /opt/airflow/dags/airflow.py took 0.548 seconds
[2025-11-02T16:20:03.365+0000] {processor.py:161} INFO - Started process (PID=502) to work on /opt/airflow/dags/airflow.py
[2025-11-02T16:20:03.366+0000] {processor.py:830} INFO - Processing file /opt/airflow/dags/airflow.py for tasks to queue
[2025-11-02T16:20:03.368+0000] {logging_mixin.py:188} INFO - [2025-11-02T16:20:03.367+0000] {dagbag.py:545} INFO - Filling up the DagBag from /opt/airflow/dags/airflow.py
[2025-11-02T16:20:03.824+0000] {processor.py:840} INFO - DAG(s) 'Airflow_Lab1' retrieved from /opt/airflow/dags/airflow.py
[2025-11-02T16:20:03.833+0000] {logging_mixin.py:188} INFO - [2025-11-02T16:20:03.832+0000] {dag.py:3096} INFO - Sync 1 DAGs
[2025-11-02T16:20:03.836+0000] {logging_mixin.py:188} INFO - [2025-11-02T16:20:03.836+0000] {dag.py:3954} INFO - Setting next_dagrun for Airflow_Lab1 to None, run_after=None
[2025-11-02T16:20:03.841+0000] {processor.py:183} INFO - Processing /opt/airflow/dags/airflow.py took 0.482 seconds
[2025-11-02T16:20:34.012+0000] {processor.py:161} INFO - Started process (PID=517) to work on /opt/airflow/dags/airflow.py
[2025-11-02T16:20:34.013+0000] {processor.py:830} INFO - Processing file /opt/airflow/dags/airflow.py for tasks to queue
[2025-11-02T16:20:34.015+0000] {logging_mixin.py:188} INFO - [2025-11-02T16:20:34.014+0000] {dagbag.py:545} INFO - Filling up the DagBag from /opt/airflow/dags/airflow.py
[2025-11-02T16:20:34.469+0000] {processor.py:840} INFO - DAG(s) 'Airflow_Lab1' retrieved from /opt/airflow/dags/airflow.py
[2025-11-02T16:20:34.478+0000] {logging_mixin.py:188} INFO - [2025-11-02T16:20:34.478+0000] {dag.py:3096} INFO - Sync 1 DAGs
[2025-11-02T16:20:34.482+0000] {logging_mixin.py:188} INFO - [2025-11-02T16:20:34.482+0000] {dag.py:3954} INFO - Setting next_dagrun for Airflow_Lab1 to None, run_after=None
[2025-11-02T16:20:34.486+0000] {processor.py:183} INFO - Processing /opt/airflow/dags/airflow.py took 0.481 seconds
[2025-11-02T16:21:04.734+0000] {processor.py:161} INFO - Started process (PID=532) to work on /opt/airflow/dags/airflow.py
[2025-11-02T16:21:04.735+0000] {processor.py:830} INFO - Processing file /opt/airflow/dags/airflow.py for tasks to queue
[2025-11-02T16:21:04.736+0000] {logging_mixin.py:188} INFO - [2025-11-02T16:21:04.736+0000] {dagbag.py:545} INFO - Filling up the DagBag from /opt/airflow/dags/airflow.py
[2025-11-02T16:21:05.154+0000] {processor.py:840} INFO - DAG(s) 'Airflow_Lab1' retrieved from /opt/airflow/dags/airflow.py
[2025-11-02T16:21:05.163+0000] {logging_mixin.py:188} INFO - [2025-11-02T16:21:05.163+0000] {dag.py:3096} INFO - Sync 1 DAGs
[2025-11-02T16:21:05.166+0000] {logging_mixin.py:188} INFO - [2025-11-02T16:21:05.166+0000] {dag.py:3954} INFO - Setting next_dagrun for Airflow_Lab1 to None, run_after=None
[2025-11-02T16:21:05.171+0000] {processor.py:183} INFO - Processing /opt/airflow/dags/airflow.py took 0.444 seconds
[2025-11-02T16:21:35.458+0000] {processor.py:161} INFO - Started process (PID=547) to work on /opt/airflow/dags/airflow.py
[2025-11-02T16:21:35.458+0000] {processor.py:830} INFO - Processing file /opt/airflow/dags/airflow.py for tasks to queue
[2025-11-02T16:21:35.461+0000] {logging_mixin.py:188} INFO - [2025-11-02T16:21:35.461+0000] {dagbag.py:545} INFO - Filling up the DagBag from /opt/airflow/dags/airflow.py
[2025-11-02T16:21:36.016+0000] {processor.py:840} INFO - DAG(s) 'Airflow_Lab1' retrieved from /opt/airflow/dags/airflow.py
[2025-11-02T16:21:36.026+0000] {logging_mixin.py:188} INFO - [2025-11-02T16:21:36.026+0000] {dag.py:3096} INFO - Sync 1 DAGs
[2025-11-02T16:21:36.029+0000] {logging_mixin.py:188} INFO - [2025-11-02T16:21:36.029+0000] {dag.py:3954} INFO - Setting next_dagrun for Airflow_Lab1 to None, run_after=None
[2025-11-02T16:21:36.035+0000] {processor.py:183} INFO - Processing /opt/airflow/dags/airflow.py took 0.589 seconds
[2025-11-02T16:22:06.282+0000] {processor.py:161} INFO - Started process (PID=562) to work on /opt/airflow/dags/airflow.py
[2025-11-02T16:22:06.284+0000] {processor.py:830} INFO - Processing file /opt/airflow/dags/airflow.py for tasks to queue
[2025-11-02T16:22:06.287+0000] {logging_mixin.py:188} INFO - [2025-11-02T16:22:06.287+0000] {dagbag.py:545} INFO - Filling up the DagBag from /opt/airflow/dags/airflow.py
[2025-11-02T16:22:06.949+0000] {processor.py:840} INFO - DAG(s) 'Airflow_Lab1' retrieved from /opt/airflow/dags/airflow.py
[2025-11-02T16:22:06.960+0000] {logging_mixin.py:188} INFO - [2025-11-02T16:22:06.960+0000] {dag.py:3096} INFO - Sync 1 DAGs
[2025-11-02T16:22:06.966+0000] {logging_mixin.py:188} INFO - [2025-11-02T16:22:06.966+0000] {dag.py:3954} INFO - Setting next_dagrun for Airflow_Lab1 to None, run_after=None
[2025-11-02T16:22:06.972+0000] {processor.py:183} INFO - Processing /opt/airflow/dags/airflow.py took 0.700 seconds
[2025-11-02T16:22:37.232+0000] {processor.py:161} INFO - Started process (PID=577) to work on /opt/airflow/dags/airflow.py
[2025-11-02T16:22:37.233+0000] {processor.py:830} INFO - Processing file /opt/airflow/dags/airflow.py for tasks to queue
[2025-11-02T16:22:37.235+0000] {logging_mixin.py:188} INFO - [2025-11-02T16:22:37.235+0000] {dagbag.py:545} INFO - Filling up the DagBag from /opt/airflow/dags/airflow.py
[2025-11-02T16:22:37.702+0000] {processor.py:840} INFO - DAG(s) 'Airflow_Lab1' retrieved from /opt/airflow/dags/airflow.py
[2025-11-02T16:22:37.714+0000] {logging_mixin.py:188} INFO - [2025-11-02T16:22:37.714+0000] {dag.py:3096} INFO - Sync 1 DAGs
[2025-11-02T16:22:37.718+0000] {logging_mixin.py:188} INFO - [2025-11-02T16:22:37.718+0000] {dag.py:3954} INFO - Setting next_dagrun for Airflow_Lab1 to None, run_after=None
[2025-11-02T16:22:37.724+0000] {processor.py:183} INFO - Processing /opt/airflow/dags/airflow.py took 0.499 seconds
[2025-11-02T16:23:07.787+0000] {processor.py:161} INFO - Started process (PID=592) to work on /opt/airflow/dags/airflow.py
[2025-11-02T16:23:07.789+0000] {processor.py:830} INFO - Processing file /opt/airflow/dags/airflow.py for tasks to queue
[2025-11-02T16:23:07.793+0000] {logging_mixin.py:188} INFO - [2025-11-02T16:23:07.792+0000] {dagbag.py:545} INFO - Filling up the DagBag from /opt/airflow/dags/airflow.py
[2025-11-02T16:23:08.322+0000] {processor.py:840} INFO - DAG(s) 'Airflow_Lab1' retrieved from /opt/airflow/dags/airflow.py
[2025-11-02T16:23:08.331+0000] {logging_mixin.py:188} INFO - [2025-11-02T16:23:08.331+0000] {dag.py:3096} INFO - Sync 1 DAGs
[2025-11-02T16:23:08.335+0000] {logging_mixin.py:188} INFO - [2025-11-02T16:23:08.335+0000] {dag.py:3954} INFO - Setting next_dagrun for Airflow_Lab1 to None, run_after=None
[2025-11-02T16:23:08.341+0000] {processor.py:183} INFO - Processing /opt/airflow/dags/airflow.py took 0.562 seconds
[2025-11-02T16:23:38.610+0000] {processor.py:161} INFO - Started process (PID=607) to work on /opt/airflow/dags/airflow.py
[2025-11-02T16:23:38.610+0000] {processor.py:830} INFO - Processing file /opt/airflow/dags/airflow.py for tasks to queue
[2025-11-02T16:23:38.613+0000] {logging_mixin.py:188} INFO - [2025-11-02T16:23:38.612+0000] {dagbag.py:545} INFO - Filling up the DagBag from /opt/airflow/dags/airflow.py
[2025-11-02T16:23:39.078+0000] {processor.py:840} INFO - DAG(s) 'Airflow_Lab1' retrieved from /opt/airflow/dags/airflow.py
[2025-11-02T16:23:39.087+0000] {logging_mixin.py:188} INFO - [2025-11-02T16:23:39.087+0000] {dag.py:3096} INFO - Sync 1 DAGs
[2025-11-02T16:23:39.090+0000] {logging_mixin.py:188} INFO - [2025-11-02T16:23:39.090+0000] {dag.py:3954} INFO - Setting next_dagrun for Airflow_Lab1 to None, run_after=None
[2025-11-02T16:23:39.095+0000] {processor.py:183} INFO - Processing /opt/airflow/dags/airflow.py took 0.492 seconds
[2025-11-02T16:24:09.320+0000] {processor.py:161} INFO - Started process (PID=622) to work on /opt/airflow/dags/airflow.py
[2025-11-02T16:24:09.321+0000] {processor.py:830} INFO - Processing file /opt/airflow/dags/airflow.py for tasks to queue
[2025-11-02T16:24:09.322+0000] {logging_mixin.py:188} INFO - [2025-11-02T16:24:09.322+0000] {dagbag.py:545} INFO - Filling up the DagBag from /opt/airflow/dags/airflow.py
[2025-11-02T16:24:09.778+0000] {processor.py:840} INFO - DAG(s) 'Airflow_Lab1' retrieved from /opt/airflow/dags/airflow.py
[2025-11-02T16:24:09.788+0000] {logging_mixin.py:188} INFO - [2025-11-02T16:24:09.788+0000] {dag.py:3096} INFO - Sync 1 DAGs
[2025-11-02T16:24:09.792+0000] {logging_mixin.py:188} INFO - [2025-11-02T16:24:09.792+0000] {dag.py:3954} INFO - Setting next_dagrun for Airflow_Lab1 to None, run_after=None
[2025-11-02T16:24:09.797+0000] {processor.py:183} INFO - Processing /opt/airflow/dags/airflow.py took 0.480 seconds
[2025-11-02T16:25:31.503+0000] {processor.py:161} INFO - Started process (PID=637) to work on /opt/airflow/dags/airflow.py
[2025-11-02T16:25:31.504+0000] {processor.py:830} INFO - Processing file /opt/airflow/dags/airflow.py for tasks to queue
[2025-11-02T16:25:31.506+0000] {logging_mixin.py:188} INFO - [2025-11-02T16:25:31.505+0000] {dagbag.py:545} INFO - Filling up the DagBag from /opt/airflow/dags/airflow.py
[2025-11-02T16:25:32.000+0000] {processor.py:840} INFO - DAG(s) 'Airflow_Lab1' retrieved from /opt/airflow/dags/airflow.py
[2025-11-02T16:25:32.009+0000] {logging_mixin.py:188} INFO - [2025-11-02T16:25:32.009+0000] {dag.py:3096} INFO - Sync 1 DAGs
[2025-11-02T16:25:32.013+0000] {logging_mixin.py:188} INFO - [2025-11-02T16:25:32.013+0000] {dag.py:3954} INFO - Setting next_dagrun for Airflow_Lab1 to None, run_after=None
[2025-11-02T16:25:32.020+0000] {processor.py:183} INFO - Processing /opt/airflow/dags/airflow.py took 0.521 seconds
[2025-11-02T16:29:56.338+0000] {processor.py:161} INFO - Started process (PID=652) to work on /opt/airflow/dags/airflow.py
[2025-11-02T16:29:56.339+0000] {processor.py:830} INFO - Processing file /opt/airflow/dags/airflow.py for tasks to queue
[2025-11-02T16:29:56.341+0000] {logging_mixin.py:188} INFO - [2025-11-02T16:29:56.341+0000] {dagbag.py:545} INFO - Filling up the DagBag from /opt/airflow/dags/airflow.py
[2025-11-02T16:29:56.805+0000] {processor.py:840} INFO - DAG(s) 'Airflow_Lab1' retrieved from /opt/airflow/dags/airflow.py
[2025-11-02T16:29:56.814+0000] {logging_mixin.py:188} INFO - [2025-11-02T16:29:56.814+0000] {dag.py:3096} INFO - Sync 1 DAGs
[2025-11-02T16:29:56.818+0000] {logging_mixin.py:188} INFO - [2025-11-02T16:29:56.818+0000] {dag.py:3954} INFO - Setting next_dagrun for Airflow_Lab1 to None, run_after=None
[2025-11-02T16:29:56.824+0000] {processor.py:183} INFO - Processing /opt/airflow/dags/airflow.py took 0.493 seconds
[2025-11-02T16:31:17.983+0000] {processor.py:161} INFO - Started process (PID=667) to work on /opt/airflow/dags/airflow.py
[2025-11-02T16:31:17.984+0000] {processor.py:830} INFO - Processing file /opt/airflow/dags/airflow.py for tasks to queue
[2025-11-02T16:31:17.986+0000] {logging_mixin.py:188} INFO - [2025-11-02T16:31:17.985+0000] {dagbag.py:545} INFO - Filling up the DagBag from /opt/airflow/dags/airflow.py
[2025-11-02T16:31:18.464+0000] {processor.py:840} INFO - DAG(s) 'Airflow_Lab1' retrieved from /opt/airflow/dags/airflow.py
[2025-11-02T16:31:18.475+0000] {logging_mixin.py:188} INFO - [2025-11-02T16:31:18.475+0000] {dag.py:3096} INFO - Sync 1 DAGs
[2025-11-02T16:31:18.479+0000] {logging_mixin.py:188} INFO - [2025-11-02T16:31:18.479+0000] {dag.py:3954} INFO - Setting next_dagrun for Airflow_Lab1 to None, run_after=None
[2025-11-02T16:31:18.485+0000] {processor.py:183} INFO - Processing /opt/airflow/dags/airflow.py took 0.509 seconds
